   1               		.file	"USBInterrupt.c"
   2               	__SREG__ = 0x3f
   3               	__SP_H__ = 0x3e
   4               	__SP_L__ = 0x3d
   5               	__CCP__  = 0x34
   6               	__tmp_reg__ = 0
   7               	__zero_reg__ = 1
  15               	.Ltext0:
  16               		.section	.text.USB_INT_DisableAllInterrupts,"ax",@progbits
  17               	.global	USB_INT_DisableAllInterrupts
  19               	USB_INT_DisableAllInterrupts:
  20               	.LFB71:
  21               	.LSM0:
  22               	/* prologue: function */
  23               	/* frame size = 0 */
  24               	.LSM1:
  25 0000 E8ED      		ldi r30,lo8(216)
  26 0002 F0E0      		ldi r31,hi8(216)
  27 0004 8081      		ld r24,Z
  28 0006 8C7F      		andi r24,lo8(-4)
  29 0008 8083      		st Z,r24
  30               	.LSM2:
  31 000a 1092 E200 		sts 226,__zero_reg__
  32               	/* epilogue start */
  33               	.LSM3:
  34 000e 0895      		ret
  35               	.LFE71:
  37               		.section	.text.USB_INT_ClearAllInterrupts,"ax",@progbits
  38               	.global	USB_INT_ClearAllInterrupts
  40               	USB_INT_ClearAllInterrupts:
  41               	.LFB72:
  42               	.LSM4:
  43               	/* prologue: function */
  44               	/* frame size = 0 */
  45               	.LSM5:
  46 0000 1092 DA00 		sts 218,__zero_reg__
  47               	.LSM6:
  48 0004 1092 E100 		sts 225,__zero_reg__
  49               	/* epilogue start */
  50               	.LSM7:
  51 0008 0895      		ret
  52               	.LFE72:
  54               		.section	.text.__vector_10,"ax",@progbits
  55               	.global	__vector_10
  57               	__vector_10:
  58               	.LFB73:
  59               	.LSM8:
  60 0000 1F92      		push __zero_reg__
  61 0002 0F92      		push r0
  62 0004 0FB6      		in r0,__SREG__
  63 0006 0F92      		push r0
  64 0008 0BB6      		in r0,91-32
  65 000a 0F92      		push r0
  66 000c 1124      		clr __zero_reg__
  67 000e 2F93      		push r18
  68 0010 3F93      		push r19
  69 0012 4F93      		push r20
  70 0014 5F93      		push r21
  71 0016 6F93      		push r22
  72 0018 7F93      		push r23
  73 001a 8F93      		push r24
  74 001c 9F93      		push r25
  75 001e AF93      		push r26
  76 0020 BF93      		push r27
  77 0022 EF93      		push r30
  78 0024 FF93      		push r31
  79               	/* prologue: Signal */
  80               	/* frame size = 0 */
  81               	.LSM9:
  82 0026 8091 DA00 		lds r24,218
  83 002a 80FF      		sbrs r24,0
  84 002c 00C0      		rjmp .L6
  85 002e 8091 D800 		lds r24,216
  86 0032 80FF      		sbrs r24,0
  87 0034 00C0      		rjmp .L6
  88               	.LSM10:
  89 0036 8091 DA00 		lds r24,218
  90 003a 8E7F      		andi r24,lo8(-2)
  91 003c 8093 DA00 		sts 218,r24
  92               	.LBB22:
  93               	.LBB23:
  94               	.LSM11:
  95 0040 8091 D900 		lds r24,217
  96               	.LBE23:
  97               	.LBE22:
  98               	.LSM12:
  99 0044 80FF      		sbrs r24,0
 100 0046 00C0      		rjmp .L7
 101               	.LSM13:
 102 0048 81E0      		ldi r24,lo8(1)
 103 004a 8EBB      		out 62-32,r24
 104               	.LSM14:
 105 004c 0E94 0000 		call EVENT_USB_Device_Connect
 106 0050 00C0      		rjmp .L6
 107               	.L7:
 108               	.LSM15:
 109 0052 1EBA      		out 62-32,__zero_reg__
 110               	.LSM16:
 111 0054 0E94 0000 		call EVENT_USB_Device_Disconnect
 112               	.L6:
 113               	.LSM17:
 114 0058 8091 E100 		lds r24,225
 115 005c 80FF      		sbrs r24,0
 116 005e 00C0      		rjmp .L8
 117 0060 8091 E200 		lds r24,226
 118 0064 80FF      		sbrs r24,0
 119 0066 00C0      		rjmp .L8
 120               	.LSM18:
 121 0068 8091 E100 		lds r24,225
 122 006c 8E7F      		andi r24,lo8(-2)
 123 006e 8093 E100 		sts 225,r24
 124               	.LSM19:
 125 0072 8091 E200 		lds r24,226
 126 0076 8E7F      		andi r24,lo8(-2)
 127 0078 8093 E200 		sts 226,r24
 128               	.LSM20:
 129 007c 8091 E200 		lds r24,226
 130 0080 8061      		ori r24,lo8(16)
 131 0082 8093 E200 		sts 226,r24
 132               	.LBB24:
 133               	.LBB25:
 134               	.LSM21:
 135 0086 8091 D800 		lds r24,216
 136 008a 8062      		ori r24,lo8(32)
 137 008c 8093 D800 		sts 216,r24
 138               	.LBE25:
 139               	.LBE24:
 140               	.LBB26:
 141               	.LBB27:
 142               	.LSM22:
 143 0090 19BC      		out 73-32,__zero_reg__
 144               	.LBE27:
 145               	.LBE26:
 146               	.LSM23:
 147 0092 85E0      		ldi r24,lo8(5)
 148 0094 8EBB      		out 62-32,r24
 149               	.LSM24:
 150 0096 0E94 0000 		call EVENT_USB_Device_Suspend
 151               	.L8:
 152               	.LSM25:
 153 009a 8091 E100 		lds r24,225
 154 009e 84FF      		sbrs r24,4
 155 00a0 00C0      		rjmp .L9
 156 00a2 8091 E200 		lds r24,226
 157 00a6 84FF      		sbrs r24,4
 158 00a8 00C0      		rjmp .L9
 159               	.LBB28:
 160               	.LBB29:
 161               	.LSM26:
 162 00aa 8CE0      		ldi r24,lo8(12)
 163 00ac 89BD      		out 73-32,r24
 164               	.LSM27:
 165 00ae 89B5      		in r24,73-32
 166 00b0 8260      		ori r24,lo8(2)
 167 00b2 89BD      		out 73-32,r24
 168               	.L10:
 169               	.LBE29:
 170               	.LBE28:
 171               	.LSM28:
 172 00b4 09B4      		in __tmp_reg__,73-32
 173 00b6 00FE      		sbrs __tmp_reg__,0
 174 00b8 00C0      		rjmp .L10
 175               	.LBB30:
 176               	.LBB31:
 177               	.LSM29:
 178 00ba 8091 D800 		lds r24,216
 179 00be 8F7D      		andi r24,lo8(-33)
 180 00c0 8093 D800 		sts 216,r24
 181               	.LBE31:
 182               	.LBE30:
 183               	.LSM30:
 184 00c4 8091 E100 		lds r24,225
 185 00c8 8F7E      		andi r24,lo8(-17)
 186 00ca 8093 E100 		sts 225,r24
 187               	.LSM31:
 188 00ce 8091 E200 		lds r24,226
 189 00d2 8F7E      		andi r24,lo8(-17)
 190 00d4 8093 E200 		sts 226,r24
 191               	.LSM32:
 192 00d8 8091 E200 		lds r24,226
 193 00dc 8160      		ori r24,lo8(1)
 194 00de 8093 E200 		sts 226,r24
 195               	.LSM33:
 196 00e2 8091 0000 		lds r24,USB_ConfigurationNumber
 197 00e6 8823      		tst r24
 198 00e8 01F4      		brne .L13
 199               	.L11:
 200               	.LBB32:
 201               	.LBB33:
 202               	.LSM34:
 203 00ea 8091 E300 		lds r24,227
 204               	.LBE33:
 205               	.LBE32:
 206               	.LSM35:
 207 00ee 87FD      		sbrc r24,7
 208 00f0 00C0      		rjmp .L13
 209 00f2 81E0      		ldi r24,lo8(1)
 210 00f4 00C0      		rjmp .L14
 211               	.L13:
 212 00f6 84E0      		ldi r24,lo8(4)
 213               	.L14:
 214 00f8 8EBB      		out 62-32,r24
 215               	.LSM36:
 216 00fa 0E94 0000 		call EVENT_USB_Device_WakeUp
 217               	.L9:
 218               	.LSM37:
 219 00fe 8091 E100 		lds r24,225
 220 0102 83FF      		sbrs r24,3
 221 0104 00C0      		rjmp .L16
 222 0106 8091 E200 		lds r24,226
 223 010a 83FF      		sbrs r24,3
 224 010c 00C0      		rjmp .L16
 225               	.LSM38:
 226 010e 8091 E100 		lds r24,225
 227 0112 877F      		andi r24,lo8(-9)
 228 0114 8093 E100 		sts 225,r24
 229               	.LSM39:
 230 0118 82E0      		ldi r24,lo8(2)
 231 011a 8EBB      		out 62-32,r24
 232               	.LSM40:
 233 011c 1092 0000 		sts USB_ConfigurationNumber,__zero_reg__
 234               	.LSM41:
 235 0120 8091 E100 		lds r24,225
 236 0124 8E7F      		andi r24,lo8(-2)
 237 0126 8093 E100 		sts 225,r24
 238               	.LSM42:
 239 012a 8091 E200 		lds r24,226
 240 012e 8E7F      		andi r24,lo8(-2)
 241 0130 8093 E200 		sts 226,r24
 242               	.LSM43:
 243 0134 8091 E200 		lds r24,226
 244 0138 8061      		ori r24,lo8(16)
 245 013a 8093 E200 		sts 226,r24
 246               	.LBB34:
 247               	.LBB35:
 248               	.LSM44:
 249 013e 80E0      		ldi r24,lo8(0)
 250 0140 60E0      		ldi r22,lo8(0)
 251 0142 42E0      		ldi r20,lo8(2)
 252 0144 0E94 0000 		call Endpoint_ConfigureEndpoint_Prv
 253               	.LBE35:
 254               	.LBE34:
 255               	.LSM45:
 256 0148 0E94 0000 		call EVENT_USB_Device_Reset
 257               	.L16:
 258               	/* epilogue start */
 259               	.LSM46:
 260 014c FF91      		pop r31
 261 014e EF91      		pop r30
 262 0150 BF91      		pop r27
 263 0152 AF91      		pop r26
 264 0154 9F91      		pop r25
 265 0156 8F91      		pop r24
 266 0158 7F91      		pop r23
 267 015a 6F91      		pop r22
 268 015c 5F91      		pop r21
 269 015e 4F91      		pop r20
 270 0160 3F91      		pop r19
 271 0162 2F91      		pop r18
 272 0164 0F90      		pop r0
 273 0166 0BBE      		out 91-32,r0
 274 0168 0F90      		pop r0
 275 016a 0FBE      		out __SREG__,r0
 276 016c 0F90      		pop r0
 277 016e 1F90      		pop __zero_reg__
 278 0170 1895      		reti
 279               	.LFE73:
 321               	.Letext0:
DEFINED SYMBOLS
                            *ABS*:00000000 USBInterrupt.c
/var/folders/fy/fkrt37kj6jd3by75mtf4gsxr0000gn/T//ccXAfECZ.s:2      *ABS*:0000003f __SREG__
/var/folders/fy/fkrt37kj6jd3by75mtf4gsxr0000gn/T//ccXAfECZ.s:3      *ABS*:0000003e __SP_H__
/var/folders/fy/fkrt37kj6jd3by75mtf4gsxr0000gn/T//ccXAfECZ.s:4      *ABS*:0000003d __SP_L__
/var/folders/fy/fkrt37kj6jd3by75mtf4gsxr0000gn/T//ccXAfECZ.s:5      *ABS*:00000034 __CCP__
/var/folders/fy/fkrt37kj6jd3by75mtf4gsxr0000gn/T//ccXAfECZ.s:6      *ABS*:00000000 __tmp_reg__
/var/folders/fy/fkrt37kj6jd3by75mtf4gsxr0000gn/T//ccXAfECZ.s:7      *ABS*:00000001 __zero_reg__
/var/folders/fy/fkrt37kj6jd3by75mtf4gsxr0000gn/T//ccXAfECZ.s:19     .text.USB_INT_DisableAllInterrupts:00000000 USB_INT_DisableAllInterrupts
/var/folders/fy/fkrt37kj6jd3by75mtf4gsxr0000gn/T//ccXAfECZ.s:40     .text.USB_INT_ClearAllInterrupts:00000000 USB_INT_ClearAllInterrupts
/var/folders/fy/fkrt37kj6jd3by75mtf4gsxr0000gn/T//ccXAfECZ.s:57     .text.__vector_10:00000000 __vector_10

UNDEFINED SYMBOLS
EVENT_USB_Device_Connect
EVENT_USB_Device_Disconnect
EVENT_USB_Device_Suspend
USB_ConfigurationNumber
EVENT_USB_Device_WakeUp
Endpoint_ConfigureEndpoint_Prv
EVENT_USB_Device_Reset
