   1               		.file	"MouseHostDevice.c"
   2               	__SREG__ = 0x3f
   3               	__SP_H__ = 0x3e
   4               	__SP_L__ = 0x3d
   5               	__CCP__  = 0x34
   6               	__tmp_reg__ = 0
   7               	__zero_reg__ = 1
  15               	.Ltext0:
  16               		.section	.text.EVENT_USB_UIDChange,"ax",@progbits
  17               	.global	EVENT_USB_UIDChange
  19               	EVENT_USB_UIDChange:
  20               	.LFB193:
  21               	.LSM0:
  22               	/* prologue: function */
  23               	/* frame size = 0 */
  24               	.LSM1:
  25 0000 8091 0000 		lds r24,USB_CurrentMode
  26 0004 8130      		cpi r24,lo8(1)
  27 0006 01F0      		breq .L2
  28               	.LSM2:
  29 0008 20E0      		ldi r18,lo8(__c.5078)
  30 000a 30E0      		ldi r19,hi8(__c.5078)
  31 000c 00C0      		rjmp .L3
  32               	.L2:
  33 000e 20E0      		ldi r18,lo8(__c.5076)
  34 0010 30E0      		ldi r19,hi8(__c.5076)
  35               	.L3:
  36               	.LSM3:
  37 0012 00D0      		rcall .
  38 0014 00D0      		rcall .
  39 0016 80E0      		ldi r24,lo8(__c.5074)
  40 0018 90E0      		ldi r25,hi8(__c.5074)
  41 001a EDB7      		in r30,__SP_L__
  42 001c FEB7      		in r31,__SP_H__
  43 001e 9283      		std Z+2,r25
  44 0020 8183      		std Z+1,r24
  45 0022 3483      		std Z+4,r19
  46 0024 2383      		std Z+3,r18
  47 0026 0E94 0000 		call printf_P
  48               	.LBB25:
  49               	.LBB26:
  50               	.LSM4:
  51 002a 8BB1      		in r24,43-32
  52 002c 8F70      		andi r24,lo8(15)
  53 002e 8061      		ori r24,lo8(16)
  54 0030 8BB9      		out 43-32,r24
  55 0032 0F90      		pop __tmp_reg__
  56 0034 0F90      		pop __tmp_reg__
  57 0036 0F90      		pop __tmp_reg__
  58 0038 0F90      		pop __tmp_reg__
  59               	/* epilogue start */
  60               	.LBE26:
  61               	.LBE25:
  62               	.LSM5:
  63 003a 0895      		ret
  64               	.LFE193:
  66               		.section	.text.SetupHardware,"ax",@progbits
  67               	.global	SetupHardware
  69               	SetupHardware:
  70               	.LFB192:
  71               	.LSM6:
  72               	/* prologue: function */
  73               	/* frame size = 0 */
  74               	.LSM7:
  75 0000 84B7      		in r24,84-32
  76 0002 877F      		andi r24,lo8(-9)
  77 0004 84BF      		out 84-32,r24
  78               	.LSM8:
  79 0006 38E1      		ldi r19,lo8(24)
  80               	/* #APP */
  81               	 ;  73 "MouseHostDevice.c" 1
  82 0008 0FB6      		in __tmp_reg__, __SREG__
  83 000a F894      		cli
  84 000c 3093 6000 		sts 96, r19
  85 0010 1092 6000 		sts 96, __zero_reg__
  86 0014 0FBE      		out __SREG__,__tmp_reg__
  87               		
  88               	 ;  0 "" 2
  89               	/* #NOAPP */
  90               	.LBB27:
  91               	.LSM9:
  92 0016 80E0      		ldi r24,lo8(0)
  93 0018 90E0      		ldi r25,hi8(0)
  94 001a 20E8      		ldi r18,lo8(-128)
  95               	/* #APP */
  96               	 ;  76 "MouseHostDevice.c" 1
  97 001c 0FB6      		in __tmp_reg__,__SREG__
  98 001e F894      		cli
  99 0020 2093 6100 		sts 97, r18
 100 0024 8093 6100 		sts 97, r24
 101 0028 0FBE      		out __SREG__, __tmp_reg__
 102               	 ;  0 "" 2
 103               	/* #NOAPP */
 104               	.LBE27:
 105               	.LBB28:
 106               	.LBB29:
 107               	.LBB30:
 108               	.LBB31:
 109               	.LSM10:
 110 002a 83E3      		ldi r24,lo8(51)
 111 002c 90E0      		ldi r25,hi8(51)
 112 002e 9093 CD00 		sts (204)+1,r25
 113 0032 8093 CC00 		sts 204,r24
 114               	.LSM11:
 115 0036 86E0      		ldi r24,lo8(6)
 116 0038 8093 CA00 		sts 202,r24
 117               	.LSM12:
 118 003c 1092 C800 		sts 200,__zero_reg__
 119               	.LSM13:
 120 0040 3093 C900 		sts 201,r19
 121               	.LSM14:
 122 0044 539A      		sbi 42-32,3
 123               	.LSM15:
 124 0046 5A9A      		sbi 43-32,2
 125               	.LBE31:
 126               	.LBE30:
 127               	.LSM16:
 128 0048 80E0      		ldi r24,lo8(USARTStream)
 129 004a 90E0      		ldi r25,hi8(USARTStream)
 130 004c 9093 0000 		sts (__iob+2)+1,r25
 131 0050 8093 0000 		sts __iob+2,r24
 132               	.LSM17:
 133 0054 9093 0000 		sts (__iob)+1,r25
 134 0058 8093 0000 		sts __iob,r24
 135               	.LBE29:
 136               	.LBE28:
 137               	.LBB32:
 138               	.LBB33:
 139               	.LSM18:
 140 005c 8AB1      		in r24,42-32
 141 005e 806F      		ori r24,lo8(-16)
 142 0060 8AB9      		out 42-32,r24
 143               	.LSM19:
 144 0062 8BB1      		in r24,43-32
 145 0064 8F70      		andi r24,lo8(15)
 146 0066 8BB9      		out 43-32,r24
 147               	.LBE33:
 148               	.LBE32:
 149               	.LBB34:
 150               	.LBB35:
 151               	.LSM20:
 152 0068 84B1      		in r24,36-32
 153 006a 8F71      		andi r24,lo8(31)
 154 006c 84B9      		out 36-32,r24
 155               	.LSM21:
 156 006e 8DB1      		in r24,45-32
 157 0070 8F7C      		andi r24,lo8(-49)
 158 0072 8DB9      		out 45-32,r24
 159               	.LSM22:
 160 0074 85B1      		in r24,37-32
 161 0076 806E      		ori r24,lo8(-32)
 162 0078 85B9      		out 37-32,r24
 163               	.LSM23:
 164 007a 8EB1      		in r24,46-32
 165 007c 8063      		ori r24,lo8(48)
 166 007e 8EB9      		out 46-32,r24
 167               	.LBE35:
 168               	.LBE34:
 169               	.LBB36:
 170               	.LBB37:
 171               	.LSM24:
 172 0080 6A98      		cbi 45-32,2
 173               	.LSM25:
 174 0082 729A      		sbi 46-32,2
 175               	.LBE37:
 176               	.LBE36:
 177               	.LSM26:
 178 0084 83E0      		ldi r24,lo8(3)
 179 0086 0E94 0000 		call USB_Init
 180               	/* epilogue start */
 181               	.LSM27:
 182 008a 0895      		ret
 183               	.LFE192:
 185               		.section	.text.main,"ax",@progbits
 186               	.global	main
 188               	main:
 189               	.LFB191:
 190               	.LSM28:
 191               	/* prologue: function */
 192               	/* frame size = 0 */
 193               	.LSM29:
 194 0000 0E94 0000 		call SetupHardware
 195               	.LSM30:
 196 0004 80E0      		ldi r24,lo8(__c.5059)
 197 0006 90E0      		ldi r25,hi8(__c.5059)
 198 0008 0E94 0000 		call puts_P
 199               	.LBB38:
 200               	.LBB39:
 201               	.LSM31:
 202 000c 8BB1      		in r24,43-32
 203 000e 8F70      		andi r24,lo8(15)
 204 0010 8061      		ori r24,lo8(16)
 205 0012 8BB9      		out 43-32,r24
 206               	.LBE39:
 207               	.LBE38:
 208               	.LSM32:
 209               	/* #APP */
 210               	 ;  49 "MouseHostDevice.c" 1
 211 0014 7894      		sei
 212               	 ;  0 "" 2
 213               	/* #NOAPP */
 214               	.L10:
 215               	.LSM33:
 216 0016 8091 0000 		lds r24,USB_CurrentMode
 217 001a 8230      		cpi r24,lo8(2)
 218 001c 01F4      		brne .L8
 219               	.LSM34:
 220 001e 0E94 0000 		call MouseHostTask
 221 0022 00C0      		rjmp .L9
 222               	.L8:
 223               	.LSM35:
 224 0024 80E0      		ldi r24,lo8(Mouse_HID_Device_Interface)
 225 0026 90E0      		ldi r25,hi8(Mouse_HID_Device_Interface)
 226 0028 0E94 0000 		call HID_Device_USBTask
 227               	.L9:
 228               	.LSM36:
 229 002c 0E94 0000 		call USB_USBTask
 230 0030 00C0      		rjmp .L10
 231               	.LFE191:
 233               		.section	.progmem.data,"a",@progbits
 236               	__c.5078:
 237 0000 486F 7374 		.string	"Host"
 237      00
 240               	__c.5076:
 241 0005 4465 7669 		.string	"Device"
 241      6365 00
 244               	__c.5074:
 245 000c 1B5B 3333 		.string	"\033[33mUID Change to %S mode\r\n\033[37m"
 245      6D55 4944 
 245      2043 6861 
 245      6E67 6520 
 245      746F 2025 
 248               	__c.5059:
 249 002e 1B5B 3336 		.string	"\033[36mMouse Host/Device Demo running.\r\n\033[37m"
 249      6D4D 6F75 
 249      7365 2048 
 249      6F73 742F 
 249      4465 7669 
 290               	.Letext0:
DEFINED SYMBOLS
                            *ABS*:00000000 MouseHostDevice.c
/var/folders/fy/fkrt37kj6jd3by75mtf4gsxr0000gn/T//ccmp0zVb.s:2      *ABS*:0000003f __SREG__
/var/folders/fy/fkrt37kj6jd3by75mtf4gsxr0000gn/T//ccmp0zVb.s:3      *ABS*:0000003e __SP_H__
/var/folders/fy/fkrt37kj6jd3by75mtf4gsxr0000gn/T//ccmp0zVb.s:4      *ABS*:0000003d __SP_L__
/var/folders/fy/fkrt37kj6jd3by75mtf4gsxr0000gn/T//ccmp0zVb.s:5      *ABS*:00000034 __CCP__
/var/folders/fy/fkrt37kj6jd3by75mtf4gsxr0000gn/T//ccmp0zVb.s:6      *ABS*:00000000 __tmp_reg__
/var/folders/fy/fkrt37kj6jd3by75mtf4gsxr0000gn/T//ccmp0zVb.s:7      *ABS*:00000001 __zero_reg__
/var/folders/fy/fkrt37kj6jd3by75mtf4gsxr0000gn/T//ccmp0zVb.s:19     .text.EVENT_USB_UIDChange:00000000 EVENT_USB_UIDChange
/var/folders/fy/fkrt37kj6jd3by75mtf4gsxr0000gn/T//ccmp0zVb.s:236    .progmem.data:00000000 __c.5078
/var/folders/fy/fkrt37kj6jd3by75mtf4gsxr0000gn/T//ccmp0zVb.s:240    .progmem.data:00000005 __c.5076
/var/folders/fy/fkrt37kj6jd3by75mtf4gsxr0000gn/T//ccmp0zVb.s:244    .progmem.data:0000000c __c.5074
/var/folders/fy/fkrt37kj6jd3by75mtf4gsxr0000gn/T//ccmp0zVb.s:69     .text.SetupHardware:00000000 SetupHardware
/var/folders/fy/fkrt37kj6jd3by75mtf4gsxr0000gn/T//ccmp0zVb.s:188    .text.main:00000000 main
/var/folders/fy/fkrt37kj6jd3by75mtf4gsxr0000gn/T//ccmp0zVb.s:248    .progmem.data:0000002e __c.5059

UNDEFINED SYMBOLS
USB_CurrentMode
printf_P
USARTStream
__iob
USB_Init
puts_P
MouseHostTask
Mouse_HID_Device_Interface
HID_Device_USBTask
USB_USBTask
