   1               		.file	"MouseHostWithParser.c"
   2               	__SREG__ = 0x3f
   3               	__SP_H__ = 0x3e
   4               	__SP_L__ = 0x3d
   5               	__CCP__  = 0x34
   6               	__tmp_reg__ = 0
   7               	__zero_reg__ = 1
  15               	.Ltext0:
  16               		.section	.text.EVENT_USB_Host_DeviceEnumerationComplete,"ax",@progbits
  17               	.global	EVENT_USB_Host_DeviceEnumerationComplete
  19               	EVENT_USB_Host_DeviceEnumerationComplete:
  20               	.LFB132:
  21               	.LSM0:
  22               	/* prologue: function */
  23               	/* frame size = 0 */
  24               	.LBB55:
  25               	.LBB56:
  26               	.LSM1:
  27 0000 8BB1      		in r24,43-32
  28 0002 8F70      		andi r24,lo8(15)
  29 0004 8066      		ori r24,lo8(96)
  30 0006 8BB9      		out 43-32,r24
  31               	/* epilogue start */
  32               	.LBE56:
  33               	.LBE55:
  34               	.LSM2:
  35 0008 0895      		ret
  36               	.LFE132:
  38               		.section	.text.CALLBACK_HIDParser_FilterHIDReportItem,"ax",@progbits
  39               	.global	CALLBACK_HIDParser_FilterHIDReportItem
  41               	CALLBACK_HIDParser_FilterHIDReportItem:
  42               	.LFB135:
  43               	.LSM3:
  44               	.LVL0:
  45               	/* prologue: function */
  46               	/* frame size = 0 */
  47 0000 DC01      		movw r26,r24
  48               	.LBB57:
  49               	.LSM4:
  50 0002 1696      		adiw r26,6
  51 0004 ED91      		ld r30,X+
  52 0006 FC91      		ld r31,X
  53 0008 1797      		sbiw r26,6+1
  54               	.LVL1:
  55 000a 00C0      		rjmp .L4
  56               	.LVL2:
  57               	.L7:
  58               	.LSM5:
  59 000c 8181      		ldd r24,Z+1
  60 000e 9281      		ldd r25,Z+2
  61 0010 0197      		sbiw r24,1
  62 0012 01F4      		brne .L5
  63 0014 8381      		ldd r24,Z+3
  64 0016 9481      		ldd r25,Z+4
  65 0018 0297      		sbiw r24,2
  66 001a 01F0      		breq .L6
  67               	.L5:
  68               	.LSM6:
  69 001c 0580      		ldd __tmp_reg__,Z+5
  70 001e F681      		ldd r31,Z+6
  71 0020 E02D      		mov r30,__tmp_reg__
  72               	.LVL3:
  73               	.L4:
  74 0022 3097      		sbiw r30,0
  75 0024 01F4      		brne .L7
  76 0026 80E0      		ldi r24,lo8(0)
  77 0028 0895      		ret
  78               	.L6:
  79               	.LBE57:
  80               	.LSM7:
  81 002a 1996      		adiw r26,9
  82 002c 8D91      		ld r24,X+
  83 002e 9C91      		ld r25,X
  84 0030 1A97      		sbiw r26,9+1
  85 0032 8930      		cpi r24,9
  86 0034 9105      		cpc r25,__zero_reg__
  87 0036 01F0      		breq .L13
  88               	.L9:
  89 0038 20E0      		ldi r18,lo8(0)
  90 003a 30E0      		ldi r19,hi8(0)
  91 003c 0197      		sbiw r24,1
  92 003e 01F4      		brne .L10
  93               	.L13:
  94 0040 21E0      		ldi r18,lo8(1)
  95 0042 30E0      		ldi r19,hi8(1)
  96               	.L10:
  97 0044 822F      		mov r24,r18
  98               	.LSM8:
  99 0046 0895      		ret
 100               	.LFE135:
 102               		.section	.text.EVENT_USB_Host_DeviceEnumerationFailed,"ax",@progbits
 103               	.global	EVENT_USB_Host_DeviceEnumerationFailed
 105               	EVENT_USB_Host_DeviceEnumerationFailed:
 106               	.LFB134:
 107               	.LSM9:
 108               	.LVL4:
 109               	/* prologue: function */
 110               	/* frame size = 0 */
 111               	.LSM10:
 112 0000 9091 0000 		lds r25,USB_HostState
 113 0004 2DB7      		in r18,__SP_L__
 114 0006 3EB7      		in r19,__SP_H__
 115 0008 2850      		subi r18,lo8(-(-8))
 116 000a 3040      		sbci r19,hi8(-(-8))
 117 000c 0FB6      		in __tmp_reg__,__SREG__
 118 000e F894      		cli
 119 0010 3EBF      		out __SP_H__,r19
 120 0012 0FBE      		out __SREG__,__tmp_reg__
 121 0014 2DBF      		out __SP_L__,r18
 122 0016 EDB7      		in r30,__SP_L__
 123 0018 FEB7      		in r31,__SP_H__
 124 001a 3196      		adiw r30,1
 125 001c 20E0      		ldi r18,lo8(__c.4201)
 126 001e 30E0      		ldi r19,hi8(__c.4201)
 127 0020 ADB7      		in r26,__SP_L__
 128 0022 BEB7      		in r27,__SP_H__
 129 0024 1296      		adiw r26,1+1
 130 0026 3C93      		st X,r19
 131 0028 2E93      		st -X,r18
 132 002a 1197      		sbiw r26,1
 133 002c 8283      		std Z+2,r24
 134 002e 1382      		std Z+3,__zero_reg__
 135 0030 6483      		std Z+4,r22
 136 0032 1582      		std Z+5,__zero_reg__
 137 0034 9683      		std Z+6,r25
 138 0036 1782      		std Z+7,__zero_reg__
 139 0038 0E94 0000 		call printf_P
 140               	.LVL5:
 141               	.LBB58:
 142               	.LBB59:
 143               	.LSM11:
 144 003c 8BB1      		in r24,43-32
 145 003e 8F70      		andi r24,lo8(15)
 146 0040 8069      		ori r24,lo8(-112)
 147 0042 8BB9      		out 43-32,r24
 148 0044 2DB7      		in r18,__SP_L__
 149 0046 3EB7      		in r19,__SP_H__
 150 0048 285F      		subi r18,lo8(-(8))
 151 004a 3F4F      		sbci r19,hi8(-(8))
 152 004c 0FB6      		in __tmp_reg__,__SREG__
 153 004e F894      		cli
 154 0050 3EBF      		out __SP_H__,r19
 155 0052 0FBE      		out __SREG__,__tmp_reg__
 156 0054 2DBF      		out __SP_L__,r18
 157               	/* epilogue start */
 158               	.LBE59:
 159               	.LBE58:
 160               	.LSM12:
 161 0056 0895      		ret
 162               	.LFE134:
 164               		.section	.text.EVENT_USB_Host_HostError,"ax",@progbits
 165               	.global	EVENT_USB_Host_HostError
 167               	EVENT_USB_Host_HostError:
 168               	.LFB133:
 169               	.LSM13:
 170               	.LVL6:
 171 0000 1F93      		push r17
 172               	/* prologue: function */
 173               	/* frame size = 0 */
 174 0002 182F      		mov r17,r24
 175               	.LSM14:
 176 0004 0E94 0000 		call USB_ShutDown
 177               	.LVL7:
 178               	.LSM15:
 179 0008 00D0      		rcall .
 180 000a 00D0      		rcall .
 181 000c EDB7      		in r30,__SP_L__
 182 000e FEB7      		in r31,__SP_H__
 183 0010 3196      		adiw r30,1
 184 0012 80E0      		ldi r24,lo8(__c.4193)
 185 0014 90E0      		ldi r25,hi8(__c.4193)
 186 0016 ADB7      		in r26,__SP_L__
 187 0018 BEB7      		in r27,__SP_H__
 188 001a 1296      		adiw r26,1+1
 189 001c 9C93      		st X,r25
 190 001e 8E93      		st -X,r24
 191 0020 1197      		sbiw r26,1
 192 0022 1283      		std Z+2,r17
 193 0024 1382      		std Z+3,__zero_reg__
 194 0026 0E94 0000 		call printf_P
 195               	.LBB60:
 196               	.LBB61:
 197               	.LSM16:
 198 002a 8BB1      		in r24,43-32
 199 002c 8F70      		andi r24,lo8(15)
 200 002e 8069      		ori r24,lo8(-112)
 201 0030 8BB9      		out 43-32,r24
 202 0032 0F90      		pop __tmp_reg__
 203 0034 0F90      		pop __tmp_reg__
 204 0036 0F90      		pop __tmp_reg__
 205 0038 0F90      		pop __tmp_reg__
 206               	.L17:
 207 003a 00C0      		rjmp .L17
 208               	.LBE61:
 209               	.LBE60:
 210               	.LFE133:
 212               		.section	.text.EVENT_USB_Host_DeviceUnattached,"ax",@progbits
 213               	.global	EVENT_USB_Host_DeviceUnattached
 215               	EVENT_USB_Host_DeviceUnattached:
 216               	.LFB131:
 217               	.LSM17:
 218               	/* prologue: function */
 219               	/* frame size = 0 */
 220               	.LSM18:
 221 0000 80E0      		ldi r24,lo8(__c.4185)
 222 0002 90E0      		ldi r25,hi8(__c.4185)
 223 0004 0E94 0000 		call puts_P
 224               	.LBB62:
 225               	.LBB63:
 226               	.LSM19:
 227 0008 8BB1      		in r24,43-32
 228 000a 8F70      		andi r24,lo8(15)
 229 000c 8061      		ori r24,lo8(16)
 230 000e 8BB9      		out 43-32,r24
 231               	/* epilogue start */
 232               	.LBE63:
 233               	.LBE62:
 234               	.LSM20:
 235 0010 0895      		ret
 236               	.LFE131:
 238               		.section	.text.EVENT_USB_Host_DeviceAttached,"ax",@progbits
 239               	.global	EVENT_USB_Host_DeviceAttached
 241               	EVENT_USB_Host_DeviceAttached:
 242               	.LFB130:
 243               	.LSM21:
 244               	/* prologue: function */
 245               	/* frame size = 0 */
 246               	.LSM22:
 247 0000 80E0      		ldi r24,lo8(__c.4180)
 248 0002 90E0      		ldi r25,hi8(__c.4180)
 249 0004 0E94 0000 		call puts_P
 250               	.LBB64:
 251               	.LBB65:
 252               	.LSM23:
 253 0008 8BB1      		in r24,43-32
 254 000a 8F70      		andi r24,lo8(15)
 255 000c 806A      		ori r24,lo8(-96)
 256 000e 8BB9      		out 43-32,r24
 257               	/* epilogue start */
 258               	.LBE65:
 259               	.LBE64:
 260               	.LSM24:
 261 0010 0895      		ret
 262               	.LFE130:
 264               		.section	.text.SetupHardware,"ax",@progbits
 265               	.global	SetupHardware
 267               	SetupHardware:
 268               	.LFB129:
 269               	.LSM25:
 270               	/* prologue: function */
 271               	/* frame size = 0 */
 272               	.LSM26:
 273 0000 84B7      		in r24,84-32
 274 0002 877F      		andi r24,lo8(-9)
 275 0004 84BF      		out 84-32,r24
 276               	.LSM27:
 277 0006 38E1      		ldi r19,lo8(24)
 278               	/* #APP */
 279               	 ;  188 "MouseHostWithParser.c" 1
 280 0008 0FB6      		in __tmp_reg__, __SREG__
 281 000a F894      		cli
 282 000c 3093 6000 		sts 96, r19
 283 0010 1092 6000 		sts 96, __zero_reg__
 284 0014 0FBE      		out __SREG__,__tmp_reg__
 285               		
 286               	 ;  0 "" 2
 287               	/* #NOAPP */
 288               	.LBB66:
 289               	.LSM28:
 290 0016 80E0      		ldi r24,lo8(0)
 291 0018 90E0      		ldi r25,hi8(0)
 292 001a 20E8      		ldi r18,lo8(-128)
 293               	/* #APP */
 294               	 ;  191 "MouseHostWithParser.c" 1
 295 001c 0FB6      		in __tmp_reg__,__SREG__
 296 001e F894      		cli
 297 0020 2093 6100 		sts 97, r18
 298 0024 8093 6100 		sts 97, r24
 299 0028 0FBE      		out __SREG__, __tmp_reg__
 300               	 ;  0 "" 2
 301               	/* #NOAPP */
 302               	.LBE66:
 303               	.LBB67:
 304               	.LBB68:
 305               	.LBB69:
 306               	.LBB70:
 307               	.LSM29:
 308 002a 83E3      		ldi r24,lo8(51)
 309 002c 90E0      		ldi r25,hi8(51)
 310 002e 9093 CD00 		sts (204)+1,r25
 311 0032 8093 CC00 		sts 204,r24
 312               	.LSM30:
 313 0036 86E0      		ldi r24,lo8(6)
 314 0038 8093 CA00 		sts 202,r24
 315               	.LSM31:
 316 003c 1092 C800 		sts 200,__zero_reg__
 317               	.LSM32:
 318 0040 3093 C900 		sts 201,r19
 319               	.LSM33:
 320 0044 539A      		sbi 42-32,3
 321               	.LSM34:
 322 0046 5A9A      		sbi 43-32,2
 323               	.LBE70:
 324               	.LBE69:
 325               	.LSM35:
 326 0048 80E0      		ldi r24,lo8(USARTStream)
 327 004a 90E0      		ldi r25,hi8(USARTStream)
 328 004c 9093 0000 		sts (__iob+2)+1,r25
 329 0050 8093 0000 		sts __iob+2,r24
 330               	.LSM36:
 331 0054 9093 0000 		sts (__iob)+1,r25
 332 0058 8093 0000 		sts __iob,r24
 333               	.LBE68:
 334               	.LBE67:
 335               	.LBB71:
 336               	.LBB72:
 337               	.LSM37:
 338 005c 8AB1      		in r24,42-32
 339 005e 806F      		ori r24,lo8(-16)
 340 0060 8AB9      		out 42-32,r24
 341               	.LSM38:
 342 0062 8BB1      		in r24,43-32
 343 0064 8F70      		andi r24,lo8(15)
 344 0066 8BB9      		out 43-32,r24
 345               	.LBE72:
 346               	.LBE71:
 347               	.LSM39:
 348 0068 0E94 0000 		call USB_Init
 349               	/* epilogue start */
 350               	.LSM40:
 351 006c 0895      		ret
 352               	.LFE129:
 354               		.section	.text.main,"ax",@progbits
 355               	.global	main
 357               	main:
 358               	.LFB128:
 359               	.LSM41:
 360 0000 2F92      		push r2
 361 0002 3F92      		push r3
 362 0004 4F92      		push r4
 363 0006 5F92      		push r5
 364 0008 6F92      		push r6
 365 000a 7F92      		push r7
 366 000c 8F92      		push r8
 367 000e 9F92      		push r9
 368 0010 AF92      		push r10
 369 0012 BF92      		push r11
 370 0014 CF92      		push r12
 371 0016 DF92      		push r13
 372 0018 EF92      		push r14
 373 001a FF92      		push r15
 374 001c 0F93      		push r16
 375 001e 1F93      		push r17
 376 0020 DF93      		push r29
 377 0022 CF93      		push r28
 378 0024 CDB7      		in r28,__SP_L__
 379 0026 DEB7      		in r29,__SP_H__
 380 0028 C250      		subi r28,lo8(-(-514))
 381 002a D240      		sbci r29,hi8(-(-514))
 382 002c 0FB6      		in __tmp_reg__,__SREG__
 383 002e F894      		cli
 384 0030 DEBF      		out __SP_H__,r29
 385 0032 0FBE      		out __SREG__,__tmp_reg__
 386 0034 CDBF      		out __SP_L__,r28
 387               	/* prologue: function */
 388               	/* frame size = 514 */
 389               	.LSM42:
 390 0036 0E94 0000 		call SetupHardware
 391               	.LSM43:
 392 003a 80E0      		ldi r24,lo8(__c.4096)
 393 003c 90E0      		ldi r25,hi8(__c.4096)
 394 003e 0E94 0000 		call puts_P
 395               	.LSM44:
 396               	/* #APP */
 397               	 ;  71 "MouseHostWithParser.c" 1
 398 0042 7894      		sei
 399               	 ;  0 "" 2
 400               	/* #NOAPP */
 401               	.LBB73:
 402               	.LBB74:
 403               	.LSM45:
 404 0044 8BB1      		in r24,43-32
 405 0046 8F70      		andi r24,lo8(15)
 406 0048 8061      		ori r24,lo8(16)
 407 004a 8BB9      		out 43-32,r24
 408               	.LBE74:
 409               	.LBE73:
 410               	.LBB75:
 411               	.LSM46:
 412 004c 63E0      		ldi r22,lo8(3)
 413 004e 662E      		mov r6,r22
 414 0050 712C      		mov r7,__zero_reg__
 415 0052 6C0E      		add r6,r28
 416 0054 7D1E      		adc r7,r29
 417 0056 2E01      		movw r4,r28
 418 0058 0894      		sec
 419 005a 411C      		adc r4,__zero_reg__
 420 005c 511C      		adc r5,__zero_reg__
 421               	.LSM47:
 422 005e 5CE0      		ldi r21,lo8(12)
 423 0060 252E      		mov r2,r21
 424               	.LBB76:
 425               	.LBB77:
 426               	.LBB78:
 427               	.LSM48:
 428 0062 4AE2      		ldi r20,lo8(42)
 429 0064 342E      		mov r3,r20
 430               	.LBB79:
 431               	.LSM49:
 432 0066 30E1      		ldi r19,lo8(16)
 433 0068 832E      		mov r8,r19
 434 006a 912C      		mov r9,__zero_reg__
 435               	.LVL8:
 436               	.L44:
 437               	.LBE79:
 438               	.LBE78:
 439               	.LBE77:
 440               	.LBE76:
 441               	.LBE75:
 442               	.LSM50:
 443 006c 8091 0000 		lds r24,USB_HostState
 444 0070 8B30      		cpi r24,lo8(11)
 445 0072 01F0      		breq .L27
 446 0074 8C30      		cpi r24,lo8(12)
 447 0076 01F0      		breq .+2
 448 0078 00C0      		rjmp .L26
 449 007a 00C0      		rjmp .L47
 450               	.L27:
 451               	.LBB93:
 452               	.LBB86:
 453               	.LBB87:
 454               	.LSM51:
 455 007c 8BB1      		in r24,43-32
 456 007e 8F70      		andi r24,lo8(15)
 457 0080 806A      		ori r24,lo8(-96)
 458 0082 8BB9      		out 43-32,r24
 459               	.LBE87:
 460               	.LBE86:
 461               	.LSM52:
 462 0084 81E0      		ldi r24,lo8(1)
 463 0086 B201      		movw r22,r4
 464 0088 A301      		movw r20,r6
 465 008a 20E0      		ldi r18,lo8(512)
 466 008c 32E0      		ldi r19,hi8(512)
 467 008e 0E94 0000 		call USB_Host_GetDeviceConfigDescriptor
 468 0092 8823      		tst r24
 469 0094 01F0      		breq .L29
 470               	.LSM53:
 471 0096 80E0      		ldi r24,lo8(__c.4101)
 472 0098 90E0      		ldi r25,hi8(__c.4101)
 473 009a 00C0      		rjmp .L46
 474               	.L29:
 475               	.LSM54:
 476 009c 6981      		ldd r22,Y+1
 477 009e 7A81      		ldd r23,Y+2
 478 00a0 80E0      		ldi r24,lo8(Mouse_HID_Interface)
 479 00a2 90E0      		ldi r25,hi8(Mouse_HID_Interface)
 480 00a4 A301      		movw r20,r6
 481 00a6 0E94 0000 		call HID_Host_ConfigurePipes
 482 00aa 8823      		tst r24
 483 00ac 01F0      		breq .L30
 484               	.LSM55:
 485 00ae 80E0      		ldi r24,lo8(__c.4104)
 486 00b0 90E0      		ldi r25,hi8(__c.4104)
 487               	.L46:
 488 00b2 0E94 0000 		call puts_P
 489               	.LBB88:
 490               	.LBB89:
 491               	.LSM56:
 492 00b6 8BB1      		in r24,43-32
 493 00b8 8F70      		andi r24,lo8(15)
 494 00ba 8069      		ori r24,lo8(-112)
 495 00bc 8BB9      		out 43-32,r24
 496               	.LBE89:
 497               	.LBE88:
 498               	.LSM57:
 499 00be 1092 0000 		sts USB_HostState,__zero_reg__
 500 00c2 00C0      		rjmp .L26
 501               	.L30:
 502               	.LSM58:
 503 00c4 81E0      		ldi r24,lo8(1)
 504 00c6 0E94 0000 		call USB_Host_SetDeviceConfiguration
 505 00ca 8823      		tst r24
 506 00cc 01F0      		breq .L31
 507               	.LSM59:
 508 00ce 80E0      		ldi r24,lo8(__c.4106)
 509 00d0 90E0      		ldi r25,hi8(__c.4106)
 510 00d2 00C0      		rjmp .L46
 511               	.L31:
 512               	.LSM60:
 513 00d4 80E0      		ldi r24,lo8(Mouse_HID_Interface)
 514 00d6 90E0      		ldi r25,hi8(Mouse_HID_Interface)
 515 00d8 0E94 0000 		call HID_Host_SetReportProtocol
 516 00dc 8823      		tst r24
 517 00de 01F0      		breq .L32
 518               	.LSM61:
 519 00e0 80E0      		ldi r24,lo8(__c.4108)
 520 00e2 90E0      		ldi r25,hi8(__c.4108)
 521 00e4 00C0      		rjmp .L46
 522               	.L32:
 523               	.LSM62:
 524 00e6 80E0      		ldi r24,lo8(__c.4110)
 525 00e8 90E0      		ldi r25,hi8(__c.4110)
 526 00ea 0E94 0000 		call puts_P
 527               	.LBB90:
 528               	.LBB91:
 529               	.LSM63:
 530 00ee 8BB1      		in r24,43-32
 531 00f0 8F70      		andi r24,lo8(15)
 532 00f2 8066      		ori r24,lo8(96)
 533 00f4 8BB9      		out 43-32,r24
 534               	.LBE91:
 535               	.LBE90:
 536               	.LSM64:
 537 00f6 2092 0000 		sts USB_HostState,r2
 538 00fa 00C0      		rjmp .L26
 539               	.L47:
 540               	.LSM65:
 541 00fc 80E0      		ldi r24,lo8(Mouse_HID_Interface)
 542 00fe 90E0      		ldi r25,hi8(Mouse_HID_Interface)
 543 0100 0E94 0000 		call HID_Host_IsReportReceived
 544 0104 8823      		tst r24
 545 0106 01F4      		brne .+2
 546 0108 00C0      		rjmp .L26
 547 010a BDB6      		in r11,__SP_L__
 548 010c AEB6      		in r10,__SP_H__
 549               	.LBB92:
 550               	.LSM66:
 551 010e 8091 0000 		lds r24,Mouse_HID_Interface+18
 552 0112 2DB7      		in r18,__SP_L__
 553 0114 3EB7      		in r19,__SP_H__
 554 0116 281B      		sub r18,r24
 555 0118 3109      		sbc r19,__zero_reg__
 556 011a 0FB6      		in __tmp_reg__,__SREG__
 557 011c F894      		cli
 558 011e 3EBF      		out __SP_H__,r19
 559 0120 0FBE      		out __SREG__,__tmp_reg__
 560 0122 2DBF      		out __SP_L__,r18
 561 0124 0DB7      		in r16,__SP_L__
 562 0126 1EB7      		in r17,__SP_H__
 563               	.LVL9:
 564 0128 0F5F      		subi r16,lo8(-(1))
 565 012a 1F4F      		sbci r17,hi8(-(1))
 566               	.LSM67:
 567 012c 80E0      		ldi r24,lo8(Mouse_HID_Interface)
 568 012e 90E0      		ldi r25,hi8(Mouse_HID_Interface)
 569 0130 B801      		movw r22,r16
 570 0132 0E94 0000 		call HID_Host_ReceiveReport
 571               	.LBB83:
 572               	.LBB82:
 573               	.LSM68:
 574 0136 6801      		movw r12,r16
 575 0138 FF24      		clr r15
 576 013a EE24      		clr r14
 577 013c 00C0      		rjmp .L33
 578               	.LVL10:
 579               	.L43:
 580               	.LSM69:
 581 013e E39C      		mul r14,r3
 582 0140 8001      		movw r16,r0
 583 0142 1124      		clr r1
 584 0144 0050      		subi r16,lo8(-(HIDReportInfo+1))
 585 0146 1040      		sbci r17,hi8(-(HIDReportInfo+1))
 586               	.LSM70:
 587 0148 C601      		movw r24,r12
 588 014a B801      		movw r22,r16
 589 014c 0E94 0000 		call USB_GetHIDReportItemInfo
 590 0150 8823      		tst r24
 591 0152 01F4      		brne .+2
 592 0154 00C0      		rjmp .L34
 593               	.LSM71:
 594 0156 F801      		movw r30,r16
 595 0158 8185      		ldd r24,Z+9
 596 015a 9285      		ldd r25,Z+10
 597 015c 8930      		cpi r24,9
 598 015e 9105      		cpc r25,__zero_reg__
 599 0160 01F4      		brne .L35
 600 0162 8281      		ldd r24,Z+2
 601 0164 8823      		tst r24
 602 0166 01F0      		breq .+2
 603 0168 00C0      		rjmp .L34
 604               	.LSM72:
 605 016a 82A1      		ldd r24,Z+34
 606 016c 93A1      		ldd r25,Z+35
 607 016e A4A1      		ldd r26,Z+36
 608 0170 B5A1      		ldd r27,Z+37
 609 0172 0097      		sbiw r24,0
 610 0174 A105      		cpc r26,__zero_reg__
 611 0176 B105      		cpc r27,__zero_reg__
 612 0178 01F4      		brne .+2
 613 017a 00C0      		rjmp .L34
 614 017c 20EF      		ldi r18,lo8(-16)
 615 017e F22E      		mov r15,r18
 616 0180 00C0      		rjmp .L34
 617               	.L35:
 618               	.LSM73:
 619 0182 0197      		sbiw r24,1
 620 0184 01F0      		breq .+2
 621 0186 00C0      		rjmp .L34
 622 0188 F801      		movw r30,r16
 623 018a 6385      		ldd r22,Z+11
 624 018c 7485      		ldd r23,Z+12
 625 018e 6833      		cpi r22,56
 626 0190 7105      		cpc r23,__zero_reg__
 627 0192 01F4      		brne .L36
 628 0194 8281      		ldd r24,Z+2
 629 0196 8823      		tst r24
 630 0198 01F4      		brne .L36
 631               	.LBB80:
 632               	.LSM74:
 633 019a 8085      		ldd r24,Z+8
 634 019c 9401      		movw r18,r8
 635 019e 281B      		sub r18,r24
 636 01a0 3109      		sbc r19,__zero_reg__
 637 01a2 C901      		movw r24,r18
 638 01a4 22A1      		ldd r18,Z+34
 639 01a6 33A1      		ldd r19,Z+35
 640 01a8 44A1      		ldd r20,Z+36
 641 01aa 55A1      		ldd r21,Z+37
 642 01ac 00C0      		rjmp 2f
 643 01ae 220F      	1:	lsl r18
 644 01b0 331F      		rol r19
 645 01b2 441F      		rol r20
 646 01b4 551F      		rol r21
 647 01b6 8A95      	2:	dec r24
 648 01b8 02F4      		brpl 1b
 649               	.LSM75:
 650 01ba 2115      		cp r18,__zero_reg__
 651 01bc 3105      		cpc r19,__zero_reg__
 652 01be 01F0      		breq .L34
 653               	.LSM76:
 654 01c0 1216      		cp __zero_reg__,r18
 655 01c2 1306      		cpc __zero_reg__,r19
 656 01c4 04F0      		brlt .L37
 657 01c6 90E7      		ldi r25,lo8(112)
 658 01c8 F92E      		mov r15,r25
 659 01ca 00C0      		rjmp .L34
 660               	.L37:
 661 01cc 80EB      		ldi r24,lo8(-80)
 662 01ce F82E      		mov r15,r24
 663 01d0 00C0      		rjmp .L34
 664               	.L36:
 665               	.LBE80:
 666               	.LSM77:
 667 01d2 CB01      		movw r24,r22
 668 01d4 C097      		sbiw r24,48
 669 01d6 0297      		sbiw r24,2
 670 01d8 00F4      		brsh .L34
 671 01da F801      		movw r30,r16
 672 01dc 8281      		ldd r24,Z+2
 673 01de 8823      		tst r24
 674 01e0 01F4      		brne .L34
 675               	.LBB81:
 676               	.LSM78:
 677 01e2 8085      		ldd r24,Z+8
 678 01e4 9401      		movw r18,r8
 679 01e6 281B      		sub r18,r24
 680 01e8 3109      		sbc r19,__zero_reg__
 681 01ea C901      		movw r24,r18
 682 01ec 22A1      		ldd r18,Z+34
 683 01ee 33A1      		ldd r19,Z+35
 684 01f0 44A1      		ldd r20,Z+36
 685 01f2 55A1      		ldd r21,Z+37
 686 01f4 00C0      		rjmp 2f
 687 01f6 220F      	1:	lsl r18
 688 01f8 331F      		rol r19
 689 01fa 441F      		rol r20
 690 01fc 551F      		rol r21
 691 01fe 8A95      	2:	dec r24
 692 0200 02F4      		brpl 1b
 693               	.LSM79:
 694 0202 2115      		cp r18,__zero_reg__
 695 0204 3105      		cpc r19,__zero_reg__
 696 0206 01F0      		breq .L34
 697               	.LSM80:
 698 0208 6033      		cpi r22,48
 699 020a 7105      		cpc r23,__zero_reg__
 700 020c 01F4      		brne .L38
 701               	.LSM81:
 702 020e 1216      		cp __zero_reg__,r18
 703 0210 1306      		cpc __zero_reg__,r19
 704 0212 04F0      		brlt .L39
 705 0214 80E2      		ldi r24,lo8(32)
 706 0216 00C0      		rjmp .L42
 707               	.L39:
 708 0218 80E1      		ldi r24,lo8(16)
 709 021a 00C0      		rjmp .L42
 710               	.L38:
 711               	.LSM82:
 712 021c 1216      		cp __zero_reg__,r18
 713 021e 1306      		cpc __zero_reg__,r19
 714 0220 04F0      		brlt .L41
 715 0222 80E4      		ldi r24,lo8(64)
 716 0224 00C0      		rjmp .L42
 717               	.L41:
 718 0226 80E8      		ldi r24,lo8(-128)
 719               	.L42:
 720 0228 F82A      		or r15,r24
 721               	.L34:
 722               	.LBE81:
 723               	.LBE82:
 724               	.LSM83:
 725 022a E394      		inc r14
 726               	.L33:
 727 022c 8091 0000 		lds r24,HIDReportInfo
 728 0230 E816      		cp r14,r24
 729 0232 00F4      		brsh .+2
 730 0234 00C0      		rjmp .L43
 731               	.LBE83:
 732               	.LBB84:
 733               	.LBB85:
 734               	.LSM84:
 735 0236 8BB1      		in r24,43-32
 736 0238 8F70      		andi r24,lo8(15)
 737 023a F82A      		or r15,r24
 738 023c FBB8      		out 43-32,r15
 739 023e 2B2D      		mov r18,r11
 740 0240 3A2D      		mov r19,r10
 741 0242 C901      		movw r24,r18
 742 0244 0FB6      		in __tmp_reg__,__SREG__
 743 0246 F894      		cli
 744 0248 9EBF      		out __SP_H__,r25
 745 024a 0FBE      		out __SREG__,__tmp_reg__
 746 024c 8DBF      		out __SP_L__,r24
 747               	.L26:
 748               	.LBE85:
 749               	.LBE84:
 750               	.LBE92:
 751               	.LBE93:
 752               	.LSM85:
 753 024e 0E94 0000 		call USB_USBTask
 754 0252 00C0      		rjmp .L44
 755               	.LFE128:
 757               	.global	Mouse_HID_Interface
 758               		.data
 761               	Mouse_HID_Interface:
 762 0000 01        		.byte	1
 763 0001 00        		.byte	0
 764 0002 02        		.byte	2
 765 0003 00        		.byte	0
 766 0004 00        		.byte	0
 767 0005 0000      		.word	HIDReportInfo
 768 0007 0000 0000 		.skip 12,0
 768      0000 0000 
 768      0000 0000 
 769               		.section	.progmem.data,"a",@progbits
 772               	__c.4201:
 773 0000 1B5B 3331 		.ascii	"\033[31mDev Enum Error\r\n"
 773      6D44 6576 
 773      2045 6E75 
 773      6D20 4572 
 773      726F 720D 
 774 0015 202D 2D20 		.string	" -- Error Code %d\r\n -- Sub Error Code %d\r\n -- In State %d\r\n\033[37m"
 774      4572 726F 
 774      7220 436F 
 774      6465 2025 
 774      640D 0A20 
 777               	__c.4193:
 778 0056 1B5B 3331 		.string	"\033[31mHost Mode Error\r\n -- Error Code %d\r\n\033[37m"
 778      6D48 6F73 
 778      7420 4D6F 
 778      6465 2045 
 778      7272 6F72 
 781               	__c.4185:
 782 0085 0D0A 4465 		.string	"\r\nDevice Unattached.\r\n"
 782      7669 6365 
 782      2055 6E61 
 782      7474 6163 
 782      6865 642E 
 785               	__c.4180:
 786 009c 4465 7669 		.string	"Device Attached.\r\n"
 786      6365 2041 
 786      7474 6163 
 786      6865 642E 
 786      0D0A 00
 789               	__c.4110:
 790 00af 4D6F 7573 		.string	"Mouse Enumerated.\r\n"
 790      6520 456E 
 790      756D 6572 
 790      6174 6564 
 790      2E0D 0A00 
 793               	__c.4108:
 794 00c3 4572 726F 		.string	"Error Setting Report Protocol Mode or Not a Valid Mouse.\r\n"
 794      7220 5365 
 794      7474 696E 
 794      6720 5265 
 794      706F 7274 
 797               	__c.4106:
 798 00fe 4572 726F 		.string	"Error Setting Device Configuration.\r\n"
 798      7220 5365 
 798      7474 696E 
 798      6720 4465 
 798      7669 6365 
 801               	__c.4104:
 802 0124 4174 7461 		.string	"Attached Device Not a Valid Mouse.\r\n"
 802      6368 6564 
 802      2044 6576 
 802      6963 6520 
 802      4E6F 7420 
 805               	__c.4101:
 806 0149 4572 726F 		.string	"Error Retrieving Configuration Descriptor.\r\n"
 806      7220 5265 
 806      7472 6965 
 806      7669 6E67 
 806      2043 6F6E 
 809               	__c.4096:
 810 0176 1B5B 3336 		.string	"\033[36mMouse Host Demo running.\r\n\033[37m"
 810      6D4D 6F75 
 810      7365 2048 
 810      6F73 7420 
 810      4465 6D6F 
 811               		.comm HIDReportInfo,985,1
 892               	.Letext0:
DEFINED SYMBOLS
                            *ABS*:00000000 MouseHostWithParser.c
/var/folders/fy/fkrt37kj6jd3by75mtf4gsxr0000gn/T//ccIFwYGf.s:2      *ABS*:0000003f __SREG__
/var/folders/fy/fkrt37kj6jd3by75mtf4gsxr0000gn/T//ccIFwYGf.s:3      *ABS*:0000003e __SP_H__
/var/folders/fy/fkrt37kj6jd3by75mtf4gsxr0000gn/T//ccIFwYGf.s:4      *ABS*:0000003d __SP_L__
/var/folders/fy/fkrt37kj6jd3by75mtf4gsxr0000gn/T//ccIFwYGf.s:5      *ABS*:00000034 __CCP__
/var/folders/fy/fkrt37kj6jd3by75mtf4gsxr0000gn/T//ccIFwYGf.s:6      *ABS*:00000000 __tmp_reg__
/var/folders/fy/fkrt37kj6jd3by75mtf4gsxr0000gn/T//ccIFwYGf.s:7      *ABS*:00000001 __zero_reg__
/var/folders/fy/fkrt37kj6jd3by75mtf4gsxr0000gn/T//ccIFwYGf.s:19     .text.EVENT_USB_Host_DeviceEnumerationComplete:00000000 EVENT_USB_Host_DeviceEnumerationComplete
/var/folders/fy/fkrt37kj6jd3by75mtf4gsxr0000gn/T//ccIFwYGf.s:41     .text.CALLBACK_HIDParser_FilterHIDReportItem:00000000 CALLBACK_HIDParser_FilterHIDReportItem
/var/folders/fy/fkrt37kj6jd3by75mtf4gsxr0000gn/T//ccIFwYGf.s:105    .text.EVENT_USB_Host_DeviceEnumerationFailed:00000000 EVENT_USB_Host_DeviceEnumerationFailed
/var/folders/fy/fkrt37kj6jd3by75mtf4gsxr0000gn/T//ccIFwYGf.s:772    .progmem.data:00000000 __c.4201
/var/folders/fy/fkrt37kj6jd3by75mtf4gsxr0000gn/T//ccIFwYGf.s:167    .text.EVENT_USB_Host_HostError:00000000 EVENT_USB_Host_HostError
/var/folders/fy/fkrt37kj6jd3by75mtf4gsxr0000gn/T//ccIFwYGf.s:777    .progmem.data:00000056 __c.4193
/var/folders/fy/fkrt37kj6jd3by75mtf4gsxr0000gn/T//ccIFwYGf.s:215    .text.EVENT_USB_Host_DeviceUnattached:00000000 EVENT_USB_Host_DeviceUnattached
/var/folders/fy/fkrt37kj6jd3by75mtf4gsxr0000gn/T//ccIFwYGf.s:781    .progmem.data:00000085 __c.4185
/var/folders/fy/fkrt37kj6jd3by75mtf4gsxr0000gn/T//ccIFwYGf.s:241    .text.EVENT_USB_Host_DeviceAttached:00000000 EVENT_USB_Host_DeviceAttached
/var/folders/fy/fkrt37kj6jd3by75mtf4gsxr0000gn/T//ccIFwYGf.s:785    .progmem.data:0000009c __c.4180
/var/folders/fy/fkrt37kj6jd3by75mtf4gsxr0000gn/T//ccIFwYGf.s:267    .text.SetupHardware:00000000 SetupHardware
/var/folders/fy/fkrt37kj6jd3by75mtf4gsxr0000gn/T//ccIFwYGf.s:357    .text.main:00000000 main
/var/folders/fy/fkrt37kj6jd3by75mtf4gsxr0000gn/T//ccIFwYGf.s:809    .progmem.data:00000176 __c.4096
/var/folders/fy/fkrt37kj6jd3by75mtf4gsxr0000gn/T//ccIFwYGf.s:805    .progmem.data:00000149 __c.4101
/var/folders/fy/fkrt37kj6jd3by75mtf4gsxr0000gn/T//ccIFwYGf.s:761    .data:00000000 Mouse_HID_Interface
/var/folders/fy/fkrt37kj6jd3by75mtf4gsxr0000gn/T//ccIFwYGf.s:801    .progmem.data:00000124 __c.4104
/var/folders/fy/fkrt37kj6jd3by75mtf4gsxr0000gn/T//ccIFwYGf.s:797    .progmem.data:000000fe __c.4106
/var/folders/fy/fkrt37kj6jd3by75mtf4gsxr0000gn/T//ccIFwYGf.s:793    .progmem.data:000000c3 __c.4108
/var/folders/fy/fkrt37kj6jd3by75mtf4gsxr0000gn/T//ccIFwYGf.s:789    .progmem.data:000000af __c.4110
                            *COM*:000003d9 HIDReportInfo

UNDEFINED SYMBOLS
USB_HostState
printf_P
USB_ShutDown
puts_P
USARTStream
__iob
USB_Init
USB_Host_GetDeviceConfigDescriptor
HID_Host_ConfigurePipes
USB_Host_SetDeviceConfiguration
HID_Host_SetReportProtocol
HID_Host_IsReportReceived
HID_Host_ReceiveReport
USB_GetHIDReportItemInfo
USB_USBTask
__do_copy_data
__do_clear_bss
