   1               		.file	"MouseHostWithParser.c"
   2               	__SREG__ = 0x3f
   3               	__SP_H__ = 0x3e
   4               	__SP_L__ = 0x3d
   5               	__CCP__  = 0x34
   6               	__tmp_reg__ = 0
   7               	__zero_reg__ = 1
  15               	.Ltext0:
  16               		.section	.text.EVENT_USB_Host_DeviceEnumerationComplete,"ax",@progbits
  17               	.global	EVENT_USB_Host_DeviceEnumerationComplete
  19               	EVENT_USB_Host_DeviceEnumerationComplete:
  20               	.LFB132:
  21               	.LSM0:
  22               	/* prologue: function */
  23               	/* frame size = 0 */
  24               	.LBB70:
  25               	.LBB71:
  26               	.LSM1:
  27 0000 8BB1      		in r24,43-32
  28 0002 8F70      		andi r24,lo8(15)
  29 0004 8066      		ori r24,lo8(96)
  30 0006 8BB9      		out 43-32,r24
  31               	/* epilogue start */
  32               	.LBE71:
  33               	.LBE70:
  34               	.LSM2:
  35 0008 0895      		ret
  36               	.LFE132:
  38               		.section	.text.ProcessMouseReport,"ax",@progbits
  39               	.global	ProcessMouseReport
  41               	ProcessMouseReport:
  42               	.LFB136:
  43               	.LSM3:
  44               	.LVL0:
  45 0000 BF92      		push r11
  46 0002 CF92      		push r12
  47 0004 DF92      		push r13
  48 0006 EF92      		push r14
  49 0008 FF92      		push r15
  50 000a 0F93      		push r16
  51 000c 1F93      		push r17
  52 000e CF93      		push r28
  53 0010 DF93      		push r29
  54               	/* prologue: function */
  55               	/* frame size = 0 */
  56 0012 7C01      		movw r14,r24
  57               	.LSM4:
  58 0014 10E0      		ldi r17,lo8(0)
  59               	.LVL1:
  60 0016 00E0      		ldi r16,lo8(0)
  61               	.LVL2:
  62               	.LBB72:
  63               	.LBB73:
  64               	.LSM5:
  65 0018 9AE2      		ldi r25,lo8(42)
  66 001a B92E      		mov r11,r25
  67               	.LBB74:
  68               	.LSM6:
  69 001c 80E1      		ldi r24,lo8(16)
  70 001e C82E      		mov r12,r24
  71 0020 D12C      		mov r13,__zero_reg__
  72               	.LVL3:
  73 0022 00C0      		rjmp .L4
  74               	.LVL4:
  75               	.L14:
  76               	.LBE74:
  77               	.LSM7:
  78 0024 0B9D      		mul r16,r11
  79 0026 E001      		movw r28,r0
  80 0028 1124      		clr r1
  81 002a C050      		subi r28,lo8(-(HIDReportInfo+1))
  82 002c D040      		sbci r29,hi8(-(HIDReportInfo+1))
  83               	.LSM8:
  84 002e 8985      		ldd r24,Y+9
  85 0030 9A85      		ldd r25,Y+10
  86 0032 8930      		cpi r24,9
  87 0034 9105      		cpc r25,__zero_reg__
  88 0036 01F4      		brne .L5
  89 0038 8A81      		ldd r24,Y+2
  90 003a 8823      		tst r24
  91 003c 01F0      		breq .+2
  92 003e 00C0      		rjmp .L6
  93               	.LSM9:
  94 0040 C701      		movw r24,r14
  95 0042 BE01      		movw r22,r28
  96 0044 0E94 0000 		call USB_GetHIDReportItemInfo
  97               	.LSM10:
  98 0048 8823      		tst r24
  99 004a 01F4      		brne .+2
 100 004c 00C0      		rjmp .L6
 101               	.LSM11:
 102 004e 8AA1      		ldd r24,Y+34
 103 0050 9BA1      		ldd r25,Y+35
 104 0052 ACA1      		ldd r26,Y+36
 105 0054 BDA1      		ldd r27,Y+37
 106 0056 0097      		sbiw r24,0
 107 0058 A105      		cpc r26,__zero_reg__
 108 005a B105      		cpc r27,__zero_reg__
 109 005c 01F4      		brne .+2
 110 005e 00C0      		rjmp .L6
 111 0060 10EF      		ldi r17,lo8(-16)
 112 0062 00C0      		rjmp .L6
 113               	.L5:
 114               	.LSM12:
 115 0064 0197      		sbiw r24,1
 116 0066 01F0      		breq .+2
 117 0068 00C0      		rjmp .L6
 118 006a 2B85      		ldd r18,Y+11
 119 006c 3C85      		ldd r19,Y+12
 120 006e 2833      		cpi r18,56
 121 0070 3105      		cpc r19,__zero_reg__
 122 0072 01F4      		brne .L7
 123 0074 8A81      		ldd r24,Y+2
 124 0076 8823      		tst r24
 125 0078 01F4      		brne .L7
 126               	.LBB75:
 127               	.LSM13:
 128 007a C701      		movw r24,r14
 129 007c BE01      		movw r22,r28
 130 007e 0E94 0000 		call USB_GetHIDReportItemInfo
 131 0082 8823      		tst r24
 132 0084 01F4      		brne .+2
 133 0086 00C0      		rjmp .L6
 134               	.LSM14:
 135 0088 8885      		ldd r24,Y+8
 136 008a 9601      		movw r18,r12
 137 008c 281B      		sub r18,r24
 138 008e 3109      		sbc r19,__zero_reg__
 139 0090 C901      		movw r24,r18
 140 0092 2AA1      		ldd r18,Y+34
 141 0094 3BA1      		ldd r19,Y+35
 142 0096 4CA1      		ldd r20,Y+36
 143 0098 5DA1      		ldd r21,Y+37
 144 009a 00C0      		rjmp 2f
 145 009c 220F      	1:	lsl r18
 146 009e 331F      		rol r19
 147 00a0 441F      		rol r20
 148 00a2 551F      		rol r21
 149 00a4 8A95      	2:	dec r24
 150 00a6 02F4      		brpl 1b
 151               	.LSM15:
 152 00a8 2115      		cp r18,__zero_reg__
 153 00aa 3105      		cpc r19,__zero_reg__
 154 00ac 01F0      		breq .L6
 155               	.LSM16:
 156 00ae 1216      		cp __zero_reg__,r18
 157 00b0 1306      		cpc __zero_reg__,r19
 158 00b2 04F0      		brlt .L8
 159 00b4 10E7      		ldi r17,lo8(112)
 160 00b6 00C0      		rjmp .L6
 161               	.L8:
 162 00b8 10EB      		ldi r17,lo8(-80)
 163 00ba 00C0      		rjmp .L6
 164               	.L7:
 165               	.LBE75:
 166               	.LSM17:
 167 00bc 2053      		subi r18,lo8(-(-48))
 168 00be 3040      		sbci r19,hi8(-(-48))
 169 00c0 2230      		cpi r18,2
 170 00c2 3105      		cpc r19,__zero_reg__
 171 00c4 00F4      		brsh .L6
 172 00c6 8A81      		ldd r24,Y+2
 173 00c8 8823      		tst r24
 174 00ca 01F4      		brne .L6
 175               	.LBB76:
 176               	.LSM18:
 177 00cc C701      		movw r24,r14
 178 00ce BE01      		movw r22,r28
 179 00d0 0E94 0000 		call USB_GetHIDReportItemInfo
 180               	.LSM19:
 181 00d4 8823      		tst r24
 182 00d6 01F0      		breq .L6
 183               	.LSM20:
 184 00d8 8885      		ldd r24,Y+8
 185 00da 9601      		movw r18,r12
 186 00dc 281B      		sub r18,r24
 187 00de 3109      		sbc r19,__zero_reg__
 188 00e0 C901      		movw r24,r18
 189 00e2 2AA1      		ldd r18,Y+34
 190 00e4 3BA1      		ldd r19,Y+35
 191 00e6 4CA1      		ldd r20,Y+36
 192 00e8 5DA1      		ldd r21,Y+37
 193 00ea 00C0      		rjmp 2f
 194 00ec 220F      	1:	lsl r18
 195 00ee 331F      		rol r19
 196 00f0 441F      		rol r20
 197 00f2 551F      		rol r21
 198 00f4 8A95      	2:	dec r24
 199 00f6 02F4      		brpl 1b
 200               	.LSM21:
 201 00f8 2115      		cp r18,__zero_reg__
 202 00fa 3105      		cpc r19,__zero_reg__
 203 00fc 01F0      		breq .L6
 204               	.LSM22:
 205 00fe 8B85      		ldd r24,Y+11
 206 0100 9C85      		ldd r25,Y+12
 207 0102 C097      		sbiw r24,48
 208 0104 01F4      		brne .L9
 209               	.LSM23:
 210 0106 1216      		cp __zero_reg__,r18
 211 0108 1306      		cpc __zero_reg__,r19
 212 010a 04F0      		brlt .L10
 213 010c 80E2      		ldi r24,lo8(32)
 214 010e 00C0      		rjmp .L13
 215               	.L10:
 216 0110 80E1      		ldi r24,lo8(16)
 217 0112 00C0      		rjmp .L13
 218               	.L9:
 219               	.LSM24:
 220 0114 1216      		cp __zero_reg__,r18
 221 0116 1306      		cpc __zero_reg__,r19
 222 0118 04F0      		brlt .L12
 223 011a 80E4      		ldi r24,lo8(64)
 224 011c 00C0      		rjmp .L13
 225               	.L12:
 226 011e 80E8      		ldi r24,lo8(-128)
 227               	.L13:
 228 0120 182B      		or r17,r24
 229               	.L6:
 230               	.LBE76:
 231               	.LBE73:
 232               	.LSM25:
 233 0122 0F5F      		subi r16,lo8(-(1))
 234               	.L4:
 235 0124 8091 0000 		lds r24,HIDReportInfo
 236 0128 0817      		cp r16,r24
 237 012a 00F4      		brsh .+2
 238 012c 00C0      		rjmp .L14
 239               	.LBE72:
 240               	.LBB77:
 241               	.LBB78:
 242               	.LSM26:
 243 012e 8BB1      		in r24,43-32
 244 0130 8F70      		andi r24,lo8(15)
 245 0132 182B      		or r17,r24
 246 0134 1BB9      		out 43-32,r17
 247               	/* epilogue start */
 248               	.LBE78:
 249               	.LBE77:
 250               	.LSM27:
 251 0136 DF91      		pop r29
 252 0138 CF91      		pop r28
 253               	.LVL5:
 254 013a 1F91      		pop r17
 255               	.LVL6:
 256 013c 0F91      		pop r16
 257               	.LVL7:
 258 013e FF90      		pop r15
 259 0140 EF90      		pop r14
 260               	.LVL8:
 261 0142 DF90      		pop r13
 262 0144 CF90      		pop r12
 263 0146 BF90      		pop r11
 264 0148 0895      		ret
 265               	.LFE136:
 267               		.section	.text.EVENT_USB_Host_DeviceUnattached,"ax",@progbits
 268               	.global	EVENT_USB_Host_DeviceUnattached
 270               	EVENT_USB_Host_DeviceUnattached:
 271               	.LFB131:
 272               	.LSM28:
 273               	/* prologue: function */
 274               	/* frame size = 0 */
 275               	.LSM29:
 276 0000 80E0      		ldi r24,lo8(__c.4123)
 277 0002 90E0      		ldi r25,hi8(__c.4123)
 278 0004 0E94 0000 		call puts_P
 279               	.LBB79:
 280               	.LBB80:
 281               	.LSM30:
 282 0008 8BB1      		in r24,43-32
 283 000a 8F70      		andi r24,lo8(15)
 284 000c 8061      		ori r24,lo8(16)
 285 000e 8BB9      		out 43-32,r24
 286               	/* epilogue start */
 287               	.LBE80:
 288               	.LBE79:
 289               	.LSM31:
 290 0010 0895      		ret
 291               	.LFE131:
 293               		.section	.text.EVENT_USB_Host_DeviceAttached,"ax",@progbits
 294               	.global	EVENT_USB_Host_DeviceAttached
 296               	EVENT_USB_Host_DeviceAttached:
 297               	.LFB130:
 298               	.LSM32:
 299               	/* prologue: function */
 300               	/* frame size = 0 */
 301               	.LSM33:
 302 0000 80E0      		ldi r24,lo8(__c.4118)
 303 0002 90E0      		ldi r25,hi8(__c.4118)
 304 0004 0E94 0000 		call puts_P
 305               	.LBB81:
 306               	.LBB82:
 307               	.LSM34:
 308 0008 8BB1      		in r24,43-32
 309 000a 8F70      		andi r24,lo8(15)
 310 000c 806A      		ori r24,lo8(-96)
 311 000e 8BB9      		out 43-32,r24
 312               	/* epilogue start */
 313               	.LBE82:
 314               	.LBE81:
 315               	.LSM35:
 316 0010 0895      		ret
 317               	.LFE130:
 319               		.section	.text.EVENT_USB_Host_DeviceEnumerationFailed,"ax",@progbits
 320               	.global	EVENT_USB_Host_DeviceEnumerationFailed
 322               	EVENT_USB_Host_DeviceEnumerationFailed:
 323               	.LFB134:
 324               	.LSM36:
 325               	.LVL9:
 326               	/* prologue: function */
 327               	/* frame size = 0 */
 328               	.LSM37:
 329 0000 9091 0000 		lds r25,USB_HostState
 330 0004 2DB7      		in r18,__SP_L__
 331 0006 3EB7      		in r19,__SP_H__
 332 0008 2850      		subi r18,lo8(-(-8))
 333 000a 3040      		sbci r19,hi8(-(-8))
 334 000c 0FB6      		in __tmp_reg__,__SREG__
 335 000e F894      		cli
 336 0010 3EBF      		out __SP_H__,r19
 337 0012 0FBE      		out __SREG__,__tmp_reg__
 338 0014 2DBF      		out __SP_L__,r18
 339 0016 EDB7      		in r30,__SP_L__
 340 0018 FEB7      		in r31,__SP_H__
 341 001a 3196      		adiw r30,1
 342 001c 20E0      		ldi r18,lo8(__c.4139)
 343 001e 30E0      		ldi r19,hi8(__c.4139)
 344 0020 ADB7      		in r26,__SP_L__
 345 0022 BEB7      		in r27,__SP_H__
 346 0024 1296      		adiw r26,1+1
 347 0026 3C93      		st X,r19
 348 0028 2E93      		st -X,r18
 349 002a 1197      		sbiw r26,1
 350 002c 8283      		std Z+2,r24
 351 002e 1382      		std Z+3,__zero_reg__
 352 0030 6483      		std Z+4,r22
 353 0032 1582      		std Z+5,__zero_reg__
 354 0034 9683      		std Z+6,r25
 355 0036 1782      		std Z+7,__zero_reg__
 356 0038 0E94 0000 		call printf_P
 357               	.LVL10:
 358               	.LBB83:
 359               	.LBB84:
 360               	.LSM38:
 361 003c 8BB1      		in r24,43-32
 362 003e 8F70      		andi r24,lo8(15)
 363 0040 8069      		ori r24,lo8(-112)
 364 0042 8BB9      		out 43-32,r24
 365 0044 2DB7      		in r18,__SP_L__
 366 0046 3EB7      		in r19,__SP_H__
 367 0048 285F      		subi r18,lo8(-(8))
 368 004a 3F4F      		sbci r19,hi8(-(8))
 369 004c 0FB6      		in __tmp_reg__,__SREG__
 370 004e F894      		cli
 371 0050 3EBF      		out __SP_H__,r19
 372 0052 0FBE      		out __SREG__,__tmp_reg__
 373 0054 2DBF      		out __SP_L__,r18
 374               	/* epilogue start */
 375               	.LBE84:
 376               	.LBE83:
 377               	.LSM39:
 378 0056 0895      		ret
 379               	.LFE134:
 381               		.data
 382               	.LC0:
 383 0000 546F 7461 		.string	"Total Reports: %d\r\n"
 383      6C20 5265 
 383      706F 7274 
 383      733A 2025 
 383      640D 0A00 
 384               		.section	.text.Mouse_HID_Task,"ax",@progbits
 385               	.global	Mouse_HID_Task
 387               	Mouse_HID_Task:
 388               	.LFB135:
 389               	.LSM40:
 390 0000 AF92      		push r10
 391 0002 BF92      		push r11
 392 0004 CF92      		push r12
 393 0006 DF92      		push r13
 394 0008 EF92      		push r14
 395 000a FF92      		push r15
 396 000c 0F93      		push r16
 397 000e 1F93      		push r17
 398 0010 DF93      		push r29
 399 0012 CF93      		push r28
 400 0014 CDB7      		in r28,__SP_L__
 401 0016 DEB7      		in r29,__SP_H__
 402               	/* prologue: function */
 403               	/* frame size = 0 */
 404               	.LSM41:
 405 0018 CDB6      		in r12,__SP_L__
 406 001a DEB6      		in r13,__SP_H__
 407               	.LSM42:
 408 001c 8091 0000 		lds r24,USB_HostState
 409 0020 8B30      		cpi r24,lo8(11)
 410 0022 01F0      		breq .L24
 411 0024 8C30      		cpi r24,lo8(12)
 412 0026 01F0      		breq .+2
 413 0028 00C0      		rjmp .L40
 414 002a 00C0      		rjmp .L43
 415               	.L24:
 416               	.LSM43:
 417 002c 80E0      		ldi r24,lo8(__c.4150)
 418 002e 90E0      		ldi r25,hi8(__c.4150)
 419 0030 0E94 0000 		call puts_P
 420               	.LSM44:
 421 0034 0E94 0000 		call ProcessConfigurationDescriptor
 422 0038 082F      		mov r16,r24
 423               	.LVL11:
 424 003a 8823      		tst r24
 425 003c 01F0      		breq .L26
 426               	.LVL12:
 427               	.LSM45:
 428 003e 8130      		cpi r24,lo8(1)
 429 0040 01F4      		brne .L27
 430               	.LSM46:
 431 0042 80E0      		ldi r24,lo8(__c.4152)
 432 0044 90E0      		ldi r25,hi8(__c.4152)
 433               	.LVL13:
 434 0046 00C0      		rjmp .L41
 435               	.LVL14:
 436               	.L27:
 437               	.LSM47:
 438 0048 80E0      		ldi r24,lo8(__c.4154)
 439 004a 90E0      		ldi r25,hi8(__c.4154)
 440               	.LVL15:
 441               	.L41:
 442 004c 0E94 0000 		call puts_P
 443               	.LSM48:
 444 0050 00D0      		rcall .
 445 0052 00D0      		rcall .
 446 0054 EDB7      		in r30,__SP_L__
 447 0056 FEB7      		in r31,__SP_H__
 448 0058 3196      		adiw r30,1
 449 005a 80E0      		ldi r24,lo8(__c.4156)
 450 005c 90E0      		ldi r25,hi8(__c.4156)
 451 005e ADB7      		in r26,__SP_L__
 452 0060 BEB7      		in r27,__SP_H__
 453 0062 1296      		adiw r26,1+1
 454 0064 9C93      		st X,r25
 455 0066 8E93      		st -X,r24
 456 0068 1197      		sbiw r26,1
 457 006a 0283      		std Z+2,r16
 458 006c 00C0      		rjmp .L42
 459               	.LVL16:
 460               	.L26:
 461               	.LSM49:
 462 006e 81E0      		ldi r24,lo8(1)
 463               	.LVL17:
 464 0070 0E94 0000 		call USB_Host_SetDeviceConfiguration
 465 0074 282F      		mov r18,r24
 466               	.LVL18:
 467 0076 8823      		tst r24
 468 0078 01F0      		breq .L29
 469               	.LVL19:
 470               	.LSM50:
 471 007a 00D0      		rcall .
 472 007c 00D0      		rcall .
 473 007e EDB7      		in r30,__SP_L__
 474 0080 FEB7      		in r31,__SP_H__
 475 0082 3196      		adiw r30,1
 476 0084 80E0      		ldi r24,lo8(__c.4159)
 477 0086 90E0      		ldi r25,hi8(__c.4159)
 478               	.LVL20:
 479 0088 ADB7      		in r26,__SP_L__
 480 008a BEB7      		in r27,__SP_H__
 481 008c 1296      		adiw r26,1+1
 482 008e 9C93      		st X,r25
 483 0090 8E93      		st -X,r24
 484 0092 1197      		sbiw r26,1
 485 0094 2283      		std Z+2,r18
 486               	.LVL21:
 487               	.L42:
 488 0096 1382      		std Z+3,__zero_reg__
 489 0098 0E94 0000 		call printf_P
 490               	.LVL22:
 491               	.LBB85:
 492               	.LBB86:
 493               	.LSM51:
 494 009c 8BB1      		in r24,43-32
 495 009e 8F70      		andi r24,lo8(15)
 496 00a0 8069      		ori r24,lo8(-112)
 497 00a2 8BB9      		out 43-32,r24
 498               	.LBE86:
 499               	.LBE85:
 500               	.LSM52:
 501 00a4 1092 0000 		sts USB_HostState,__zero_reg__
 502 00a8 0F90      		pop __tmp_reg__
 503 00aa 0F90      		pop __tmp_reg__
 504 00ac 0F90      		pop __tmp_reg__
 505 00ae 0F90      		pop __tmp_reg__
 506 00b0 00C0      		rjmp .L40
 507               	.LVL23:
 508               	.L29:
 509               	.LSM53:
 510 00b2 00D0      		rcall .
 511 00b4 00D0      		rcall .
 512 00b6 80E0      		ldi r24,lo8(__c.4161)
 513 00b8 90E0      		ldi r25,hi8(__c.4161)
 514               	.LVL24:
 515 00ba EDB7      		in r30,__SP_L__
 516 00bc FEB7      		in r31,__SP_H__
 517 00be 9283      		std Z+2,r25
 518 00c0 8183      		std Z+1,r24
 519 00c2 8091 0000 		lds r24,HIDReportSize
 520 00c6 9091 0000 		lds r25,(HIDReportSize)+1
 521 00ca 9483      		std Z+4,r25
 522 00cc 8383      		std Z+3,r24
 523 00ce 0E94 0000 		call printf_P
 524               	.LVL25:
 525               	.LSM54:
 526 00d2 0F90      		pop __tmp_reg__
 527 00d4 0F90      		pop __tmp_reg__
 528 00d6 0F90      		pop __tmp_reg__
 529 00d8 0F90      		pop __tmp_reg__
 530 00da 0E94 0000 		call GetHIDReportData
 531 00de 082F      		mov r16,r24
 532               	.LVL26:
 533 00e0 8823      		tst r24
 534 00e2 01F0      		breq .L30
 535               	.LVL27:
 536               	.LSM55:
 537 00e4 80E0      		ldi r24,lo8(__c.4163)
 538 00e6 90E0      		ldi r25,hi8(__c.4163)
 539               	.LVL28:
 540 00e8 0E94 0000 		call puts_P
 541               	.LSM56:
 542 00ec 8091 0000 		lds r24,HIDReportInfo
 543 00f0 8823      		tst r24
 544 00f2 01F4      		brne .L31
 545               	.LSM57:
 546 00f4 80E0      		ldi r24,lo8(__c.4165)
 547 00f6 90E0      		ldi r25,hi8(__c.4165)
 548 00f8 0E94 0000 		call puts_P
 549 00fc 00C0      		rjmp .L32
 550               	.L31:
 551               	.LSM58:
 552 00fe 00D0      		rcall .
 553 0100 00D0      		rcall .
 554 0102 EDB7      		in r30,__SP_L__
 555 0104 FEB7      		in r31,__SP_H__
 556 0106 3196      		adiw r30,1
 557 0108 80E0      		ldi r24,lo8(__c.4167)
 558 010a 90E0      		ldi r25,hi8(__c.4167)
 559 010c ADB7      		in r26,__SP_L__
 560 010e BEB7      		in r27,__SP_H__
 561 0110 1296      		adiw r26,1+1
 562 0112 9C93      		st X,r25
 563 0114 8E93      		st -X,r24
 564 0116 1197      		sbiw r26,1
 565 0118 0283      		std Z+2,r16
 566 011a 1382      		std Z+3,__zero_reg__
 567 011c 0E94 0000 		call printf_P
 568 0120 0F90      		pop __tmp_reg__
 569 0122 0F90      		pop __tmp_reg__
 570 0124 0F90      		pop __tmp_reg__
 571 0126 0F90      		pop __tmp_reg__
 572               	.L32:
 573               	.LBB87:
 574               	.LBB88:
 575               	.LSM59:
 576 0128 8BB1      		in r24,43-32
 577 012a 8F70      		andi r24,lo8(15)
 578 012c 8069      		ori r24,lo8(-112)
 579 012e 8BB9      		out 43-32,r24
 580               	.LBE88:
 581               	.LBE87:
 582               	.LSM60:
 583 0130 1092 0000 		sts USB_HostState,__zero_reg__
 584 0134 00C0      		rjmp .L40
 585               	.LVL29:
 586               	.L30:
 587               	.LSM61:
 588 0136 00D0      		rcall .
 589 0138 00D0      		rcall .
 590 013a EDB7      		in r30,__SP_L__
 591 013c FEB7      		in r31,__SP_H__
 592 013e 3196      		adiw r30,1
 593 0140 80E0      		ldi r24,lo8(.LC0)
 594 0142 90E0      		ldi r25,hi8(.LC0)
 595               	.LVL30:
 596 0144 ADB7      		in r26,__SP_L__
 597 0146 BEB7      		in r27,__SP_H__
 598 0148 1296      		adiw r26,1+1
 599 014a 9C93      		st X,r25
 600 014c 8E93      		st -X,r24
 601 014e 1197      		sbiw r26,1
 602 0150 8091 0000 		lds r24,HIDReportInfo+911
 603 0154 8283      		std Z+2,r24
 604 0156 1382      		std Z+3,__zero_reg__
 605 0158 0E94 0000 		call printf
 606 015c 00E0      		ldi r16,lo8(0)
 607               	.LVL31:
 608 015e 0F90      		pop __tmp_reg__
 609 0160 0F90      		pop __tmp_reg__
 610 0162 0F90      		pop __tmp_reg__
 611 0164 0F90      		pop __tmp_reg__
 612               	.LBB89:
 613               	.LBB90:
 614               	.LSM62:
 615 0166 17E0      		ldi r17,lo8(7)
 616               	.LSM63:
 617 0168 20E0      		ldi r18,lo8(__c.4174)
 618 016a E22E      		mov r14,r18
 619 016c 20E0      		ldi r18,hi8(__c.4174)
 620 016e F22E      		mov r15,r18
 621 0170 00C0      		rjmp .L33
 622               	.L37:
 623               	.LSM64:
 624 0172 019F      		mul r16,r17
 625 0174 F001      		movw r30,r0
 626 0176 1124      		clr r1
 627               	.LVL32:
 628 0178 E050      		subi r30,lo8(-(HIDReportInfo+912))
 629 017a F040      		sbci r31,hi8(-(HIDReportInfo+912))
 630               	.LSM65:
 631 017c 4181      		ldd r20,Z+1
 632               	.LVL33:
 633               	.LSM66:
 634 017e 5381      		ldd r21,Z+3
 635               	.LVL34:
 636               	.LSM67:
 637 0180 6581      		ldd r22,Z+5
 638               	.LVL35:
 639               	.LSM68:
 640 0182 2DB7      		in r18,__SP_L__
 641 0184 3EB7      		in r19,__SP_H__
 642 0186 2A50      		subi r18,lo8(-(-10))
 643 0188 3040      		sbci r19,hi8(-(-10))
 644 018a 0FB6      		in __tmp_reg__,__SREG__
 645 018c F894      		cli
 646 018e 3EBF      		out __SP_H__,r19
 647 0190 0FBE      		out __SREG__,__tmp_reg__
 648 0192 2DBF      		out __SP_L__,r18
 649 0194 ADB6      		in r10,__SP_L__
 650 0196 BEB6      		in r11,__SP_H__
 651 0198 0894      		sec
 652 019a A11C      		adc r10,__zero_reg__
 653 019c B11C      		adc r11,__zero_reg__
 654 019e ADB7      		in r26,__SP_L__
 655 01a0 BEB7      		in r27,__SP_H__
 656 01a2 1296      		adiw r26,1+1
 657 01a4 FC92      		st X,r15
 658 01a6 EE92      		st -X,r14
 659 01a8 1197      		sbiw r26,1
 660 01aa 8081      		ld r24,Z
 661 01ac F501      		movw r30,r10
 662               	.LVL36:
 663 01ae 8283      		std Z+2,r24
 664 01b0 1382      		std Z+3,__zero_reg__
 665 01b2 20E0      		ldi r18,lo8(0)
 666 01b4 30E0      		ldi r19,hi8(0)
 667 01b6 842F      		mov r24,r20
 668 01b8 90E0      		ldi r25,lo8(0)
 669               	.LVL37:
 670 01ba 8770      		andi r24,lo8(7)
 671 01bc 9070      		andi r25,hi8(7)
 672               	.LVL38:
 673 01be 892B      		or r24,r25
 674 01c0 01F0      		breq .L34
 675 01c2 21E0      		ldi r18,lo8(1)
 676 01c4 30E0      		ldi r19,hi8(1)
 677               	.L34:
 678 01c6 4695      		lsr r20
 679 01c8 4695      		lsr r20
 680 01ca 4695      		lsr r20
 681               	.LVL39:
 682 01cc 240F      		add r18,r20
 683 01ce 311D      		adc r19,__zero_reg__
 684 01d0 D501      		movw r26,r10
 685 01d2 1596      		adiw r26,4+1
 686 01d4 3C93      		st X,r19
 687 01d6 2E93      		st -X,r18
 688 01d8 1497      		sbiw r26,4
 689 01da 20E0      		ldi r18,lo8(0)
 690 01dc 30E0      		ldi r19,hi8(0)
 691 01de 852F      		mov r24,r21
 692 01e0 90E0      		ldi r25,lo8(0)
 693               	.LVL40:
 694 01e2 8770      		andi r24,lo8(7)
 695 01e4 9070      		andi r25,hi8(7)
 696               	.LVL41:
 697 01e6 892B      		or r24,r25
 698 01e8 01F0      		breq .L35
 699 01ea 21E0      		ldi r18,lo8(1)
 700 01ec 30E0      		ldi r19,hi8(1)
 701               	.L35:
 702 01ee 5695      		lsr r21
 703 01f0 5695      		lsr r21
 704 01f2 5695      		lsr r21
 705               	.LVL42:
 706 01f4 250F      		add r18,r21
 707 01f6 311D      		adc r19,__zero_reg__
 708 01f8 F501      		movw r30,r10
 709 01fa 3783      		std Z+7,r19
 710 01fc 2683      		std Z+6,r18
 711 01fe 20E0      		ldi r18,lo8(0)
 712 0200 30E0      		ldi r19,hi8(0)
 713 0202 862F      		mov r24,r22
 714 0204 90E0      		ldi r25,lo8(0)
 715               	.LVL43:
 716 0206 8770      		andi r24,lo8(7)
 717 0208 9070      		andi r25,hi8(7)
 718               	.LVL44:
 719 020a 892B      		or r24,r25
 720 020c 01F0      		breq .L36
 721 020e 21E0      		ldi r18,lo8(1)
 722 0210 30E0      		ldi r19,hi8(1)
 723               	.L36:
 724 0212 6695      		lsr r22
 725 0214 6695      		lsr r22
 726 0216 6695      		lsr r22
 727               	.LVL45:
 728 0218 260F      		add r18,r22
 729 021a 311D      		adc r19,__zero_reg__
 730 021c D501      		movw r26,r10
 731 021e 1996      		adiw r26,8+1
 732 0220 3C93      		st X,r19
 733 0222 2E93      		st -X,r18
 734 0224 1897      		sbiw r26,8
 735 0226 0E94 0000 		call printf_P
 736               	.LVL46:
 737               	.LBE90:
 738               	.LSM69:
 739 022a 0F5F      		subi r16,lo8(-(1))
 740 022c EDB7      		in r30,__SP_L__
 741 022e FEB7      		in r31,__SP_H__
 742 0230 3A96      		adiw r30,10
 743 0232 0FB6      		in __tmp_reg__,__SREG__
 744 0234 F894      		cli
 745 0236 FEBF      		out __SP_H__,r31
 746 0238 0FBE      		out __SREG__,__tmp_reg__
 747 023a EDBF      		out __SP_L__,r30
 748               	.L33:
 749 023c 8091 0000 		lds r24,HIDReportInfo+911
 750 0240 0817      		cp r16,r24
 751 0242 00F4      		brsh .+2
 752 0244 00C0      		rjmp .L37
 753               	.LBE89:
 754               	.LSM70:
 755 0246 80E0      		ldi r24,lo8(__c.4179)
 756 0248 90E0      		ldi r25,hi8(__c.4179)
 757 024a 0E94 0000 		call puts_P
 758               	.LSM71:
 759 024e 8CE0      		ldi r24,lo8(12)
 760 0250 8093 0000 		sts USB_HostState,r24
 761 0254 00C0      		rjmp .L40
 762               	.LVL47:
 763               	.L43:
 764               	.LBB91:
 765               	.LBB92:
 766               	.LSM72:
 767 0256 81E0      		ldi r24,lo8(1)
 768 0258 8093 A700 		sts 167,r24
 769               	.LBE92:
 770               	.LBE91:
 771               	.LBB93:
 772               	.LBB94:
 773               	.LSM73:
 774 025c 8091 A900 		lds r24,169
 775 0260 8F7B      		andi r24,lo8(-65)
 776 0262 8093 A900 		sts 169,r24
 777               	.LBE94:
 778               	.LBE93:
 779               	.LBB95:
 780               	.LBB96:
 781               	.LSM74:
 782 0266 8091 A600 		lds r24,166
 783               	.LBE96:
 784               	.LBE95:
 785               	.LSM75:
 786 026a 80FF      		sbrs r24,0
 787 026c 00C0      		rjmp .L38
 788               	.LBB97:
 789               	.LBB98:
 790               	.LSM76:
 791 026e 8091 A600 		lds r24,166
 792               	.LBE98:
 793               	.LBE97:
 794               	.LSM77:
 795 0272 85FF      		sbrs r24,5
 796 0274 00C0      		rjmp .L39
 797 0276 EEB6      		in r14,__SP_H__
 798               	.LBB99:
 799               	.LBB100:
 800               	.LBB101:
 801               	.LSM78:
 802 0278 8091 F600 		lds r24,246
 803 027c 9091 F700 		lds r25,(246)+1
 804               	.LBE101:
 805               	.LBE100:
 806               	.LSM79:
 807 0280 2DB7      		in r18,__SP_L__
 808 0282 3EB7      		in r19,__SP_H__
 809 0284 281B      		sub r18,r24
 810 0286 390B      		sbc r19,r25
 811 0288 0FB6      		in __tmp_reg__,__SREG__
 812 028a F894      		cli
 813 028c 3EBF      		out __SP_H__,r19
 814 028e 0FBE      		out __SREG__,__tmp_reg__
 815 0290 2DBF      		out __SP_L__,r18
 816 0292 0DB7      		in r16,__SP_L__
 817 0294 1EB7      		in r17,__SP_H__
 818 0296 0F5F      		subi r16,lo8(-(1))
 819 0298 1F4F      		sbci r17,hi8(-(1))
 820               	.LBB102:
 821               	.LBB103:
 822               	.LSM80:
 823 029a 6091 F600 		lds r22,246
 824 029e 7091 F700 		lds r23,(246)+1
 825               	.LBE103:
 826               	.LBE102:
 827               	.LSM81:
 828 02a2 C801      		movw r24,r16
 829 02a4 0E94 0000 		call Pipe_Read_Stream_LE
 830               	.LSM82:
 831 02a8 C801      		movw r24,r16
 832 02aa 0E94 0000 		call ProcessMouseReport
 833 02ae 2C2D      		mov r18,r12
 834 02b0 3E2D      		mov r19,r14
 835 02b2 C901      		movw r24,r18
 836 02b4 0FB6      		in __tmp_reg__,__SREG__
 837 02b6 F894      		cli
 838 02b8 9EBF      		out __SP_H__,r25
 839 02ba 0FBE      		out __SREG__,__tmp_reg__
 840 02bc 8DBF      		out __SP_L__,r24
 841               	.L39:
 842               	.LBE99:
 843               	.LBB104:
 844               	.LBB105:
 845               	.LSM83:
 846 02be 8091 A600 		lds r24,166
 847 02c2 8E77      		andi r24,lo8(126)
 848 02c4 8093 A600 		sts 166,r24
 849               	.L38:
 850               	.LBE105:
 851               	.LBE104:
 852               	.LBB106:
 853               	.LBB107:
 854               	.LSM84:
 855 02c8 8091 A900 		lds r24,169
 856 02cc 8064      		ori r24,lo8(64)
 857 02ce 8093 A900 		sts 169,r24
 858               	.LVL48:
 859               	.L40:
 860               	.LBE107:
 861               	.LBE106:
 862               	.LSM85:
 863 02d2 0FB6      		in __tmp_reg__,__SREG__
 864 02d4 F894      		cli
 865 02d6 DEBE      		out __SP_H__,r13
 866 02d8 0FBE      		out __SREG__,__tmp_reg__
 867 02da CDBE      		out __SP_L__,r12
 868               	/* epilogue start */
 869 02dc CF91      		pop r28
 870 02de DF91      		pop r29
 871 02e0 1F91      		pop r17
 872 02e2 0F91      		pop r16
 873               	.LVL49:
 874 02e4 FF90      		pop r15
 875 02e6 EF90      		pop r14
 876 02e8 DF90      		pop r13
 877 02ea CF90      		pop r12
 878 02ec BF90      		pop r11
 879 02ee AF90      		pop r10
 880 02f0 0895      		ret
 881               	.LFE135:
 883               		.section	.text.EVENT_USB_Host_HostError,"ax",@progbits
 884               	.global	EVENT_USB_Host_HostError
 886               	EVENT_USB_Host_HostError:
 887               	.LFB133:
 888               	.LSM86:
 889               	.LVL50:
 890 0000 1F93      		push r17
 891               	/* prologue: function */
 892               	/* frame size = 0 */
 893 0002 182F      		mov r17,r24
 894               	.LSM87:
 895 0004 0E94 0000 		call USB_ShutDown
 896               	.LVL51:
 897               	.LSM88:
 898 0008 00D0      		rcall .
 899 000a 00D0      		rcall .
 900 000c EDB7      		in r30,__SP_L__
 901 000e FEB7      		in r31,__SP_H__
 902 0010 3196      		adiw r30,1
 903 0012 80E0      		ldi r24,lo8(__c.4131)
 904 0014 90E0      		ldi r25,hi8(__c.4131)
 905 0016 ADB7      		in r26,__SP_L__
 906 0018 BEB7      		in r27,__SP_H__
 907 001a 1296      		adiw r26,1+1
 908 001c 9C93      		st X,r25
 909 001e 8E93      		st -X,r24
 910 0020 1197      		sbiw r26,1
 911 0022 1283      		std Z+2,r17
 912 0024 1382      		std Z+3,__zero_reg__
 913 0026 0E94 0000 		call printf_P
 914               	.LBB108:
 915               	.LBB109:
 916               	.LSM89:
 917 002a 8BB1      		in r24,43-32
 918 002c 8F70      		andi r24,lo8(15)
 919 002e 8069      		ori r24,lo8(-112)
 920 0030 8BB9      		out 43-32,r24
 921 0032 0F90      		pop __tmp_reg__
 922 0034 0F90      		pop __tmp_reg__
 923 0036 0F90      		pop __tmp_reg__
 924 0038 0F90      		pop __tmp_reg__
 925               	.L45:
 926 003a 00C0      		rjmp .L45
 927               	.LBE109:
 928               	.LBE108:
 929               	.LFE133:
 931               		.section	.text.SetupHardware,"ax",@progbits
 932               	.global	SetupHardware
 934               	SetupHardware:
 935               	.LFB129:
 936               	.LSM90:
 937               	/* prologue: function */
 938               	/* frame size = 0 */
 939               	.LSM91:
 940 0000 84B7      		in r24,84-32
 941 0002 877F      		andi r24,lo8(-9)
 942 0004 84BF      		out 84-32,r24
 943               	.LSM92:
 944 0006 38E1      		ldi r19,lo8(24)
 945               	/* #APP */
 946               	 ;  63 "MouseHostWithParser.c" 1
 947 0008 0FB6      		in __tmp_reg__, __SREG__
 948 000a F894      		cli
 949 000c 3093 6000 		sts 96, r19
 950 0010 1092 6000 		sts 96, __zero_reg__
 951 0014 0FBE      		out __SREG__,__tmp_reg__
 952               		
 953               	 ;  0 "" 2
 954               	/* #NOAPP */
 955               	.LBB110:
 956               	.LSM93:
 957 0016 80E0      		ldi r24,lo8(0)
 958 0018 90E0      		ldi r25,hi8(0)
 959 001a 20E8      		ldi r18,lo8(-128)
 960               	/* #APP */
 961               	 ;  66 "MouseHostWithParser.c" 1
 962 001c 0FB6      		in __tmp_reg__,__SREG__
 963 001e F894      		cli
 964 0020 2093 6100 		sts 97, r18
 965 0024 8093 6100 		sts 97, r24
 966 0028 0FBE      		out __SREG__, __tmp_reg__
 967               	 ;  0 "" 2
 968               	/* #NOAPP */
 969               	.LBE110:
 970               	.LBB111:
 971               	.LBB112:
 972               	.LBB113:
 973               	.LBB114:
 974               	.LSM94:
 975 002a 83E3      		ldi r24,lo8(51)
 976 002c 90E0      		ldi r25,hi8(51)
 977 002e 9093 CD00 		sts (204)+1,r25
 978 0032 8093 CC00 		sts 204,r24
 979               	.LSM95:
 980 0036 86E0      		ldi r24,lo8(6)
 981 0038 8093 CA00 		sts 202,r24
 982               	.LSM96:
 983 003c 1092 C800 		sts 200,__zero_reg__
 984               	.LSM97:
 985 0040 3093 C900 		sts 201,r19
 986               	.LSM98:
 987 0044 539A      		sbi 42-32,3
 988               	.LSM99:
 989 0046 5A9A      		sbi 43-32,2
 990               	.LBE114:
 991               	.LBE113:
 992               	.LSM100:
 993 0048 80E0      		ldi r24,lo8(USARTStream)
 994 004a 90E0      		ldi r25,hi8(USARTStream)
 995 004c 9093 0000 		sts (__iob+2)+1,r25
 996 0050 8093 0000 		sts __iob+2,r24
 997               	.LSM101:
 998 0054 9093 0000 		sts (__iob)+1,r25
 999 0058 8093 0000 		sts __iob,r24
 1000               	.LBE112:
 1001               	.LBE111:
 1002               	.LBB115:
 1003               	.LBB116:
 1004               	.LSM102:
 1005 005c 8AB1      		in r24,42-32
 1006 005e 806F      		ori r24,lo8(-16)
 1007 0060 8AB9      		out 42-32,r24
 1008               	.LSM103:
 1009 0062 8BB1      		in r24,43-32
 1010 0064 8F70      		andi r24,lo8(15)
 1011 0066 8BB9      		out 43-32,r24
 1012               	.LBE116:
 1013               	.LBE115:
 1014               	.LSM104:
 1015 0068 0E94 0000 		call USB_Init
 1016               	/* epilogue start */
 1017               	.LSM105:
 1018 006c 0895      		ret
 1019               	.LFE129:
 1021               		.section	.text.main,"ax",@progbits
 1022               	.global	main
 1024               	main:
 1025               	.LFB128:
 1026               	.LSM106:
 1027               	/* prologue: function */
 1028               	/* frame size = 0 */
 1029               	.LSM107:
 1030 0000 0E94 0000 		call SetupHardware
 1031               	.LSM108:
 1032 0004 80E0      		ldi r24,lo8(__c.4104)
 1033 0006 90E0      		ldi r25,hi8(__c.4104)
 1034 0008 0E94 0000 		call puts_P
 1035               	.LBB117:
 1036               	.LBB118:
 1037               	.LSM109:
 1038 000c 8BB1      		in r24,43-32
 1039 000e 8F70      		andi r24,lo8(15)
 1040 0010 8061      		ori r24,lo8(16)
 1041 0012 8BB9      		out 43-32,r24
 1042               	.LBE118:
 1043               	.LBE117:
 1044               	.LSM110:
 1045               	/* #APP */
 1046               	 ;  49 "MouseHostWithParser.c" 1
 1047 0014 7894      		sei
 1048               	 ;  0 "" 2
 1049               	/* #NOAPP */
 1050               	.L50:
 1051               	.LSM111:
 1052 0016 0E94 0000 		call Mouse_HID_Task
 1053               	.LSM112:
 1054 001a 0E94 0000 		call USB_USBTask
 1055 001e 00C0      		rjmp .L50
 1056               	.LFE128:
 1058               		.section	.progmem.data,"a",@progbits
 1061               	__c.4179:
 1062 0000 4D6F 7573 		.string	"Mouse Enumerated.\r\n"
 1062      6520 456E 
 1062      756D 6572 
 1062      6174 6564 
 1062      2E0D 0A00 
 1065               	__c.4174:
 1066 0014 2020 2B   		.ascii	"  +"
 1067 0017 2052 6570 		.string	" Report ID %d - In: %d bytes, Out: %d bytes, Feature: %d bytes\r\n"
 1067      6F72 7420 
 1067      4944 2025 
 1067      6420 2D20 
 1067      496E 3A20 
 1070               	__c.4167:
 1071 0058 202D 2D20 		.string	" -- Error Code: %d\r\n\033[37m"
 1071      4572 726F 
 1071      7220 436F 
 1071      6465 3A20 
 1071      2564 0D0A 
 1074               	__c.4165:
 1075 0072 4E6F 7420 		.string	"Not a valid Mouse.\033[37m"
 1075      6120 7661 
 1075      6C69 6420 
 1075      4D6F 7573 
 1075      652E 1B5B 
 1078               	__c.4163:
 1079 008a 1B5B 3331 		.string	"\033[31mReport Parse Error.\r\n"
 1079      6D52 6570 
 1079      6F72 7420 
 1079      5061 7273 
 1079      6520 4572 
 1082               	__c.4161:
 1083 00a5 5072 6F63 		.string	"Processing HID Report (Size %d Bytes).\r\n"
 1083      6573 7369 
 1083      6E67 2048 
 1083      4944 2052 
 1083      6570 6F72 
 1086               	__c.4159:
 1087 00ce 1B5B      		.ascii	"\033["
 1088 00d0 3331 6D43 		.string	"31mControl Error (Set Configuration).\r\n -- Error Code: %d\r\n\033[37m"
 1088      6F6E 7472 
 1088      6F6C 2045 
 1088      7272 6F72 
 1088      2028 5365 
 1091               	__c.4156:
 1092 0111 202D 2D20 		.string	" -- Error Code: %d\r\n\033[37m"
 1092      4572 726F 
 1092      7220 436F 
 1092      6465 3A20 
 1092      2564 0D0A 
 1095               	__c.4154:
 1096 012b 1B5B 3331 		.string	"\033[31mInvalid Device.\r\n"
 1096      6D49 6E76 
 1096      616C 6964 
 1096      2044 6576 
 1096      6963 652E 
 1099               	__c.4152:
 1100 0142 1B5B 3331 		.string	"\033[31mControl Error (Get Configuration).\r\n"
 1100      6D43 6F6E 
 1100      7472 6F6C 
 1100      2045 7272 
 1100      6F72 2028 
 1103               	__c.4150:
 1104 016c 4765 7474 		.string	"Getting Config Data.\r\n"
 1104      696E 6720 
 1104      436F 6E66 
 1104      6967 2044 
 1104      6174 612E 
 1107               	__c.4139:
 1108 0183 1B5B 3331 		.ascii	"\033[31mDev Enum Error\r\n"
 1108      6D44 6576 
 1108      2045 6E75 
 1108      6D20 4572 
 1108      726F 720D 
 1109 0198 202D 2D20 		.string	" -- Error Code %d\r\n -- Sub Error Code %d\r\n -- In State %d\r\n\033[37m"
 1109      4572 726F 
 1109      7220 436F 
 1109      6465 2025 
 1109      640D 0A20 
 1112               	__c.4131:
 1113 01d9 1B5B 3331 		.string	"\033[31mHost Mode Error\r\n -- Error Code %d\r\n\033[37m"
 1113      6D48 6F73 
 1113      7420 4D6F 
 1113      6465 2045 
 1113      7272 6F72 
 1116               	__c.4123:
 1117 0208 1B5B 3332 		.string	"\033[32mDevice Unattached.\r\n\033[37m"
 1117      6D44 6576 
 1117      6963 6520 
 1117      556E 6174 
 1117      7461 6368 
 1120               	__c.4118:
 1121 0227 1B5B 3332 		.string	"\033[32mDevice Attached.\r\n\033[37m"
 1121      6D44 6576 
 1121      6963 6520 
 1121      4174 7461 
 1121      6368 6564 
 1124               	__c.4104:
 1125 0244 1B5B 3336 		.string	"\033[36mMouse HID Parser Host Demo running.\r\n\033[37m"
 1125      6D4D 6F75 
 1125      7365 2048 
 1125      4944 2050 
 1125      6172 7365 
 1214               	.Letext0:
DEFINED SYMBOLS
                            *ABS*:00000000 MouseHostWithParser.c
/var/folders/fy/fkrt37kj6jd3by75mtf4gsxr0000gn/T//cc99EjHP.s:2      *ABS*:0000003f __SREG__
/var/folders/fy/fkrt37kj6jd3by75mtf4gsxr0000gn/T//cc99EjHP.s:3      *ABS*:0000003e __SP_H__
/var/folders/fy/fkrt37kj6jd3by75mtf4gsxr0000gn/T//cc99EjHP.s:4      *ABS*:0000003d __SP_L__
/var/folders/fy/fkrt37kj6jd3by75mtf4gsxr0000gn/T//cc99EjHP.s:5      *ABS*:00000034 __CCP__
/var/folders/fy/fkrt37kj6jd3by75mtf4gsxr0000gn/T//cc99EjHP.s:6      *ABS*:00000000 __tmp_reg__
/var/folders/fy/fkrt37kj6jd3by75mtf4gsxr0000gn/T//cc99EjHP.s:7      *ABS*:00000001 __zero_reg__
/var/folders/fy/fkrt37kj6jd3by75mtf4gsxr0000gn/T//cc99EjHP.s:19     .text.EVENT_USB_Host_DeviceEnumerationComplete:00000000 EVENT_USB_Host_DeviceEnumerationComplete
/var/folders/fy/fkrt37kj6jd3by75mtf4gsxr0000gn/T//cc99EjHP.s:41     .text.ProcessMouseReport:00000000 ProcessMouseReport
/var/folders/fy/fkrt37kj6jd3by75mtf4gsxr0000gn/T//cc99EjHP.s:270    .text.EVENT_USB_Host_DeviceUnattached:00000000 EVENT_USB_Host_DeviceUnattached
/var/folders/fy/fkrt37kj6jd3by75mtf4gsxr0000gn/T//cc99EjHP.s:1116   .progmem.data:00000208 __c.4123
/var/folders/fy/fkrt37kj6jd3by75mtf4gsxr0000gn/T//cc99EjHP.s:296    .text.EVENT_USB_Host_DeviceAttached:00000000 EVENT_USB_Host_DeviceAttached
/var/folders/fy/fkrt37kj6jd3by75mtf4gsxr0000gn/T//cc99EjHP.s:1120   .progmem.data:00000227 __c.4118
/var/folders/fy/fkrt37kj6jd3by75mtf4gsxr0000gn/T//cc99EjHP.s:322    .text.EVENT_USB_Host_DeviceEnumerationFailed:00000000 EVENT_USB_Host_DeviceEnumerationFailed
/var/folders/fy/fkrt37kj6jd3by75mtf4gsxr0000gn/T//cc99EjHP.s:1107   .progmem.data:00000183 __c.4139
/var/folders/fy/fkrt37kj6jd3by75mtf4gsxr0000gn/T//cc99EjHP.s:387    .text.Mouse_HID_Task:00000000 Mouse_HID_Task
/var/folders/fy/fkrt37kj6jd3by75mtf4gsxr0000gn/T//cc99EjHP.s:1103   .progmem.data:0000016c __c.4150
/var/folders/fy/fkrt37kj6jd3by75mtf4gsxr0000gn/T//cc99EjHP.s:1099   .progmem.data:00000142 __c.4152
/var/folders/fy/fkrt37kj6jd3by75mtf4gsxr0000gn/T//cc99EjHP.s:1095   .progmem.data:0000012b __c.4154
/var/folders/fy/fkrt37kj6jd3by75mtf4gsxr0000gn/T//cc99EjHP.s:1091   .progmem.data:00000111 __c.4156
/var/folders/fy/fkrt37kj6jd3by75mtf4gsxr0000gn/T//cc99EjHP.s:1086   .progmem.data:000000ce __c.4159
/var/folders/fy/fkrt37kj6jd3by75mtf4gsxr0000gn/T//cc99EjHP.s:1082   .progmem.data:000000a5 __c.4161
/var/folders/fy/fkrt37kj6jd3by75mtf4gsxr0000gn/T//cc99EjHP.s:1078   .progmem.data:0000008a __c.4163
/var/folders/fy/fkrt37kj6jd3by75mtf4gsxr0000gn/T//cc99EjHP.s:1074   .progmem.data:00000072 __c.4165
/var/folders/fy/fkrt37kj6jd3by75mtf4gsxr0000gn/T//cc99EjHP.s:1070   .progmem.data:00000058 __c.4167
/var/folders/fy/fkrt37kj6jd3by75mtf4gsxr0000gn/T//cc99EjHP.s:1065   .progmem.data:00000014 __c.4174
/var/folders/fy/fkrt37kj6jd3by75mtf4gsxr0000gn/T//cc99EjHP.s:1061   .progmem.data:00000000 __c.4179
/var/folders/fy/fkrt37kj6jd3by75mtf4gsxr0000gn/T//cc99EjHP.s:886    .text.EVENT_USB_Host_HostError:00000000 EVENT_USB_Host_HostError
/var/folders/fy/fkrt37kj6jd3by75mtf4gsxr0000gn/T//cc99EjHP.s:1112   .progmem.data:000001d9 __c.4131
/var/folders/fy/fkrt37kj6jd3by75mtf4gsxr0000gn/T//cc99EjHP.s:934    .text.SetupHardware:00000000 SetupHardware
/var/folders/fy/fkrt37kj6jd3by75mtf4gsxr0000gn/T//cc99EjHP.s:1024   .text.main:00000000 main
/var/folders/fy/fkrt37kj6jd3by75mtf4gsxr0000gn/T//cc99EjHP.s:1124   .progmem.data:00000244 __c.4104

UNDEFINED SYMBOLS
HIDReportInfo
USB_GetHIDReportItemInfo
puts_P
USB_HostState
printf_P
ProcessConfigurationDescriptor
USB_Host_SetDeviceConfiguration
HIDReportSize
GetHIDReportData
printf
Pipe_Read_Stream_LE
USB_ShutDown
USARTStream
__iob
USB_Init
USB_USBTask
__do_copy_data
