   1               		.file	"RNDISEthernet.c"
   2               	__SREG__ = 0x3f
   3               	__SP_H__ = 0x3e
   4               	__SP_L__ = 0x3d
   5               	__CCP__  = 0x34
   6               	__tmp_reg__ = 0
   7               	__zero_reg__ = 1
  15               	.Ltext0:
  16               		.section	.text.EVENT_USB_Device_Connect,"ax",@progbits
  17               	.global	EVENT_USB_Device_Connect
  19               	EVENT_USB_Device_Connect:
  20               	.LFB102:
  21               	.LSM0:
  22               	/* prologue: function */
  23               	/* frame size = 0 */
  24               	.LBB23:
  25               	.LBB24:
  26               	.LSM1:
  27 0000 8BB1      		in r24,43-32
  28 0002 8F70      		andi r24,lo8(15)
  29 0004 806A      		ori r24,lo8(-96)
  30 0006 8BB9      		out 43-32,r24
  31               	/* epilogue start */
  32               	.LBE24:
  33               	.LBE23:
  34               	.LSM2:
  35 0008 0895      		ret
  36               	.LFE102:
  38               		.section	.text.EVENT_USB_Device_Disconnect,"ax",@progbits
  39               	.global	EVENT_USB_Device_Disconnect
  41               	EVENT_USB_Device_Disconnect:
  42               	.LFB103:
  43               	.LSM3:
  44               	/* prologue: function */
  45               	/* frame size = 0 */
  46               	.LBB25:
  47               	.LBB26:
  48               	.LSM4:
  49 0000 8BB1      		in r24,43-32
  50 0002 8F70      		andi r24,lo8(15)
  51 0004 8061      		ori r24,lo8(16)
  52 0006 8BB9      		out 43-32,r24
  53               	/* epilogue start */
  54               	.LBE26:
  55               	.LBE25:
  56               	.LSM5:
  57 0008 0895      		ret
  58               	.LFE103:
  60               		.section	.text.EVENT_USB_Device_ControlRequest,"ax",@progbits
  61               	.global	EVENT_USB_Device_ControlRequest
  63               	EVENT_USB_Device_ControlRequest:
  64               	.LFB105:
  65               	.LSM6:
  66               	/* prologue: function */
  67               	/* frame size = 0 */
  68               	.LSM7:
  69 0000 80E0      		ldi r24,lo8(Ethernet_RNDIS_Interface)
  70 0002 90E0      		ldi r25,hi8(Ethernet_RNDIS_Interface)
  71 0004 0E94 0000 		call RNDIS_Device_ProcessControlRequest
  72               	/* epilogue start */
  73               	.LSM8:
  74 0008 0895      		ret
  75               	.LFE105:
  77               		.section	.text.EVENT_USB_Device_ConfigurationChanged,"ax",@progbits
  78               	.global	EVENT_USB_Device_ConfigurationChanged
  80               	EVENT_USB_Device_ConfigurationChanged:
  81               	.LFB104:
  82               	.LSM9:
  83               	/* prologue: function */
  84               	/* frame size = 0 */
  85               	.LSM10:
  86 0000 80E0      		ldi r24,lo8(Ethernet_RNDIS_Interface)
  87 0002 90E0      		ldi r25,hi8(Ethernet_RNDIS_Interface)
  88 0004 0E94 0000 		call RNDIS_Device_ConfigureEndpoints
  89               	.LSM11:
  90 0008 80FD      		sbrc r24,0
  91 000a 00C0      		rjmp .L8
  92 000c 90E9      		ldi r25,lo8(-112)
  93 000e 00C0      		rjmp .L9
  94               	.L8:
  95 0010 90E6      		ldi r25,lo8(96)
  96               	.L9:
  97               	.LBB27:
  98               	.LBB28:
  99               	.LSM12:
 100 0012 8BB1      		in r24,43-32
 101 0014 8F70      		andi r24,lo8(15)
 102 0016 982B      		or r25,r24
 103 0018 9BB9      		out 43-32,r25
 104               	/* epilogue start */
 105               	.LBE28:
 106               	.LBE27:
 107               	.LSM13:
 108 001a 0895      		ret
 109               	.LFE104:
 111               		.section	.text.SetupHardware,"ax",@progbits
 112               	.global	SetupHardware
 114               	SetupHardware:
 115               	.LFB101:
 116               	.LSM14:
 117               	/* prologue: function */
 118               	/* frame size = 0 */
 119               	.LSM15:
 120 0000 84B7      		in r24,84-32
 121 0002 877F      		andi r24,lo8(-9)
 122 0004 84BF      		out 84-32,r24
 123               	.LSM16:
 124 0006 38E1      		ldi r19,lo8(24)
 125               	/* #APP */
 126               	 ;  100 "RNDISEthernet.c" 1
 127 0008 0FB6      		in __tmp_reg__, __SREG__
 128 000a F894      		cli
 129 000c 3093 6000 		sts 96, r19
 130 0010 1092 6000 		sts 96, __zero_reg__
 131 0014 0FBE      		out __SREG__,__tmp_reg__
 132               		
 133               	 ;  0 "" 2
 134               	/* #NOAPP */
 135               	.LBB29:
 136               	.LSM17:
 137 0016 80E0      		ldi r24,lo8(0)
 138 0018 90E0      		ldi r25,hi8(0)
 139 001a 20E8      		ldi r18,lo8(-128)
 140               	/* #APP */
 141               	 ;  103 "RNDISEthernet.c" 1
 142 001c 0FB6      		in __tmp_reg__,__SREG__
 143 001e F894      		cli
 144 0020 2093 6100 		sts 97, r18
 145 0024 8093 6100 		sts 97, r24
 146 0028 0FBE      		out __SREG__, __tmp_reg__
 147               	 ;  0 "" 2
 148               	/* #NOAPP */
 149               	.LBE29:
 150               	.LBB30:
 151               	.LBB31:
 152               	.LSM18:
 153 002a 8AB1      		in r24,42-32
 154 002c 806F      		ori r24,lo8(-16)
 155 002e 8AB9      		out 42-32,r24
 156               	.LSM19:
 157 0030 8BB1      		in r24,43-32
 158 0032 8F70      		andi r24,lo8(15)
 159 0034 8BB9      		out 43-32,r24
 160               	.LBE31:
 161               	.LBE30:
 162               	.LBB32:
 163               	.LBB33:
 164               	.LBB34:
 165               	.LBB35:
 166               	.LSM20:
 167 0036 83E3      		ldi r24,lo8(51)
 168 0038 90E0      		ldi r25,hi8(51)
 169 003a 9093 CD00 		sts (204)+1,r25
 170 003e 8093 CC00 		sts 204,r24
 171               	.LSM21:
 172 0042 86E0      		ldi r24,lo8(6)
 173 0044 8093 CA00 		sts 202,r24
 174               	.LSM22:
 175 0048 1092 C800 		sts 200,__zero_reg__
 176               	.LSM23:
 177 004c 3093 C900 		sts 201,r19
 178               	.LSM24:
 179 0050 539A      		sbi 42-32,3
 180               	.LSM25:
 181 0052 5A9A      		sbi 43-32,2
 182               	.LBE35:
 183               	.LBE34:
 184               	.LSM26:
 185 0054 80E0      		ldi r24,lo8(USARTStream)
 186 0056 90E0      		ldi r25,hi8(USARTStream)
 187 0058 9093 0000 		sts (__iob+2)+1,r25
 188 005c 8093 0000 		sts __iob+2,r24
 189               	.LSM27:
 190 0060 9093 0000 		sts (__iob)+1,r25
 191 0064 8093 0000 		sts __iob,r24
 192               	.LBE33:
 193               	.LBE32:
 194               	.LSM28:
 195 0068 0E94 0000 		call USB_Init
 196               	/* epilogue start */
 197               	.LSM29:
 198 006c 0895      		ret
 199               	.LFE101:
 201               		.section	.text.main,"ax",@progbits
 202               	.global	main
 204               	main:
 205               	.LFB100:
 206               	.LSM30:
 207               	/* prologue: function */
 208               	/* frame size = 0 */
 209               	.LSM31:
 210 0000 0E94 0000 		call SetupHardware
 211               	.LSM32:
 212 0004 0E94 0000 		call TCP_Init
 213               	.LSM33:
 214 0008 0E94 0000 		call Webserver_Init
 215               	.LBB36:
 216               	.LBB37:
 217               	.LSM34:
 218 000c 8BB1      		in r24,43-32
 219 000e 8F70      		andi r24,lo8(15)
 220 0010 8061      		ori r24,lo8(16)
 221 0012 8BB9      		out 43-32,r24
 222               	.LBE37:
 223               	.LBE36:
 224               	.LSM35:
 225               	/* #APP */
 226               	 ;  77 "RNDISEthernet.c" 1
 227 0014 7894      		sei
 228               	 ;  0 "" 2
 229               	/* #NOAPP */
 230               	.L15:
 231               	.LSM36:
 232 0016 8091 0000 		lds r24,Ethernet_RNDIS_Interface+1657
 233 001a 8823      		tst r24
 234 001c 01F0      		breq .L14
 235               	.LBB38:
 236               	.LBB39:
 237               	.LSM37:
 238 001e 8BB1      		in r24,43-32
 239 0020 8F70      		andi r24,lo8(15)
 240 0022 8062      		ori r24,lo8(32)
 241 0024 8BB9      		out 43-32,r24
 242               	.LBE39:
 243               	.LBE38:
 244               	.LSM38:
 245 0026 80E0      		ldi r24,lo8(Ethernet_RNDIS_Interface+155)
 246 0028 90E0      		ldi r25,hi8(Ethernet_RNDIS_Interface+155)
 247 002a 60E0      		ldi r22,lo8(Ethernet_RNDIS_Interface+1658)
 248 002c 70E0      		ldi r23,hi8(Ethernet_RNDIS_Interface+1658)
 249 002e 0E94 0000 		call Ethernet_ProcessPacket
 250               	.LBB40:
 251               	.LBB41:
 252               	.LSM39:
 253 0032 8BB1      		in r24,43-32
 254 0034 8F70      		andi r24,lo8(15)
 255 0036 8066      		ori r24,lo8(96)
 256 0038 8BB9      		out 43-32,r24
 257               	.L14:
 258               	.LBE41:
 259               	.LBE40:
 260               	.LSM40:
 261 003a 80E0      		ldi r24,lo8(Ethernet_RNDIS_Interface)
 262 003c 90E0      		ldi r25,hi8(Ethernet_RNDIS_Interface)
 263 003e 0E94 0000 		call TCP_TCPTask
 264               	.LSM41:
 265 0042 80E0      		ldi r24,lo8(Ethernet_RNDIS_Interface)
 266 0044 90E0      		ldi r25,hi8(Ethernet_RNDIS_Interface)
 267 0046 0E94 0000 		call RNDIS_Device_USBTask
 268               	.LSM42:
 269 004a 0E94 0000 		call USB_USBTask
 270 004e 00C0      		rjmp .L15
 271               	.LFE100:
 273               	.global	Ethernet_RNDIS_Interface
 274               		.data
 275               	.LC0:
 276 0000 4C55 4641 		.string	"LUFA RNDIS Demo Adapter"
 276      2052 4E44 
 276      4953 2044 
 276      656D 6F20 
 276      4164 6170 
 279               	Ethernet_RNDIS_Interface:
 280 0018 00        		.byte	0
 281 0019 01        		.byte	1
 282 001a 4000      		.word	64
 283 001c 00        		.byte	0
 284 001d 02        		.byte	2
 285 001e 4000      		.word	64
 286 0020 00        		.byte	0
 287 0021 03        		.byte	3
 288 0022 0800      		.word	8
 289 0024 00        		.byte	0
 290 0025 0000      		.word	.LC0
 291 0027 02        		.byte	2
 292 0028 00        		.byte	0
 293 0029 02        		.byte	2
 294 002a 00        		.byte	0
 295 002b 02        		.byte	2
 296 002c 00        		.byte	0
 297 002d 0000 0000 		.skip 3140,0
 297      0000 0000 
 297      0000 0000 
 297      0000 0000 
 297      0000 0000 
 362               	.Letext0:
DEFINED SYMBOLS
                            *ABS*:00000000 RNDISEthernet.c
/var/folders/fy/fkrt37kj6jd3by75mtf4gsxr0000gn/T//ccel9PCM.s:2      *ABS*:0000003f __SREG__
/var/folders/fy/fkrt37kj6jd3by75mtf4gsxr0000gn/T//ccel9PCM.s:3      *ABS*:0000003e __SP_H__
/var/folders/fy/fkrt37kj6jd3by75mtf4gsxr0000gn/T//ccel9PCM.s:4      *ABS*:0000003d __SP_L__
/var/folders/fy/fkrt37kj6jd3by75mtf4gsxr0000gn/T//ccel9PCM.s:5      *ABS*:00000034 __CCP__
/var/folders/fy/fkrt37kj6jd3by75mtf4gsxr0000gn/T//ccel9PCM.s:6      *ABS*:00000000 __tmp_reg__
/var/folders/fy/fkrt37kj6jd3by75mtf4gsxr0000gn/T//ccel9PCM.s:7      *ABS*:00000001 __zero_reg__
/var/folders/fy/fkrt37kj6jd3by75mtf4gsxr0000gn/T//ccel9PCM.s:19     .text.EVENT_USB_Device_Connect:00000000 EVENT_USB_Device_Connect
/var/folders/fy/fkrt37kj6jd3by75mtf4gsxr0000gn/T//ccel9PCM.s:41     .text.EVENT_USB_Device_Disconnect:00000000 EVENT_USB_Device_Disconnect
/var/folders/fy/fkrt37kj6jd3by75mtf4gsxr0000gn/T//ccel9PCM.s:63     .text.EVENT_USB_Device_ControlRequest:00000000 EVENT_USB_Device_ControlRequest
/var/folders/fy/fkrt37kj6jd3by75mtf4gsxr0000gn/T//ccel9PCM.s:279    .data:00000018 Ethernet_RNDIS_Interface
/var/folders/fy/fkrt37kj6jd3by75mtf4gsxr0000gn/T//ccel9PCM.s:80     .text.EVENT_USB_Device_ConfigurationChanged:00000000 EVENT_USB_Device_ConfigurationChanged
/var/folders/fy/fkrt37kj6jd3by75mtf4gsxr0000gn/T//ccel9PCM.s:114    .text.SetupHardware:00000000 SetupHardware
/var/folders/fy/fkrt37kj6jd3by75mtf4gsxr0000gn/T//ccel9PCM.s:204    .text.main:00000000 main

UNDEFINED SYMBOLS
RNDIS_Device_ProcessControlRequest
RNDIS_Device_ConfigureEndpoints
USARTStream
__iob
USB_Init
TCP_Init
Webserver_Init
Ethernet_ProcessPacket
TCP_TCPTask
RNDIS_Device_USBTask
USB_USBTask
__do_copy_data
