   1               		.file	"EndpointStream.c"
   2               	__SREG__ = 0x3f
   3               	__SP_H__ = 0x3e
   4               	__SP_L__ = 0x3d
   5               	__CCP__  = 0x34
   6               	__tmp_reg__ = 0
   7               	__zero_reg__ = 1
  15               	.Ltext0:
  16               		.section	.text.Endpoint_Write_Control_Stream_LE,"ax",@progbits
  17               	.global	Endpoint_Write_Control_Stream_LE
  19               	Endpoint_Write_Control_Stream_LE:
  20               	.LFB82:
  21               	.LSM0:
  22               	.LVL0:
  23               	/* prologue: function */
  24               	/* frame size = 0 */
  25 0000 9C01      		movw r18,r24
  26               	.LVL1:
  27               	.LSM1:
  28 0002 4091 0000 		lds r20,USB_ControlRequest+6
  29 0006 5091 0000 		lds r21,(USB_ControlRequest+6)+1
  30               	.LVL2:
  31 000a 4617      		cp r20,r22
  32 000c 5707      		cpc r21,r23
  33 000e 00F4      		brsh .L2
  34               	.L5:
  35               	.LSM2:
  36 0010 F901      		movw r30,r18
  37               	.LVL3:
  38 0012 90E0      		ldi r25,lo8(0)
  39               	.LVL4:
  40 0014 00C0      		rjmp .L21
  41               	.LVL5:
  42               	.L2:
  43               	.LSM3:
  44 0016 6115      		cp r22,__zero_reg__
  45 0018 7105      		cpc r23,__zero_reg__
  46 001a 01F0      		breq .L4
  47               	.LVL6:
  48 001c AB01      		movw r20,r22
  49 001e 00C0      		rjmp .L5
  50               	.L4:
  51               	.LBB250:
  52               	.LBB251:
  53               	.LSM4:
  54 0020 8091 E800 		lds r24,232
  55 0024 8E77      		andi r24,lo8(126)
  56 0026 8093 E800 		sts 232,r24
  57 002a 40E0      		ldi r20,lo8(0)
  58 002c 50E0      		ldi r21,hi8(0)
  59               	.LVL7:
  60 002e 00C0      		rjmp .L5
  61               	.LVL8:
  62               	.L15:
  63               	.LBE251:
  64               	.LBE250:
  65               	.LBB252:
  66               	.LSM5:
  67 0030 8EB3      		in r24,62-32
  68               	.LVL9:
  69               	.LSM6:
  70 0032 8823      		tst r24
  71 0034 01F0      		breq .L6
  72               	.LSM7:
  73 0036 8530      		cpi r24,lo8(5)
  74 0038 01F0      		breq .L7
  75               	.LBB253:
  76               	.LBB254:
  77               	.LSM8:
  78 003a 8091 E800 		lds r24,232
  79               	.LVL10:
  80               	.LBE254:
  81               	.LBE253:
  82               	.LSM9:
  83 003e 83FF      		sbrs r24,3
  84 0040 00C0      		rjmp .L8
  85 0042 81E0      		ldi r24,lo8(1)
  86 0044 0895      		ret
  87               	.L8:
  88               	.LBB255:
  89               	.LBB256:
  90               	.LSM10:
  91 0046 8091 E800 		lds r24,232
  92               	.LBE256:
  93               	.LBE255:
  94               	.LSM11:
  95 004a 82FD      		sbrc r24,2
  96 004c 00C0      		rjmp .L19
  97               	.LBB257:
  98               	.LBB258:
  99               	.LSM12:
 100 004e 8091 E800 		lds r24,232
 101               	.LBE258:
 102               	.LBE257:
 103               	.LSM13:
 104 0052 80FF      		sbrs r24,0
 105 0054 00C0      		rjmp .L21
 106               	.LBB259:
 107               	.LBB260:
 108               	.LBB261:
 109               	.LSM14:
 110 0056 2091 F200 		lds r18,242
 111 005a 3091 F300 		lds r19,(242)+1
 112 005e 00C0      		rjmp .L11
 113               	.L13:
 114               	.LBE261:
 115               	.LBE260:
 116               	.LSM15:
 117 0060 8191      		ld r24,Z+
 118               	.LBB262:
 119               	.LBB263:
 120               	.LSM16:
 121 0062 8093 F100 		sts 241,r24
 122               	.LBE263:
 123               	.LBE262:
 124               	.LSM17:
 125 0066 4150      		subi r20,lo8(-(-1))
 126 0068 5040      		sbci r21,hi8(-(-1))
 127               	.LSM18:
 128 006a 2F5F      		subi r18,lo8(-(1))
 129 006c 3F4F      		sbci r19,hi8(-(1))
 130               	.LVL11:
 131               	.L11:
 132               	.LSM19:
 133 006e 4115      		cp r20,__zero_reg__
 134 0070 5105      		cpc r21,__zero_reg__
 135 0072 01F0      		breq .L12
 136 0074 2830      		cpi r18,8
 137 0076 3105      		cpc r19,__zero_reg__
 138 0078 00F0      		brlo .L13
 139               	.L12:
 140               	.LSM20:
 141 007a 90E0      		ldi r25,lo8(0)
 142 007c 2830      		cpi r18,8
 143 007e 3105      		cpc r19,__zero_reg__
 144 0080 01F4      		brne .L14
 145 0082 91E0      		ldi r25,lo8(1)
 146               	.L14:
 147               	.LBB264:
 148               	.LBB265:
 149               	.LSM21:
 150 0084 8091 E800 		lds r24,232
 151 0088 8E77      		andi r24,lo8(126)
 152 008a 8093 E800 		sts 232,r24
 153               	.LVL12:
 154               	.L21:
 155               	.LBE265:
 156               	.LBE264:
 157               	.LBE259:
 158               	.LBE252:
 159               	.LSM22:
 160 008e 4115      		cp r20,__zero_reg__
 161 0090 5105      		cpc r21,__zero_reg__
 162 0092 01F4      		brne .L15
 163 0094 9923      		tst r25
 164 0096 01F4      		brne .L15
 165 0098 00C0      		rjmp .L19
 166               	.L16:
 167               	.LBB266:
 168               	.LSM23:
 169 009a 8EB3      		in r24,62-32
 170               	.LVL13:
 171               	.LSM24:
 172 009c 8823      		tst r24
 173 009e 01F0      		breq .L6
 174               	.LSM25:
 175 00a0 8530      		cpi r24,lo8(5)
 176 00a2 01F0      		breq .L7
 177               	.L19:
 178               	.LBE266:
 179               	.LBB267:
 180               	.LBB268:
 181               	.LSM26:
 182 00a4 8091 E800 		lds r24,232
 183               	.LVL14:
 184               	.LBE268:
 185               	.LBE267:
 186               	.LSM27:
 187 00a8 82FF      		sbrs r24,2
 188 00aa 00C0      		rjmp .L16
 189 00ac 80E0      		ldi r24,lo8(0)
 190 00ae 0895      		ret
 191               	.LVL15:
 192               	.L6:
 193 00b0 82E0      		ldi r24,lo8(2)
 194               	.LVL16:
 195 00b2 0895      		ret
 196               	.LVL17:
 197               	.L7:
 198 00b4 83E0      		ldi r24,lo8(3)
 199               	.LVL18:
 200               	.LSM28:
 201 00b6 0895      		ret
 202               	.LFE82:
 204               		.section	.text.Endpoint_Write_Control_PStream_LE,"ax",@progbits
 205               	.global	Endpoint_Write_Control_PStream_LE
 207               	Endpoint_Write_Control_PStream_LE:
 208               	.LFB83:
 209               	.LSM29:
 210               	.LVL19:
 211               	/* prologue: function */
 212               	/* frame size = 0 */
 213 0000 9C01      		movw r18,r24
 214               	.LVL20:
 215               	.LSM30:
 216 0002 4091 0000 		lds r20,USB_ControlRequest+6
 217 0006 5091 0000 		lds r21,(USB_ControlRequest+6)+1
 218               	.LVL21:
 219 000a 4617      		cp r20,r22
 220 000c 5707      		cpc r21,r23
 221 000e 00F4      		brsh .L23
 222               	.L26:
 223               	.LSM31:
 224 0010 60E0      		ldi r22,lo8(0)
 225               	.LVL22:
 226 0012 00C0      		rjmp .L42
 227               	.LVL23:
 228               	.L23:
 229               	.LSM32:
 230 0014 6115      		cp r22,__zero_reg__
 231 0016 7105      		cpc r23,__zero_reg__
 232 0018 01F0      		breq .L25
 233               	.LVL24:
 234 001a AB01      		movw r20,r22
 235 001c 00C0      		rjmp .L26
 236               	.L25:
 237               	.LBB269:
 238               	.LBB270:
 239               	.LSM33:
 240 001e 8091 E800 		lds r24,232
 241 0022 8E77      		andi r24,lo8(126)
 242 0024 8093 E800 		sts 232,r24
 243 0028 40E0      		ldi r20,lo8(0)
 244 002a 50E0      		ldi r21,hi8(0)
 245               	.LVL25:
 246 002c 00C0      		rjmp .L26
 247               	.LVL26:
 248               	.L36:
 249               	.LBE270:
 250               	.LBE269:
 251               	.LBB271:
 252               	.LSM34:
 253 002e 8EB3      		in r24,62-32
 254               	.LVL27:
 255               	.LSM35:
 256 0030 8823      		tst r24
 257 0032 01F4      		brne .+2
 258 0034 00C0      		rjmp .L27
 259               	.LSM36:
 260 0036 8530      		cpi r24,lo8(5)
 261 0038 01F4      		brne .+2
 262 003a 00C0      		rjmp .L28
 263               	.LBB272:
 264               	.LBB273:
 265               	.LSM37:
 266 003c 8091 E800 		lds r24,232
 267               	.LVL28:
 268               	.LBE273:
 269               	.LBE272:
 270               	.LSM38:
 271 0040 83FF      		sbrs r24,3
 272 0042 00C0      		rjmp .L29
 273 0044 81E0      		ldi r24,lo8(1)
 274 0046 0895      		ret
 275               	.L29:
 276               	.LBB274:
 277               	.LBB275:
 278               	.LSM39:
 279 0048 8091 E800 		lds r24,232
 280               	.LBE275:
 281               	.LBE274:
 282               	.LSM40:
 283 004c 82FD      		sbrc r24,2
 284 004e 00C0      		rjmp .L40
 285               	.LBB276:
 286               	.LBB277:
 287               	.LSM41:
 288 0050 8091 E800 		lds r24,232
 289               	.LBE277:
 290               	.LBE276:
 291               	.LSM42:
 292 0054 80FF      		sbrs r24,0
 293 0056 00C0      		rjmp .L42
 294               	.LBB278:
 295               	.LBB279:
 296               	.LBB280:
 297               	.LSM43:
 298 0058 8091 F200 		lds r24,242
 299 005c 9091 F300 		lds r25,(242)+1
 300               	.LVL29:
 301 0060 00C0      		rjmp .L32
 302               	.L34:
 303               	.LSM44:
 304 0062 F901      		movw r30,r18
 305               	.LVL30:
 306               	.LBE280:
 307               	.LBE279:
 308               	.LBB281:
 309               	.LSM45:
 310 0064 2F5F      		subi r18,lo8(-(1))
 311 0066 3F4F      		sbci r19,hi8(-(1))
 312               	/* #APP */
 313               	 ;  31 "../../LUFA/Drivers/USB/HighLevel/Template/Template_Endpoint_Control_W.c" 1
 314 0068 E491      		lpm r30, Z
 315               		
 316               	 ;  0 "" 2
 317               	.LVL31:
 318               	/* #NOAPP */
 319               	.LBE281:
 320               	.LBB282:
 321               	.LBB283:
 322               	.LSM46:
 323 006a E093 F100 		sts 241,r30
 324               	.LBE283:
 325               	.LBE282:
 326               	.LSM47:
 327 006e 4150      		subi r20,lo8(-(-1))
 328 0070 5040      		sbci r21,hi8(-(-1))
 329               	.LSM48:
 330 0072 0196      		adiw r24,1
 331               	.L32:
 332               	.LSM49:
 333 0074 4115      		cp r20,__zero_reg__
 334 0076 5105      		cpc r21,__zero_reg__
 335 0078 01F0      		breq .L33
 336 007a 8830      		cpi r24,8
 337 007c 9105      		cpc r25,__zero_reg__
 338 007e 00F0      		brlo .L34
 339               	.L33:
 340               	.LSM50:
 341 0080 60E0      		ldi r22,lo8(0)
 342 0082 0897      		sbiw r24,8
 343 0084 01F4      		brne .L35
 344 0086 61E0      		ldi r22,lo8(1)
 345               	.L35:
 346               	.LBB284:
 347               	.LBB285:
 348               	.LSM51:
 349 0088 8091 E800 		lds r24,232
 350               	.LVL32:
 351 008c 8E77      		andi r24,lo8(126)
 352 008e 8093 E800 		sts 232,r24
 353               	.L42:
 354               	.LBE285:
 355               	.LBE284:
 356               	.LBE278:
 357               	.LBE271:
 358               	.LSM52:
 359 0092 4115      		cp r20,__zero_reg__
 360 0094 5105      		cpc r21,__zero_reg__
 361 0096 01F4      		brne .L36
 362 0098 6623      		tst r22
 363 009a 01F4      		brne .L36
 364 009c 00C0      		rjmp .L40
 365               	.L37:
 366               	.LBB286:
 367               	.LSM53:
 368 009e 8EB3      		in r24,62-32
 369               	.LVL33:
 370               	.LSM54:
 371 00a0 8823      		tst r24
 372 00a2 01F0      		breq .L27
 373               	.LSM55:
 374 00a4 8530      		cpi r24,lo8(5)
 375 00a6 01F0      		breq .L28
 376               	.L40:
 377               	.LBE286:
 378               	.LBB287:
 379               	.LBB288:
 380               	.LSM56:
 381 00a8 8091 E800 		lds r24,232
 382               	.LVL34:
 383               	.LBE288:
 384               	.LBE287:
 385               	.LSM57:
 386 00ac 82FF      		sbrs r24,2
 387 00ae 00C0      		rjmp .L37
 388 00b0 80E0      		ldi r24,lo8(0)
 389 00b2 0895      		ret
 390               	.LVL35:
 391               	.L27:
 392 00b4 82E0      		ldi r24,lo8(2)
 393               	.LVL36:
 394 00b6 0895      		ret
 395               	.LVL37:
 396               	.L28:
 397 00b8 83E0      		ldi r24,lo8(3)
 398               	.LVL38:
 399               	.LSM58:
 400 00ba 0895      		ret
 401               	.LFE83:
 403               		.section	.text.Endpoint_Write_Control_Stream_BE,"ax",@progbits
 404               	.global	Endpoint_Write_Control_Stream_BE
 406               	Endpoint_Write_Control_Stream_BE:
 407               	.LFB85:
 408               	.LSM59:
 409               	.LVL39:
 410               	/* prologue: function */
 411               	/* frame size = 0 */
 412 0000 9C01      		movw r18,r24
 413               	.LSM60:
 414 0002 4091 0000 		lds r20,USB_ControlRequest+6
 415 0006 5091 0000 		lds r21,(USB_ControlRequest+6)+1
 416               	.LVL40:
 417 000a 4617      		cp r20,r22
 418 000c 5707      		cpc r21,r23
 419 000e 00F4      		brsh .L44
 420               	.LVL41:
 421               	.L47:
 422               	.LSM61:
 423 0010 FB01      		movw r30,r22
 424               	.LVL42:
 425 0012 3197      		sbiw r30,1
 426 0014 E20F      		add r30,r18
 427 0016 F31F      		adc r31,r19
 428 0018 90E0      		ldi r25,lo8(0)
 429               	.LVL43:
 430 001a 00C0      		rjmp .L63
 431               	.LVL44:
 432               	.L44:
 433               	.LSM62:
 434 001c 6115      		cp r22,__zero_reg__
 435 001e 7105      		cpc r23,__zero_reg__
 436 0020 01F0      		breq .L46
 437               	.LVL45:
 438 0022 AB01      		movw r20,r22
 439 0024 00C0      		rjmp .L47
 440               	.L46:
 441               	.LBB289:
 442               	.LBB290:
 443               	.LSM63:
 444 0026 8091 E800 		lds r24,232
 445 002a 8E77      		andi r24,lo8(126)
 446 002c 8093 E800 		sts 232,r24
 447 0030 40E0      		ldi r20,lo8(0)
 448 0032 50E0      		ldi r21,hi8(0)
 449               	.LVL46:
 450 0034 00C0      		rjmp .L47
 451               	.LVL47:
 452               	.L57:
 453               	.LBE290:
 454               	.LBE289:
 455               	.LBB291:
 456               	.LSM64:
 457 0036 8EB3      		in r24,62-32
 458               	.LVL48:
 459               	.LSM65:
 460 0038 8823      		tst r24
 461 003a 01F0      		breq .L48
 462               	.LSM66:
 463 003c 8530      		cpi r24,lo8(5)
 464 003e 01F0      		breq .L49
 465               	.LBB292:
 466               	.LBB293:
 467               	.LSM67:
 468 0040 8091 E800 		lds r24,232
 469               	.LVL49:
 470               	.LBE293:
 471               	.LBE292:
 472               	.LSM68:
 473 0044 83FF      		sbrs r24,3
 474 0046 00C0      		rjmp .L50
 475 0048 81E0      		ldi r24,lo8(1)
 476 004a 0895      		ret
 477               	.L50:
 478               	.LBB294:
 479               	.LBB295:
 480               	.LSM69:
 481 004c 8091 E800 		lds r24,232
 482               	.LBE295:
 483               	.LBE294:
 484               	.LSM70:
 485 0050 82FD      		sbrc r24,2
 486 0052 00C0      		rjmp .L61
 487               	.LBB296:
 488               	.LBB297:
 489               	.LSM71:
 490 0054 8091 E800 		lds r24,232
 491               	.LBE297:
 492               	.LBE296:
 493               	.LSM72:
 494 0058 80FF      		sbrs r24,0
 495 005a 00C0      		rjmp .L63
 496               	.LBB298:
 497               	.LBB299:
 498               	.LBB300:
 499               	.LSM73:
 500 005c 2091 F200 		lds r18,242
 501 0060 3091 F300 		lds r19,(242)+1
 502               	.LVL50:
 503 0064 00C0      		rjmp .L53
 504               	.L55:
 505               	.LBE300:
 506               	.LBE299:
 507               	.LSM74:
 508 0066 8081      		ld r24,Z
 509 0068 3197      		sbiw r30,1
 510               	.LBB301:
 511               	.LBB302:
 512               	.LSM75:
 513 006a 8093 F100 		sts 241,r24
 514               	.LBE302:
 515               	.LBE301:
 516               	.LSM76:
 517 006e 4150      		subi r20,lo8(-(-1))
 518 0070 5040      		sbci r21,hi8(-(-1))
 519               	.LSM77:
 520 0072 2F5F      		subi r18,lo8(-(1))
 521 0074 3F4F      		sbci r19,hi8(-(1))
 522               	.LVL51:
 523               	.L53:
 524               	.LSM78:
 525 0076 4115      		cp r20,__zero_reg__
 526 0078 5105      		cpc r21,__zero_reg__
 527 007a 01F0      		breq .L54
 528 007c 2830      		cpi r18,8
 529 007e 3105      		cpc r19,__zero_reg__
 530 0080 00F0      		brlo .L55
 531               	.L54:
 532               	.LSM79:
 533 0082 90E0      		ldi r25,lo8(0)
 534 0084 2830      		cpi r18,8
 535 0086 3105      		cpc r19,__zero_reg__
 536 0088 01F4      		brne .L56
 537 008a 91E0      		ldi r25,lo8(1)
 538               	.L56:
 539               	.LBB303:
 540               	.LBB304:
 541               	.LSM80:
 542 008c 8091 E800 		lds r24,232
 543 0090 8E77      		andi r24,lo8(126)
 544 0092 8093 E800 		sts 232,r24
 545               	.LVL52:
 546               	.L63:
 547               	.LBE304:
 548               	.LBE303:
 549               	.LBE298:
 550               	.LBE291:
 551               	.LSM81:
 552 0096 4115      		cp r20,__zero_reg__
 553 0098 5105      		cpc r21,__zero_reg__
 554 009a 01F4      		brne .L57
 555 009c 9923      		tst r25
 556 009e 01F4      		brne .L57
 557 00a0 00C0      		rjmp .L61
 558               	.LVL53:
 559               	.L58:
 560               	.LBB305:
 561               	.LSM82:
 562 00a2 8EB3      		in r24,62-32
 563               	.LVL54:
 564               	.LSM83:
 565 00a4 8823      		tst r24
 566 00a6 01F0      		breq .L48
 567               	.LSM84:
 568 00a8 8530      		cpi r24,lo8(5)
 569 00aa 01F0      		breq .L49
 570               	.LVL55:
 571               	.L61:
 572               	.LBE305:
 573               	.LBB306:
 574               	.LBB307:
 575               	.LSM85:
 576 00ac 8091 E800 		lds r24,232
 577               	.LVL56:
 578               	.LBE307:
 579               	.LBE306:
 580               	.LSM86:
 581 00b0 82FF      		sbrs r24,2
 582 00b2 00C0      		rjmp .L58
 583 00b4 80E0      		ldi r24,lo8(0)
 584 00b6 0895      		ret
 585               	.LVL57:
 586               	.L48:
 587 00b8 82E0      		ldi r24,lo8(2)
 588               	.LVL58:
 589 00ba 0895      		ret
 590               	.LVL59:
 591               	.L49:
 592 00bc 83E0      		ldi r24,lo8(3)
 593               	.LVL60:
 594               	.LSM87:
 595 00be 0895      		ret
 596               	.LFE85:
 598               		.section	.text.Endpoint_Write_Control_PStream_BE,"ax",@progbits
 599               	.global	Endpoint_Write_Control_PStream_BE
 601               	Endpoint_Write_Control_PStream_BE:
 602               	.LFB86:
 603               	.LSM88:
 604               	.LVL61:
 605               	/* prologue: function */
 606               	/* frame size = 0 */
 607 0000 AC01      		movw r20,r24
 608               	.LSM89:
 609 0002 2091 0000 		lds r18,USB_ControlRequest+6
 610 0006 3091 0000 		lds r19,(USB_ControlRequest+6)+1
 611               	.LVL62:
 612 000a 2617      		cp r18,r22
 613 000c 3707      		cpc r19,r23
 614 000e 00F4      		brsh .L65
 615               	.LVL63:
 616               	.L68:
 617               	.LSM90:
 618 0010 6150      		subi r22,lo8(-(-1))
 619 0012 7040      		sbci r23,hi8(-(-1))
 620               	.LVL64:
 621 0014 640F      		add r22,r20
 622 0016 751F      		adc r23,r21
 623 0018 40E0      		ldi r20,lo8(0)
 624               	.LVL65:
 625 001a 00C0      		rjmp .L84
 626               	.LVL66:
 627               	.L65:
 628               	.LSM91:
 629 001c 6115      		cp r22,__zero_reg__
 630 001e 7105      		cpc r23,__zero_reg__
 631 0020 01F0      		breq .L67
 632               	.LVL67:
 633 0022 9B01      		movw r18,r22
 634 0024 00C0      		rjmp .L68
 635               	.L67:
 636               	.LBB308:
 637               	.LBB309:
 638               	.LSM92:
 639 0026 8091 E800 		lds r24,232
 640 002a 8E77      		andi r24,lo8(126)
 641 002c 8093 E800 		sts 232,r24
 642 0030 20E0      		ldi r18,lo8(0)
 643 0032 30E0      		ldi r19,hi8(0)
 644               	.LVL68:
 645 0034 00C0      		rjmp .L68
 646               	.LVL69:
 647               	.L78:
 648               	.LBE309:
 649               	.LBE308:
 650               	.LBB310:
 651               	.LSM93:
 652 0036 8EB3      		in r24,62-32
 653               	.LVL70:
 654               	.LSM94:
 655 0038 8823      		tst r24
 656 003a 01F4      		brne .+2
 657 003c 00C0      		rjmp .L69
 658               	.LSM95:
 659 003e 8530      		cpi r24,lo8(5)
 660 0040 01F4      		brne .+2
 661 0042 00C0      		rjmp .L70
 662               	.LBB311:
 663               	.LBB312:
 664               	.LSM96:
 665 0044 8091 E800 		lds r24,232
 666               	.LVL71:
 667               	.LBE312:
 668               	.LBE311:
 669               	.LSM97:
 670 0048 83FF      		sbrs r24,3
 671 004a 00C0      		rjmp .L71
 672 004c 81E0      		ldi r24,lo8(1)
 673 004e 0895      		ret
 674               	.L71:
 675               	.LBB313:
 676               	.LBB314:
 677               	.LSM98:
 678 0050 8091 E800 		lds r24,232
 679               	.LBE314:
 680               	.LBE313:
 681               	.LSM99:
 682 0054 82FD      		sbrc r24,2
 683 0056 00C0      		rjmp .L82
 684               	.LBB315:
 685               	.LBB316:
 686               	.LSM100:
 687 0058 8091 E800 		lds r24,232
 688               	.LBE316:
 689               	.LBE315:
 690               	.LSM101:
 691 005c 80FF      		sbrs r24,0
 692 005e 00C0      		rjmp .L84
 693               	.LBB317:
 694               	.LBB318:
 695               	.LBB319:
 696               	.LSM102:
 697 0060 8091 F200 		lds r24,242
 698 0064 9091 F300 		lds r25,(242)+1
 699               	.LVL72:
 700 0068 00C0      		rjmp .L74
 701               	.L76:
 702               	.LSM103:
 703 006a FB01      		movw r30,r22
 704               	.LVL73:
 705               	.LBE319:
 706               	.LBE318:
 707               	.LBB320:
 708               	.LSM104:
 709 006c 6150      		subi r22,lo8(-(-1))
 710 006e 7040      		sbci r23,hi8(-(-1))
 711               	/* #APP */
 712               	 ;  31 "../../LUFA/Drivers/USB/HighLevel/Template/Template_Endpoint_Control_W.c" 1
 713 0070 E491      		lpm r30, Z
 714               		
 715               	 ;  0 "" 2
 716               	.LVL74:
 717               	/* #NOAPP */
 718               	.LBE320:
 719               	.LBB321:
 720               	.LBB322:
 721               	.LSM105:
 722 0072 E093 F100 		sts 241,r30
 723               	.LBE322:
 724               	.LBE321:
 725               	.LSM106:
 726 0076 2150      		subi r18,lo8(-(-1))
 727 0078 3040      		sbci r19,hi8(-(-1))
 728               	.LSM107:
 729 007a 0196      		adiw r24,1
 730               	.L74:
 731               	.LSM108:
 732 007c 2115      		cp r18,__zero_reg__
 733 007e 3105      		cpc r19,__zero_reg__
 734 0080 01F0      		breq .L75
 735 0082 8830      		cpi r24,8
 736 0084 9105      		cpc r25,__zero_reg__
 737 0086 00F0      		brlo .L76
 738               	.L75:
 739               	.LSM109:
 740 0088 40E0      		ldi r20,lo8(0)
 741 008a 0897      		sbiw r24,8
 742 008c 01F4      		brne .L77
 743 008e 41E0      		ldi r20,lo8(1)
 744               	.L77:
 745               	.LBB323:
 746               	.LBB324:
 747               	.LSM110:
 748 0090 8091 E800 		lds r24,232
 749               	.LVL75:
 750 0094 8E77      		andi r24,lo8(126)
 751 0096 8093 E800 		sts 232,r24
 752               	.LVL76:
 753               	.L84:
 754               	.LBE324:
 755               	.LBE323:
 756               	.LBE317:
 757               	.LBE310:
 758               	.LSM111:
 759 009a 2115      		cp r18,__zero_reg__
 760 009c 3105      		cpc r19,__zero_reg__
 761 009e 01F4      		brne .L78
 762 00a0 4423      		tst r20
 763 00a2 01F4      		brne .L78
 764 00a4 00C0      		rjmp .L82
 765               	.LVL77:
 766               	.L79:
 767               	.LBB325:
 768               	.LSM112:
 769 00a6 8EB3      		in r24,62-32
 770               	.LVL78:
 771               	.LSM113:
 772 00a8 8823      		tst r24
 773 00aa 01F0      		breq .L69
 774               	.LSM114:
 775 00ac 8530      		cpi r24,lo8(5)
 776 00ae 01F0      		breq .L70
 777               	.LVL79:
 778               	.L82:
 779               	.LBE325:
 780               	.LBB326:
 781               	.LBB327:
 782               	.LSM115:
 783 00b0 8091 E800 		lds r24,232
 784               	.LVL80:
 785               	.LBE327:
 786               	.LBE326:
 787               	.LSM116:
 788 00b4 82FF      		sbrs r24,2
 789 00b6 00C0      		rjmp .L79
 790 00b8 80E0      		ldi r24,lo8(0)
 791 00ba 0895      		ret
 792               	.LVL81:
 793               	.L69:
 794 00bc 82E0      		ldi r24,lo8(2)
 795               	.LVL82:
 796 00be 0895      		ret
 797               	.LVL83:
 798               	.L70:
 799 00c0 83E0      		ldi r24,lo8(3)
 800               	.LVL84:
 801               	.LSM117:
 802 00c2 0895      		ret
 803               	.LFE86:
 805               		.section	.text.Endpoint_Read_Control_Stream_LE,"ax",@progbits
 806               	.global	Endpoint_Read_Control_Stream_LE
 808               	Endpoint_Read_Control_Stream_LE:
 809               	.LFB88:
 810               	.LSM118:
 811               	.LVL85:
 812               	/* prologue: function */
 813               	/* frame size = 0 */
 814 0000 9C01      		movw r18,r24
 815               	.LVL86:
 816               	.LSM119:
 817 0002 6115      		cp r22,__zero_reg__
 818 0004 7105      		cpc r23,__zero_reg__
 819 0006 01F4      		brne .L86
 820               	.LBB328:
 821               	.LBB329:
 822               	.LSM120:
 823 0008 8091 E800 		lds r24,232
 824 000c 8B77      		andi r24,lo8(123)
 825 000e 8093 E800 		sts 232,r24
 826               	.L86:
 827               	.LBE329:
 828               	.LBE328:
 829               	.LSM121:
 830 0012 F901      		movw r30,r18
 831               	.LVL87:
 832 0014 00C0      		rjmp .L87
 833               	.LVL88:
 834               	.L100:
 835               	.LBB330:
 836               	.LSM122:
 837 0016 8EB3      		in r24,62-32
 838               	.LVL89:
 839               	.LSM123:
 840 0018 8823      		tst r24
 841 001a 01F0      		breq .L88
 842               	.LSM124:
 843 001c 8530      		cpi r24,lo8(5)
 844 001e 01F0      		breq .L89
 845               	.LBB331:
 846               	.LBB332:
 847               	.LSM125:
 848 0020 8091 E800 		lds r24,232
 849               	.LVL90:
 850               	.LBE332:
 851               	.LBE331:
 852               	.LSM126:
 853 0024 83FF      		sbrs r24,3
 854 0026 00C0      		rjmp .L90
 855 0028 81E0      		ldi r24,lo8(1)
 856 002a 0895      		ret
 857               	.L90:
 858               	.LBB333:
 859               	.LBB334:
 860               	.LSM127:
 861 002c 8091 E800 		lds r24,232
 862               	.LBE334:
 863               	.LBE333:
 864               	.LSM128:
 865 0030 82FF      		sbrs r24,2
 866 0032 00C0      		rjmp .L100
 867 0034 00C0      		rjmp .L99
 868               	.L95:
 869               	.LBB335:
 870               	.LBB336:
 871               	.LSM129:
 872 0036 8091 F100 		lds r24,241
 873               	.LBE336:
 874               	.LBE335:
 875               	.LSM130:
 876 003a 8193      		st Z+,r24
 877               	.LSM131:
 878 003c 6150      		subi r22,lo8(-(-1))
 879 003e 7040      		sbci r23,hi8(-(-1))
 880               	.LVL91:
 881               	.LSM132:
 882 0040 01F0      		breq .L94
 883               	.L99:
 884               	.LBB337:
 885               	.LBB338:
 886               	.LSM133:
 887 0042 8091 F200 		lds r24,242
 888 0046 9091 F300 		lds r25,(242)+1
 889               	.LBE338:
 890               	.LBE337:
 891               	.LSM134:
 892 004a 892B      		or r24,r25
 893 004c 01F4      		brne .L95
 894               	.L94:
 895               	.LBB339:
 896               	.LBB340:
 897               	.LSM135:
 898 004e 8091 E800 		lds r24,232
 899 0052 8B77      		andi r24,lo8(123)
 900 0054 8093 E800 		sts 232,r24
 901               	.L87:
 902               	.LBE340:
 903               	.LBE339:
 904               	.LBE330:
 905               	.LSM136:
 906 0058 6115      		cp r22,__zero_reg__
 907 005a 7105      		cpc r23,__zero_reg__
 908 005c 01F4      		brne .L100
 909 005e 00C0      		rjmp .L101
 910               	.L97:
 911               	.LBB341:
 912               	.LSM137:
 913 0060 8EB3      		in r24,62-32
 914               	.LVL92:
 915               	.LSM138:
 916 0062 8823      		tst r24
 917 0064 01F0      		breq .L88
 918               	.LSM139:
 919 0066 8530      		cpi r24,lo8(5)
 920 0068 01F0      		breq .L89
 921               	.L101:
 922               	.LBE341:
 923               	.LBB342:
 924               	.LBB343:
 925               	.LSM140:
 926 006a 8091 E800 		lds r24,232
 927               	.LVL93:
 928               	.LBE343:
 929               	.LBE342:
 930               	.LSM141:
 931 006e 80FF      		sbrs r24,0
 932 0070 00C0      		rjmp .L97
 933 0072 80E0      		ldi r24,lo8(0)
 934 0074 0895      		ret
 935               	.LVL94:
 936               	.L88:
 937 0076 82E0      		ldi r24,lo8(2)
 938               	.LVL95:
 939 0078 0895      		ret
 940               	.LVL96:
 941               	.L89:
 942 007a 83E0      		ldi r24,lo8(3)
 943               	.LVL97:
 944               	.LSM142:
 945 007c 0895      		ret
 946               	.LFE88:
 948               		.section	.text.Endpoint_Read_Control_Stream_BE,"ax",@progbits
 949               	.global	Endpoint_Read_Control_Stream_BE
 951               	Endpoint_Read_Control_Stream_BE:
 952               	.LFB90:
 953               	.LSM143:
 954               	.LVL98:
 955               	/* prologue: function */
 956               	/* frame size = 0 */
 957 0000 AC01      		movw r20,r24
 958               	.LSM144:
 959 0002 6115      		cp r22,__zero_reg__
 960 0004 7105      		cpc r23,__zero_reg__
 961 0006 01F0      		breq .L103
 962               	.LVL99:
 963 0008 9B01      		movw r18,r22
 964 000a 00C0      		rjmp .L104
 965               	.LVL100:
 966               	.L103:
 967               	.LBB344:
 968               	.LBB345:
 969               	.LSM145:
 970 000c 8091 E800 		lds r24,232
 971 0010 8B77      		andi r24,lo8(123)
 972 0012 8093 E800 		sts 232,r24
 973 0016 20E0      		ldi r18,lo8(0)
 974 0018 30E0      		ldi r19,hi8(0)
 975               	.LVL101:
 976               	.L104:
 977               	.LBE345:
 978               	.LBE344:
 979               	.LSM146:
 980 001a FB01      		movw r30,r22
 981               	.LVL102:
 982 001c 3197      		sbiw r30,1
 983 001e E40F      		add r30,r20
 984 0020 F51F      		adc r31,r21
 985 0022 00C0      		rjmp .L105
 986               	.L118:
 987               	.LBB346:
 988               	.LSM147:
 989 0024 8EB3      		in r24,62-32
 990               	.LVL103:
 991               	.LSM148:
 992 0026 8823      		tst r24
 993 0028 01F0      		breq .L106
 994               	.LSM149:
 995 002a 8530      		cpi r24,lo8(5)
 996 002c 01F0      		breq .L107
 997               	.LBB347:
 998               	.LBB348:
 999               	.LSM150:
 1000 002e 8091 E800 		lds r24,232
 1001               	.LVL104:
 1002               	.LBE348:
 1003               	.LBE347:
 1004               	.LSM151:
 1005 0032 83FF      		sbrs r24,3
 1006 0034 00C0      		rjmp .L108
 1007 0036 81E0      		ldi r24,lo8(1)
 1008 0038 0895      		ret
 1009               	.L108:
 1010               	.LBB349:
 1011               	.LBB350:
 1012               	.LSM152:
 1013 003a 8091 E800 		lds r24,232
 1014               	.LBE350:
 1015               	.LBE349:
 1016               	.LSM153:
 1017 003e 82FF      		sbrs r24,2
 1018 0040 00C0      		rjmp .L118
 1019 0042 00C0      		rjmp .L117
 1020               	.L113:
 1021               	.LBB351:
 1022               	.LBB352:
 1023               	.LSM154:
 1024 0044 8091 F100 		lds r24,241
 1025               	.LBE352:
 1026               	.LBE351:
 1027               	.LSM155:
 1028 0048 8083      		st Z,r24
 1029 004a 3197      		sbiw r30,1
 1030               	.LSM156:
 1031 004c 2150      		subi r18,lo8(-(-1))
 1032 004e 3040      		sbci r19,hi8(-(-1))
 1033               	.LSM157:
 1034 0050 01F0      		breq .L112
 1035               	.LVL105:
 1036               	.L117:
 1037               	.LBB353:
 1038               	.LBB354:
 1039               	.LSM158:
 1040 0052 8091 F200 		lds r24,242
 1041 0056 9091 F300 		lds r25,(242)+1
 1042               	.LBE354:
 1043               	.LBE353:
 1044               	.LSM159:
 1045 005a 892B      		or r24,r25
 1046 005c 01F4      		brne .L113
 1047               	.L112:
 1048               	.LBB355:
 1049               	.LBB356:
 1050               	.LSM160:
 1051 005e 8091 E800 		lds r24,232
 1052 0062 8B77      		andi r24,lo8(123)
 1053 0064 8093 E800 		sts 232,r24
 1054               	.LVL106:
 1055               	.L105:
 1056               	.LBE356:
 1057               	.LBE355:
 1058               	.LBE346:
 1059               	.LSM161:
 1060 0068 2115      		cp r18,__zero_reg__
 1061 006a 3105      		cpc r19,__zero_reg__
 1062 006c 01F4      		brne .L118
 1063 006e 00C0      		rjmp .L119
 1064               	.LVL107:
 1065               	.L115:
 1066               	.LBB357:
 1067               	.LSM162:
 1068 0070 8EB3      		in r24,62-32
 1069               	.LVL108:
 1070               	.LSM163:
 1071 0072 8823      		tst r24
 1072 0074 01F0      		breq .L106
 1073               	.LSM164:
 1074 0076 8530      		cpi r24,lo8(5)
 1075 0078 01F0      		breq .L107
 1076               	.LVL109:
 1077               	.L119:
 1078               	.LBE357:
 1079               	.LBB358:
 1080               	.LBB359:
 1081               	.LSM165:
 1082 007a 8091 E800 		lds r24,232
 1083               	.LVL110:
 1084               	.LBE359:
 1085               	.LBE358:
 1086               	.LSM166:
 1087 007e 80FF      		sbrs r24,0
 1088 0080 00C0      		rjmp .L115
 1089 0082 80E0      		ldi r24,lo8(0)
 1090 0084 0895      		ret
 1091               	.LVL111:
 1092               	.L106:
 1093 0086 82E0      		ldi r24,lo8(2)
 1094               	.LVL112:
 1095 0088 0895      		ret
 1096               	.LVL113:
 1097               	.L107:
 1098 008a 83E0      		ldi r24,lo8(3)
 1099               	.LVL114:
 1100               	.LSM167:
 1101 008c 0895      		ret
 1102               	.LFE90:
 1104               		.section	.text.Endpoint_Read_Control_EStream_BE,"ax",@progbits
 1105               	.global	Endpoint_Read_Control_EStream_BE
 1107               	Endpoint_Read_Control_EStream_BE:
 1108               	.LFB91:
 1109               	.LSM168:
 1110               	.LVL115:
 1111 0000 0F93      		push r16
 1112 0002 1F93      		push r17
 1113 0004 CF93      		push r28
 1114 0006 DF93      		push r29
 1115               	/* prologue: function */
 1116               	/* frame size = 0 */
 1117 0008 AC01      		movw r20,r24
 1118               	.LSM169:
 1119 000a 6115      		cp r22,__zero_reg__
 1120 000c 7105      		cpc r23,__zero_reg__
 1121 000e 01F0      		breq .L121
 1122               	.LVL116:
 1123 0010 8B01      		movw r16,r22
 1124 0012 00C0      		rjmp .L122
 1125               	.LVL117:
 1126               	.L121:
 1127               	.LBB360:
 1128               	.LBB361:
 1129               	.LSM170:
 1130 0014 8091 E800 		lds r24,232
 1131 0018 8B77      		andi r24,lo8(123)
 1132 001a 8093 E800 		sts 232,r24
 1133 001e 00E0      		ldi r16,lo8(0)
 1134 0020 10E0      		ldi r17,hi8(0)
 1135               	.LVL118:
 1136               	.L122:
 1137               	.LBE361:
 1138               	.LBE360:
 1139               	.LSM171:
 1140 0022 9B01      		movw r18,r22
 1141               	.LVL119:
 1142 0024 2150      		subi r18,lo8(-(-1))
 1143 0026 3040      		sbci r19,hi8(-(-1))
 1144 0028 240F      		add r18,r20
 1145 002a 351F      		adc r19,r21
 1146 002c 00C0      		rjmp .L123
 1147               	.LVL120:
 1148               	.L136:
 1149               	.LBB362:
 1150               	.LSM172:
 1151 002e 8EB3      		in r24,62-32
 1152               	.LVL121:
 1153               	.LSM173:
 1154 0030 8823      		tst r24
 1155 0032 01F0      		breq .L124
 1156               	.LSM174:
 1157 0034 8530      		cpi r24,lo8(5)
 1158 0036 01F0      		breq .L125
 1159               	.LBB363:
 1160               	.LBB364:
 1161               	.LSM175:
 1162 0038 8091 E800 		lds r24,232
 1163               	.LVL122:
 1164               	.LBE364:
 1165               	.LBE363:
 1166               	.LSM176:
 1167 003c 83FF      		sbrs r24,3
 1168 003e 00C0      		rjmp .L126
 1169 0040 81E0      		ldi r24,lo8(1)
 1170 0042 00C0      		rjmp .L127
 1171               	.L126:
 1172               	.LBB365:
 1173               	.LBB366:
 1174               	.LSM177:
 1175 0044 8091 E800 		lds r24,232
 1176               	.LBE366:
 1177               	.LBE365:
 1178               	.LSM178:
 1179 0048 82FF      		sbrs r24,2
 1180 004a 00C0      		rjmp .L136
 1181 004c 00C0      		rjmp .L135
 1182               	.L131:
 1183               	.LSM179:
 1184 004e E901      		movw r28,r18
 1185 0050 2197      		sbiw r28,1
 1186               	.LVL123:
 1187               	.LBB367:
 1188               	.LBB368:
 1189               	.LSM180:
 1190 0052 6091 F100 		lds r22,241
 1191               	.LBE368:
 1192               	.LBE367:
 1193               	.LSM181:
 1194 0056 C901      		movw r24,r18
 1195 0058 0E94 0000 		call __eeupd_byte_usb1287
 1196               	.LVL124:
 1197               	.LSM182:
 1198 005c 0150      		subi r16,lo8(-(-1))
 1199 005e 1040      		sbci r17,hi8(-(-1))
 1200               	.LSM183:
 1201 0060 01F0      		breq .L130
 1202 0062 9E01      		movw r18,r28
 1203               	.LVL125:
 1204               	.L135:
 1205               	.LBB369:
 1206               	.LBB370:
 1207               	.LSM184:
 1208 0064 8091 F200 		lds r24,242
 1209 0068 9091 F300 		lds r25,(242)+1
 1210               	.LBE370:
 1211               	.LBE369:
 1212               	.LSM185:
 1213 006c 892B      		or r24,r25
 1214 006e 01F4      		brne .L131
 1215 0070 E901      		movw r28,r18
 1216               	.LVL126:
 1217               	.L130:
 1218               	.LBB371:
 1219               	.LBB372:
 1220               	.LSM186:
 1221 0072 8091 E800 		lds r24,232
 1222 0076 8B77      		andi r24,lo8(123)
 1223 0078 8093 E800 		sts 232,r24
 1224 007c 9E01      		movw r18,r28
 1225               	.LVL127:
 1226               	.L123:
 1227               	.LBE372:
 1228               	.LBE371:
 1229               	.LBE362:
 1230               	.LSM187:
 1231 007e 0115      		cp r16,__zero_reg__
 1232 0080 1105      		cpc r17,__zero_reg__
 1233 0082 01F4      		brne .L136
 1234 0084 00C0      		rjmp .L137
 1235               	.LVL128:
 1236               	.L133:
 1237               	.LBB373:
 1238               	.LSM188:
 1239 0086 8EB3      		in r24,62-32
 1240               	.LVL129:
 1241               	.LSM189:
 1242 0088 8823      		tst r24
 1243 008a 01F0      		breq .L124
 1244               	.LSM190:
 1245 008c 8530      		cpi r24,lo8(5)
 1246 008e 01F0      		breq .L125
 1247               	.LVL130:
 1248               	.L137:
 1249               	.LBE373:
 1250               	.LBB374:
 1251               	.LBB375:
 1252               	.LSM191:
 1253 0090 8091 E800 		lds r24,232
 1254               	.LVL131:
 1255               	.LBE375:
 1256               	.LBE374:
 1257               	.LSM192:
 1258 0094 80FF      		sbrs r24,0
 1259 0096 00C0      		rjmp .L133
 1260 0098 80E0      		ldi r24,lo8(0)
 1261 009a 00C0      		rjmp .L127
 1262               	.LVL132:
 1263               	.L124:
 1264 009c 82E0      		ldi r24,lo8(2)
 1265               	.LVL133:
 1266 009e 00C0      		rjmp .L127
 1267               	.LVL134:
 1268               	.L125:
 1269 00a0 83E0      		ldi r24,lo8(3)
 1270               	.LVL135:
 1271               	.L127:
 1272               	/* epilogue start */
 1273               	.LSM193:
 1274 00a2 DF91      		pop r29
 1275 00a4 CF91      		pop r28
 1276 00a6 1F91      		pop r17
 1277 00a8 0F91      		pop r16
 1278               	.LVL136:
 1279 00aa 0895      		ret
 1280               	.LFE91:
 1282               		.section	.text.Endpoint_Read_Control_EStream_LE,"ax",@progbits
 1283               	.global	Endpoint_Read_Control_EStream_LE
 1285               	Endpoint_Read_Control_EStream_LE:
 1286               	.LFB89:
 1287               	.LSM194:
 1288               	.LVL137:
 1289 0000 0F93      		push r16
 1290 0002 1F93      		push r17
 1291 0004 CF93      		push r28
 1292 0006 DF93      		push r29
 1293               	/* prologue: function */
 1294               	/* frame size = 0 */
 1295 0008 9C01      		movw r18,r24
 1296               	.LVL138:
 1297 000a 8B01      		movw r16,r22
 1298               	.LSM195:
 1299 000c 6115      		cp r22,__zero_reg__
 1300 000e 7105      		cpc r23,__zero_reg__
 1301 0010 01F4      		brne .L140
 1302               	.LBB376:
 1303               	.LBB377:
 1304               	.LSM196:
 1305 0012 8091 E800 		lds r24,232
 1306 0016 8B77      		andi r24,lo8(123)
 1307 0018 8093 E800 		sts 232,r24
 1308 001c 00C0      		rjmp .L140
 1309               	.LVL139:
 1310               	.L153:
 1311               	.LBE377:
 1312               	.LBE376:
 1313               	.LBB378:
 1314               	.LSM197:
 1315 001e 8EB3      		in r24,62-32
 1316               	.LVL140:
 1317               	.LSM198:
 1318 0020 8823      		tst r24
 1319 0022 01F0      		breq .L141
 1320               	.LSM199:
 1321 0024 8530      		cpi r24,lo8(5)
 1322 0026 01F0      		breq .L142
 1323               	.LBB379:
 1324               	.LBB380:
 1325               	.LSM200:
 1326 0028 8091 E800 		lds r24,232
 1327               	.LVL141:
 1328               	.LBE380:
 1329               	.LBE379:
 1330               	.LSM201:
 1331 002c 83FF      		sbrs r24,3
 1332 002e 00C0      		rjmp .L143
 1333 0030 81E0      		ldi r24,lo8(1)
 1334 0032 00C0      		rjmp .L144
 1335               	.L143:
 1336               	.LBB381:
 1337               	.LBB382:
 1338               	.LSM202:
 1339 0034 8091 E800 		lds r24,232
 1340               	.LBE382:
 1341               	.LBE381:
 1342               	.LSM203:
 1343 0038 82FF      		sbrs r24,2
 1344 003a 00C0      		rjmp .L153
 1345 003c 00C0      		rjmp .L152
 1346               	.L148:
 1347               	.LSM204:
 1348 003e E901      		movw r28,r18
 1349 0040 2196      		adiw r28,1
 1350               	.LVL142:
 1351               	.LBB383:
 1352               	.LBB384:
 1353               	.LSM205:
 1354 0042 6091 F100 		lds r22,241
 1355               	.LBE384:
 1356               	.LBE383:
 1357               	.LSM206:
 1358 0046 C901      		movw r24,r18
 1359 0048 0E94 0000 		call __eeupd_byte_usb1287
 1360               	.LSM207:
 1361 004c 0150      		subi r16,lo8(-(-1))
 1362 004e 1040      		sbci r17,hi8(-(-1))
 1363               	.LSM208:
 1364 0050 01F0      		breq .L147
 1365 0052 9E01      		movw r18,r28
 1366               	.LVL143:
 1367               	.L152:
 1368               	.LBB385:
 1369               	.LBB386:
 1370               	.LSM209:
 1371 0054 8091 F200 		lds r24,242
 1372 0058 9091 F300 		lds r25,(242)+1
 1373               	.LBE386:
 1374               	.LBE385:
 1375               	.LSM210:
 1376 005c 892B      		or r24,r25
 1377 005e 01F4      		brne .L148
 1378 0060 E901      		movw r28,r18
 1379               	.LVL144:
 1380               	.L147:
 1381               	.LBB387:
 1382               	.LBB388:
 1383               	.LSM211:
 1384 0062 8091 E800 		lds r24,232
 1385 0066 8B77      		andi r24,lo8(123)
 1386 0068 8093 E800 		sts 232,r24
 1387 006c 9E01      		movw r18,r28
 1388               	.LVL145:
 1389               	.L140:
 1390               	.LBE388:
 1391               	.LBE387:
 1392               	.LBE378:
 1393               	.LSM212:
 1394 006e 0115      		cp r16,__zero_reg__
 1395 0070 1105      		cpc r17,__zero_reg__
 1396 0072 01F4      		brne .L153
 1397 0074 00C0      		rjmp .L154
 1398               	.L150:
 1399               	.LBB389:
 1400               	.LSM213:
 1401 0076 8EB3      		in r24,62-32
 1402               	.LVL146:
 1403               	.LSM214:
 1404 0078 8823      		tst r24
 1405 007a 01F0      		breq .L141
 1406               	.LSM215:
 1407 007c 8530      		cpi r24,lo8(5)
 1408 007e 01F0      		breq .L142
 1409               	.L154:
 1410               	.LBE389:
 1411               	.LBB390:
 1412               	.LBB391:
 1413               	.LSM216:
 1414 0080 8091 E800 		lds r24,232
 1415               	.LVL147:
 1416               	.LBE391:
 1417               	.LBE390:
 1418               	.LSM217:
 1419 0084 80FF      		sbrs r24,0
 1420 0086 00C0      		rjmp .L150
 1421 0088 80E0      		ldi r24,lo8(0)
 1422 008a 00C0      		rjmp .L144
 1423               	.LVL148:
 1424               	.L141:
 1425 008c 82E0      		ldi r24,lo8(2)
 1426               	.LVL149:
 1427 008e 00C0      		rjmp .L144
 1428               	.LVL150:
 1429               	.L142:
 1430 0090 83E0      		ldi r24,lo8(3)
 1431               	.LVL151:
 1432               	.L144:
 1433               	/* epilogue start */
 1434               	.LSM218:
 1435 0092 DF91      		pop r29
 1436 0094 CF91      		pop r28
 1437 0096 1F91      		pop r17
 1438 0098 0F91      		pop r16
 1439               	.LVL152:
 1440 009a 0895      		ret
 1441               	.LFE89:
 1443               		.section	.text.Endpoint_Write_Control_EStream_BE,"ax",@progbits
 1444               	.global	Endpoint_Write_Control_EStream_BE
 1446               	Endpoint_Write_Control_EStream_BE:
 1447               	.LFB87:
 1448               	.LSM219:
 1449               	.LVL153:
 1450 0000 EF92      		push r14
 1451 0002 FF92      		push r15
 1452 0004 0F93      		push r16
 1453 0006 1F93      		push r17
 1454 0008 CF93      		push r28
 1455 000a DF93      		push r29
 1456               	/* prologue: function */
 1457               	/* frame size = 0 */
 1458 000c 9C01      		movw r18,r24
 1459               	.LSM220:
 1460 000e E090 0000 		lds r14,USB_ControlRequest+6
 1461 0012 F090 0000 		lds r15,(USB_ControlRequest+6)+1
 1462               	.LVL154:
 1463 0016 E616      		cp r14,r22
 1464 0018 F706      		cpc r15,r23
 1465 001a 00F4      		brsh .L156
 1466               	.LVL155:
 1467               	.L159:
 1468               	.LSM221:
 1469 001c 6150      		subi r22,lo8(-(-1))
 1470 001e 7040      		sbci r23,hi8(-(-1))
 1471               	.LVL156:
 1472 0020 620F      		add r22,r18
 1473 0022 731F      		adc r23,r19
 1474 0024 90E0      		ldi r25,lo8(0)
 1475               	.LVL157:
 1476 0026 00C0      		rjmp .L175
 1477               	.LVL158:
 1478               	.L156:
 1479               	.LSM222:
 1480 0028 6115      		cp r22,__zero_reg__
 1481 002a 7105      		cpc r23,__zero_reg__
 1482 002c 01F0      		breq .L158
 1483               	.LVL159:
 1484 002e 7B01      		movw r14,r22
 1485 0030 00C0      		rjmp .L159
 1486               	.L158:
 1487               	.LBB392:
 1488               	.LBB393:
 1489               	.LSM223:
 1490 0032 8091 E800 		lds r24,232
 1491 0036 8E77      		andi r24,lo8(126)
 1492 0038 8093 E800 		sts 232,r24
 1493 003c EE24      		clr r14
 1494 003e FF24      		clr r15
 1495               	.LVL160:
 1496 0040 00C0      		rjmp .L159
 1497               	.LVL161:
 1498               	.L169:
 1499               	.LBE393:
 1500               	.LBE392:
 1501               	.LBB394:
 1502               	.LSM224:
 1503 0042 8EB3      		in r24,62-32
 1504               	.LVL162:
 1505               	.LSM225:
 1506 0044 8823      		tst r24
 1507 0046 01F4      		brne .+2
 1508 0048 00C0      		rjmp .L160
 1509               	.LSM226:
 1510 004a 8530      		cpi r24,lo8(5)
 1511 004c 01F4      		brne .+2
 1512 004e 00C0      		rjmp .L161
 1513               	.LBB395:
 1514               	.LBB396:
 1515               	.LSM227:
 1516 0050 8091 E800 		lds r24,232
 1517               	.LVL163:
 1518               	.LBE396:
 1519               	.LBE395:
 1520               	.LSM228:
 1521 0054 83FF      		sbrs r24,3
 1522 0056 00C0      		rjmp .L162
 1523 0058 81E0      		ldi r24,lo8(1)
 1524 005a 00C0      		rjmp .L163
 1525               	.L162:
 1526               	.LBB397:
 1527               	.LBB398:
 1528               	.LSM229:
 1529 005c 8091 E800 		lds r24,232
 1530               	.LBE398:
 1531               	.LBE397:
 1532               	.LSM230:
 1533 0060 82FD      		sbrc r24,2
 1534 0062 00C0      		rjmp .L173
 1535               	.LBB399:
 1536               	.LBB400:
 1537               	.LSM231:
 1538 0064 8091 E800 		lds r24,232
 1539               	.LBE400:
 1540               	.LBE399:
 1541               	.LSM232:
 1542 0068 80FF      		sbrs r24,0
 1543 006a 00C0      		rjmp .L175
 1544               	.LBB401:
 1545               	.LBB402:
 1546               	.LBB403:
 1547               	.LSM233:
 1548 006c C091 F200 		lds r28,242
 1549 0070 D091 F300 		lds r29,(242)+1
 1550 0074 00C0      		rjmp .L165
 1551               	.L167:
 1552               	.LBE403:
 1553               	.LBE402:
 1554               	.LSM234:
 1555 0076 8B01      		movw r16,r22
 1556 0078 0150      		subi r16,lo8(-(-1))
 1557 007a 1040      		sbci r17,hi8(-(-1))
 1558               	.LVL164:
 1559 007c CB01      		movw r24,r22
 1560 007e 0E94 0000 		call __eerd_byte_usb1287
 1561               	.LVL165:
 1562               	.LBB404:
 1563               	.LBB405:
 1564               	.LSM235:
 1565 0082 8093 F100 		sts 241,r24
 1566               	.LBE405:
 1567               	.LBE404:
 1568               	.LSM236:
 1569 0086 0894      		sec
 1570 0088 E108      		sbc r14,__zero_reg__
 1571 008a F108      		sbc r15,__zero_reg__
 1572               	.LSM237:
 1573 008c 2196      		adiw r28,1
 1574 008e B801      		movw r22,r16
 1575               	.LVL166:
 1576               	.L165:
 1577               	.LSM238:
 1578 0090 E114      		cp r14,__zero_reg__
 1579 0092 F104      		cpc r15,__zero_reg__
 1580 0094 01F0      		breq .L166
 1581 0096 C830      		cpi r28,8
 1582 0098 D105      		cpc r29,__zero_reg__
 1583 009a 00F0      		brlo .L167
 1584               	.L166:
 1585               	.LSM239:
 1586 009c 90E0      		ldi r25,lo8(0)
 1587 009e 2897      		sbiw r28,8
 1588 00a0 01F4      		brne .L168
 1589 00a2 91E0      		ldi r25,lo8(1)
 1590               	.L168:
 1591               	.LBB406:
 1592               	.LBB407:
 1593               	.LSM240:
 1594 00a4 8091 E800 		lds r24,232
 1595 00a8 8E77      		andi r24,lo8(126)
 1596 00aa 8093 E800 		sts 232,r24
 1597               	.LVL167:
 1598               	.L175:
 1599               	.LBE407:
 1600               	.LBE406:
 1601               	.LBE401:
 1602               	.LBE394:
 1603               	.LSM241:
 1604 00ae E114      		cp r14,__zero_reg__
 1605 00b0 F104      		cpc r15,__zero_reg__
 1606 00b2 01F4      		brne .L169
 1607 00b4 9923      		tst r25
 1608 00b6 01F4      		brne .L169
 1609 00b8 00C0      		rjmp .L173
 1610               	.LVL168:
 1611               	.L170:
 1612               	.LBB408:
 1613               	.LSM242:
 1614 00ba 8EB3      		in r24,62-32
 1615               	.LVL169:
 1616               	.LSM243:
 1617 00bc 8823      		tst r24
 1618 00be 01F0      		breq .L160
 1619               	.LSM244:
 1620 00c0 8530      		cpi r24,lo8(5)
 1621 00c2 01F0      		breq .L161
 1622               	.LVL170:
 1623               	.L173:
 1624               	.LBE408:
 1625               	.LBB409:
 1626               	.LBB410:
 1627               	.LSM245:
 1628 00c4 8091 E800 		lds r24,232
 1629               	.LVL171:
 1630               	.LBE410:
 1631               	.LBE409:
 1632               	.LSM246:
 1633 00c8 82FF      		sbrs r24,2
 1634 00ca 00C0      		rjmp .L170
 1635 00cc 80E0      		ldi r24,lo8(0)
 1636 00ce 00C0      		rjmp .L163
 1637               	.LVL172:
 1638               	.L160:
 1639 00d0 82E0      		ldi r24,lo8(2)
 1640               	.LVL173:
 1641 00d2 00C0      		rjmp .L163
 1642               	.LVL174:
 1643               	.L161:
 1644 00d4 83E0      		ldi r24,lo8(3)
 1645               	.LVL175:
 1646               	.L163:
 1647               	/* epilogue start */
 1648               	.LSM247:
 1649 00d6 DF91      		pop r29
 1650 00d8 CF91      		pop r28
 1651               	.LVL176:
 1652 00da 1F91      		pop r17
 1653 00dc 0F91      		pop r16
 1654 00de FF90      		pop r15
 1655 00e0 EF90      		pop r14
 1656               	.LVL177:
 1657 00e2 0895      		ret
 1658               	.LFE87:
 1660               		.section	.text.Endpoint_Write_Control_EStream_LE,"ax",@progbits
 1661               	.global	Endpoint_Write_Control_EStream_LE
 1663               	Endpoint_Write_Control_EStream_LE:
 1664               	.LFB84:
 1665               	.LSM248:
 1666               	.LVL178:
 1667 0000 EF92      		push r14
 1668 0002 FF92      		push r15
 1669 0004 0F93      		push r16
 1670 0006 1F93      		push r17
 1671 0008 CF93      		push r28
 1672 000a DF93      		push r29
 1673               	/* prologue: function */
 1674               	/* frame size = 0 */
 1675 000c 9C01      		movw r18,r24
 1676               	.LVL179:
 1677               	.LSM249:
 1678 000e E090 0000 		lds r14,USB_ControlRequest+6
 1679 0012 F090 0000 		lds r15,(USB_ControlRequest+6)+1
 1680               	.LVL180:
 1681 0016 E616      		cp r14,r22
 1682 0018 F706      		cpc r15,r23
 1683 001a 00F4      		brsh .L177
 1684               	.L180:
 1685               	.LSM250:
 1686 001c 90E0      		ldi r25,lo8(0)
 1687               	.LVL181:
 1688 001e 00C0      		rjmp .L196
 1689               	.LVL182:
 1690               	.L177:
 1691               	.LSM251:
 1692 0020 6115      		cp r22,__zero_reg__
 1693 0022 7105      		cpc r23,__zero_reg__
 1694 0024 01F0      		breq .L179
 1695               	.LVL183:
 1696 0026 7B01      		movw r14,r22
 1697 0028 00C0      		rjmp .L180
 1698               	.L179:
 1699               	.LBB411:
 1700               	.LBB412:
 1701               	.LSM252:
 1702 002a 8091 E800 		lds r24,232
 1703 002e 8E77      		andi r24,lo8(126)
 1704 0030 8093 E800 		sts 232,r24
 1705 0034 EE24      		clr r14
 1706 0036 FF24      		clr r15
 1707               	.LVL184:
 1708 0038 00C0      		rjmp .L180
 1709               	.LVL185:
 1710               	.L190:
 1711               	.LBE412:
 1712               	.LBE411:
 1713               	.LBB413:
 1714               	.LSM253:
 1715 003a 8EB3      		in r24,62-32
 1716               	.LVL186:
 1717               	.LSM254:
 1718 003c 8823      		tst r24
 1719 003e 01F4      		brne .+2
 1720 0040 00C0      		rjmp .L181
 1721               	.LSM255:
 1722 0042 8530      		cpi r24,lo8(5)
 1723 0044 01F4      		brne .+2
 1724 0046 00C0      		rjmp .L182
 1725               	.LBB414:
 1726               	.LBB415:
 1727               	.LSM256:
 1728 0048 8091 E800 		lds r24,232
 1729               	.LVL187:
 1730               	.LBE415:
 1731               	.LBE414:
 1732               	.LSM257:
 1733 004c 83FF      		sbrs r24,3
 1734 004e 00C0      		rjmp .L183
 1735 0050 81E0      		ldi r24,lo8(1)
 1736 0052 00C0      		rjmp .L184
 1737               	.L183:
 1738               	.LBB416:
 1739               	.LBB417:
 1740               	.LSM258:
 1741 0054 8091 E800 		lds r24,232
 1742               	.LBE417:
 1743               	.LBE416:
 1744               	.LSM259:
 1745 0058 82FD      		sbrc r24,2
 1746 005a 00C0      		rjmp .L194
 1747               	.LBB418:
 1748               	.LBB419:
 1749               	.LSM260:
 1750 005c 8091 E800 		lds r24,232
 1751               	.LBE419:
 1752               	.LBE418:
 1753               	.LSM261:
 1754 0060 80FF      		sbrs r24,0
 1755 0062 00C0      		rjmp .L196
 1756               	.LBB420:
 1757               	.LBB421:
 1758               	.LBB422:
 1759               	.LSM262:
 1760 0064 C091 F200 		lds r28,242
 1761 0068 D091 F300 		lds r29,(242)+1
 1762 006c 00C0      		rjmp .L186
 1763               	.L188:
 1764               	.LBE422:
 1765               	.LBE421:
 1766               	.LSM263:
 1767 006e 8901      		movw r16,r18
 1768 0070 0F5F      		subi r16,lo8(-(1))
 1769 0072 1F4F      		sbci r17,hi8(-(1))
 1770               	.LVL188:
 1771 0074 C901      		movw r24,r18
 1772 0076 0E94 0000 		call __eerd_byte_usb1287
 1773               	.LVL189:
 1774               	.LBB423:
 1775               	.LBB424:
 1776               	.LSM264:
 1777 007a 8093 F100 		sts 241,r24
 1778               	.LBE424:
 1779               	.LBE423:
 1780               	.LSM265:
 1781 007e 0894      		sec
 1782 0080 E108      		sbc r14,__zero_reg__
 1783 0082 F108      		sbc r15,__zero_reg__
 1784               	.LSM266:
 1785 0084 2196      		adiw r28,1
 1786 0086 9801      		movw r18,r16
 1787               	.LVL190:
 1788               	.L186:
 1789               	.LSM267:
 1790 0088 E114      		cp r14,__zero_reg__
 1791 008a F104      		cpc r15,__zero_reg__
 1792 008c 01F0      		breq .L187
 1793 008e C830      		cpi r28,8
 1794 0090 D105      		cpc r29,__zero_reg__
 1795 0092 00F0      		brlo .L188
 1796               	.L187:
 1797               	.LSM268:
 1798 0094 90E0      		ldi r25,lo8(0)
 1799 0096 2897      		sbiw r28,8
 1800 0098 01F4      		brne .L189
 1801 009a 91E0      		ldi r25,lo8(1)
 1802               	.L189:
 1803               	.LBB425:
 1804               	.LBB426:
 1805               	.LSM269:
 1806 009c 8091 E800 		lds r24,232
 1807 00a0 8E77      		andi r24,lo8(126)
 1808 00a2 8093 E800 		sts 232,r24
 1809               	.L196:
 1810               	.LBE426:
 1811               	.LBE425:
 1812               	.LBE420:
 1813               	.LBE413:
 1814               	.LSM270:
 1815 00a6 E114      		cp r14,__zero_reg__
 1816 00a8 F104      		cpc r15,__zero_reg__
 1817 00aa 01F4      		brne .L190
 1818 00ac 9923      		tst r25
 1819 00ae 01F4      		brne .L190
 1820 00b0 00C0      		rjmp .L194
 1821               	.L191:
 1822               	.LBB427:
 1823               	.LSM271:
 1824 00b2 8EB3      		in r24,62-32
 1825               	.LVL191:
 1826               	.LSM272:
 1827 00b4 8823      		tst r24
 1828 00b6 01F0      		breq .L181
 1829               	.LSM273:
 1830 00b8 8530      		cpi r24,lo8(5)
 1831 00ba 01F0      		breq .L182
 1832               	.L194:
 1833               	.LBE427:
 1834               	.LBB428:
 1835               	.LBB429:
 1836               	.LSM274:
 1837 00bc 8091 E800 		lds r24,232
 1838               	.LVL192:
 1839               	.LBE429:
 1840               	.LBE428:
 1841               	.LSM275:
 1842 00c0 82FF      		sbrs r24,2
 1843 00c2 00C0      		rjmp .L191
 1844 00c4 80E0      		ldi r24,lo8(0)
 1845 00c6 00C0      		rjmp .L184
 1846               	.LVL193:
 1847               	.L181:
 1848 00c8 82E0      		ldi r24,lo8(2)
 1849               	.LVL194:
 1850 00ca 00C0      		rjmp .L184
 1851               	.LVL195:
 1852               	.L182:
 1853 00cc 83E0      		ldi r24,lo8(3)
 1854               	.LVL196:
 1855               	.L184:
 1856               	/* epilogue start */
 1857               	.LSM276:
 1858 00ce DF91      		pop r29
 1859 00d0 CF91      		pop r28
 1860               	.LVL197:
 1861 00d2 1F91      		pop r17
 1862 00d4 0F91      		pop r16
 1863 00d6 FF90      		pop r15
 1864 00d8 EF90      		pop r14
 1865               	.LVL198:
 1866 00da 0895      		ret
 1867               	.LFE84:
 1869               		.section	.text.Endpoint_Read_EStream_BE,"ax",@progbits
 1870               	.global	Endpoint_Read_EStream_BE
 1872               	Endpoint_Read_EStream_BE:
 1873               	.LFB81:
 1874               	.LSM277:
 1875               	.LVL199:
 1876 0000 DF92      		push r13
 1877 0002 EF92      		push r14
 1878 0004 FF92      		push r15
 1879 0006 0F93      		push r16
 1880 0008 1F93      		push r17
 1881 000a CF93      		push r28
 1882 000c DF93      		push r29
 1883               	/* prologue: function */
 1884               	/* frame size = 0 */
 1885 000e 7C01      		movw r14,r24
 1886 0010 EB01      		movw r28,r22
 1887               	.LSM278:
 1888 0012 0E94 0000 		call Endpoint_WaitUntilReady
 1889               	.LVL200:
 1890 0016 D82E      		mov r13,r24
 1891               	.LVL201:
 1892 0018 8823      		tst r24
 1893 001a 01F4      		brne .L198
 1894               	.LVL202:
 1895               	.LSM279:
 1896 001c 2197      		sbiw r28,1
 1897 001e EC0E      		add r14,r28
 1898 0020 FD1E      		adc r15,r29
 1899               	.LVL203:
 1900 0022 2196      		adiw r28,1
 1901 0024 00C0      		rjmp .L204
 1902               	.LVL204:
 1903               	.L202:
 1904               	.LBB430:
 1905               	.LBB431:
 1906               	.LSM280:
 1907 0026 8091 E800 		lds r24,232
 1908               	.LBE431:
 1909               	.LBE430:
 1910               	.LSM281:
 1911 002a 85FD      		sbrc r24,5
 1912 002c 00C0      		rjmp .L200
 1913               	.LBB432:
 1914               	.LBB433:
 1915               	.LSM282:
 1916 002e 8091 E800 		lds r24,232
 1917 0032 8B77      		andi r24,lo8(123)
 1918 0034 8093 E800 		sts 232,r24
 1919               	.LBE433:
 1920               	.LBE432:
 1921               	.LSM283:
 1922 0038 0E94 0000 		call Endpoint_WaitUntilReady
 1923 003c 8823      		tst r24
 1924 003e 01F0      		breq .L204
 1925               	.LVL205:
 1926 0040 00C0      		rjmp .L201
 1927               	.LVL206:
 1928               	.L200:
 1929               	.LSM284:
 1930 0042 8701      		movw r16,r14
 1931 0044 0150      		subi r16,lo8(-(-1))
 1932 0046 1040      		sbci r17,hi8(-(-1))
 1933               	.LVL207:
 1934               	.LBB434:
 1935               	.LBB435:
 1936               	.LSM285:
 1937 0048 6091 F100 		lds r22,241
 1938               	.LBE435:
 1939               	.LBE434:
 1940               	.LSM286:
 1941 004c C701      		movw r24,r14
 1942 004e 0E94 0000 		call __eeupd_byte_usb1287
 1943               	.LSM287:
 1944 0052 2197      		sbiw r28,1
 1945 0054 7801      		movw r14,r16
 1946               	.LVL208:
 1947               	.L204:
 1948               	.LSM288:
 1949 0056 2097      		sbiw r28,0
 1950 0058 01F4      		brne .L202
 1951               	.LVL209:
 1952               	.L198:
 1953 005a 8D2D      		mov r24,r13
 1954               	.L201:
 1955               	.LVL210:
 1956               	/* epilogue start */
 1957               	.LSM289:
 1958 005c DF91      		pop r29
 1959 005e CF91      		pop r28
 1960               	.LVL211:
 1961 0060 1F91      		pop r17
 1962 0062 0F91      		pop r16
 1963 0064 FF90      		pop r15
 1964 0066 EF90      		pop r14
 1965               	.LVL212:
 1966 0068 DF90      		pop r13
 1967               	.LVL213:
 1968 006a 0895      		ret
 1969               	.LFE81:
 1971               		.section	.text.Endpoint_Read_Stream_BE,"ax",@progbits
 1972               	.global	Endpoint_Read_Stream_BE
 1974               	Endpoint_Read_Stream_BE:
 1975               	.LFB80:
 1976               	.LSM290:
 1977               	.LVL214:
 1978 0000 FF92      		push r15
 1979 0002 0F93      		push r16
 1980 0004 1F93      		push r17
 1981 0006 CF93      		push r28
 1982 0008 DF93      		push r29
 1983               	/* prologue: function */
 1984               	/* frame size = 0 */
 1985 000a 8C01      		movw r16,r24
 1986 000c EB01      		movw r28,r22
 1987               	.LSM291:
 1988 000e 0E94 0000 		call Endpoint_WaitUntilReady
 1989               	.LVL215:
 1990 0012 F82E      		mov r15,r24
 1991               	.LVL216:
 1992 0014 8823      		tst r24
 1993 0016 01F4      		brne .L206
 1994               	.LVL217:
 1995               	.LSM292:
 1996 0018 2197      		sbiw r28,1
 1997 001a 0C0F      		add r16,r28
 1998 001c 1D1F      		adc r17,r29
 1999               	.LVL218:
 2000 001e 2196      		adiw r28,1
 2001 0020 00C0      		rjmp .L212
 2002               	.L210:
 2003               	.LBB436:
 2004               	.LBB437:
 2005               	.LSM293:
 2006 0022 8091 E800 		lds r24,232
 2007               	.LVL219:
 2008               	.LBE437:
 2009               	.LBE436:
 2010               	.LSM294:
 2011 0026 85FD      		sbrc r24,5
 2012 0028 00C0      		rjmp .L208
 2013               	.LBB438:
 2014               	.LBB439:
 2015               	.LSM295:
 2016 002a 8091 E800 		lds r24,232
 2017 002e 8B77      		andi r24,lo8(123)
 2018 0030 8093 E800 		sts 232,r24
 2019               	.LBE439:
 2020               	.LBE438:
 2021               	.LSM296:
 2022 0034 0E94 0000 		call Endpoint_WaitUntilReady
 2023 0038 8823      		tst r24
 2024 003a 01F0      		breq .L212
 2025               	.LVL220:
 2026 003c 00C0      		rjmp .L209
 2027               	.LVL221:
 2028               	.L208:
 2029               	.LBB440:
 2030               	.LBB441:
 2031               	.LSM297:
 2032 003e 8091 F100 		lds r24,241
 2033               	.LBE441:
 2034               	.LBE440:
 2035               	.LSM298:
 2036 0042 F801      		movw r30,r16
 2037 0044 8083      		st Z,r24
 2038 0046 0150      		subi r16,lo8(-(-1))
 2039 0048 1040      		sbci r17,hi8(-(-1))
 2040               	.LSM299:
 2041 004a 2197      		sbiw r28,1
 2042               	.LVL222:
 2043               	.L212:
 2044               	.LSM300:
 2045 004c 2097      		sbiw r28,0
 2046 004e 01F4      		brne .L210
 2047               	.LVL223:
 2048               	.L206:
 2049 0050 8F2D      		mov r24,r15
 2050               	.L209:
 2051               	.LVL224:
 2052               	/* epilogue start */
 2053               	.LSM301:
 2054 0052 DF91      		pop r29
 2055 0054 CF91      		pop r28
 2056               	.LVL225:
 2057 0056 1F91      		pop r17
 2058 0058 0F91      		pop r16
 2059               	.LVL226:
 2060 005a FF90      		pop r15
 2061               	.LVL227:
 2062 005c 0895      		ret
 2063               	.LFE80:
 2065               		.section	.text.Endpoint_Read_EStream_LE,"ax",@progbits
 2066               	.global	Endpoint_Read_EStream_LE
 2068               	Endpoint_Read_EStream_LE:
 2069               	.LFB79:
 2070               	.LSM302:
 2071               	.LVL228:
 2072 0000 DF92      		push r13
 2073 0002 EF92      		push r14
 2074 0004 FF92      		push r15
 2075 0006 0F93      		push r16
 2076 0008 1F93      		push r17
 2077 000a CF93      		push r28
 2078 000c DF93      		push r29
 2079               	/* prologue: function */
 2080               	/* frame size = 0 */
 2081 000e 8C01      		movw r16,r24
 2082               	.LVL229:
 2083 0010 7B01      		movw r14,r22
 2084               	.LSM303:
 2085 0012 0E94 0000 		call Endpoint_WaitUntilReady
 2086               	.LVL230:
 2087 0016 D82E      		mov r13,r24
 2088               	.LVL231:
 2089 0018 8823      		tst r24
 2090 001a 01F4      		brne .L214
 2091               	.LVL232:
 2092               	.LSM304:
 2093 001c E801      		movw r28,r16
 2094               	.LVL233:
 2095 001e 00C0      		rjmp .L220
 2096               	.LVL234:
 2097               	.L218:
 2098               	.LBB442:
 2099               	.LBB443:
 2100               	.LSM305:
 2101 0020 8091 E800 		lds r24,232
 2102               	.LVL235:
 2103               	.LBE443:
 2104               	.LBE442:
 2105               	.LSM306:
 2106 0024 85FD      		sbrc r24,5
 2107 0026 00C0      		rjmp .L216
 2108               	.LBB444:
 2109               	.LBB445:
 2110               	.LSM307:
 2111 0028 8091 E800 		lds r24,232
 2112 002c 8B77      		andi r24,lo8(123)
 2113 002e 8093 E800 		sts 232,r24
 2114               	.LBE445:
 2115               	.LBE444:
 2116               	.LSM308:
 2117 0032 0E94 0000 		call Endpoint_WaitUntilReady
 2118 0036 8823      		tst r24
 2119 0038 01F0      		breq .L220
 2120               	.LVL236:
 2121 003a 00C0      		rjmp .L217
 2122               	.LVL237:
 2123               	.L216:
 2124               	.LSM309:
 2125 003c 8E01      		movw r16,r28
 2126 003e 0F5F      		subi r16,lo8(-(1))
 2127 0040 1F4F      		sbci r17,hi8(-(1))
 2128               	.LVL238:
 2129               	.LBB446:
 2130               	.LBB447:
 2131               	.LSM310:
 2132 0042 6091 F100 		lds r22,241
 2133               	.LBE447:
 2134               	.LBE446:
 2135               	.LSM311:
 2136 0046 CE01      		movw r24,r28
 2137 0048 0E94 0000 		call __eeupd_byte_usb1287
 2138               	.LSM312:
 2139 004c 0894      		sec
 2140 004e E108      		sbc r14,__zero_reg__
 2141 0050 F108      		sbc r15,__zero_reg__
 2142 0052 E801      		movw r28,r16
 2143               	.LVL239:
 2144               	.L220:
 2145               	.LSM313:
 2146 0054 E114      		cp r14,__zero_reg__
 2147 0056 F104      		cpc r15,__zero_reg__
 2148 0058 01F4      		brne .L218
 2149               	.LVL240:
 2150               	.L214:
 2151 005a 8D2D      		mov r24,r13
 2152               	.L217:
 2153               	.LVL241:
 2154               	/* epilogue start */
 2155               	.LSM314:
 2156 005c DF91      		pop r29
 2157 005e CF91      		pop r28
 2158               	.LVL242:
 2159 0060 1F91      		pop r17
 2160 0062 0F91      		pop r16
 2161               	.LVL243:
 2162 0064 FF90      		pop r15
 2163 0066 EF90      		pop r14
 2164               	.LVL244:
 2165 0068 DF90      		pop r13
 2166               	.LVL245:
 2167 006a 0895      		ret
 2168               	.LFE79:
 2170               		.section	.text.Endpoint_Read_Stream_LE,"ax",@progbits
 2171               	.global	Endpoint_Read_Stream_LE
 2173               	Endpoint_Read_Stream_LE:
 2174               	.LFB78:
 2175               	.LSM315:
 2176               	.LVL246:
 2177 0000 FF92      		push r15
 2178 0002 0F93      		push r16
 2179 0004 1F93      		push r17
 2180 0006 CF93      		push r28
 2181 0008 DF93      		push r29
 2182               	/* prologue: function */
 2183               	/* frame size = 0 */
 2184 000a 182F      		mov r17,r24
 2185 000c 092F      		mov r16,r25
 2186               	.LVL247:
 2187 000e EB01      		movw r28,r22
 2188               	.LSM316:
 2189 0010 0E94 0000 		call Endpoint_WaitUntilReady
 2190               	.LVL248:
 2191 0014 F82E      		mov r15,r24
 2192               	.LVL249:
 2193 0016 8823      		tst r24
 2194 0018 01F4      		brne .L222
 2195               	.LVL250:
 2196               	.LSM317:
 2197 001a 812F      		mov r24,r17
 2198               	.LVL251:
 2199 001c 902F      		mov r25,r16
 2200               	.LVL252:
 2201 001e 9C01      		movw r18,r24
 2202               	.LVL253:
 2203 0020 8901      		movw r16,r18
 2204               	.LVL254:
 2205 0022 00C0      		rjmp .L228
 2206               	.LVL255:
 2207               	.L226:
 2208               	.LBB448:
 2209               	.LBB449:
 2210               	.LSM318:
 2211 0024 8091 E800 		lds r24,232
 2212               	.LBE449:
 2213               	.LBE448:
 2214               	.LSM319:
 2215 0028 85FD      		sbrc r24,5
 2216 002a 00C0      		rjmp .L224
 2217               	.LBB450:
 2218               	.LBB451:
 2219               	.LSM320:
 2220 002c 8091 E800 		lds r24,232
 2221 0030 8B77      		andi r24,lo8(123)
 2222 0032 8093 E800 		sts 232,r24
 2223               	.LBE451:
 2224               	.LBE450:
 2225               	.LSM321:
 2226 0036 0E94 0000 		call Endpoint_WaitUntilReady
 2227               	.LVL256:
 2228 003a 8823      		tst r24
 2229 003c 01F0      		breq .L228
 2230               	.LVL257:
 2231 003e 00C0      		rjmp .L225
 2232               	.LVL258:
 2233               	.L224:
 2234               	.LBB452:
 2235               	.LBB453:
 2236               	.LSM322:
 2237 0040 8091 F100 		lds r24,241
 2238               	.LBE453:
 2239               	.LBE452:
 2240               	.LSM323:
 2241 0044 F801      		movw r30,r16
 2242 0046 8193      		st Z+,r24
 2243 0048 8F01      		movw r16,r30
 2244               	.LSM324:
 2245 004a 2197      		sbiw r28,1
 2246               	.LVL259:
 2247               	.L228:
 2248               	.LSM325:
 2249 004c 2097      		sbiw r28,0
 2250 004e 01F4      		brne .L226
 2251               	.LVL260:
 2252               	.L222:
 2253 0050 8F2D      		mov r24,r15
 2254               	.L225:
 2255               	.LVL261:
 2256               	/* epilogue start */
 2257               	.LSM326:
 2258 0052 DF91      		pop r29
 2259 0054 CF91      		pop r28
 2260               	.LVL262:
 2261 0056 1F91      		pop r17
 2262               	.LVL263:
 2263 0058 0F91      		pop r16
 2264               	.LVL264:
 2265 005a FF90      		pop r15
 2266               	.LVL265:
 2267 005c 0895      		ret
 2268               	.LFE78:
 2270               		.section	.text.Endpoint_Write_PStream_BE,"ax",@progbits
 2271               	.global	Endpoint_Write_PStream_BE
 2273               	Endpoint_Write_PStream_BE:
 2274               	.LFB77:
 2275               	.LSM327:
 2276               	.LVL266:
 2277 0000 FF92      		push r15
 2278 0002 0F93      		push r16
 2279 0004 1F93      		push r17
 2280 0006 CF93      		push r28
 2281 0008 DF93      		push r29
 2282               	/* prologue: function */
 2283               	/* frame size = 0 */
 2284 000a 8C01      		movw r16,r24
 2285 000c EB01      		movw r28,r22
 2286               	.LSM328:
 2287 000e 0E94 0000 		call Endpoint_WaitUntilReady
 2288               	.LVL267:
 2289 0012 F82E      		mov r15,r24
 2290               	.LVL268:
 2291 0014 8823      		tst r24
 2292 0016 01F4      		brne .L230
 2293               	.LVL269:
 2294               	.LSM329:
 2295 0018 2197      		sbiw r28,1
 2296 001a 0C0F      		add r16,r28
 2297 001c 1D1F      		adc r17,r29
 2298               	.LVL270:
 2299 001e 2196      		adiw r28,1
 2300 0020 00C0      		rjmp .L236
 2301               	.LVL271:
 2302               	.L234:
 2303               	.LBB454:
 2304               	.LBB455:
 2305               	.LSM330:
 2306 0022 8091 E800 		lds r24,232
 2307               	.LBE455:
 2308               	.LBE454:
 2309               	.LSM331:
 2310 0026 85FD      		sbrc r24,5
 2311 0028 00C0      		rjmp .L232
 2312               	.LBB456:
 2313               	.LBB457:
 2314               	.LSM332:
 2315 002a 8091 E800 		lds r24,232
 2316 002e 8E77      		andi r24,lo8(126)
 2317 0030 8093 E800 		sts 232,r24
 2318               	.LBE457:
 2319               	.LBE456:
 2320               	.LSM333:
 2321 0034 0E94 0000 		call Endpoint_WaitUntilReady
 2322               	.LVL272:
 2323 0038 8823      		tst r24
 2324 003a 01F0      		breq .L236
 2325               	.LVL273:
 2326 003c 00C0      		rjmp .L233
 2327               	.LVL274:
 2328               	.L232:
 2329               	.LBB458:
 2330               	.LSM334:
 2331 003e F801      		movw r30,r16
 2332               	.LVL275:
 2333 0040 0150      		subi r16,lo8(-(-1))
 2334 0042 1040      		sbci r17,hi8(-(-1))
 2335               	/* #APP */
 2336               	 ;  67 "../../LUFA/Drivers/USB/HighLevel/Template/Template_Endpoint_RW.c" 1
 2337 0044 E491      		lpm r30, Z
 2338               		
 2339               	 ;  0 "" 2
 2340               	.LVL276:
 2341               	/* #NOAPP */
 2342               	.LBE458:
 2343               	.LBB459:
 2344               	.LBB460:
 2345               	.LSM335:
 2346 0046 E093 F100 		sts 241,r30
 2347               	.LBE460:
 2348               	.LBE459:
 2349               	.LSM336:
 2350 004a 2197      		sbiw r28,1
 2351               	.LVL277:
 2352               	.L236:
 2353               	.LSM337:
 2354 004c 2097      		sbiw r28,0
 2355 004e 01F4      		brne .L234
 2356               	.LVL278:
 2357               	.L230:
 2358 0050 8F2D      		mov r24,r15
 2359               	.L233:
 2360               	.LVL279:
 2361               	/* epilogue start */
 2362               	.LSM338:
 2363 0052 DF91      		pop r29
 2364 0054 CF91      		pop r28
 2365               	.LVL280:
 2366 0056 1F91      		pop r17
 2367 0058 0F91      		pop r16
 2368               	.LVL281:
 2369 005a FF90      		pop r15
 2370               	.LVL282:
 2371 005c 0895      		ret
 2372               	.LFE77:
 2374               		.section	.text.Endpoint_Write_EStream_BE,"ax",@progbits
 2375               	.global	Endpoint_Write_EStream_BE
 2377               	Endpoint_Write_EStream_BE:
 2378               	.LFB76:
 2379               	.LSM339:
 2380               	.LVL283:
 2381 0000 DF92      		push r13
 2382 0002 EF92      		push r14
 2383 0004 FF92      		push r15
 2384 0006 0F93      		push r16
 2385 0008 1F93      		push r17
 2386 000a CF93      		push r28
 2387 000c DF93      		push r29
 2388               	/* prologue: function */
 2389               	/* frame size = 0 */
 2390 000e 7C01      		movw r14,r24
 2391 0010 EB01      		movw r28,r22
 2392               	.LSM340:
 2393 0012 0E94 0000 		call Endpoint_WaitUntilReady
 2394               	.LVL284:
 2395 0016 D82E      		mov r13,r24
 2396               	.LVL285:
 2397 0018 8823      		tst r24
 2398 001a 01F4      		brne .L238
 2399               	.LVL286:
 2400               	.LSM341:
 2401 001c 2197      		sbiw r28,1
 2402 001e EC0E      		add r14,r28
 2403 0020 FD1E      		adc r15,r29
 2404               	.LVL287:
 2405 0022 2196      		adiw r28,1
 2406 0024 00C0      		rjmp .L244
 2407               	.LVL288:
 2408               	.L242:
 2409               	.LBB461:
 2410               	.LBB462:
 2411               	.LSM342:
 2412 0026 8091 E800 		lds r24,232
 2413               	.LBE462:
 2414               	.LBE461:
 2415               	.LSM343:
 2416 002a 85FD      		sbrc r24,5
 2417 002c 00C0      		rjmp .L240
 2418               	.LBB463:
 2419               	.LBB464:
 2420               	.LSM344:
 2421 002e 8091 E800 		lds r24,232
 2422 0032 8E77      		andi r24,lo8(126)
 2423 0034 8093 E800 		sts 232,r24
 2424               	.LBE464:
 2425               	.LBE463:
 2426               	.LSM345:
 2427 0038 0E94 0000 		call Endpoint_WaitUntilReady
 2428 003c 8823      		tst r24
 2429 003e 01F0      		breq .L244
 2430               	.LVL289:
 2431 0040 00C0      		rjmp .L241
 2432               	.LVL290:
 2433               	.L240:
 2434               	.LSM346:
 2435 0042 8701      		movw r16,r14
 2436 0044 0150      		subi r16,lo8(-(-1))
 2437 0046 1040      		sbci r17,hi8(-(-1))
 2438               	.LVL291:
 2439 0048 C701      		movw r24,r14
 2440 004a 0E94 0000 		call __eerd_byte_usb1287
 2441               	.LBB465:
 2442               	.LBB466:
 2443               	.LSM347:
 2444 004e 8093 F100 		sts 241,r24
 2445               	.LBE466:
 2446               	.LBE465:
 2447               	.LSM348:
 2448 0052 2197      		sbiw r28,1
 2449 0054 7801      		movw r14,r16
 2450               	.LVL292:
 2451               	.L244:
 2452               	.LSM349:
 2453 0056 2097      		sbiw r28,0
 2454 0058 01F4      		brne .L242
 2455               	.LVL293:
 2456               	.L238:
 2457 005a 8D2D      		mov r24,r13
 2458               	.L241:
 2459               	.LVL294:
 2460               	/* epilogue start */
 2461               	.LSM350:
 2462 005c DF91      		pop r29
 2463 005e CF91      		pop r28
 2464               	.LVL295:
 2465 0060 1F91      		pop r17
 2466 0062 0F91      		pop r16
 2467 0064 FF90      		pop r15
 2468 0066 EF90      		pop r14
 2469               	.LVL296:
 2470 0068 DF90      		pop r13
 2471               	.LVL297:
 2472 006a 0895      		ret
 2473               	.LFE76:
 2475               		.section	.text.Endpoint_Write_Stream_BE,"ax",@progbits
 2476               	.global	Endpoint_Write_Stream_BE
 2478               	Endpoint_Write_Stream_BE:
 2479               	.LFB75:
 2480               	.LSM351:
 2481               	.LVL298:
 2482 0000 FF92      		push r15
 2483 0002 0F93      		push r16
 2484 0004 1F93      		push r17
 2485 0006 CF93      		push r28
 2486 0008 DF93      		push r29
 2487               	/* prologue: function */
 2488               	/* frame size = 0 */
 2489 000a 8C01      		movw r16,r24
 2490 000c EB01      		movw r28,r22
 2491               	.LSM352:
 2492 000e 0E94 0000 		call Endpoint_WaitUntilReady
 2493               	.LVL299:
 2494 0012 F82E      		mov r15,r24
 2495               	.LVL300:
 2496 0014 8823      		tst r24
 2497 0016 01F4      		brne .L246
 2498               	.LVL301:
 2499               	.LSM353:
 2500 0018 2197      		sbiw r28,1
 2501 001a 0C0F      		add r16,r28
 2502 001c 1D1F      		adc r17,r29
 2503               	.LVL302:
 2504 001e 2196      		adiw r28,1
 2505 0020 00C0      		rjmp .L252
 2506               	.L250:
 2507               	.LBB467:
 2508               	.LBB468:
 2509               	.LSM354:
 2510 0022 8091 E800 		lds r24,232
 2511               	.LVL303:
 2512               	.LBE468:
 2513               	.LBE467:
 2514               	.LSM355:
 2515 0026 85FD      		sbrc r24,5
 2516 0028 00C0      		rjmp .L248
 2517               	.LBB469:
 2518               	.LBB470:
 2519               	.LSM356:
 2520 002a 8091 E800 		lds r24,232
 2521 002e 8E77      		andi r24,lo8(126)
 2522 0030 8093 E800 		sts 232,r24
 2523               	.LBE470:
 2524               	.LBE469:
 2525               	.LSM357:
 2526 0034 0E94 0000 		call Endpoint_WaitUntilReady
 2527 0038 8823      		tst r24
 2528 003a 01F0      		breq .L252
 2529               	.LVL304:
 2530 003c 00C0      		rjmp .L249
 2531               	.LVL305:
 2532               	.L248:
 2533               	.LSM358:
 2534 003e F801      		movw r30,r16
 2535 0040 8081      		ld r24,Z
 2536 0042 0150      		subi r16,lo8(-(-1))
 2537 0044 1040      		sbci r17,hi8(-(-1))
 2538               	.LBB471:
 2539               	.LBB472:
 2540               	.LSM359:
 2541 0046 8093 F100 		sts 241,r24
 2542               	.LBE472:
 2543               	.LBE471:
 2544               	.LSM360:
 2545 004a 2197      		sbiw r28,1
 2546               	.LVL306:
 2547               	.L252:
 2548               	.LSM361:
 2549 004c 2097      		sbiw r28,0
 2550 004e 01F4      		brne .L250
 2551               	.LVL307:
 2552               	.L246:
 2553 0050 8F2D      		mov r24,r15
 2554               	.L249:
 2555               	.LVL308:
 2556               	/* epilogue start */
 2557               	.LSM362:
 2558 0052 DF91      		pop r29
 2559 0054 CF91      		pop r28
 2560               	.LVL309:
 2561 0056 1F91      		pop r17
 2562 0058 0F91      		pop r16
 2563               	.LVL310:
 2564 005a FF90      		pop r15
 2565               	.LVL311:
 2566 005c 0895      		ret
 2567               	.LFE75:
 2569               		.section	.text.Endpoint_Write_EStream_LE,"ax",@progbits
 2570               	.global	Endpoint_Write_EStream_LE
 2572               	Endpoint_Write_EStream_LE:
 2573               	.LFB74:
 2574               	.LSM363:
 2575               	.LVL312:
 2576 0000 DF92      		push r13
 2577 0002 EF92      		push r14
 2578 0004 FF92      		push r15
 2579 0006 0F93      		push r16
 2580 0008 1F93      		push r17
 2581 000a CF93      		push r28
 2582 000c DF93      		push r29
 2583               	/* prologue: function */
 2584               	/* frame size = 0 */
 2585 000e 8C01      		movw r16,r24
 2586               	.LVL313:
 2587 0010 7B01      		movw r14,r22
 2588               	.LSM364:
 2589 0012 0E94 0000 		call Endpoint_WaitUntilReady
 2590               	.LVL314:
 2591 0016 D82E      		mov r13,r24
 2592               	.LVL315:
 2593 0018 8823      		tst r24
 2594 001a 01F4      		brne .L254
 2595               	.LVL316:
 2596               	.LSM365:
 2597 001c E801      		movw r28,r16
 2598               	.LVL317:
 2599 001e 00C0      		rjmp .L260
 2600               	.LVL318:
 2601               	.L258:
 2602               	.LBB473:
 2603               	.LBB474:
 2604               	.LSM366:
 2605 0020 8091 E800 		lds r24,232
 2606               	.LVL319:
 2607               	.LBE474:
 2608               	.LBE473:
 2609               	.LSM367:
 2610 0024 85FD      		sbrc r24,5
 2611 0026 00C0      		rjmp .L256
 2612               	.LBB475:
 2613               	.LBB476:
 2614               	.LSM368:
 2615 0028 8091 E800 		lds r24,232
 2616 002c 8E77      		andi r24,lo8(126)
 2617 002e 8093 E800 		sts 232,r24
 2618               	.LBE476:
 2619               	.LBE475:
 2620               	.LSM369:
 2621 0032 0E94 0000 		call Endpoint_WaitUntilReady
 2622 0036 8823      		tst r24
 2623 0038 01F0      		breq .L260
 2624               	.LVL320:
 2625 003a 00C0      		rjmp .L257
 2626               	.LVL321:
 2627               	.L256:
 2628               	.LSM370:
 2629 003c 8E01      		movw r16,r28
 2630 003e 0F5F      		subi r16,lo8(-(1))
 2631 0040 1F4F      		sbci r17,hi8(-(1))
 2632               	.LVL322:
 2633 0042 CE01      		movw r24,r28
 2634 0044 0E94 0000 		call __eerd_byte_usb1287
 2635               	.LBB477:
 2636               	.LBB478:
 2637               	.LSM371:
 2638 0048 8093 F100 		sts 241,r24
 2639               	.LBE478:
 2640               	.LBE477:
 2641               	.LSM372:
 2642 004c 0894      		sec
 2643 004e E108      		sbc r14,__zero_reg__
 2644 0050 F108      		sbc r15,__zero_reg__
 2645 0052 E801      		movw r28,r16
 2646               	.LVL323:
 2647               	.L260:
 2648               	.LSM373:
 2649 0054 E114      		cp r14,__zero_reg__
 2650 0056 F104      		cpc r15,__zero_reg__
 2651 0058 01F4      		brne .L258
 2652               	.LVL324:
 2653               	.L254:
 2654 005a 8D2D      		mov r24,r13
 2655               	.L257:
 2656               	.LVL325:
 2657               	/* epilogue start */
 2658               	.LSM374:
 2659 005c DF91      		pop r29
 2660 005e CF91      		pop r28
 2661               	.LVL326:
 2662 0060 1F91      		pop r17
 2663 0062 0F91      		pop r16
 2664               	.LVL327:
 2665 0064 FF90      		pop r15
 2666 0066 EF90      		pop r14
 2667               	.LVL328:
 2668 0068 DF90      		pop r13
 2669               	.LVL329:
 2670 006a 0895      		ret
 2671               	.LFE74:
 2673               		.section	.text.Endpoint_Write_PStream_LE,"ax",@progbits
 2674               	.global	Endpoint_Write_PStream_LE
 2676               	Endpoint_Write_PStream_LE:
 2677               	.LFB73:
 2678               	.LSM375:
 2679               	.LVL330:
 2680 0000 DF92      		push r13
 2681 0002 EF92      		push r14
 2682 0004 FF92      		push r15
 2683 0006 0F93      		push r16
 2684 0008 1F93      		push r17
 2685 000a CF93      		push r28
 2686 000c DF93      		push r29
 2687               	/* prologue: function */
 2688               	/* frame size = 0 */
 2689 000e F82E      		mov r15,r24
 2690 0010 E92E      		mov r14,r25
 2691               	.LVL331:
 2692 0012 8B01      		movw r16,r22
 2693               	.LSM376:
 2694 0014 0E94 0000 		call Endpoint_WaitUntilReady
 2695               	.LVL332:
 2696 0018 D82E      		mov r13,r24
 2697               	.LVL333:
 2698 001a 8823      		tst r24
 2699 001c 01F4      		brne .L262
 2700               	.LVL334:
 2701               	.LSM377:
 2702 001e 8F2D      		mov r24,r15
 2703               	.LVL335:
 2704 0020 9E2D      		mov r25,r14
 2705               	.LVL336:
 2706 0022 9C01      		movw r18,r24
 2707               	.LVL337:
 2708 0024 E901      		movw r28,r18
 2709               	.LVL338:
 2710 0026 00C0      		rjmp .L268
 2711               	.LVL339:
 2712               	.L266:
 2713               	.LBB479:
 2714               	.LBB480:
 2715               	.LSM378:
 2716 0028 8091 E800 		lds r24,232
 2717               	.LBE480:
 2718               	.LBE479:
 2719               	.LSM379:
 2720 002c 85FD      		sbrc r24,5
 2721 002e 00C0      		rjmp .L264
 2722               	.LBB481:
 2723               	.LBB482:
 2724               	.LSM380:
 2725 0030 8091 E800 		lds r24,232
 2726 0034 8E77      		andi r24,lo8(126)
 2727 0036 8093 E800 		sts 232,r24
 2728               	.LBE482:
 2729               	.LBE481:
 2730               	.LSM381:
 2731 003a 0E94 0000 		call Endpoint_WaitUntilReady
 2732               	.LVL340:
 2733 003e 8823      		tst r24
 2734 0040 01F0      		breq .L268
 2735               	.LVL341:
 2736 0042 00C0      		rjmp .L265
 2737               	.LVL342:
 2738               	.L264:
 2739               	.LBB483:
 2740               	.LSM382:
 2741 0044 FE01      		movw r30,r28
 2742               	.LVL343:
 2743 0046 2196      		adiw r28,1
 2744               	/* #APP */
 2745               	 ;  67 "../../LUFA/Drivers/USB/HighLevel/Template/Template_Endpoint_RW.c" 1
 2746 0048 E491      		lpm r30, Z
 2747               		
 2748               	 ;  0 "" 2
 2749               	.LVL344:
 2750               	/* #NOAPP */
 2751               	.LBE483:
 2752               	.LBB484:
 2753               	.LBB485:
 2754               	.LSM383:
 2755 004a E093 F100 		sts 241,r30
 2756               	.LBE485:
 2757               	.LBE484:
 2758               	.LSM384:
 2759 004e 0150      		subi r16,lo8(-(-1))
 2760 0050 1040      		sbci r17,hi8(-(-1))
 2761               	.LVL345:
 2762               	.L268:
 2763               	.LSM385:
 2764 0052 0115      		cp r16,__zero_reg__
 2765 0054 1105      		cpc r17,__zero_reg__
 2766 0056 01F4      		brne .L266
 2767               	.LVL346:
 2768               	.L262:
 2769 0058 8D2D      		mov r24,r13
 2770               	.L265:
 2771               	.LVL347:
 2772               	/* epilogue start */
 2773               	.LSM386:
 2774 005a DF91      		pop r29
 2775 005c CF91      		pop r28
 2776               	.LVL348:
 2777 005e 1F91      		pop r17
 2778 0060 0F91      		pop r16
 2779               	.LVL349:
 2780 0062 FF90      		pop r15
 2781               	.LVL350:
 2782 0064 EF90      		pop r14
 2783               	.LVL351:
 2784 0066 DF90      		pop r13
 2785               	.LVL352:
 2786 0068 0895      		ret
 2787               	.LFE73:
 2789               		.section	.text.Endpoint_Write_Stream_LE,"ax",@progbits
 2790               	.global	Endpoint_Write_Stream_LE
 2792               	Endpoint_Write_Stream_LE:
 2793               	.LFB72:
 2794               	.LSM387:
 2795               	.LVL353:
 2796 0000 FF92      		push r15
 2797 0002 0F93      		push r16
 2798 0004 1F93      		push r17
 2799 0006 CF93      		push r28
 2800 0008 DF93      		push r29
 2801               	/* prologue: function */
 2802               	/* frame size = 0 */
 2803 000a 182F      		mov r17,r24
 2804 000c 092F      		mov r16,r25
 2805               	.LVL354:
 2806 000e EB01      		movw r28,r22
 2807               	.LSM388:
 2808 0010 0E94 0000 		call Endpoint_WaitUntilReady
 2809               	.LVL355:
 2810 0014 F82E      		mov r15,r24
 2811               	.LVL356:
 2812 0016 8823      		tst r24
 2813 0018 01F4      		brne .L270
 2814               	.LVL357:
 2815               	.LSM389:
 2816 001a 812F      		mov r24,r17
 2817               	.LVL358:
 2818 001c 902F      		mov r25,r16
 2819               	.LVL359:
 2820 001e 9C01      		movw r18,r24
 2821               	.LVL360:
 2822 0020 8901      		movw r16,r18
 2823               	.LVL361:
 2824 0022 00C0      		rjmp .L276
 2825               	.LVL362:
 2826               	.L274:
 2827               	.LBB486:
 2828               	.LBB487:
 2829               	.LSM390:
 2830 0024 8091 E800 		lds r24,232
 2831               	.LBE487:
 2832               	.LBE486:
 2833               	.LSM391:
 2834 0028 85FD      		sbrc r24,5
 2835 002a 00C0      		rjmp .L272
 2836               	.LBB488:
 2837               	.LBB489:
 2838               	.LSM392:
 2839 002c 8091 E800 		lds r24,232
 2840 0030 8E77      		andi r24,lo8(126)
 2841 0032 8093 E800 		sts 232,r24
 2842               	.LBE489:
 2843               	.LBE488:
 2844               	.LSM393:
 2845 0036 0E94 0000 		call Endpoint_WaitUntilReady
 2846               	.LVL363:
 2847 003a 8823      		tst r24
 2848 003c 01F0      		breq .L276
 2849               	.LVL364:
 2850 003e 00C0      		rjmp .L273
 2851               	.LVL365:
 2852               	.L272:
 2853               	.LSM394:
 2854 0040 F801      		movw r30,r16
 2855 0042 8191      		ld r24,Z+
 2856 0044 8F01      		movw r16,r30
 2857               	.LBB490:
 2858               	.LBB491:
 2859               	.LSM395:
 2860 0046 8093 F100 		sts 241,r24
 2861               	.LBE491:
 2862               	.LBE490:
 2863               	.LSM396:
 2864 004a 2197      		sbiw r28,1
 2865               	.LVL366:
 2866               	.L276:
 2867               	.LSM397:
 2868 004c 2097      		sbiw r28,0
 2869 004e 01F4      		brne .L274
 2870               	.LVL367:
 2871               	.L270:
 2872 0050 8F2D      		mov r24,r15
 2873               	.L273:
 2874               	.LVL368:
 2875               	/* epilogue start */
 2876               	.LSM398:
 2877 0052 DF91      		pop r29
 2878 0054 CF91      		pop r28
 2879               	.LVL369:
 2880 0056 1F91      		pop r17
 2881               	.LVL370:
 2882 0058 0F91      		pop r16
 2883               	.LVL371:
 2884 005a FF90      		pop r15
 2885               	.LVL372:
 2886 005c 0895      		ret
 2887               	.LFE72:
 2889               		.section	.text.Endpoint_Discard_Stream,"ax",@progbits
 2890               	.global	Endpoint_Discard_Stream
 2892               	Endpoint_Discard_Stream:
 2893               	.LFB71:
 2894               	.LSM399:
 2895               	.LVL373:
 2896 0000 1F93      		push r17
 2897 0002 CF93      		push r28
 2898 0004 DF93      		push r29
 2899               	/* prologue: function */
 2900               	/* frame size = 0 */
 2901 0006 EC01      		movw r28,r24
 2902               	.LSM400:
 2903 0008 0E94 0000 		call Endpoint_WaitUntilReady
 2904               	.LVL374:
 2905 000c 182F      		mov r17,r24
 2906               	.LVL375:
 2907 000e 8823      		tst r24
 2908 0010 01F0      		breq .L284
 2909               	.LVL376:
 2910 0012 00C0      		rjmp .L278
 2911               	.LVL377:
 2912               	.L282:
 2913               	.LBB492:
 2914               	.LBB493:
 2915               	.LSM401:
 2916 0014 8091 E800 		lds r24,232
 2917               	.LVL378:
 2918               	.LBE493:
 2919               	.LBE492:
 2920               	.LSM402:
 2921 0018 85FD      		sbrc r24,5
 2922 001a 00C0      		rjmp .L280
 2923               	.LBB494:
 2924               	.LBB495:
 2925               	.LSM403:
 2926 001c 8091 E800 		lds r24,232
 2927 0020 8B77      		andi r24,lo8(123)
 2928 0022 8093 E800 		sts 232,r24
 2929               	.LBE495:
 2930               	.LBE494:
 2931               	.LSM404:
 2932 0026 0E94 0000 		call Endpoint_WaitUntilReady
 2933 002a 8823      		tst r24
 2934 002c 01F0      		breq .L284
 2935               	.LVL379:
 2936 002e 00C0      		rjmp .L281
 2937               	.LVL380:
 2938               	.L280:
 2939               	.LBB496:
 2940               	.LBB497:
 2941               	.LSM405:
 2942 0030 8091 F100 		lds r24,241
 2943               	.LVL381:
 2944               	.LBE497:
 2945               	.LBE496:
 2946               	.LSM406:
 2947 0034 2197      		sbiw r28,1
 2948               	.LVL382:
 2949               	.L284:
 2950               	.LSM407:
 2951 0036 2097      		sbiw r28,0
 2952 0038 01F4      		brne .L282
 2953               	.L278:
 2954 003a 812F      		mov r24,r17
 2955               	.LVL383:
 2956               	.L281:
 2957               	.LVL384:
 2958               	/* epilogue start */
 2959               	.LSM408:
 2960 003c DF91      		pop r29
 2961 003e CF91      		pop r28
 2962               	.LVL385:
 2963 0040 1F91      		pop r17
 2964               	.LVL386:
 2965 0042 0895      		ret
 2966               	.LFE71:
 3152               	.Letext0:
DEFINED SYMBOLS
                            *ABS*:00000000 EndpointStream.c
/var/folders/fy/fkrt37kj6jd3by75mtf4gsxr0000gn/T//cco2mEcP.s:2      *ABS*:0000003f __SREG__
/var/folders/fy/fkrt37kj6jd3by75mtf4gsxr0000gn/T//cco2mEcP.s:3      *ABS*:0000003e __SP_H__
/var/folders/fy/fkrt37kj6jd3by75mtf4gsxr0000gn/T//cco2mEcP.s:4      *ABS*:0000003d __SP_L__
/var/folders/fy/fkrt37kj6jd3by75mtf4gsxr0000gn/T//cco2mEcP.s:5      *ABS*:00000034 __CCP__
/var/folders/fy/fkrt37kj6jd3by75mtf4gsxr0000gn/T//cco2mEcP.s:6      *ABS*:00000000 __tmp_reg__
/var/folders/fy/fkrt37kj6jd3by75mtf4gsxr0000gn/T//cco2mEcP.s:7      *ABS*:00000001 __zero_reg__
/var/folders/fy/fkrt37kj6jd3by75mtf4gsxr0000gn/T//cco2mEcP.s:19     .text.Endpoint_Write_Control_Stream_LE:00000000 Endpoint_Write_Control_Stream_LE
/var/folders/fy/fkrt37kj6jd3by75mtf4gsxr0000gn/T//cco2mEcP.s:207    .text.Endpoint_Write_Control_PStream_LE:00000000 Endpoint_Write_Control_PStream_LE
/var/folders/fy/fkrt37kj6jd3by75mtf4gsxr0000gn/T//cco2mEcP.s:406    .text.Endpoint_Write_Control_Stream_BE:00000000 Endpoint_Write_Control_Stream_BE
/var/folders/fy/fkrt37kj6jd3by75mtf4gsxr0000gn/T//cco2mEcP.s:601    .text.Endpoint_Write_Control_PStream_BE:00000000 Endpoint_Write_Control_PStream_BE
/var/folders/fy/fkrt37kj6jd3by75mtf4gsxr0000gn/T//cco2mEcP.s:808    .text.Endpoint_Read_Control_Stream_LE:00000000 Endpoint_Read_Control_Stream_LE
/var/folders/fy/fkrt37kj6jd3by75mtf4gsxr0000gn/T//cco2mEcP.s:951    .text.Endpoint_Read_Control_Stream_BE:00000000 Endpoint_Read_Control_Stream_BE
/var/folders/fy/fkrt37kj6jd3by75mtf4gsxr0000gn/T//cco2mEcP.s:1107   .text.Endpoint_Read_Control_EStream_BE:00000000 Endpoint_Read_Control_EStream_BE
/var/folders/fy/fkrt37kj6jd3by75mtf4gsxr0000gn/T//cco2mEcP.s:1285   .text.Endpoint_Read_Control_EStream_LE:00000000 Endpoint_Read_Control_EStream_LE
/var/folders/fy/fkrt37kj6jd3by75mtf4gsxr0000gn/T//cco2mEcP.s:1446   .text.Endpoint_Write_Control_EStream_BE:00000000 Endpoint_Write_Control_EStream_BE
/var/folders/fy/fkrt37kj6jd3by75mtf4gsxr0000gn/T//cco2mEcP.s:1663   .text.Endpoint_Write_Control_EStream_LE:00000000 Endpoint_Write_Control_EStream_LE
/var/folders/fy/fkrt37kj6jd3by75mtf4gsxr0000gn/T//cco2mEcP.s:1872   .text.Endpoint_Read_EStream_BE:00000000 Endpoint_Read_EStream_BE
/var/folders/fy/fkrt37kj6jd3by75mtf4gsxr0000gn/T//cco2mEcP.s:1974   .text.Endpoint_Read_Stream_BE:00000000 Endpoint_Read_Stream_BE
/var/folders/fy/fkrt37kj6jd3by75mtf4gsxr0000gn/T//cco2mEcP.s:2068   .text.Endpoint_Read_EStream_LE:00000000 Endpoint_Read_EStream_LE
/var/folders/fy/fkrt37kj6jd3by75mtf4gsxr0000gn/T//cco2mEcP.s:2173   .text.Endpoint_Read_Stream_LE:00000000 Endpoint_Read_Stream_LE
/var/folders/fy/fkrt37kj6jd3by75mtf4gsxr0000gn/T//cco2mEcP.s:2273   .text.Endpoint_Write_PStream_BE:00000000 Endpoint_Write_PStream_BE
/var/folders/fy/fkrt37kj6jd3by75mtf4gsxr0000gn/T//cco2mEcP.s:2377   .text.Endpoint_Write_EStream_BE:00000000 Endpoint_Write_EStream_BE
/var/folders/fy/fkrt37kj6jd3by75mtf4gsxr0000gn/T//cco2mEcP.s:2478   .text.Endpoint_Write_Stream_BE:00000000 Endpoint_Write_Stream_BE
/var/folders/fy/fkrt37kj6jd3by75mtf4gsxr0000gn/T//cco2mEcP.s:2572   .text.Endpoint_Write_EStream_LE:00000000 Endpoint_Write_EStream_LE
/var/folders/fy/fkrt37kj6jd3by75mtf4gsxr0000gn/T//cco2mEcP.s:2676   .text.Endpoint_Write_PStream_LE:00000000 Endpoint_Write_PStream_LE
/var/folders/fy/fkrt37kj6jd3by75mtf4gsxr0000gn/T//cco2mEcP.s:2792   .text.Endpoint_Write_Stream_LE:00000000 Endpoint_Write_Stream_LE
/var/folders/fy/fkrt37kj6jd3by75mtf4gsxr0000gn/T//cco2mEcP.s:2892   .text.Endpoint_Discard_Stream:00000000 Endpoint_Discard_Stream

UNDEFINED SYMBOLS
USB_ControlRequest
__eeupd_byte_usb1287
__eerd_byte_usb1287
Endpoint_WaitUntilReady
