   1               		.file	"missionControl.c"
   2               	__SREG__ = 0x3f
   3               	__SP_H__ = 0x3e
   4               	__SP_L__ = 0x3d
   5               	__CCP__  = 0x34
   6               	__tmp_reg__ = 0
   7               	__zero_reg__ = 1
  15               	.Ltext0:
  16               	.global	scan_pots
  18               	scan_pots:
  19               	.LFB6:
  20               	.LM1:
  21 0000 0F93      		push r16
  22 0002 1F93      		push r17
  23               	/* prologue: function */
  24               	/* frame size = 0 */
  25               	.LM2:
  26 0004 00E0      		ldi r16,lo8(0)
  27               	.LVL0:
  28 0006 00C0      		rjmp .L2
  29               	.LVL1:
  30               	.L7:
  31               	.LM3:
  32 0008 812F      		mov r24,r17
  33 000a 00D0      		rcall mux_channelSelect
  34               	.LM4:
  35 000c 802F      		mov r24,r16
  36 000e 00D0      		rcall adc_startConversion
  37               	.LM5:
  38 0010 0023      		tst r16
  39 0012 01F4      		brne .L3
  40               	.LM6:
  41 0014 1123      		tst r17
  42 0016 01F4      		brne .L4
  43               	.LM7:
  44 0018 00D0      		rcall adc_read
  45 001a 9093 0000 		sts (pot_1)+1,r25
  46 001e 8093 0000 		sts pot_1,r24
  47 0022 00C0      		rjmp .L5
  48               	.L4:
  49               	.LM8:
  50 0024 1130      		cpi r17,lo8(1)
  51 0026 01F4      		brne .L3
  52               	.LM9:
  53 0028 00D0      		rcall adc_read
  54 002a 9093 0000 		sts (pot_2)+1,r25
  55 002e 8093 0000 		sts pot_2,r24
  56 0032 00C0      		rjmp .L5
  57               	.L3:
  58               	.LM10:
  59 0034 00D0      		rcall adc_read
  60               	.L5:
  61               	.LM11:
  62 0036 1F5F      		subi r17,lo8(-(1))
  63 0038 1031      		cpi r17,lo8(16)
  64 003a 01F4      		brne .L7
  65               	.LM12:
  66 003c 0F5F      		subi r16,lo8(-(1))
  67 003e 0330      		cpi r16,lo8(3)
  68 0040 01F0      		breq .L9
  69               	.L2:
  70 0042 10E0      		ldi r17,lo8(0)
  71 0044 00C0      		rjmp .L7
  72               	.L9:
  73               	/* epilogue start */
  74               	.LM13:
  75 0046 1F91      		pop r17
  76               	.LVL2:
  77 0048 0F91      		pop r16
  78               	.LVL3:
  79 004a 0895      		ret
  80               	.LFE6:
  82               		.data
  83               	.LC0:
  84 0000 4144 4320 		.string	"ADC = %i"
  84      3D20 2569 
  84      00
  85               		.text
  86               	.global	main
  88               	main:
  89               	.LFB7:
  90               	.LM14:
  91 004c CF92      		push r12
  92 004e DF92      		push r13
  93 0050 EF92      		push r14
  94 0052 FF92      		push r15
  95 0054 0F93      		push r16
  96 0056 1F93      		push r17
  97 0058 CF93      		push r28
  98 005a DF93      		push r29
  99               	/* prologue: function */
 100               	/* frame size = 0 */
 101               	.LM15:
 102 005c BF9A      		sbi 55-32,7
 103               	.LM16:
 104 005e C798      		cbi 56-32,7
 105               	.LM17:
 106 0060 8CE0      		ldi r24,lo8(12)
 107 0062 00D0      		rcall lcd_init
 108               	.LM18:
 109 0064 00D0      		rcall lcd_clrscr
 110               	.LM19:
 111 0066 86E0      		ldi r24,lo8(16390)
 112 0068 90E4      		ldi r25,hi8(16390)
 113 006a 00D0      		rcall adc_init
 114               	.LM20:
 115 006c 00D0      		rcall mux_init
 116               	.LM21:
 117 006e EE24      		clr r14
 118 0070 E394      		inc r14
 119 0072 90E0      		ldi r25,lo8(.LC0)
 120 0074 C92E      		mov r12,r25
 121 0076 90E0      		ldi r25,hi8(.LC0)
 122 0078 D92E      		mov r13,r25
 123               	.LM22:
 124 007a 82E0      		ldi r24,lo8(2)
 125 007c F82E      		mov r15,r24
 126               	.LBB12:
 127               	.LBB13:
 128               	.LBB14:
 129               	.LBB15:
 130               	.LM23:
 131 007e 09E1      		ldi r16,lo8(25)
 132 0080 10E0      		ldi r17,hi8(25)
 133               	.LVL4:
 134               	.L13:
 135               	.LBE15:
 136               	.LBE14:
 137               	.LBE13:
 138               	.LBE12:
 139               	.LM24:
 140 0082 C79A      		sbi 56-32,7
 141               	.LM25:
 142 0084 00D0      		rcall scan_pots
 143               	.LVL5:
 144               	.LM26:
 145 0086 C798      		cbi 56-32,7
 146               	.LM27:
 147 0088 00D0      		rcall lcd_clrscr
 148               	.LM28:
 149 008a E091 0000 		lds r30,pot_1
 150 008e F091 0000 		lds r31,(pot_1)+1
 151 0092 00D0      		rcall .
 152 0094 00D0      		rcall .
 153 0096 0F92      		push __tmp_reg__
 154 0098 ADB7      		in r26,__SP_L__
 155 009a BEB7      		in r27,__SP_H__
 156 009c 1196      		adiw r26,1
 157 009e CDB7      		in r28,__SP_L__
 158 00a0 DEB7      		in r29,__SP_H__
 159 00a2 E982      		std Y+1,r14
 160 00a4 1296      		adiw r26,1+1
 161 00a6 DC92      		st X,r13
 162 00a8 CE92      		st -X,r12
 163 00aa 1197      		sbiw r26,1
 164 00ac E050      		subi r30,lo8(-(pot_linear))
 165 00ae F040      		sbci r31,hi8(-(pot_linear))
 166 00b0 8081      		ld r24,Z
 167 00b2 1396      		adiw r26,3
 168 00b4 8C93      		st X,r24
 169 00b6 1397      		sbiw r26,3
 170 00b8 1496      		adiw r26,4
 171 00ba 1C92      		st X,__zero_reg__
 172 00bc 00D0      		rcall lcdText_printf
 173               	.LM29:
 174 00be E091 0000 		lds r30,pot_2
 175 00c2 F091 0000 		lds r31,(pot_2)+1
 176 00c6 ADB7      		in r26,__SP_L__
 177 00c8 BEB7      		in r27,__SP_H__
 178 00ca 1196      		adiw r26,1
 179 00cc CDB7      		in r28,__SP_L__
 180 00ce DEB7      		in r29,__SP_H__
 181 00d0 F982      		std Y+1,r15
 182 00d2 1296      		adiw r26,1+1
 183 00d4 DC92      		st X,r13
 184 00d6 CE92      		st -X,r12
 185 00d8 1197      		sbiw r26,1
 186 00da E050      		subi r30,lo8(-(pot_steps))
 187 00dc F040      		sbci r31,hi8(-(pot_steps))
 188 00de 8081      		ld r24,Z
 189 00e0 1396      		adiw r26,3
 190 00e2 8C93      		st X,r24
 191 00e4 1397      		sbiw r26,3
 192 00e6 1496      		adiw r26,4
 193 00e8 1C92      		st X,__zero_reg__
 194 00ea 00D0      		rcall lcdText_printf
 195 00ec 8FEF      		ldi r24,lo8(-1)
 196 00ee 9FEF      		ldi r25,hi8(-1)
 197               	.LVL6:
 198 00f0 0F90      		pop __tmp_reg__
 199 00f2 0F90      		pop __tmp_reg__
 200 00f4 0F90      		pop __tmp_reg__
 201 00f6 0F90      		pop __tmp_reg__
 202 00f8 0F90      		pop __tmp_reg__
 203               	.L12:
 204               	.LBB19:
 205               	.LBB18:
 206               	.LBB17:
 207               	.LBB16:
 208               	.LM30:
 209 00fa F801      		movw r30,r16
 210               	.LVL7:
 211               	/* #APP */
 212               	 ;  105 "/usr/lib/gcc/avr/4.3.5/../../../avr/include/util/delay_basic.h" 1
 213 00fc 3197      		1: sbiw r30,1
 214 00fe 01F4      		brne 1b
 215               	 ;  0 "" 2
 216               	/* #NOAPP */
 217               	.LBE16:
 218               	.LBE17:
 219               	.LM31:
 220 0100 0197      		sbiw r24,1
 221               	.LM32:
 222 0102 01F4      		brne .L12
 223 0104 00C0      		rjmp .L13
 224               	.LBE18:
 225               	.LBE19:
 226               	.LFE7:
 228               	.global	pot_steps
 229               		.data
 232               	pot_steps:
 233 0009 00        		.byte	0
 234 000a 00        		.byte	0
 235 000b 00        		.byte	0
 236 000c 00        		.byte	0
 237 000d 00        		.byte	0
 238 000e 00        		.byte	0
 239 000f 00        		.byte	0
 240 0010 00        		.byte	0
 241 0011 00        		.byte	0
 242 0012 00        		.byte	0
 243 0013 00        		.byte	0
 244 0014 00        		.byte	0
 245 0015 00        		.byte	0
 246 0016 00        		.byte	0
 247 0017 00        		.byte	0
 248 0018 00        		.byte	0
 249 0019 00        		.byte	0
 250 001a 00        		.byte	0
 251 001b 00        		.byte	0
 252 001c 00        		.byte	0
 253 001d 00        		.byte	0
 254 001e 00        		.byte	0
 255 001f 00        		.byte	0
 256 0020 00        		.byte	0
 257 0021 00        		.byte	0
 258 0022 00        		.byte	0
 259 0023 00        		.byte	0
 260 0024 00        		.byte	0
 261 0025 00        		.byte	0
 262 0026 00        		.byte	0
 263 0027 00        		.byte	0
 264 0028 00        		.byte	0
 265 0029 00        		.byte	0
 266 002a 00        		.byte	0
 267 002b 00        		.byte	0
 268 002c 00        		.byte	0
 269 002d 00        		.byte	0
 270 002e 00        		.byte	0
 271 002f 00        		.byte	0
 272 0030 00        		.byte	0
 273 0031 00        		.byte	0
 274 0032 00        		.byte	0
 275 0033 00        		.byte	0
 276 0034 00        		.byte	0
 277 0035 00        		.byte	0
 278 0036 00        		.byte	0
 279 0037 00        		.byte	0
 280 0038 00        		.byte	0
 281 0039 00        		.byte	0
 282 003a 00        		.byte	0
 283 003b 00        		.byte	0
 284 003c 00        		.byte	0
 285 003d 00        		.byte	0
 286 003e 00        		.byte	0
 287 003f 00        		.byte	0
 288 0040 00        		.byte	0
 289 0041 00        		.byte	0
 290 0042 00        		.byte	0
 291 0043 00        		.byte	0
 292 0044 00        		.byte	0
 293 0045 00        		.byte	0
 294 0046 00        		.byte	0
 295 0047 00        		.byte	0
 296 0048 00        		.byte	0
 297 0049 00        		.byte	0
 298 004a 00        		.byte	0
 299 004b 10        		.byte	16
 300 004c 10        		.byte	16
 301 004d 10        		.byte	16
 302 004e 10        		.byte	16
 303 004f 10        		.byte	16
 304 0050 10        		.byte	16
 305 0051 10        		.byte	16
 306 0052 10        		.byte	16
 307 0053 10        		.byte	16
 308 0054 10        		.byte	16
 309 0055 10        		.byte	16
 310 0056 10        		.byte	16
 311 0057 10        		.byte	16
 312 0058 10        		.byte	16
 313 0059 10        		.byte	16
 314 005a 10        		.byte	16
 315 005b 10        		.byte	16
 316 005c 10        		.byte	16
 317 005d 10        		.byte	16
 318 005e 10        		.byte	16
 319 005f 10        		.byte	16
 320 0060 10        		.byte	16
 321 0061 10        		.byte	16
 322 0062 10        		.byte	16
 323 0063 10        		.byte	16
 324 0064 10        		.byte	16
 325 0065 10        		.byte	16
 326 0066 10        		.byte	16
 327 0067 10        		.byte	16
 328 0068 10        		.byte	16
 329 0069 10        		.byte	16
 330 006a 10        		.byte	16
 331 006b 10        		.byte	16
 332 006c 10        		.byte	16
 333 006d 10        		.byte	16
 334 006e 10        		.byte	16
 335 006f 10        		.byte	16
 336 0070 10        		.byte	16
 337 0071 10        		.byte	16
 338 0072 10        		.byte	16
 339 0073 10        		.byte	16
 340 0074 10        		.byte	16
 341 0075 10        		.byte	16
 342 0076 10        		.byte	16
 343 0077 10        		.byte	16
 344 0078 10        		.byte	16
 345 0079 10        		.byte	16
 346 007a 10        		.byte	16
 347 007b 10        		.byte	16
 348 007c 10        		.byte	16
 349 007d 10        		.byte	16
 350 007e 10        		.byte	16
 351 007f 10        		.byte	16
 352 0080 10        		.byte	16
 353 0081 10        		.byte	16
 354 0082 10        		.byte	16
 355 0083 10        		.byte	16
 356 0084 10        		.byte	16
 357 0085 10        		.byte	16
 358 0086 10        		.byte	16
 359 0087 10        		.byte	16
 360 0088 10        		.byte	16
 361 0089 10        		.byte	16
 362 008a 10        		.byte	16
 363 008b 20        		.byte	32
 364 008c 20        		.byte	32
 365 008d 20        		.byte	32
 366 008e 20        		.byte	32
 367 008f 20        		.byte	32
 368 0090 20        		.byte	32
 369 0091 20        		.byte	32
 370 0092 20        		.byte	32
 371 0093 20        		.byte	32
 372 0094 20        		.byte	32
 373 0095 20        		.byte	32
 374 0096 20        		.byte	32
 375 0097 20        		.byte	32
 376 0098 20        		.byte	32
 377 0099 20        		.byte	32
 378 009a 20        		.byte	32
 379 009b 20        		.byte	32
 380 009c 20        		.byte	32
 381 009d 20        		.byte	32
 382 009e 20        		.byte	32
 383 009f 20        		.byte	32
 384 00a0 20        		.byte	32
 385 00a1 20        		.byte	32
 386 00a2 20        		.byte	32
 387 00a3 20        		.byte	32
 388 00a4 20        		.byte	32
 389 00a5 20        		.byte	32
 390 00a6 20        		.byte	32
 391 00a7 20        		.byte	32
 392 00a8 20        		.byte	32
 393 00a9 20        		.byte	32
 394 00aa 20        		.byte	32
 395 00ab 20        		.byte	32
 396 00ac 20        		.byte	32
 397 00ad 20        		.byte	32
 398 00ae 20        		.byte	32
 399 00af 20        		.byte	32
 400 00b0 20        		.byte	32
 401 00b1 20        		.byte	32
 402 00b2 20        		.byte	32
 403 00b3 20        		.byte	32
 404 00b4 20        		.byte	32
 405 00b5 20        		.byte	32
 406 00b6 20        		.byte	32
 407 00b7 20        		.byte	32
 408 00b8 20        		.byte	32
 409 00b9 20        		.byte	32
 410 00ba 20        		.byte	32
 411 00bb 20        		.byte	32
 412 00bc 20        		.byte	32
 413 00bd 20        		.byte	32
 414 00be 20        		.byte	32
 415 00bf 20        		.byte	32
 416 00c0 20        		.byte	32
 417 00c1 20        		.byte	32
 418 00c2 20        		.byte	32
 419 00c3 20        		.byte	32
 420 00c4 20        		.byte	32
 421 00c5 20        		.byte	32
 422 00c6 20        		.byte	32
 423 00c7 20        		.byte	32
 424 00c8 20        		.byte	32
 425 00c9 20        		.byte	32
 426 00ca 20        		.byte	32
 427 00cb 20        		.byte	32
 428 00cc 20        		.byte	32
 429 00cd 20        		.byte	32
 430 00ce 20        		.byte	32
 431 00cf 20        		.byte	32
 432 00d0 20        		.byte	32
 433 00d1 20        		.byte	32
 434 00d2 20        		.byte	32
 435 00d3 20        		.byte	32
 436 00d4 20        		.byte	32
 437 00d5 20        		.byte	32
 438 00d6 20        		.byte	32
 439 00d7 20        		.byte	32
 440 00d8 20        		.byte	32
 441 00d9 20        		.byte	32
 442 00da 20        		.byte	32
 443 00db 20        		.byte	32
 444 00dc 20        		.byte	32
 445 00dd 20        		.byte	32
 446 00de 20        		.byte	32
 447 00df 20        		.byte	32
 448 00e0 20        		.byte	32
 449 00e1 20        		.byte	32
 450 00e2 20        		.byte	32
 451 00e3 20        		.byte	32
 452 00e4 20        		.byte	32
 453 00e5 20        		.byte	32
 454 00e6 20        		.byte	32
 455 00e7 20        		.byte	32
 456 00e8 20        		.byte	32
 457 00e9 20        		.byte	32
 458 00ea 20        		.byte	32
 459 00eb 20        		.byte	32
 460 00ec 20        		.byte	32
 461 00ed 20        		.byte	32
 462 00ee 20        		.byte	32
 463 00ef 20        		.byte	32
 464 00f0 20        		.byte	32
 465 00f1 20        		.byte	32
 466 00f2 20        		.byte	32
 467 00f3 20        		.byte	32
 468 00f4 20        		.byte	32
 469 00f5 20        		.byte	32
 470 00f6 20        		.byte	32
 471 00f7 20        		.byte	32
 472 00f8 20        		.byte	32
 473 00f9 20        		.byte	32
 474 00fa 20        		.byte	32
 475 00fb 20        		.byte	32
 476 00fc 20        		.byte	32
 477 00fd 20        		.byte	32
 478 00fe 20        		.byte	32
 479 00ff 20        		.byte	32
 480 0100 20        		.byte	32
 481 0101 20        		.byte	32
 482 0102 20        		.byte	32
 483 0103 20        		.byte	32
 484 0104 20        		.byte	32
 485 0105 20        		.byte	32
 486 0106 20        		.byte	32
 487 0107 20        		.byte	32
 488 0108 20        		.byte	32
 489 0109 20        		.byte	32
 490 010a 20        		.byte	32
 491 010b 40        		.byte	64
 492 010c 40        		.byte	64
 493 010d 40        		.byte	64
 494 010e 40        		.byte	64
 495 010f 40        		.byte	64
 496 0110 40        		.byte	64
 497 0111 40        		.byte	64
 498 0112 40        		.byte	64
 499 0113 40        		.byte	64
 500 0114 40        		.byte	64
 501 0115 40        		.byte	64
 502 0116 40        		.byte	64
 503 0117 40        		.byte	64
 504 0118 40        		.byte	64
 505 0119 40        		.byte	64
 506 011a 40        		.byte	64
 507 011b 40        		.byte	64
 508 011c 40        		.byte	64
 509 011d 40        		.byte	64
 510 011e 40        		.byte	64
 511 011f 40        		.byte	64
 512 0120 40        		.byte	64
 513 0121 40        		.byte	64
 514 0122 40        		.byte	64
 515 0123 40        		.byte	64
 516 0124 40        		.byte	64
 517 0125 40        		.byte	64
 518 0126 40        		.byte	64
 519 0127 40        		.byte	64
 520 0128 40        		.byte	64
 521 0129 40        		.byte	64
 522 012a 40        		.byte	64
 523 012b 40        		.byte	64
 524 012c 40        		.byte	64
 525 012d 40        		.byte	64
 526 012e 40        		.byte	64
 527 012f 40        		.byte	64
 528 0130 40        		.byte	64
 529 0131 40        		.byte	64
 530 0132 40        		.byte	64
 531 0133 40        		.byte	64
 532 0134 40        		.byte	64
 533 0135 40        		.byte	64
 534 0136 40        		.byte	64
 535 0137 40        		.byte	64
 536 0138 40        		.byte	64
 537 0139 40        		.byte	64
 538 013a 40        		.byte	64
 539 013b 40        		.byte	64
 540 013c 40        		.byte	64
 541 013d 40        		.byte	64
 542 013e 40        		.byte	64
 543 013f 40        		.byte	64
 544 0140 40        		.byte	64
 545 0141 40        		.byte	64
 546 0142 40        		.byte	64
 547 0143 40        		.byte	64
 548 0144 40        		.byte	64
 549 0145 40        		.byte	64
 550 0146 40        		.byte	64
 551 0147 40        		.byte	64
 552 0148 40        		.byte	64
 553 0149 40        		.byte	64
 554 014a 40        		.byte	64
 555 014b 40        		.byte	64
 556 014c 40        		.byte	64
 557 014d 40        		.byte	64
 558 014e 40        		.byte	64
 559 014f 40        		.byte	64
 560 0150 40        		.byte	64
 561 0151 40        		.byte	64
 562 0152 40        		.byte	64
 563 0153 40        		.byte	64
 564 0154 40        		.byte	64
 565 0155 40        		.byte	64
 566 0156 40        		.byte	64
 567 0157 40        		.byte	64
 568 0158 40        		.byte	64
 569 0159 40        		.byte	64
 570 015a 40        		.byte	64
 571 015b 40        		.byte	64
 572 015c 40        		.byte	64
 573 015d 40        		.byte	64
 574 015e 40        		.byte	64
 575 015f 40        		.byte	64
 576 0160 40        		.byte	64
 577 0161 40        		.byte	64
 578 0162 40        		.byte	64
 579 0163 40        		.byte	64
 580 0164 40        		.byte	64
 581 0165 40        		.byte	64
 582 0166 40        		.byte	64
 583 0167 40        		.byte	64
 584 0168 40        		.byte	64
 585 0169 40        		.byte	64
 586 016a 40        		.byte	64
 587 016b 40        		.byte	64
 588 016c 40        		.byte	64
 589 016d 40        		.byte	64
 590 016e 40        		.byte	64
 591 016f 40        		.byte	64
 592 0170 40        		.byte	64
 593 0171 40        		.byte	64
 594 0172 40        		.byte	64
 595 0173 40        		.byte	64
 596 0174 40        		.byte	64
 597 0175 40        		.byte	64
 598 0176 40        		.byte	64
 599 0177 40        		.byte	64
 600 0178 40        		.byte	64
 601 0179 40        		.byte	64
 602 017a 40        		.byte	64
 603 017b 40        		.byte	64
 604 017c 40        		.byte	64
 605 017d 40        		.byte	64
 606 017e 40        		.byte	64
 607 017f 40        		.byte	64
 608 0180 40        		.byte	64
 609 0181 40        		.byte	64
 610 0182 40        		.byte	64
 611 0183 40        		.byte	64
 612 0184 40        		.byte	64
 613 0185 40        		.byte	64
 614 0186 40        		.byte	64
 615 0187 40        		.byte	64
 616 0188 40        		.byte	64
 617 0189 40        		.byte	64
 618 018a 40        		.byte	64
 619 018b 40        		.byte	64
 620 018c 40        		.byte	64
 621 018d 40        		.byte	64
 622 018e 40        		.byte	64
 623 018f 40        		.byte	64
 624 0190 40        		.byte	64
 625 0191 40        		.byte	64
 626 0192 40        		.byte	64
 627 0193 40        		.byte	64
 628 0194 40        		.byte	64
 629 0195 40        		.byte	64
 630 0196 40        		.byte	64
 631 0197 40        		.byte	64
 632 0198 40        		.byte	64
 633 0199 40        		.byte	64
 634 019a 40        		.byte	64
 635 019b 40        		.byte	64
 636 019c 40        		.byte	64
 637 019d 40        		.byte	64
 638 019e 40        		.byte	64
 639 019f 40        		.byte	64
 640 01a0 40        		.byte	64
 641 01a1 40        		.byte	64
 642 01a2 40        		.byte	64
 643 01a3 40        		.byte	64
 644 01a4 40        		.byte	64
 645 01a5 40        		.byte	64
 646 01a6 40        		.byte	64
 647 01a7 40        		.byte	64
 648 01a8 40        		.byte	64
 649 01a9 40        		.byte	64
 650 01aa 40        		.byte	64
 651 01ab 40        		.byte	64
 652 01ac 40        		.byte	64
 653 01ad 40        		.byte	64
 654 01ae 40        		.byte	64
 655 01af 40        		.byte	64
 656 01b0 40        		.byte	64
 657 01b1 40        		.byte	64
 658 01b2 40        		.byte	64
 659 01b3 40        		.byte	64
 660 01b4 40        		.byte	64
 661 01b5 40        		.byte	64
 662 01b6 40        		.byte	64
 663 01b7 40        		.byte	64
 664 01b8 40        		.byte	64
 665 01b9 40        		.byte	64
 666 01ba 40        		.byte	64
 667 01bb 40        		.byte	64
 668 01bc 40        		.byte	64
 669 01bd 40        		.byte	64
 670 01be 40        		.byte	64
 671 01bf 40        		.byte	64
 672 01c0 40        		.byte	64
 673 01c1 40        		.byte	64
 674 01c2 40        		.byte	64
 675 01c3 40        		.byte	64
 676 01c4 40        		.byte	64
 677 01c5 40        		.byte	64
 678 01c6 40        		.byte	64
 679 01c7 40        		.byte	64
 680 01c8 40        		.byte	64
 681 01c9 40        		.byte	64
 682 01ca 40        		.byte	64
 683 01cb 40        		.byte	64
 684 01cc 40        		.byte	64
 685 01cd 40        		.byte	64
 686 01ce 40        		.byte	64
 687 01cf 40        		.byte	64
 688 01d0 40        		.byte	64
 689 01d1 40        		.byte	64
 690 01d2 40        		.byte	64
 691 01d3 40        		.byte	64
 692 01d4 40        		.byte	64
 693 01d5 40        		.byte	64
 694 01d6 40        		.byte	64
 695 01d7 40        		.byte	64
 696 01d8 40        		.byte	64
 697 01d9 40        		.byte	64
 698 01da 40        		.byte	64
 699 01db 40        		.byte	64
 700 01dc 40        		.byte	64
 701 01dd 40        		.byte	64
 702 01de 40        		.byte	64
 703 01df 40        		.byte	64
 704 01e0 40        		.byte	64
 705 01e1 40        		.byte	64
 706 01e2 40        		.byte	64
 707 01e3 40        		.byte	64
 708 01e4 40        		.byte	64
 709 01e5 40        		.byte	64
 710 01e6 40        		.byte	64
 711 01e7 40        		.byte	64
 712 01e8 40        		.byte	64
 713 01e9 40        		.byte	64
 714 01ea 40        		.byte	64
 715 01eb 40        		.byte	64
 716 01ec 40        		.byte	64
 717 01ed 40        		.byte	64
 718 01ee 40        		.byte	64
 719 01ef 40        		.byte	64
 720 01f0 40        		.byte	64
 721 01f1 40        		.byte	64
 722 01f2 40        		.byte	64
 723 01f3 40        		.byte	64
 724 01f4 40        		.byte	64
 725 01f5 40        		.byte	64
 726 01f6 40        		.byte	64
 727 01f7 40        		.byte	64
 728 01f8 40        		.byte	64
 729 01f9 40        		.byte	64
 730 01fa 40        		.byte	64
 731 01fb 40        		.byte	64
 732 01fc 40        		.byte	64
 733 01fd 40        		.byte	64
 734 01fe 40        		.byte	64
 735 01ff 40        		.byte	64
 736 0200 40        		.byte	64
 737 0201 40        		.byte	64
 738 0202 40        		.byte	64
 739 0203 40        		.byte	64
 740 0204 40        		.byte	64
 741 0205 40        		.byte	64
 742 0206 40        		.byte	64
 743 0207 40        		.byte	64
 744 0208 40        		.byte	64
 745 0209 40        		.byte	64
 746 020a 40        		.byte	64
 747 020b 80        		.byte	-128
 748 020c 80        		.byte	-128
 749 020d 80        		.byte	-128
 750 020e 80        		.byte	-128
 751 020f 80        		.byte	-128
 752 0210 80        		.byte	-128
 753 0211 80        		.byte	-128
 754 0212 80        		.byte	-128
 755 0213 80        		.byte	-128
 756 0214 80        		.byte	-128
 757 0215 80        		.byte	-128
 758 0216 80        		.byte	-128
 759 0217 80        		.byte	-128
 760 0218 80        		.byte	-128
 761 0219 80        		.byte	-128
 762 021a 80        		.byte	-128
 763 021b 80        		.byte	-128
 764 021c 80        		.byte	-128
 765 021d 80        		.byte	-128
 766 021e 80        		.byte	-128
 767 021f 80        		.byte	-128
 768 0220 80        		.byte	-128
 769 0221 80        		.byte	-128
 770 0222 80        		.byte	-128
 771 0223 80        		.byte	-128
 772 0224 80        		.byte	-128
 773 0225 80        		.byte	-128
 774 0226 80        		.byte	-128
 775 0227 80        		.byte	-128
 776 0228 80        		.byte	-128
 777 0229 80        		.byte	-128
 778 022a 80        		.byte	-128
 779 022b 80        		.byte	-128
 780 022c 80        		.byte	-128
 781 022d 80        		.byte	-128
 782 022e 80        		.byte	-128
 783 022f 80        		.byte	-128
 784 0230 80        		.byte	-128
 785 0231 80        		.byte	-128
 786 0232 80        		.byte	-128
 787 0233 80        		.byte	-128
 788 0234 80        		.byte	-128
 789 0235 80        		.byte	-128
 790 0236 80        		.byte	-128
 791 0237 80        		.byte	-128
 792 0238 80        		.byte	-128
 793 0239 80        		.byte	-128
 794 023a 80        		.byte	-128
 795 023b 80        		.byte	-128
 796 023c 80        		.byte	-128
 797 023d 80        		.byte	-128
 798 023e 80        		.byte	-128
 799 023f 80        		.byte	-128
 800 0240 80        		.byte	-128
 801 0241 80        		.byte	-128
 802 0242 80        		.byte	-128
 803 0243 80        		.byte	-128
 804 0244 80        		.byte	-128
 805 0245 80        		.byte	-128
 806 0246 80        		.byte	-128
 807 0247 80        		.byte	-128
 808 0248 80        		.byte	-128
 809 0249 80        		.byte	-128
 810 024a 80        		.byte	-128
 811 024b 80        		.byte	-128
 812 024c 80        		.byte	-128
 813 024d 80        		.byte	-128
 814 024e 80        		.byte	-128
 815 024f 80        		.byte	-128
 816 0250 80        		.byte	-128
 817 0251 80        		.byte	-128
 818 0252 80        		.byte	-128
 819 0253 80        		.byte	-128
 820 0254 80        		.byte	-128
 821 0255 80        		.byte	-128
 822 0256 80        		.byte	-128
 823 0257 80        		.byte	-128
 824 0258 80        		.byte	-128
 825 0259 80        		.byte	-128
 826 025a 80        		.byte	-128
 827 025b 80        		.byte	-128
 828 025c 80        		.byte	-128
 829 025d 80        		.byte	-128
 830 025e 80        		.byte	-128
 831 025f 80        		.byte	-128
 832 0260 80        		.byte	-128
 833 0261 80        		.byte	-128
 834 0262 80        		.byte	-128
 835 0263 80        		.byte	-128
 836 0264 80        		.byte	-128
 837 0265 80        		.byte	-128
 838 0266 80        		.byte	-128
 839 0267 80        		.byte	-128
 840 0268 80        		.byte	-128
 841 0269 80        		.byte	-128
 842 026a 80        		.byte	-128
 843 026b 80        		.byte	-128
 844 026c 80        		.byte	-128
 845 026d 80        		.byte	-128
 846 026e 80        		.byte	-128
 847 026f 80        		.byte	-128
 848 0270 80        		.byte	-128
 849 0271 80        		.byte	-128
 850 0272 80        		.byte	-128
 851 0273 80        		.byte	-128
 852 0274 80        		.byte	-128
 853 0275 80        		.byte	-128
 854 0276 80        		.byte	-128
 855 0277 80        		.byte	-128
 856 0278 80        		.byte	-128
 857 0279 80        		.byte	-128
 858 027a 80        		.byte	-128
 859 027b 80        		.byte	-128
 860 027c 80        		.byte	-128
 861 027d 80        		.byte	-128
 862 027e 80        		.byte	-128
 863 027f 80        		.byte	-128
 864 0280 80        		.byte	-128
 865 0281 80        		.byte	-128
 866 0282 80        		.byte	-128
 867 0283 80        		.byte	-128
 868 0284 80        		.byte	-128
 869 0285 80        		.byte	-128
 870 0286 80        		.byte	-128
 871 0287 80        		.byte	-128
 872 0288 80        		.byte	-128
 873 0289 80        		.byte	-128
 874 028a 80        		.byte	-128
 875 028b 80        		.byte	-128
 876 028c 80        		.byte	-128
 877 028d 80        		.byte	-128
 878 028e 80        		.byte	-128
 879 028f 80        		.byte	-128
 880 0290 80        		.byte	-128
 881 0291 80        		.byte	-128
 882 0292 80        		.byte	-128
 883 0293 80        		.byte	-128
 884 0294 80        		.byte	-128
 885 0295 80        		.byte	-128
 886 0296 80        		.byte	-128
 887 0297 80        		.byte	-128
 888 0298 80        		.byte	-128
 889 0299 80        		.byte	-128
 890 029a 80        		.byte	-128
 891 029b 80        		.byte	-128
 892 029c 80        		.byte	-128
 893 029d 80        		.byte	-128
 894 029e 80        		.byte	-128
 895 029f 80        		.byte	-128
 896 02a0 80        		.byte	-128
 897 02a1 80        		.byte	-128
 898 02a2 80        		.byte	-128
 899 02a3 80        		.byte	-128
 900 02a4 80        		.byte	-128
 901 02a5 80        		.byte	-128
 902 02a6 80        		.byte	-128
 903 02a7 80        		.byte	-128
 904 02a8 80        		.byte	-128
 905 02a9 80        		.byte	-128
 906 02aa 80        		.byte	-128
 907 02ab 80        		.byte	-128
 908 02ac 80        		.byte	-128
 909 02ad 80        		.byte	-128
 910 02ae 80        		.byte	-128
 911 02af 80        		.byte	-128
 912 02b0 80        		.byte	-128
 913 02b1 80        		.byte	-128
 914 02b2 80        		.byte	-128
 915 02b3 80        		.byte	-128
 916 02b4 80        		.byte	-128
 917 02b5 80        		.byte	-128
 918 02b6 80        		.byte	-128
 919 02b7 80        		.byte	-128
 920 02b8 80        		.byte	-128
 921 02b9 80        		.byte	-128
 922 02ba 80        		.byte	-128
 923 02bb 80        		.byte	-128
 924 02bc 80        		.byte	-128
 925 02bd 80        		.byte	-128
 926 02be 80        		.byte	-128
 927 02bf 80        		.byte	-128
 928 02c0 80        		.byte	-128
 929 02c1 80        		.byte	-128
 930 02c2 80        		.byte	-128
 931 02c3 80        		.byte	-128
 932 02c4 80        		.byte	-128
 933 02c5 80        		.byte	-128
 934 02c6 80        		.byte	-128
 935 02c7 80        		.byte	-128
 936 02c8 80        		.byte	-128
 937 02c9 80        		.byte	-128
 938 02ca 80        		.byte	-128
 939 02cb 80        		.byte	-128
 940 02cc 80        		.byte	-128
 941 02cd 80        		.byte	-128
 942 02ce 80        		.byte	-128
 943 02cf 80        		.byte	-128
 944 02d0 80        		.byte	-128
 945 02d1 80        		.byte	-128
 946 02d2 80        		.byte	-128
 947 02d3 80        		.byte	-128
 948 02d4 80        		.byte	-128
 949 02d5 80        		.byte	-128
 950 02d6 80        		.byte	-128
 951 02d7 80        		.byte	-128
 952 02d8 80        		.byte	-128
 953 02d9 80        		.byte	-128
 954 02da 80        		.byte	-128
 955 02db 80        		.byte	-128
 956 02dc 80        		.byte	-128
 957 02dd 80        		.byte	-128
 958 02de 80        		.byte	-128
 959 02df 80        		.byte	-128
 960 02e0 80        		.byte	-128
 961 02e1 80        		.byte	-128
 962 02e2 80        		.byte	-128
 963 02e3 80        		.byte	-128
 964 02e4 80        		.byte	-128
 965 02e5 80        		.byte	-128
 966 02e6 80        		.byte	-128
 967 02e7 80        		.byte	-128
 968 02e8 80        		.byte	-128
 969 02e9 80        		.byte	-128
 970 02ea 80        		.byte	-128
 971 02eb 80        		.byte	-128
 972 02ec 80        		.byte	-128
 973 02ed 80        		.byte	-128
 974 02ee 80        		.byte	-128
 975 02ef 80        		.byte	-128
 976 02f0 80        		.byte	-128
 977 02f1 80        		.byte	-128
 978 02f2 80        		.byte	-128
 979 02f3 80        		.byte	-128
 980 02f4 80        		.byte	-128
 981 02f5 80        		.byte	-128
 982 02f6 80        		.byte	-128
 983 02f7 80        		.byte	-128
 984 02f8 80        		.byte	-128
 985 02f9 80        		.byte	-128
 986 02fa 80        		.byte	-128
 987 02fb 80        		.byte	-128
 988 02fc 80        		.byte	-128
 989 02fd 80        		.byte	-128
 990 02fe 80        		.byte	-128
 991 02ff 80        		.byte	-128
 992 0300 80        		.byte	-128
 993 0301 80        		.byte	-128
 994 0302 80        		.byte	-128
 995 0303 80        		.byte	-128
 996 0304 80        		.byte	-128
 997 0305 80        		.byte	-128
 998 0306 80        		.byte	-128
 999 0307 80        		.byte	-128
 1000 0308 80        		.byte	-128
 1001 0309 80        		.byte	-128
 1002 030a 80        		.byte	-128
 1003 030b 80        		.byte	-128
 1004 030c 80        		.byte	-128
 1005 030d 80        		.byte	-128
 1006 030e 80        		.byte	-128
 1007 030f 80        		.byte	-128
 1008 0310 80        		.byte	-128
 1009 0311 80        		.byte	-128
 1010 0312 80        		.byte	-128
 1011 0313 80        		.byte	-128
 1012 0314 80        		.byte	-128
 1013 0315 80        		.byte	-128
 1014 0316 80        		.byte	-128
 1015 0317 80        		.byte	-128
 1016 0318 80        		.byte	-128
 1017 0319 80        		.byte	-128
 1018 031a 80        		.byte	-128
 1019 031b 80        		.byte	-128
 1020 031c 80        		.byte	-128
 1021 031d 80        		.byte	-128
 1022 031e 80        		.byte	-128
 1023 031f 80        		.byte	-128
 1024 0320 80        		.byte	-128
 1025 0321 80        		.byte	-128
 1026 0322 80        		.byte	-128
 1027 0323 80        		.byte	-128
 1028 0324 80        		.byte	-128
 1029 0325 80        		.byte	-128
 1030 0326 80        		.byte	-128
 1031 0327 80        		.byte	-128
 1032 0328 80        		.byte	-128
 1033 0329 80        		.byte	-128
 1034 032a 80        		.byte	-128
 1035 032b 80        		.byte	-128
 1036 032c 80        		.byte	-128
 1037 032d 80        		.byte	-128
 1038 032e 80        		.byte	-128
 1039 032f 80        		.byte	-128
 1040 0330 80        		.byte	-128
 1041 0331 80        		.byte	-128
 1042 0332 80        		.byte	-128
 1043 0333 80        		.byte	-128
 1044 0334 80        		.byte	-128
 1045 0335 80        		.byte	-128
 1046 0336 80        		.byte	-128
 1047 0337 80        		.byte	-128
 1048 0338 80        		.byte	-128
 1049 0339 80        		.byte	-128
 1050 033a 80        		.byte	-128
 1051 033b 80        		.byte	-128
 1052 033c 80        		.byte	-128
 1053 033d 80        		.byte	-128
 1054 033e 80        		.byte	-128
 1055 033f 80        		.byte	-128
 1056 0340 80        		.byte	-128
 1057 0341 80        		.byte	-128
 1058 0342 80        		.byte	-128
 1059 0343 80        		.byte	-128
 1060 0344 80        		.byte	-128
 1061 0345 80        		.byte	-128
 1062 0346 80        		.byte	-128
 1063 0347 80        		.byte	-128
 1064 0348 80        		.byte	-128
 1065 0349 80        		.byte	-128
 1066 034a 80        		.byte	-128
 1067 034b 80        		.byte	-128
 1068 034c 80        		.byte	-128
 1069 034d 80        		.byte	-128
 1070 034e 80        		.byte	-128
 1071 034f 80        		.byte	-128
 1072 0350 80        		.byte	-128
 1073 0351 80        		.byte	-128
 1074 0352 80        		.byte	-128
 1075 0353 80        		.byte	-128
 1076 0354 80        		.byte	-128
 1077 0355 80        		.byte	-128
 1078 0356 80        		.byte	-128
 1079 0357 80        		.byte	-128
 1080 0358 80        		.byte	-128
 1081 0359 80        		.byte	-128
 1082 035a 80        		.byte	-128
 1083 035b 80        		.byte	-128
 1084 035c 80        		.byte	-128
 1085 035d 80        		.byte	-128
 1086 035e 80        		.byte	-128
 1087 035f 80        		.byte	-128
 1088 0360 80        		.byte	-128
 1089 0361 80        		.byte	-128
 1090 0362 80        		.byte	-128
 1091 0363 80        		.byte	-128
 1092 0364 80        		.byte	-128
 1093 0365 80        		.byte	-128
 1094 0366 80        		.byte	-128
 1095 0367 80        		.byte	-128
 1096 0368 80        		.byte	-128
 1097 0369 80        		.byte	-128
 1098 036a 80        		.byte	-128
 1099 036b 80        		.byte	-128
 1100 036c 80        		.byte	-128
 1101 036d 80        		.byte	-128
 1102 036e 80        		.byte	-128
 1103 036f 80        		.byte	-128
 1104 0370 80        		.byte	-128
 1105 0371 80        		.byte	-128
 1106 0372 80        		.byte	-128
 1107 0373 80        		.byte	-128
 1108 0374 80        		.byte	-128
 1109 0375 80        		.byte	-128
 1110 0376 80        		.byte	-128
 1111 0377 80        		.byte	-128
 1112 0378 80        		.byte	-128
 1113 0379 80        		.byte	-128
 1114 037a 80        		.byte	-128
 1115 037b 80        		.byte	-128
 1116 037c 80        		.byte	-128
 1117 037d 80        		.byte	-128
 1118 037e 80        		.byte	-128
 1119 037f 80        		.byte	-128
 1120 0380 80        		.byte	-128
 1121 0381 80        		.byte	-128
 1122 0382 80        		.byte	-128
 1123 0383 80        		.byte	-128
 1124 0384 80        		.byte	-128
 1125 0385 80        		.byte	-128
 1126 0386 80        		.byte	-128
 1127 0387 80        		.byte	-128
 1128 0388 80        		.byte	-128
 1129 0389 80        		.byte	-128
 1130 038a 80        		.byte	-128
 1131 038b 80        		.byte	-128
 1132 038c 80        		.byte	-128
 1133 038d 80        		.byte	-128
 1134 038e 80        		.byte	-128
 1135 038f 80        		.byte	-128
 1136 0390 80        		.byte	-128
 1137 0391 80        		.byte	-128
 1138 0392 80        		.byte	-128
 1139 0393 80        		.byte	-128
 1140 0394 80        		.byte	-128
 1141 0395 80        		.byte	-128
 1142 0396 80        		.byte	-128
 1143 0397 80        		.byte	-128
 1144 0398 80        		.byte	-128
 1145 0399 80        		.byte	-128
 1146 039a 80        		.byte	-128
 1147 039b 80        		.byte	-128
 1148 039c 80        		.byte	-128
 1149 039d 80        		.byte	-128
 1150 039e 80        		.byte	-128
 1151 039f 80        		.byte	-128
 1152 03a0 80        		.byte	-128
 1153 03a1 80        		.byte	-128
 1154 03a2 80        		.byte	-128
 1155 03a3 80        		.byte	-128
 1156 03a4 80        		.byte	-128
 1157 03a5 80        		.byte	-128
 1158 03a6 80        		.byte	-128
 1159 03a7 80        		.byte	-128
 1160 03a8 80        		.byte	-128
 1161 03a9 80        		.byte	-128
 1162 03aa 80        		.byte	-128
 1163 03ab 80        		.byte	-128
 1164 03ac 80        		.byte	-128
 1165 03ad 80        		.byte	-128
 1166 03ae 80        		.byte	-128
 1167 03af 80        		.byte	-128
 1168 03b0 80        		.byte	-128
 1169 03b1 80        		.byte	-128
 1170 03b2 80        		.byte	-128
 1171 03b3 80        		.byte	-128
 1172 03b4 80        		.byte	-128
 1173 03b5 80        		.byte	-128
 1174 03b6 80        		.byte	-128
 1175 03b7 80        		.byte	-128
 1176 03b8 80        		.byte	-128
 1177 03b9 80        		.byte	-128
 1178 03ba 80        		.byte	-128
 1179 03bb 80        		.byte	-128
 1180 03bc 80        		.byte	-128
 1181 03bd 80        		.byte	-128
 1182 03be 80        		.byte	-128
 1183 03bf 80        		.byte	-128
 1184 03c0 80        		.byte	-128
 1185 03c1 80        		.byte	-128
 1186 03c2 80        		.byte	-128
 1187 03c3 80        		.byte	-128
 1188 03c4 80        		.byte	-128
 1189 03c5 80        		.byte	-128
 1190 03c6 80        		.byte	-128
 1191 03c7 80        		.byte	-128
 1192 03c8 80        		.byte	-128
 1193 03c9 80        		.byte	-128
 1194 03ca 80        		.byte	-128
 1195 03cb 80        		.byte	-128
 1196 03cc 80        		.byte	-128
 1197 03cd 80        		.byte	-128
 1198 03ce 80        		.byte	-128
 1199 03cf 80        		.byte	-128
 1200 03d0 80        		.byte	-128
 1201 03d1 80        		.byte	-128
 1202 03d2 80        		.byte	-128
 1203 03d3 80        		.byte	-128
 1204 03d4 80        		.byte	-128
 1205 03d5 80        		.byte	-128
 1206 03d6 80        		.byte	-128
 1207 03d7 80        		.byte	-128
 1208 03d8 80        		.byte	-128
 1209 03d9 80        		.byte	-128
 1210 03da 80        		.byte	-128
 1211 03db 80        		.byte	-128
 1212 03dc 80        		.byte	-128
 1213 03dd 80        		.byte	-128
 1214 03de 80        		.byte	-128
 1215 03df 80        		.byte	-128
 1216 03e0 80        		.byte	-128
 1217 03e1 80        		.byte	-128
 1218 03e2 80        		.byte	-128
 1219 03e3 80        		.byte	-128
 1220 03e4 80        		.byte	-128
 1221 03e5 80        		.byte	-128
 1222 03e6 80        		.byte	-128
 1223 03e7 80        		.byte	-128
 1224 03e8 80        		.byte	-128
 1225 03e9 80        		.byte	-128
 1226 03ea 80        		.byte	-128
 1227 03eb 80        		.byte	-128
 1228 03ec 80        		.byte	-128
 1229 03ed 80        		.byte	-128
 1230 03ee 80        		.byte	-128
 1231 03ef 80        		.byte	-128
 1232 03f0 80        		.byte	-128
 1233 03f1 80        		.byte	-128
 1234 03f2 80        		.byte	-128
 1235 03f3 80        		.byte	-128
 1236 03f4 80        		.byte	-128
 1237 03f5 80        		.byte	-128
 1238 03f6 80        		.byte	-128
 1239 03f7 80        		.byte	-128
 1240 03f8 80        		.byte	-128
 1241 03f9 80        		.byte	-128
 1242 03fa 80        		.byte	-128
 1243 03fb 80        		.byte	-128
 1244 03fc 80        		.byte	-128
 1245 03fd 80        		.byte	-128
 1246 03fe 80        		.byte	-128
 1247 03ff 80        		.byte	-128
 1248 0400 80        		.byte	-128
 1249 0401 80        		.byte	-128
 1250 0402 80        		.byte	-128
 1251 0403 FF        		.byte	-1
 1252 0404 FF        		.byte	-1
 1253 0405 FF        		.byte	-1
 1254 0406 FF        		.byte	-1
 1255 0407 FF        		.byte	-1
 1256 0408 FF        		.byte	-1
 1257               		.lcomm pot_1,2
 1260               	pot_linear:
 1261 0409 00        		.byte	0
 1262 040a 00        		.byte	0
 1263 040b 00        		.byte	0
 1264 040c 00        		.byte	0
 1265 040d 00        		.byte	0
 1266 040e 00        		.byte	0
 1267 040f 01        		.byte	1
 1268 0410 01        		.byte	1
 1269 0411 01        		.byte	1
 1270 0412 01        		.byte	1
 1271 0413 02        		.byte	2
 1272 0414 02        		.byte	2
 1273 0415 02        		.byte	2
 1274 0416 02        		.byte	2
 1275 0417 03        		.byte	3
 1276 0418 03        		.byte	3
 1277 0419 03        		.byte	3
 1278 041a 03        		.byte	3
 1279 041b 04        		.byte	4
 1280 041c 04        		.byte	4
 1281 041d 04        		.byte	4
 1282 041e 04        		.byte	4
 1283 041f 05        		.byte	5
 1284 0420 05        		.byte	5
 1285 0421 05        		.byte	5
 1286 0422 05        		.byte	5
 1287 0423 06        		.byte	6
 1288 0424 06        		.byte	6
 1289 0425 06        		.byte	6
 1290 0426 06        		.byte	6
 1291 0427 07        		.byte	7
 1292 0428 07        		.byte	7
 1293 0429 07        		.byte	7
 1294 042a 07        		.byte	7
 1295 042b 08        		.byte	8
 1296 042c 08        		.byte	8
 1297 042d 08        		.byte	8
 1298 042e 08        		.byte	8
 1299 042f 09        		.byte	9
 1300 0430 09        		.byte	9
 1301 0431 09        		.byte	9
 1302 0432 09        		.byte	9
 1303 0433 0A        		.byte	10
 1304 0434 0A        		.byte	10
 1305 0435 0A        		.byte	10
 1306 0436 0A        		.byte	10
 1307 0437 0B        		.byte	11
 1308 0438 0B        		.byte	11
 1309 0439 0B        		.byte	11
 1310 043a 0B        		.byte	11
 1311 043b 0C        		.byte	12
 1312 043c 0C        		.byte	12
 1313 043d 0C        		.byte	12
 1314 043e 0C        		.byte	12
 1315 043f 0D        		.byte	13
 1316 0440 0D        		.byte	13
 1317 0441 0D        		.byte	13
 1318 0442 0D        		.byte	13
 1319 0443 0E        		.byte	14
 1320 0444 0E        		.byte	14
 1321 0445 0E        		.byte	14
 1322 0446 0E        		.byte	14
 1323 0447 0F        		.byte	15
 1324 0448 0F        		.byte	15
 1325 0449 0F        		.byte	15
 1326 044a 0F        		.byte	15
 1327 044b 10        		.byte	16
 1328 044c 10        		.byte	16
 1329 044d 10        		.byte	16
 1330 044e 10        		.byte	16
 1331 044f 11        		.byte	17
 1332 0450 11        		.byte	17
 1333 0451 11        		.byte	17
 1334 0452 11        		.byte	17
 1335 0453 12        		.byte	18
 1336 0454 12        		.byte	18
 1337 0455 12        		.byte	18
 1338 0456 12        		.byte	18
 1339 0457 13        		.byte	19
 1340 0458 13        		.byte	19
 1341 0459 13        		.byte	19
 1342 045a 13        		.byte	19
 1343 045b 14        		.byte	20
 1344 045c 14        		.byte	20
 1345 045d 14        		.byte	20
 1346 045e 14        		.byte	20
 1347 045f 15        		.byte	21
 1348 0460 15        		.byte	21
 1349 0461 15        		.byte	21
 1350 0462 15        		.byte	21
 1351 0463 16        		.byte	22
 1352 0464 16        		.byte	22
 1353 0465 16        		.byte	22
 1354 0466 16        		.byte	22
 1355 0467 17        		.byte	23
 1356 0468 17        		.byte	23
 1357 0469 17        		.byte	23
 1358 046a 17        		.byte	23
 1359 046b 18        		.byte	24
 1360 046c 18        		.byte	24
 1361 046d 18        		.byte	24
 1362 046e 18        		.byte	24
 1363 046f 19        		.byte	25
 1364 0470 19        		.byte	25
 1365 0471 19        		.byte	25
 1366 0472 19        		.byte	25
 1367 0473 1A        		.byte	26
 1368 0474 1A        		.byte	26
 1369 0475 1A        		.byte	26
 1370 0476 1A        		.byte	26
 1371 0477 1B        		.byte	27
 1372 0478 1B        		.byte	27
 1373 0479 1B        		.byte	27
 1374 047a 1B        		.byte	27
 1375 047b 1C        		.byte	28
 1376 047c 1C        		.byte	28
 1377 047d 1C        		.byte	28
 1378 047e 1C        		.byte	28
 1379 047f 1D        		.byte	29
 1380 0480 1D        		.byte	29
 1381 0481 1D        		.byte	29
 1382 0482 1D        		.byte	29
 1383 0483 1E        		.byte	30
 1384 0484 1E        		.byte	30
 1385 0485 1E        		.byte	30
 1386 0486 1E        		.byte	30
 1387 0487 1F        		.byte	31
 1388 0488 1F        		.byte	31
 1389 0489 1F        		.byte	31
 1390 048a 1F        		.byte	31
 1391 048b 20        		.byte	32
 1392 048c 20        		.byte	32
 1393 048d 20        		.byte	32
 1394 048e 20        		.byte	32
 1395 048f 21        		.byte	33
 1396 0490 21        		.byte	33
 1397 0491 21        		.byte	33
 1398 0492 21        		.byte	33
 1399 0493 22        		.byte	34
 1400 0494 22        		.byte	34
 1401 0495 22        		.byte	34
 1402 0496 22        		.byte	34
 1403 0497 23        		.byte	35
 1404 0498 23        		.byte	35
 1405 0499 23        		.byte	35
 1406 049a 23        		.byte	35
 1407 049b 24        		.byte	36
 1408 049c 24        		.byte	36
 1409 049d 24        		.byte	36
 1410 049e 24        		.byte	36
 1411 049f 25        		.byte	37
 1412 04a0 25        		.byte	37
 1413 04a1 25        		.byte	37
 1414 04a2 25        		.byte	37
 1415 04a3 26        		.byte	38
 1416 04a4 26        		.byte	38
 1417 04a5 26        		.byte	38
 1418 04a6 26        		.byte	38
 1419 04a7 27        		.byte	39
 1420 04a8 27        		.byte	39
 1421 04a9 27        		.byte	39
 1422 04aa 27        		.byte	39
 1423 04ab 28        		.byte	40
 1424 04ac 28        		.byte	40
 1425 04ad 28        		.byte	40
 1426 04ae 28        		.byte	40
 1427 04af 29        		.byte	41
 1428 04b0 29        		.byte	41
 1429 04b1 29        		.byte	41
 1430 04b2 29        		.byte	41
 1431 04b3 2A        		.byte	42
 1432 04b4 2A        		.byte	42
 1433 04b5 2A        		.byte	42
 1434 04b6 2A        		.byte	42
 1435 04b7 2B        		.byte	43
 1436 04b8 2B        		.byte	43
 1437 04b9 2B        		.byte	43
 1438 04ba 2B        		.byte	43
 1439 04bb 2C        		.byte	44
 1440 04bc 2C        		.byte	44
 1441 04bd 2C        		.byte	44
 1442 04be 2C        		.byte	44
 1443 04bf 2D        		.byte	45
 1444 04c0 2D        		.byte	45
 1445 04c1 2D        		.byte	45
 1446 04c2 2D        		.byte	45
 1447 04c3 2E        		.byte	46
 1448 04c4 2E        		.byte	46
 1449 04c5 2E        		.byte	46
 1450 04c6 2E        		.byte	46
 1451 04c7 2F        		.byte	47
 1452 04c8 2F        		.byte	47
 1453 04c9 2F        		.byte	47
 1454 04ca 2F        		.byte	47
 1455 04cb 30        		.byte	48
 1456 04cc 30        		.byte	48
 1457 04cd 30        		.byte	48
 1458 04ce 30        		.byte	48
 1459 04cf 31        		.byte	49
 1460 04d0 31        		.byte	49
 1461 04d1 31        		.byte	49
 1462 04d2 31        		.byte	49
 1463 04d3 32        		.byte	50
 1464 04d4 32        		.byte	50
 1465 04d5 32        		.byte	50
 1466 04d6 32        		.byte	50
 1467 04d7 33        		.byte	51
 1468 04d8 33        		.byte	51
 1469 04d9 33        		.byte	51
 1470 04da 33        		.byte	51
 1471 04db 34        		.byte	52
 1472 04dc 34        		.byte	52
 1473 04dd 34        		.byte	52
 1474 04de 34        		.byte	52
 1475 04df 35        		.byte	53
 1476 04e0 35        		.byte	53
 1477 04e1 35        		.byte	53
 1478 04e2 35        		.byte	53
 1479 04e3 36        		.byte	54
 1480 04e4 36        		.byte	54
 1481 04e5 36        		.byte	54
 1482 04e6 36        		.byte	54
 1483 04e7 37        		.byte	55
 1484 04e8 37        		.byte	55
 1485 04e9 37        		.byte	55
 1486 04ea 37        		.byte	55
 1487 04eb 38        		.byte	56
 1488 04ec 38        		.byte	56
 1489 04ed 38        		.byte	56
 1490 04ee 38        		.byte	56
 1491 04ef 39        		.byte	57
 1492 04f0 39        		.byte	57
 1493 04f1 39        		.byte	57
 1494 04f2 39        		.byte	57
 1495 04f3 3A        		.byte	58
 1496 04f4 3A        		.byte	58
 1497 04f5 3A        		.byte	58
 1498 04f6 3A        		.byte	58
 1499 04f7 3B        		.byte	59
 1500 04f8 3B        		.byte	59
 1501 04f9 3B        		.byte	59
 1502 04fa 3B        		.byte	59
 1503 04fb 3C        		.byte	60
 1504 04fc 3C        		.byte	60
 1505 04fd 3C        		.byte	60
 1506 04fe 3C        		.byte	60
 1507 04ff 3D        		.byte	61
 1508 0500 3D        		.byte	61
 1509 0501 3D        		.byte	61
 1510 0502 3D        		.byte	61
 1511 0503 3E        		.byte	62
 1512 0504 3E        		.byte	62
 1513 0505 3E        		.byte	62
 1514 0506 3E        		.byte	62
 1515 0507 3F        		.byte	63
 1516 0508 3F        		.byte	63
 1517 0509 3F        		.byte	63
 1518 050a 3F        		.byte	63
 1519 050b 40        		.byte	64
 1520 050c 40        		.byte	64
 1521 050d 40        		.byte	64
 1522 050e 40        		.byte	64
 1523 050f 41        		.byte	65
 1524 0510 41        		.byte	65
 1525 0511 41        		.byte	65
 1526 0512 41        		.byte	65
 1527 0513 42        		.byte	66
 1528 0514 42        		.byte	66
 1529 0515 42        		.byte	66
 1530 0516 42        		.byte	66
 1531 0517 43        		.byte	67
 1532 0518 43        		.byte	67
 1533 0519 43        		.byte	67
 1534 051a 43        		.byte	67
 1535 051b 44        		.byte	68
 1536 051c 44        		.byte	68
 1537 051d 44        		.byte	68
 1538 051e 44        		.byte	68
 1539 051f 45        		.byte	69
 1540 0520 45        		.byte	69
 1541 0521 45        		.byte	69
 1542 0522 45        		.byte	69
 1543 0523 46        		.byte	70
 1544 0524 46        		.byte	70
 1545 0525 46        		.byte	70
 1546 0526 46        		.byte	70
 1547 0527 47        		.byte	71
 1548 0528 47        		.byte	71
 1549 0529 47        		.byte	71
 1550 052a 47        		.byte	71
 1551 052b 48        		.byte	72
 1552 052c 48        		.byte	72
 1553 052d 48        		.byte	72
 1554 052e 48        		.byte	72
 1555 052f 49        		.byte	73
 1556 0530 49        		.byte	73
 1557 0531 49        		.byte	73
 1558 0532 49        		.byte	73
 1559 0533 4A        		.byte	74
 1560 0534 4A        		.byte	74
 1561 0535 4A        		.byte	74
 1562 0536 4A        		.byte	74
 1563 0537 4B        		.byte	75
 1564 0538 4B        		.byte	75
 1565 0539 4B        		.byte	75
 1566 053a 4B        		.byte	75
 1567 053b 4C        		.byte	76
 1568 053c 4C        		.byte	76
 1569 053d 4C        		.byte	76
 1570 053e 4C        		.byte	76
 1571 053f 4D        		.byte	77
 1572 0540 4D        		.byte	77
 1573 0541 4D        		.byte	77
 1574 0542 4D        		.byte	77
 1575 0543 4E        		.byte	78
 1576 0544 4E        		.byte	78
 1577 0545 4E        		.byte	78
 1578 0546 4E        		.byte	78
 1579 0547 4F        		.byte	79
 1580 0548 4F        		.byte	79
 1581 0549 4F        		.byte	79
 1582 054a 4F        		.byte	79
 1583 054b 50        		.byte	80
 1584 054c 50        		.byte	80
 1585 054d 50        		.byte	80
 1586 054e 50        		.byte	80
 1587 054f 51        		.byte	81
 1588 0550 51        		.byte	81
 1589 0551 51        		.byte	81
 1590 0552 51        		.byte	81
 1591 0553 52        		.byte	82
 1592 0554 52        		.byte	82
 1593 0555 52        		.byte	82
 1594 0556 52        		.byte	82
 1595 0557 53        		.byte	83
 1596 0558 53        		.byte	83
 1597 0559 53        		.byte	83
 1598 055a 53        		.byte	83
 1599 055b 54        		.byte	84
 1600 055c 54        		.byte	84
 1601 055d 54        		.byte	84
 1602 055e 54        		.byte	84
 1603 055f 55        		.byte	85
 1604 0560 55        		.byte	85
 1605 0561 55        		.byte	85
 1606 0562 55        		.byte	85
 1607 0563 56        		.byte	86
 1608 0564 56        		.byte	86
 1609 0565 56        		.byte	86
 1610 0566 56        		.byte	86
 1611 0567 57        		.byte	87
 1612 0568 57        		.byte	87
 1613 0569 57        		.byte	87
 1614 056a 57        		.byte	87
 1615 056b 58        		.byte	88
 1616 056c 58        		.byte	88
 1617 056d 58        		.byte	88
 1618 056e 58        		.byte	88
 1619 056f 59        		.byte	89
 1620 0570 59        		.byte	89
 1621 0571 59        		.byte	89
 1622 0572 59        		.byte	89
 1623 0573 5A        		.byte	90
 1624 0574 5A        		.byte	90
 1625 0575 5A        		.byte	90
 1626 0576 5A        		.byte	90
 1627 0577 5B        		.byte	91
 1628 0578 5B        		.byte	91
 1629 0579 5B        		.byte	91
 1630 057a 5B        		.byte	91
 1631 057b 5C        		.byte	92
 1632 057c 5C        		.byte	92
 1633 057d 5C        		.byte	92
 1634 057e 5C        		.byte	92
 1635 057f 5D        		.byte	93
 1636 0580 5D        		.byte	93
 1637 0581 5D        		.byte	93
 1638 0582 5D        		.byte	93
 1639 0583 5E        		.byte	94
 1640 0584 5E        		.byte	94
 1641 0585 5E        		.byte	94
 1642 0586 5E        		.byte	94
 1643 0587 5F        		.byte	95
 1644 0588 5F        		.byte	95
 1645 0589 5F        		.byte	95
 1646 058a 5F        		.byte	95
 1647 058b 60        		.byte	96
 1648 058c 60        		.byte	96
 1649 058d 60        		.byte	96
 1650 058e 60        		.byte	96
 1651 058f 61        		.byte	97
 1652 0590 61        		.byte	97
 1653 0591 61        		.byte	97
 1654 0592 61        		.byte	97
 1655 0593 62        		.byte	98
 1656 0594 62        		.byte	98
 1657 0595 62        		.byte	98
 1658 0596 62        		.byte	98
 1659 0597 63        		.byte	99
 1660 0598 63        		.byte	99
 1661 0599 63        		.byte	99
 1662 059a 63        		.byte	99
 1663 059b 64        		.byte	100
 1664 059c 64        		.byte	100
 1665 059d 64        		.byte	100
 1666 059e 64        		.byte	100
 1667 059f 65        		.byte	101
 1668 05a0 65        		.byte	101
 1669 05a1 65        		.byte	101
 1670 05a2 65        		.byte	101
 1671 05a3 66        		.byte	102
 1672 05a4 66        		.byte	102
 1673 05a5 66        		.byte	102
 1674 05a6 66        		.byte	102
 1675 05a7 67        		.byte	103
 1676 05a8 67        		.byte	103
 1677 05a9 67        		.byte	103
 1678 05aa 67        		.byte	103
 1679 05ab 68        		.byte	104
 1680 05ac 68        		.byte	104
 1681 05ad 68        		.byte	104
 1682 05ae 68        		.byte	104
 1683 05af 69        		.byte	105
 1684 05b0 69        		.byte	105
 1685 05b1 69        		.byte	105
 1686 05b2 69        		.byte	105
 1687 05b3 6A        		.byte	106
 1688 05b4 6A        		.byte	106
 1689 05b5 6A        		.byte	106
 1690 05b6 6A        		.byte	106
 1691 05b7 6B        		.byte	107
 1692 05b8 6B        		.byte	107
 1693 05b9 6B        		.byte	107
 1694 05ba 6B        		.byte	107
 1695 05bb 6C        		.byte	108
 1696 05bc 6C        		.byte	108
 1697 05bd 6C        		.byte	108
 1698 05be 6C        		.byte	108
 1699 05bf 6D        		.byte	109
 1700 05c0 6D        		.byte	109
 1701 05c1 6D        		.byte	109
 1702 05c2 6D        		.byte	109
 1703 05c3 6E        		.byte	110
 1704 05c4 6E        		.byte	110
 1705 05c5 6E        		.byte	110
 1706 05c6 6E        		.byte	110
 1707 05c7 6F        		.byte	111
 1708 05c8 6F        		.byte	111
 1709 05c9 6F        		.byte	111
 1710 05ca 6F        		.byte	111
 1711 05cb 70        		.byte	112
 1712 05cc 70        		.byte	112
 1713 05cd 70        		.byte	112
 1714 05ce 70        		.byte	112
 1715 05cf 71        		.byte	113
 1716 05d0 71        		.byte	113
 1717 05d1 71        		.byte	113
 1718 05d2 71        		.byte	113
 1719 05d3 72        		.byte	114
 1720 05d4 72        		.byte	114
 1721 05d5 72        		.byte	114
 1722 05d6 72        		.byte	114
 1723 05d7 73        		.byte	115
 1724 05d8 73        		.byte	115
 1725 05d9 73        		.byte	115
 1726 05da 73        		.byte	115
 1727 05db 74        		.byte	116
 1728 05dc 74        		.byte	116
 1729 05dd 74        		.byte	116
 1730 05de 74        		.byte	116
 1731 05df 75        		.byte	117
 1732 05e0 75        		.byte	117
 1733 05e1 75        		.byte	117
 1734 05e2 75        		.byte	117
 1735 05e3 76        		.byte	118
 1736 05e4 76        		.byte	118
 1737 05e5 76        		.byte	118
 1738 05e6 76        		.byte	118
 1739 05e7 77        		.byte	119
 1740 05e8 77        		.byte	119
 1741 05e9 77        		.byte	119
 1742 05ea 77        		.byte	119
 1743 05eb 78        		.byte	120
 1744 05ec 78        		.byte	120
 1745 05ed 78        		.byte	120
 1746 05ee 78        		.byte	120
 1747 05ef 79        		.byte	121
 1748 05f0 79        		.byte	121
 1749 05f1 79        		.byte	121
 1750 05f2 79        		.byte	121
 1751 05f3 7A        		.byte	122
 1752 05f4 7A        		.byte	122
 1753 05f5 7A        		.byte	122
 1754 05f6 7A        		.byte	122
 1755 05f7 7B        		.byte	123
 1756 05f8 7B        		.byte	123
 1757 05f9 7B        		.byte	123
 1758 05fa 7B        		.byte	123
 1759 05fb 7C        		.byte	124
 1760 05fc 7C        		.byte	124
 1761 05fd 7C        		.byte	124
 1762 05fe 7C        		.byte	124
 1763 05ff 7D        		.byte	125
 1764 0600 7D        		.byte	125
 1765 0601 7D        		.byte	125
 1766 0602 7D        		.byte	125
 1767 0603 7E        		.byte	126
 1768 0604 7E        		.byte	126
 1769 0605 7E        		.byte	126
 1770 0606 7E        		.byte	126
 1771 0607 7F        		.byte	127
 1772 0608 7F        		.byte	127
 1773 0609 7F        		.byte	127
 1774 060a 7F        		.byte	127
 1775 060b 80        		.byte	-128
 1776 060c 80        		.byte	-128
 1777 060d 80        		.byte	-128
 1778 060e 80        		.byte	-128
 1779 060f 81        		.byte	-127
 1780 0610 81        		.byte	-127
 1781 0611 81        		.byte	-127
 1782 0612 81        		.byte	-127
 1783 0613 82        		.byte	-126
 1784 0614 82        		.byte	-126
 1785 0615 82        		.byte	-126
 1786 0616 82        		.byte	-126
 1787 0617 83        		.byte	-125
 1788 0618 83        		.byte	-125
 1789 0619 83        		.byte	-125
 1790 061a 83        		.byte	-125
 1791 061b 84        		.byte	-124
 1792 061c 84        		.byte	-124
 1793 061d 84        		.byte	-124
 1794 061e 84        		.byte	-124
 1795 061f 85        		.byte	-123
 1796 0620 85        		.byte	-123
 1797 0621 85        		.byte	-123
 1798 0622 85        		.byte	-123
 1799 0623 86        		.byte	-122
 1800 0624 86        		.byte	-122
 1801 0625 86        		.byte	-122
 1802 0626 86        		.byte	-122
 1803 0627 87        		.byte	-121
 1804 0628 87        		.byte	-121
 1805 0629 87        		.byte	-121
 1806 062a 87        		.byte	-121
 1807 062b 88        		.byte	-120
 1808 062c 88        		.byte	-120
 1809 062d 88        		.byte	-120
 1810 062e 88        		.byte	-120
 1811 062f 89        		.byte	-119
 1812 0630 89        		.byte	-119
 1813 0631 89        		.byte	-119
 1814 0632 89        		.byte	-119
 1815 0633 8A        		.byte	-118
 1816 0634 8A        		.byte	-118
 1817 0635 8A        		.byte	-118
 1818 0636 8A        		.byte	-118
 1819 0637 8B        		.byte	-117
 1820 0638 8B        		.byte	-117
 1821 0639 8B        		.byte	-117
 1822 063a 8B        		.byte	-117
 1823 063b 8C        		.byte	-116
 1824 063c 8C        		.byte	-116
 1825 063d 8C        		.byte	-116
 1826 063e 8C        		.byte	-116
 1827 063f 8D        		.byte	-115
 1828 0640 8D        		.byte	-115
 1829 0641 8D        		.byte	-115
 1830 0642 8D        		.byte	-115
 1831 0643 8E        		.byte	-114
 1832 0644 8E        		.byte	-114
 1833 0645 8E        		.byte	-114
 1834 0646 8E        		.byte	-114
 1835 0647 8F        		.byte	-113
 1836 0648 8F        		.byte	-113
 1837 0649 8F        		.byte	-113
 1838 064a 8F        		.byte	-113
 1839 064b 90        		.byte	-112
 1840 064c 90        		.byte	-112
 1841 064d 90        		.byte	-112
 1842 064e 90        		.byte	-112
 1843 064f 91        		.byte	-111
 1844 0650 91        		.byte	-111
 1845 0651 91        		.byte	-111
 1846 0652 91        		.byte	-111
 1847 0653 92        		.byte	-110
 1848 0654 92        		.byte	-110
 1849 0655 92        		.byte	-110
 1850 0656 92        		.byte	-110
 1851 0657 93        		.byte	-109
 1852 0658 93        		.byte	-109
 1853 0659 93        		.byte	-109
 1854 065a 93        		.byte	-109
 1855 065b 94        		.byte	-108
 1856 065c 94        		.byte	-108
 1857 065d 94        		.byte	-108
 1858 065e 94        		.byte	-108
 1859 065f 95        		.byte	-107
 1860 0660 95        		.byte	-107
 1861 0661 95        		.byte	-107
 1862 0662 95        		.byte	-107
 1863 0663 96        		.byte	-106
 1864 0664 96        		.byte	-106
 1865 0665 96        		.byte	-106
 1866 0666 96        		.byte	-106
 1867 0667 97        		.byte	-105
 1868 0668 97        		.byte	-105
 1869 0669 97        		.byte	-105
 1870 066a 97        		.byte	-105
 1871 066b 98        		.byte	-104
 1872 066c 98        		.byte	-104
 1873 066d 98        		.byte	-104
 1874 066e 98        		.byte	-104
 1875 066f 99        		.byte	-103
 1876 0670 99        		.byte	-103
 1877 0671 99        		.byte	-103
 1878 0672 99        		.byte	-103
 1879 0673 9A        		.byte	-102
 1880 0674 9A        		.byte	-102
 1881 0675 9A        		.byte	-102
 1882 0676 9A        		.byte	-102
 1883 0677 9B        		.byte	-101
 1884 0678 9B        		.byte	-101
 1885 0679 9B        		.byte	-101
 1886 067a 9B        		.byte	-101
 1887 067b 9C        		.byte	-100
 1888 067c 9C        		.byte	-100
 1889 067d 9C        		.byte	-100
 1890 067e 9C        		.byte	-100
 1891 067f 9D        		.byte	-99
 1892 0680 9D        		.byte	-99
 1893 0681 9D        		.byte	-99
 1894 0682 9D        		.byte	-99
 1895 0683 9E        		.byte	-98
 1896 0684 9E        		.byte	-98
 1897 0685 9E        		.byte	-98
 1898 0686 9E        		.byte	-98
 1899 0687 9F        		.byte	-97
 1900 0688 9F        		.byte	-97
 1901 0689 9F        		.byte	-97
 1902 068a 9F        		.byte	-97
 1903 068b A0        		.byte	-96
 1904 068c A0        		.byte	-96
 1905 068d A0        		.byte	-96
 1906 068e A0        		.byte	-96
 1907 068f A1        		.byte	-95
 1908 0690 A1        		.byte	-95
 1909 0691 A1        		.byte	-95
 1910 0692 A1        		.byte	-95
 1911 0693 A2        		.byte	-94
 1912 0694 A2        		.byte	-94
 1913 0695 A2        		.byte	-94
 1914 0696 A2        		.byte	-94
 1915 0697 A3        		.byte	-93
 1916 0698 A3        		.byte	-93
 1917 0699 A3        		.byte	-93
 1918 069a A3        		.byte	-93
 1919 069b A4        		.byte	-92
 1920 069c A4        		.byte	-92
 1921 069d A4        		.byte	-92
 1922 069e A4        		.byte	-92
 1923 069f A5        		.byte	-91
 1924 06a0 A5        		.byte	-91
 1925 06a1 A5        		.byte	-91
 1926 06a2 A5        		.byte	-91
 1927 06a3 A6        		.byte	-90
 1928 06a4 A6        		.byte	-90
 1929 06a5 A6        		.byte	-90
 1930 06a6 A6        		.byte	-90
 1931 06a7 A7        		.byte	-89
 1932 06a8 A7        		.byte	-89
 1933 06a9 A7        		.byte	-89
 1934 06aa A7        		.byte	-89
 1935 06ab A8        		.byte	-88
 1936 06ac A8        		.byte	-88
 1937 06ad A8        		.byte	-88
 1938 06ae A8        		.byte	-88
 1939 06af A9        		.byte	-87
 1940 06b0 A9        		.byte	-87
 1941 06b1 A9        		.byte	-87
 1942 06b2 A9        		.byte	-87
 1943 06b3 AA        		.byte	-86
 1944 06b4 AA        		.byte	-86
 1945 06b5 AA        		.byte	-86
 1946 06b6 AA        		.byte	-86
 1947 06b7 AB        		.byte	-85
 1948 06b8 AB        		.byte	-85
 1949 06b9 AB        		.byte	-85
 1950 06ba AB        		.byte	-85
 1951 06bb AC        		.byte	-84
 1952 06bc AC        		.byte	-84
 1953 06bd AC        		.byte	-84
 1954 06be AC        		.byte	-84
 1955 06bf AD        		.byte	-83
 1956 06c0 AD        		.byte	-83
 1957 06c1 AD        		.byte	-83
 1958 06c2 AD        		.byte	-83
 1959 06c3 AE        		.byte	-82
 1960 06c4 AE        		.byte	-82
 1961 06c5 AE        		.byte	-82
 1962 06c6 AE        		.byte	-82
 1963 06c7 AF        		.byte	-81
 1964 06c8 AF        		.byte	-81
 1965 06c9 AF        		.byte	-81
 1966 06ca AF        		.byte	-81
 1967 06cb B0        		.byte	-80
 1968 06cc B0        		.byte	-80
 1969 06cd B0        		.byte	-80
 1970 06ce B0        		.byte	-80
 1971 06cf B1        		.byte	-79
 1972 06d0 B1        		.byte	-79
 1973 06d1 B1        		.byte	-79
 1974 06d2 B1        		.byte	-79
 1975 06d3 B2        		.byte	-78
 1976 06d4 B2        		.byte	-78
 1977 06d5 B2        		.byte	-78
 1978 06d6 B2        		.byte	-78
 1979 06d7 B3        		.byte	-77
 1980 06d8 B3        		.byte	-77
 1981 06d9 B3        		.byte	-77
 1982 06da B3        		.byte	-77
 1983 06db B4        		.byte	-76
 1984 06dc B4        		.byte	-76
 1985 06dd B4        		.byte	-76
 1986 06de B4        		.byte	-76
 1987 06df B5        		.byte	-75
 1988 06e0 B5        		.byte	-75
 1989 06e1 B5        		.byte	-75
 1990 06e2 B5        		.byte	-75
 1991 06e3 B6        		.byte	-74
 1992 06e4 B6        		.byte	-74
 1993 06e5 B6        		.byte	-74
 1994 06e6 B6        		.byte	-74
 1995 06e7 B7        		.byte	-73
 1996 06e8 B7        		.byte	-73
 1997 06e9 B7        		.byte	-73
 1998 06ea B7        		.byte	-73
 1999 06eb B8        		.byte	-72
 2000 06ec B8        		.byte	-72
 2001 06ed B8        		.byte	-72
 2002 06ee B8        		.byte	-72
 2003 06ef B9        		.byte	-71
 2004 06f0 B9        		.byte	-71
 2005 06f1 B9        		.byte	-71
 2006 06f2 B9        		.byte	-71
 2007 06f3 BA        		.byte	-70
 2008 06f4 BA        		.byte	-70
 2009 06f5 BA        		.byte	-70
 2010 06f6 BA        		.byte	-70
 2011 06f7 BB        		.byte	-69
 2012 06f8 BB        		.byte	-69
 2013 06f9 BB        		.byte	-69
 2014 06fa BB        		.byte	-69
 2015 06fb BC        		.byte	-68
 2016 06fc BC        		.byte	-68
 2017 06fd BC        		.byte	-68
 2018 06fe BC        		.byte	-68
 2019 06ff BD        		.byte	-67
 2020 0700 BD        		.byte	-67
 2021 0701 BD        		.byte	-67
 2022 0702 BD        		.byte	-67
 2023 0703 BE        		.byte	-66
 2024 0704 BE        		.byte	-66
 2025 0705 BE        		.byte	-66
 2026 0706 BE        		.byte	-66
 2027 0707 BF        		.byte	-65
 2028 0708 BF        		.byte	-65
 2029 0709 BF        		.byte	-65
 2030 070a BF        		.byte	-65
 2031 070b C0        		.byte	-64
 2032 070c C0        		.byte	-64
 2033 070d C0        		.byte	-64
 2034 070e C0        		.byte	-64
 2035 070f C1        		.byte	-63
 2036 0710 C1        		.byte	-63
 2037 0711 C1        		.byte	-63
 2038 0712 C1        		.byte	-63
 2039 0713 C2        		.byte	-62
 2040 0714 C2        		.byte	-62
 2041 0715 C2        		.byte	-62
 2042 0716 C2        		.byte	-62
 2043 0717 C3        		.byte	-61
 2044 0718 C3        		.byte	-61
 2045 0719 C3        		.byte	-61
 2046 071a C3        		.byte	-61
 2047 071b C4        		.byte	-60
 2048 071c C4        		.byte	-60
 2049 071d C4        		.byte	-60
 2050 071e C4        		.byte	-60
 2051 071f C5        		.byte	-59
 2052 0720 C5        		.byte	-59
 2053 0721 C5        		.byte	-59
 2054 0722 C5        		.byte	-59
 2055 0723 C6        		.byte	-58
 2056 0724 C6        		.byte	-58
 2057 0725 C6        		.byte	-58
 2058 0726 C6        		.byte	-58
 2059 0727 C7        		.byte	-57
 2060 0728 C7        		.byte	-57
 2061 0729 C7        		.byte	-57
 2062 072a C7        		.byte	-57
 2063 072b C8        		.byte	-56
 2064 072c C8        		.byte	-56
 2065 072d C8        		.byte	-56
 2066 072e C8        		.byte	-56
 2067 072f C9        		.byte	-55
 2068 0730 C9        		.byte	-55
 2069 0731 C9        		.byte	-55
 2070 0732 C9        		.byte	-55
 2071 0733 CA        		.byte	-54
 2072 0734 CA        		.byte	-54
 2073 0735 CA        		.byte	-54
 2074 0736 CA        		.byte	-54
 2075 0737 CB        		.byte	-53
 2076 0738 CB        		.byte	-53
 2077 0739 CB        		.byte	-53
 2078 073a CB        		.byte	-53
 2079 073b CC        		.byte	-52
 2080 073c CC        		.byte	-52
 2081 073d CC        		.byte	-52
 2082 073e CC        		.byte	-52
 2083 073f CD        		.byte	-51
 2084 0740 CD        		.byte	-51
 2085 0741 CD        		.byte	-51
 2086 0742 CD        		.byte	-51
 2087 0743 CE        		.byte	-50
 2088 0744 CE        		.byte	-50
 2089 0745 CE        		.byte	-50
 2090 0746 CE        		.byte	-50
 2091 0747 CF        		.byte	-49
 2092 0748 CF        		.byte	-49
 2093 0749 CF        		.byte	-49
 2094 074a CF        		.byte	-49
 2095 074b D0        		.byte	-48
 2096 074c D0        		.byte	-48
 2097 074d D0        		.byte	-48
 2098 074e D0        		.byte	-48
 2099 074f D1        		.byte	-47
 2100 0750 D1        		.byte	-47
 2101 0751 D1        		.byte	-47
 2102 0752 D1        		.byte	-47
 2103 0753 D2        		.byte	-46
 2104 0754 D2        		.byte	-46
 2105 0755 D2        		.byte	-46
 2106 0756 D2        		.byte	-46
 2107 0757 D3        		.byte	-45
 2108 0758 D3        		.byte	-45
 2109 0759 D3        		.byte	-45
 2110 075a D3        		.byte	-45
 2111 075b D4        		.byte	-44
 2112 075c D4        		.byte	-44
 2113 075d D4        		.byte	-44
 2114 075e D4        		.byte	-44
 2115 075f D5        		.byte	-43
 2116 0760 D5        		.byte	-43
 2117 0761 D5        		.byte	-43
 2118 0762 D5        		.byte	-43
 2119 0763 D6        		.byte	-42
 2120 0764 D6        		.byte	-42
 2121 0765 D6        		.byte	-42
 2122 0766 D6        		.byte	-42
 2123 0767 D7        		.byte	-41
 2124 0768 D7        		.byte	-41
 2125 0769 D7        		.byte	-41
 2126 076a D7        		.byte	-41
 2127 076b D8        		.byte	-40
 2128 076c D8        		.byte	-40
 2129 076d D8        		.byte	-40
 2130 076e D8        		.byte	-40
 2131 076f D9        		.byte	-39
 2132 0770 D9        		.byte	-39
 2133 0771 D9        		.byte	-39
 2134 0772 D9        		.byte	-39
 2135 0773 DA        		.byte	-38
 2136 0774 DA        		.byte	-38
 2137 0775 DA        		.byte	-38
 2138 0776 DA        		.byte	-38
 2139 0777 DB        		.byte	-37
 2140 0778 DB        		.byte	-37
 2141 0779 DB        		.byte	-37
 2142 077a DB        		.byte	-37
 2143 077b DC        		.byte	-36
 2144 077c DC        		.byte	-36
 2145 077d DC        		.byte	-36
 2146 077e DC        		.byte	-36
 2147 077f DD        		.byte	-35
 2148 0780 DD        		.byte	-35
 2149 0781 DD        		.byte	-35
 2150 0782 DD        		.byte	-35
 2151 0783 DE        		.byte	-34
 2152 0784 DE        		.byte	-34
 2153 0785 DE        		.byte	-34
 2154 0786 DE        		.byte	-34
 2155 0787 DF        		.byte	-33
 2156 0788 DF        		.byte	-33
 2157 0789 DF        		.byte	-33
 2158 078a DF        		.byte	-33
 2159 078b E0        		.byte	-32
 2160 078c E0        		.byte	-32
 2161 078d E0        		.byte	-32
 2162 078e E0        		.byte	-32
 2163 078f E1        		.byte	-31
 2164 0790 E1        		.byte	-31
 2165 0791 E1        		.byte	-31
 2166 0792 E1        		.byte	-31
 2167 0793 E2        		.byte	-30
 2168 0794 E2        		.byte	-30
 2169 0795 E2        		.byte	-30
 2170 0796 E2        		.byte	-30
 2171 0797 E3        		.byte	-29
 2172 0798 E3        		.byte	-29
 2173 0799 E3        		.byte	-29
 2174 079a E3        		.byte	-29
 2175 079b E4        		.byte	-28
 2176 079c E4        		.byte	-28
 2177 079d E4        		.byte	-28
 2178 079e E4        		.byte	-28
 2179 079f E5        		.byte	-27
 2180 07a0 E5        		.byte	-27
 2181 07a1 E5        		.byte	-27
 2182 07a2 E5        		.byte	-27
 2183 07a3 E6        		.byte	-26
 2184 07a4 E6        		.byte	-26
 2185 07a5 E6        		.byte	-26
 2186 07a6 E6        		.byte	-26
 2187 07a7 E7        		.byte	-25
 2188 07a8 E7        		.byte	-25
 2189 07a9 E7        		.byte	-25
 2190 07aa E7        		.byte	-25
 2191 07ab E8        		.byte	-24
 2192 07ac E8        		.byte	-24
 2193 07ad E8        		.byte	-24
 2194 07ae E8        		.byte	-24
 2195 07af E9        		.byte	-23
 2196 07b0 E9        		.byte	-23
 2197 07b1 E9        		.byte	-23
 2198 07b2 E9        		.byte	-23
 2199 07b3 EA        		.byte	-22
 2200 07b4 EA        		.byte	-22
 2201 07b5 EA        		.byte	-22
 2202 07b6 EA        		.byte	-22
 2203 07b7 EB        		.byte	-21
 2204 07b8 EB        		.byte	-21
 2205 07b9 EB        		.byte	-21
 2206 07ba EB        		.byte	-21
 2207 07bb EC        		.byte	-20
 2208 07bc EC        		.byte	-20
 2209 07bd EC        		.byte	-20
 2210 07be EC        		.byte	-20
 2211 07bf ED        		.byte	-19
 2212 07c0 ED        		.byte	-19
 2213 07c1 ED        		.byte	-19
 2214 07c2 ED        		.byte	-19
 2215 07c3 EE        		.byte	-18
 2216 07c4 EE        		.byte	-18
 2217 07c5 EE        		.byte	-18
 2218 07c6 EE        		.byte	-18
 2219 07c7 EF        		.byte	-17
 2220 07c8 EF        		.byte	-17
 2221 07c9 EF        		.byte	-17
 2222 07ca EF        		.byte	-17
 2223 07cb F0        		.byte	-16
 2224 07cc F0        		.byte	-16
 2225 07cd F0        		.byte	-16
 2226 07ce F0        		.byte	-16
 2227 07cf F1        		.byte	-15
 2228 07d0 F1        		.byte	-15
 2229 07d1 F1        		.byte	-15
 2230 07d2 F1        		.byte	-15
 2231 07d3 F2        		.byte	-14
 2232 07d4 F2        		.byte	-14
 2233 07d5 F2        		.byte	-14
 2234 07d6 F2        		.byte	-14
 2235 07d7 F3        		.byte	-13
 2236 07d8 F3        		.byte	-13
 2237 07d9 F3        		.byte	-13
 2238 07da F3        		.byte	-13
 2239 07db F4        		.byte	-12
 2240 07dc F4        		.byte	-12
 2241 07dd F4        		.byte	-12
 2242 07de F4        		.byte	-12
 2243 07df F5        		.byte	-11
 2244 07e0 F5        		.byte	-11
 2245 07e1 F5        		.byte	-11
 2246 07e2 F5        		.byte	-11
 2247 07e3 F6        		.byte	-10
 2248 07e4 F6        		.byte	-10
 2249 07e5 F6        		.byte	-10
 2250 07e6 F6        		.byte	-10
 2251 07e7 F7        		.byte	-9
 2252 07e8 F7        		.byte	-9
 2253 07e9 F7        		.byte	-9
 2254 07ea F7        		.byte	-9
 2255 07eb F8        		.byte	-8
 2256 07ec F8        		.byte	-8
 2257 07ed F8        		.byte	-8
 2258 07ee F8        		.byte	-8
 2259 07ef F9        		.byte	-7
 2260 07f0 F9        		.byte	-7
 2261 07f1 F9        		.byte	-7
 2262 07f2 F9        		.byte	-7
 2263 07f3 FA        		.byte	-6
 2264 07f4 FA        		.byte	-6
 2265 07f5 FA        		.byte	-6
 2266 07f6 FA        		.byte	-6
 2267 07f7 FB        		.byte	-5
 2268 07f8 FB        		.byte	-5
 2269 07f9 FB        		.byte	-5
 2270 07fa FB        		.byte	-5
 2271 07fb FC        		.byte	-4
 2272 07fc FC        		.byte	-4
 2273 07fd FC        		.byte	-4
 2274 07fe FC        		.byte	-4
 2275 07ff FD        		.byte	-3
 2276 0800 FD        		.byte	-3
 2277 0801 FD        		.byte	-3
 2278 0802 FD        		.byte	-3
 2279 0803 FE        		.byte	-2
 2280 0804 FE        		.byte	-2
 2281 0805 FE        		.byte	-2
 2282 0806 FE        		.byte	-2
 2283 0807 FF        		.byte	-1
 2284 0808 FF        		.byte	-1
 2285               		.lcomm pot_2,2
 2318               	.Letext0:
DEFINED SYMBOLS
                            *ABS*:00000000 missionControl.c
     /tmp/ccjdk9OI.s:2      *ABS*:0000003f __SREG__
     /tmp/ccjdk9OI.s:3      *ABS*:0000003e __SP_H__
     /tmp/ccjdk9OI.s:4      *ABS*:0000003d __SP_L__
     /tmp/ccjdk9OI.s:5      *ABS*:00000034 __CCP__
     /tmp/ccjdk9OI.s:6      *ABS*:00000000 __tmp_reg__
     /tmp/ccjdk9OI.s:7      *ABS*:00000001 __zero_reg__
     /tmp/ccjdk9OI.s:18     .text:00000000 scan_pots
                             .bss:00000000 pot_1
     /tmp/ccjdk9OI.s:1257   .bss:00000002 pot_2
     /tmp/ccjdk9OI.s:88     .text:0000004c main
     /tmp/ccjdk9OI.s:1260   .data:00000409 pot_linear
     /tmp/ccjdk9OI.s:232    .data:00000009 pot_steps

UNDEFINED SYMBOLS
mux_channelSelect
adc_startConversion
adc_read
lcd_init
lcd_clrscr
adc_init
mux_init
lcdText_printf
__do_copy_data
__do_clear_bss
