   1               		.file	"MassStorageHost.c"
   2               	__SREG__ = 0x3f
   3               	__SP_H__ = 0x3e
   4               	__SP_L__ = 0x3d
   5               	__CCP__  = 0x34
   6               	__tmp_reg__ = 0
   7               	__zero_reg__ = 1
  15               	.Ltext0:
  16               		.section	.text.EVENT_USB_Host_DeviceEnumerationComplete,"ax",@progbits
  17               	.global	EVENT_USB_Host_DeviceEnumerationComplete
  19               	EVENT_USB_Host_DeviceEnumerationComplete:
  20               	.LFB132:
  21               	.LSM0:
  22               	/* prologue: function */
  23               	/* frame size = 0 */
  24               	.LBB89:
  25               	.LBB90:
  26               	.LSM1:
  27 0000 8BB1      		in r24,43-32
  28 0002 8F70      		andi r24,lo8(15)
  29 0004 8066      		ori r24,lo8(96)
  30 0006 8BB9      		out 43-32,r24
  31               	/* epilogue start */
  32               	.LBE90:
  33               	.LBE89:
  34               	.LSM2:
  35 0008 0895      		ret
  36               	.LFE132:
  38               		.section	.text.EVENT_USB_Host_DeviceEnumerationFailed,"ax",@progbits
  39               	.global	EVENT_USB_Host_DeviceEnumerationFailed
  41               	EVENT_USB_Host_DeviceEnumerationFailed:
  42               	.LFB134:
  43               	.LSM3:
  44               	.LVL0:
  45               	/* prologue: function */
  46               	/* frame size = 0 */
  47               	.LSM4:
  48 0000 9091 0000 		lds r25,USB_HostState
  49 0004 2DB7      		in r18,__SP_L__
  50 0006 3EB7      		in r19,__SP_H__
  51 0008 2850      		subi r18,lo8(-(-8))
  52 000a 3040      		sbci r19,hi8(-(-8))
  53 000c 0FB6      		in __tmp_reg__,__SREG__
  54 000e F894      		cli
  55 0010 3EBF      		out __SP_H__,r19
  56 0012 0FBE      		out __SREG__,__tmp_reg__
  57 0014 2DBF      		out __SP_L__,r18
  58 0016 EDB7      		in r30,__SP_L__
  59 0018 FEB7      		in r31,__SP_H__
  60 001a 3196      		adiw r30,1
  61 001c 20E0      		ldi r18,lo8(__c.4274)
  62 001e 30E0      		ldi r19,hi8(__c.4274)
  63 0020 ADB7      		in r26,__SP_L__
  64 0022 BEB7      		in r27,__SP_H__
  65 0024 1296      		adiw r26,1+1
  66 0026 3C93      		st X,r19
  67 0028 2E93      		st -X,r18
  68 002a 1197      		sbiw r26,1
  69 002c 8283      		std Z+2,r24
  70 002e 1382      		std Z+3,__zero_reg__
  71 0030 6483      		std Z+4,r22
  72 0032 1582      		std Z+5,__zero_reg__
  73 0034 9683      		std Z+6,r25
  74 0036 1782      		std Z+7,__zero_reg__
  75 0038 0E94 0000 		call printf_P
  76               	.LVL1:
  77               	.LBB91:
  78               	.LBB92:
  79               	.LSM5:
  80 003c 8BB1      		in r24,43-32
  81 003e 8F70      		andi r24,lo8(15)
  82 0040 8069      		ori r24,lo8(-112)
  83 0042 8BB9      		out 43-32,r24
  84 0044 2DB7      		in r18,__SP_L__
  85 0046 3EB7      		in r19,__SP_H__
  86 0048 285F      		subi r18,lo8(-(8))
  87 004a 3F4F      		sbci r19,hi8(-(8))
  88 004c 0FB6      		in __tmp_reg__,__SREG__
  89 004e F894      		cli
  90 0050 3EBF      		out __SP_H__,r19
  91 0052 0FBE      		out __SREG__,__tmp_reg__
  92 0054 2DBF      		out __SP_L__,r18
  93               	/* epilogue start */
  94               	.LBE92:
  95               	.LBE91:
  96               	.LSM6:
  97 0056 0895      		ret
  98               	.LFE134:
 100               		.section	.text.EVENT_USB_Host_HostError,"ax",@progbits
 101               	.global	EVENT_USB_Host_HostError
 103               	EVENT_USB_Host_HostError:
 104               	.LFB133:
 105               	.LSM7:
 106               	.LVL2:
 107 0000 1F93      		push r17
 108               	/* prologue: function */
 109               	/* frame size = 0 */
 110 0002 182F      		mov r17,r24
 111               	.LSM8:
 112 0004 0E94 0000 		call USB_ShutDown
 113               	.LVL3:
 114               	.LSM9:
 115 0008 00D0      		rcall .
 116 000a 00D0      		rcall .
 117 000c EDB7      		in r30,__SP_L__
 118 000e FEB7      		in r31,__SP_H__
 119 0010 3196      		adiw r30,1
 120 0012 80E0      		ldi r24,lo8(__c.4266)
 121 0014 90E0      		ldi r25,hi8(__c.4266)
 122 0016 ADB7      		in r26,__SP_L__
 123 0018 BEB7      		in r27,__SP_H__
 124 001a 1296      		adiw r26,1+1
 125 001c 9C93      		st X,r25
 126 001e 8E93      		st -X,r24
 127 0020 1197      		sbiw r26,1
 128 0022 1283      		std Z+2,r17
 129 0024 1382      		std Z+3,__zero_reg__
 130 0026 0E94 0000 		call printf_P
 131               	.LBB93:
 132               	.LBB94:
 133               	.LSM10:
 134 002a 8BB1      		in r24,43-32
 135 002c 8F70      		andi r24,lo8(15)
 136 002e 8069      		ori r24,lo8(-112)
 137 0030 8BB9      		out 43-32,r24
 138 0032 0F90      		pop __tmp_reg__
 139 0034 0F90      		pop __tmp_reg__
 140 0036 0F90      		pop __tmp_reg__
 141 0038 0F90      		pop __tmp_reg__
 142               	.L6:
 143 003a 00C0      		rjmp .L6
 144               	.LBE94:
 145               	.LBE93:
 146               	.LFE133:
 148               		.section	.text.EVENT_USB_Host_DeviceUnattached,"ax",@progbits
 149               	.global	EVENT_USB_Host_DeviceUnattached
 151               	EVENT_USB_Host_DeviceUnattached:
 152               	.LFB131:
 153               	.LSM11:
 154               	/* prologue: function */
 155               	/* frame size = 0 */
 156               	.LSM12:
 157 0000 80E0      		ldi r24,lo8(__c.4258)
 158 0002 90E0      		ldi r25,hi8(__c.4258)
 159 0004 0E94 0000 		call puts_P
 160               	.LBB95:
 161               	.LBB96:
 162               	.LSM13:
 163 0008 8BB1      		in r24,43-32
 164 000a 8F70      		andi r24,lo8(15)
 165 000c 8061      		ori r24,lo8(16)
 166 000e 8BB9      		out 43-32,r24
 167               	/* epilogue start */
 168               	.LBE96:
 169               	.LBE95:
 170               	.LSM14:
 171 0010 0895      		ret
 172               	.LFE131:
 174               		.section	.text.EVENT_USB_Host_DeviceAttached,"ax",@progbits
 175               	.global	EVENT_USB_Host_DeviceAttached
 177               	EVENT_USB_Host_DeviceAttached:
 178               	.LFB130:
 179               	.LSM15:
 180               	/* prologue: function */
 181               	/* frame size = 0 */
 182               	.LSM16:
 183 0000 80E0      		ldi r24,lo8(__c.4253)
 184 0002 90E0      		ldi r25,hi8(__c.4253)
 185 0004 0E94 0000 		call puts_P
 186               	.LBB97:
 187               	.LBB98:
 188               	.LSM17:
 189 0008 8BB1      		in r24,43-32
 190 000a 8F70      		andi r24,lo8(15)
 191 000c 806A      		ori r24,lo8(-96)
 192 000e 8BB9      		out 43-32,r24
 193               	/* epilogue start */
 194               	.LBE98:
 195               	.LBE97:
 196               	.LSM18:
 197 0010 0895      		ret
 198               	.LFE130:
 200               		.section	.text.SetupHardware,"ax",@progbits
 201               	.global	SetupHardware
 203               	SetupHardware:
 204               	.LFB129:
 205               	.LSM19:
 206               	/* prologue: function */
 207               	/* frame size = 0 */
 208               	.LSM20:
 209 0000 84B7      		in r24,84-32
 210 0002 877F      		andi r24,lo8(-9)
 211 0004 84BF      		out 84-32,r24
 212               	.LSM21:
 213 0006 38E1      		ldi r19,lo8(24)
 214               	/* #APP */
 215               	 ;  240 "MassStorageHost.c" 1
 216 0008 0FB6      		in __tmp_reg__, __SREG__
 217 000a F894      		cli
 218 000c 3093 6000 		sts 96, r19
 219 0010 1092 6000 		sts 96, __zero_reg__
 220 0014 0FBE      		out __SREG__,__tmp_reg__
 221               		
 222               	 ;  0 "" 2
 223               	/* #NOAPP */
 224               	.LBB99:
 225               	.LSM22:
 226 0016 80E0      		ldi r24,lo8(0)
 227 0018 90E0      		ldi r25,hi8(0)
 228 001a 20E8      		ldi r18,lo8(-128)
 229               	/* #APP */
 230               	 ;  243 "MassStorageHost.c" 1
 231 001c 0FB6      		in __tmp_reg__,__SREG__
 232 001e F894      		cli
 233 0020 2093 6100 		sts 97, r18
 234 0024 8093 6100 		sts 97, r24
 235 0028 0FBE      		out __SREG__, __tmp_reg__
 236               	 ;  0 "" 2
 237               	/* #NOAPP */
 238               	.LBE99:
 239               	.LBB100:
 240               	.LBB101:
 241               	.LBB102:
 242               	.LBB103:
 243               	.LSM23:
 244 002a 83E3      		ldi r24,lo8(51)
 245 002c 90E0      		ldi r25,hi8(51)
 246 002e 9093 CD00 		sts (204)+1,r25
 247 0032 8093 CC00 		sts 204,r24
 248               	.LSM24:
 249 0036 86E0      		ldi r24,lo8(6)
 250 0038 8093 CA00 		sts 202,r24
 251               	.LSM25:
 252 003c 1092 C800 		sts 200,__zero_reg__
 253               	.LSM26:
 254 0040 3093 C900 		sts 201,r19
 255               	.LSM27:
 256 0044 539A      		sbi 42-32,3
 257               	.LSM28:
 258 0046 5A9A      		sbi 43-32,2
 259               	.LBE103:
 260               	.LBE102:
 261               	.LSM29:
 262 0048 80E0      		ldi r24,lo8(USARTStream)
 263 004a 90E0      		ldi r25,hi8(USARTStream)
 264 004c 9093 0000 		sts (__iob+2)+1,r25
 265 0050 8093 0000 		sts __iob+2,r24
 266               	.LSM30:
 267 0054 9093 0000 		sts (__iob)+1,r25
 268 0058 8093 0000 		sts __iob,r24
 269               	.LBE101:
 270               	.LBE100:
 271               	.LBB104:
 272               	.LBB105:
 273               	.LSM31:
 274 005c 8AB1      		in r24,42-32
 275 005e 806F      		ori r24,lo8(-16)
 276 0060 8AB9      		out 42-32,r24
 277               	.LSM32:
 278 0062 8BB1      		in r24,43-32
 279 0064 8F70      		andi r24,lo8(15)
 280 0066 8BB9      		out 43-32,r24
 281               	.LBE105:
 282               	.LBE104:
 283               	.LSM33:
 284 0068 0E94 0000 		call USB_Init
 285               	/* epilogue start */
 286               	.LSM34:
 287 006c 0895      		ret
 288               	.LFE129:
 290               		.section	.text.main,"ax",@progbits
 291               	.global	main
 293               	main:
 294               	.LFB128:
 295               	.LSM35:
 296 0000 2F92      		push r2
 297 0002 3F92      		push r3
 298 0004 4F92      		push r4
 299 0006 5F92      		push r5
 300 0008 6F92      		push r6
 301 000a 7F92      		push r7
 302 000c 8F92      		push r8
 303 000e 9F92      		push r9
 304 0010 AF92      		push r10
 305 0012 BF92      		push r11
 306 0014 CF92      		push r12
 307 0016 DF92      		push r13
 308 0018 EF92      		push r14
 309 001a FF92      		push r15
 310 001c 0F93      		push r16
 311 001e 1F93      		push r17
 312 0020 DF93      		push r29
 313 0022 CF93      		push r28
 314 0024 CDB7      		in r28,__SP_L__
 315 0026 DEB7      		in r29,__SP_H__
 316 0028 C154      		subi r28,lo8(-(-577))
 317 002a D240      		sbci r29,hi8(-(-577))
 318 002c 0FB6      		in __tmp_reg__,__SREG__
 319 002e F894      		cli
 320 0030 DEBF      		out __SP_H__,r29
 321 0032 0FBE      		out __SREG__,__tmp_reg__
 322 0034 CDBF      		out __SP_L__,r28
 323               	/* prologue: function */
 324               	/* frame size = 577 */
 325               	.LSM36:
 326 0036 0E94 0000 		call SetupHardware
 327               	.LSM37:
 328 003a 80E0      		ldi r24,lo8(__c.4125)
 329 003c 90E0      		ldi r25,hi8(__c.4125)
 330 003e 0E94 0000 		call puts_P
 331               	.LBB106:
 332               	.LBB107:
 333               	.LSM38:
 334 0042 8BB1      		in r24,43-32
 335 0044 8F70      		andi r24,lo8(15)
 336 0046 8061      		ori r24,lo8(16)
 337 0048 8BB9      		out 43-32,r24
 338               	.LBE107:
 339               	.LBE106:
 340               	.LSM39:
 341               	/* #APP */
 342               	 ;  66 "MassStorageHost.c" 1
 343 004a 7894      		sei
 344               	 ;  0 "" 2
 345               	/* #NOAPP */
 346               	.LBB108:
 347               	.LSM40:
 348 004c F2E4      		ldi r31,lo8(66)
 349 004e 4F2E      		mov r4,r31
 350 0050 512C      		mov r5,__zero_reg__
 351 0052 4C0E      		add r4,r28
 352 0054 5D1E      		adc r5,r29
 353               	.LBB109:
 354               	.LBB110:
 355               	.LBB111:
 356               	.LBB112:
 357               	.LSM41:
 358 0056 E0E0      		ldi r30,lo8(__c.4180)
 359 0058 2E2E      		mov r2,r30
 360 005a E0E0      		ldi r30,hi8(__c.4180)
 361 005c 3E2E      		mov r3,r30
 362               	.LVL4:
 363               	.L36:
 364               	.LBE112:
 365               	.LBE111:
 366               	.LBE110:
 367               	.LBE109:
 368               	.LBE108:
 369               	.LSM42:
 370 005e 8091 0000 		lds r24,USB_HostState
 371 0062 8B30      		cpi r24,lo8(11)
 372 0064 01F0      		breq .L16
 373 0066 8C30      		cpi r24,lo8(12)
 374 0068 01F0      		breq .+2
 375 006a 00C0      		rjmp .L15
 376 006c 00C0      		rjmp .L43
 377               	.L16:
 378               	.LBB134:
 379               	.LBB118:
 380               	.LBB119:
 381               	.LSM43:
 382 006e 8BB1      		in r24,43-32
 383 0070 8F70      		andi r24,lo8(15)
 384 0072 806A      		ori r24,lo8(-96)
 385 0074 8BB9      		out 43-32,r24
 386               	.LBE119:
 387               	.LBE118:
 388               	.LSM44:
 389 0076 81E0      		ldi r24,lo8(1)
 390 0078 BE01      		movw r22,r28
 391 007a 6E5F      		subi r22,lo8(-(2))
 392 007c 7F4F      		sbci r23,hi8(-(2))
 393 007e A201      		movw r20,r4
 394 0080 20E0      		ldi r18,lo8(512)
 395 0082 32E0      		ldi r19,hi8(512)
 396 0084 0E94 0000 		call USB_Host_GetDeviceConfigDescriptor
 397 0088 8823      		tst r24
 398 008a 01F0      		breq .L18
 399               	.LSM45:
 400 008c 80E0      		ldi r24,lo8(__c.4130)
 401 008e 90E0      		ldi r25,hi8(__c.4130)
 402 0090 00C0      		rjmp .L42
 403               	.L18:
 404               	.LSM46:
 405 0092 6A81      		ldd r22,Y+2
 406 0094 7B81      		ldd r23,Y+3
 407 0096 80E0      		ldi r24,lo8(FlashDisk_MS_Interface)
 408 0098 90E0      		ldi r25,hi8(FlashDisk_MS_Interface)
 409 009a A201      		movw r20,r4
 410 009c 0E94 0000 		call MS_Host_ConfigurePipes
 411 00a0 8823      		tst r24
 412 00a2 01F0      		breq .L19
 413               	.LSM47:
 414 00a4 80E0      		ldi r24,lo8(__c.4133)
 415 00a6 90E0      		ldi r25,hi8(__c.4133)
 416               	.L42:
 417 00a8 0E94 0000 		call puts_P
 418               	.LBB120:
 419               	.LBB121:
 420               	.LSM48:
 421 00ac 8BB1      		in r24,43-32
 422 00ae 8F70      		andi r24,lo8(15)
 423 00b0 8069      		ori r24,lo8(-112)
 424 00b2 8BB9      		out 43-32,r24
 425               	.LBE121:
 426               	.LBE120:
 427               	.LSM49:
 428 00b4 1092 0000 		sts USB_HostState,__zero_reg__
 429 00b8 00C0      		rjmp .L15
 430               	.L19:
 431               	.LSM50:
 432 00ba 81E0      		ldi r24,lo8(1)
 433 00bc 0E94 0000 		call USB_Host_SetDeviceConfiguration
 434 00c0 8823      		tst r24
 435 00c2 01F0      		breq .L20
 436               	.LSM51:
 437 00c4 80E0      		ldi r24,lo8(__c.4135)
 438 00c6 90E0      		ldi r25,hi8(__c.4135)
 439 00c8 00C0      		rjmp .L42
 440               	.L20:
 441               	.LSM52:
 442 00ca 80E0      		ldi r24,lo8(__c.4137)
 443 00cc 90E0      		ldi r25,hi8(__c.4137)
 444 00ce 0E94 0000 		call puts_P
 445               	.LBB122:
 446               	.LBB123:
 447               	.LSM53:
 448 00d2 8BB1      		in r24,43-32
 449 00d4 8F70      		andi r24,lo8(15)
 450 00d6 8066      		ori r24,lo8(96)
 451 00d8 8BB9      		out 43-32,r24
 452               	.LBE123:
 453               	.LBE122:
 454               	.LSM54:
 455 00da 8CE0      		ldi r24,lo8(12)
 456 00dc 8093 0000 		sts USB_HostState,r24
 457 00e0 00C0      		rjmp .L15
 458               	.L43:
 459               	.LBB124:
 460               	.LBB125:
 461               	.LSM55:
 462 00e2 8BB1      		in r24,43-32
 463 00e4 8F70      		andi r24,lo8(15)
 464 00e6 8062      		ori r24,lo8(32)
 465 00e8 8BB9      		out 43-32,r24
 466               	.LBE125:
 467               	.LBE124:
 468               	.LSM56:
 469 00ea 80E0      		ldi r24,lo8(FlashDisk_MS_Interface)
 470 00ec 90E0      		ldi r25,hi8(FlashDisk_MS_Interface)
 471 00ee BE01      		movw r22,r28
 472 00f0 6F5F      		subi r22,lo8(-(1))
 473 00f2 7F4F      		sbci r23,hi8(-(1))
 474 00f4 0E94 0000 		call MS_Host_GetMaxLUN
 475 00f8 8823      		tst r24
 476 00fa 01F0      		breq .L21
 477               	.LSM57:
 478 00fc 80E0      		ldi r24,lo8(__c.4141)
 479 00fe 90E0      		ldi r25,hi8(__c.4141)
 480 0100 00C0      		rjmp .L42
 481               	.L21:
 482               	.LSM58:
 483 0102 00D0      		rcall .
 484 0104 00D0      		rcall .
 485 0106 E0E0      		ldi r30,lo8(__c.4143)
 486 0108 F0E0      		ldi r31,hi8(__c.4143)
 487 010a ADB7      		in r26,__SP_L__
 488 010c BEB7      		in r27,__SP_H__
 489 010e 1296      		adiw r26,1+1
 490 0110 FC93      		st X,r31
 491 0112 EE93      		st -X,r30
 492 0114 1197      		sbiw r26,1
 493 0116 8981      		ldd r24,Y+1
 494               	.LVL5:
 495 0118 90E0      		ldi r25,lo8(0)
 496               	.LVL6:
 497 011a 0196      		adiw r24,1
 498               	.LVL7:
 499 011c 1496      		adiw r26,3+1
 500 011e 9C93      		st X,r25
 501 0120 8E93      		st -X,r24
 502 0122 1397      		sbiw r26,3
 503 0124 0E94 0000 		call printf_P
 504               	.LVL8:
 505               	.LSM59:
 506 0128 0F90      		pop __tmp_reg__
 507 012a 0F90      		pop __tmp_reg__
 508 012c 0F90      		pop __tmp_reg__
 509 012e 0F90      		pop __tmp_reg__
 510 0130 80E0      		ldi r24,lo8(FlashDisk_MS_Interface)
 511 0132 90E0      		ldi r25,hi8(FlashDisk_MS_Interface)
 512 0134 0E94 0000 		call MS_Host_ResetMSInterface
 513 0138 8823      		tst r24
 514 013a 01F0      		breq .L22
 515               	.LSM60:
 516 013c 80E0      		ldi r24,lo8(__c.4145)
 517 013e 90E0      		ldi r25,hi8(__c.4145)
 518 0140 00C0      		rjmp .L42
 519               	.L22:
 520               	.LSM61:
 521 0142 80E0      		ldi r24,lo8(FlashDisk_MS_Interface)
 522 0144 90E0      		ldi r25,hi8(FlashDisk_MS_Interface)
 523 0146 60E0      		ldi r22,lo8(0)
 524 0148 AE01      		movw r20,r28
 525 014a 445F      		subi r20,lo8(-(12))
 526 014c 5F4F      		sbci r21,hi8(-(12))
 527 014e 0E94 0000 		call MS_Host_RequestSense
 528 0152 8823      		tst r24
 529 0154 01F0      		breq .L23
 530               	.LSM62:
 531 0156 80E0      		ldi r24,lo8(__c.4148)
 532 0158 90E0      		ldi r25,hi8(__c.4148)
 533 015a 00C0      		rjmp .L42
 534               	.L23:
 535               	.LSM63:
 536 015c 80E0      		ldi r24,lo8(FlashDisk_MS_Interface)
 537 015e 90E0      		ldi r25,hi8(FlashDisk_MS_Interface)
 538 0160 60E0      		ldi r22,lo8(0)
 539 0162 41E0      		ldi r20,lo8(1)
 540 0164 0E94 0000 		call MS_Host_PreventAllowMediumRemoval
 541 0168 8823      		tst r24
 542 016a 01F0      		breq .L24
 543               	.LSM64:
 544 016c 80E0      		ldi r24,lo8(__c.4150)
 545 016e 90E0      		ldi r25,hi8(__c.4150)
 546 0170 00C0      		rjmp .L42
 547               	.L24:
 548               	.LSM65:
 549 0172 80E0      		ldi r24,lo8(FlashDisk_MS_Interface)
 550 0174 90E0      		ldi r25,hi8(FlashDisk_MS_Interface)
 551 0176 60E0      		ldi r22,lo8(0)
 552 0178 AE01      		movw r20,r28
 553 017a 425E      		subi r20,lo8(-(30))
 554 017c 5F4F      		sbci r21,hi8(-(30))
 555 017e 0E94 0000 		call MS_Host_GetInquiryData
 556 0182 8823      		tst r24
 557 0184 01F0      		breq .L25
 558               	.LSM66:
 559 0186 80E0      		ldi r24,lo8(__c.4153)
 560 0188 90E0      		ldi r25,hi8(__c.4153)
 561 018a 00C0      		rjmp .L42
 562               	.L25:
 563               	.LSM67:
 564 018c 00D0      		rcall .
 565 018e 00D0      		rcall .
 566 0190 00D0      		rcall .
 567 0192 EDB7      		in r30,__SP_L__
 568 0194 FEB7      		in r31,__SP_H__
 569 0196 3196      		adiw r30,1
 570 0198 80E0      		ldi r24,lo8(__c.4155)
 571 019a 90E0      		ldi r25,hi8(__c.4155)
 572 019c ADB7      		in r26,__SP_L__
 573 019e BEB7      		in r27,__SP_H__
 574 01a0 1296      		adiw r26,1+1
 575 01a2 9C93      		st X,r25
 576 01a4 8E93      		st -X,r24
 577 01a6 1197      		sbiw r26,1
 578 01a8 A6E2      		ldi r26,lo8(38)
 579 01aa B0E0      		ldi r27,hi8(38)
 580 01ac AC0F      		add r26,r28
 581 01ae BD1F      		adc r27,r29
 582 01b0 B383      		std Z+3,r27
 583 01b2 A283      		std Z+2,r26
 584 01b4 8EE2      		ldi r24,lo8(46)
 585 01b6 90E0      		ldi r25,hi8(46)
 586 01b8 8C0F      		add r24,r28
 587 01ba 9D1F      		adc r25,r29
 588 01bc 9583      		std Z+5,r25
 589 01be 8483      		std Z+4,r24
 590 01c0 0E94 0000 		call printf_P
 591               	.LSM68:
 592 01c4 ADB7      		in r26,__SP_L__
 593 01c6 BEB7      		in r27,__SP_H__
 594 01c8 1696      		adiw r26,6
 595 01ca 0FB6      		in __tmp_reg__,__SREG__
 596 01cc F894      		cli
 597 01ce BEBF      		out __SP_H__,r27
 598 01d0 0FBE      		out __SREG__,__tmp_reg__
 599 01d2 ADBF      		out __SP_L__,r26
 600 01d4 80E0      		ldi r24,lo8(__c.4157)
 601 01d6 90E0      		ldi r25,hi8(__c.4157)
 602 01d8 0E94 0000 		call puts_P
 603               	.LVL9:
 604               	.L27:
 605               	.LBB126:
 606               	.LSM69:
 607 01dc 80E0      		ldi r24,lo8(FlashDisk_MS_Interface)
 608 01de 90E0      		ldi r25,hi8(FlashDisk_MS_Interface)
 609               	.LVL10:
 610 01e0 60E0      		ldi r22,lo8(0)
 611 01e2 0E94 0000 		call MS_Host_TestUnitReady
 612               	.LSM70:
 613 01e6 8823      		tst r24
 614               	.LVL11:
 615 01e8 01F0      		breq .L26
 616               	.LSM71:
 617 01ea 8038      		cpi r24,lo8(-128)
 618 01ec 01F0      		breq .L27
 619               	.LSM72:
 620 01ee 80E0      		ldi r24,lo8(__c.4161)
 621 01f0 90E0      		ldi r25,hi8(__c.4161)
 622               	.LVL12:
 623 01f2 0E94 0000 		call puts_P
 624               	.LBB127:
 625               	.LBB128:
 626               	.LSM73:
 627 01f6 8BB1      		in r24,43-32
 628 01f8 8F70      		andi r24,lo8(15)
 629 01fa 8069      		ori r24,lo8(-112)
 630 01fc 8BB9      		out 43-32,r24
 631               	.LBE128:
 632               	.LBE127:
 633               	.LSM74:
 634 01fe 1092 0000 		sts USB_HostState,__zero_reg__
 635               	.LVL13:
 636               	.L26:
 637               	.LBE126:
 638               	.LSM75:
 639 0202 80E0      		ldi r24,lo8(__c.4164)
 640 0204 90E0      		ldi r25,hi8(__c.4164)
 641               	.LVL14:
 642 0206 0E94 0000 		call puts_P
 643               	.LSM76:
 644 020a 80E0      		ldi r24,lo8(FlashDisk_MS_Interface)
 645 020c 90E0      		ldi r25,hi8(FlashDisk_MS_Interface)
 646 020e 60E0      		ldi r22,lo8(0)
 647 0210 AE01      		movw r20,r28
 648 0212 4C5F      		subi r20,lo8(-(4))
 649 0214 5F4F      		sbci r21,hi8(-(4))
 650 0216 0E94 0000 		call MS_Host_ReadDeviceCapacity
 651 021a 8823      		tst r24
 652 021c 01F0      		breq .L28
 653               	.LSM77:
 654 021e 80E0      		ldi r24,lo8(__c.4167)
 655 0220 90E0      		ldi r25,hi8(__c.4167)
 656 0222 00C0      		rjmp .L42
 657               	.L28:
 658               	.LSM78:
 659 0224 EDB7      		in r30,__SP_L__
 660 0226 FEB7      		in r31,__SP_H__
 661 0228 3A97      		sbiw r30,10
 662 022a 0FB6      		in __tmp_reg__,__SREG__
 663 022c F894      		cli
 664 022e FEBF      		out __SP_H__,r31
 665 0230 0FBE      		out __SREG__,__tmp_reg__
 666 0232 EDBF      		out __SP_L__,r30
 667 0234 3196      		adiw r30,1
 668 0236 80E0      		ldi r24,lo8(__c.4169)
 669 0238 90E0      		ldi r25,hi8(__c.4169)
 670 023a ADB7      		in r26,__SP_L__
 671 023c BEB7      		in r27,__SP_H__
 672 023e 1296      		adiw r26,1+1
 673 0240 9C93      		st X,r25
 674 0242 8E93      		st -X,r24
 675 0244 1197      		sbiw r26,1
 676 0246 8C81      		ldd r24,Y+4
 677 0248 9D81      		ldd r25,Y+5
 678 024a AE81      		ldd r26,Y+6
 679 024c BF81      		ldd r27,Y+7
 680 024e 8283      		std Z+2,r24
 681 0250 9383      		std Z+3,r25
 682 0252 A483      		std Z+4,r26
 683 0254 B583      		std Z+5,r27
 684 0256 8885      		ldd r24,Y+8
 685 0258 9985      		ldd r25,Y+9
 686 025a AA85      		ldd r26,Y+10
 687 025c BB85      		ldd r27,Y+11
 688 025e 8683      		std Z+6,r24
 689 0260 9783      		std Z+7,r25
 690 0262 A087      		std Z+8,r26
 691 0264 B187      		std Z+9,r27
 692 0266 0E94 0000 		call printf_P
 693 026a ADB7      		in r26,__SP_L__
 694 026c BEB7      		in r27,__SP_H__
 695 026e 1A96      		adiw r26,10
 696 0270 0FB6      		in __tmp_reg__,__SREG__
 697 0272 F894      		cli
 698 0274 BEBF      		out __SP_H__,r27
 699 0276 0FBE      		out __SREG__,__tmp_reg__
 700 0278 ADBF      		out __SP_L__,r26
 701 027a 7DB6      		in r7,__SP_L__
 702 027c 6EB6      		in r6,__SP_H__
 703               	.LSM79:
 704 027e E884      		ldd r14,Y+8
 705 0280 F984      		ldd r15,Y+9
 706 0282 EDB7      		in r30,__SP_L__
 707 0284 FEB7      		in r31,__SP_H__
 708 0286 EE19      		sub r30,r14
 709 0288 FF09      		sbc r31,r15
 710 028a 0FB6      		in __tmp_reg__,__SREG__
 711 028c F894      		cli
 712 028e FEBF      		out __SP_H__,r31
 713 0290 0FBE      		out __SREG__,__tmp_reg__
 714 0292 EDBF      		out __SP_L__,r30
 715 0294 8DB6      		in r8,__SP_L__
 716 0296 9EB6      		in r9,__SP_H__
 717 0298 0894      		sec
 718 029a 811C      		adc r8,__zero_reg__
 719 029c 911C      		adc r9,__zero_reg__
 720               	.LSM80:
 721 029e 80E0      		ldi r24,lo8(FlashDisk_MS_Interface)
 722 02a0 90E0      		ldi r25,hi8(FlashDisk_MS_Interface)
 723 02a2 60E0      		ldi r22,lo8(0)
 724 02a4 20E0      		ldi r18,lo8(0)
 725 02a6 30E0      		ldi r19,hi8(0)
 726 02a8 40E0      		ldi r20,hlo8(0)
 727 02aa 50E0      		ldi r21,hhi8(0)
 728 02ac 01E0      		ldi r16,lo8(1)
 729 02ae 6401      		movw r12,r8
 730               	.LVL15:
 731 02b0 0E94 0000 		call MS_Host_ReadDeviceBlocks
 732 02b4 8823      		tst r24
 733 02b6 01F0      		breq .L29
 734               	.LSM81:
 735 02b8 80E0      		ldi r24,lo8(__c.4172)
 736 02ba 90E0      		ldi r25,hi8(__c.4172)
 737 02bc 0E94 0000 		call puts_P
 738               	.LBB129:
 739               	.LBB130:
 740               	.LSM82:
 741 02c0 8BB1      		in r24,43-32
 742 02c2 8F70      		andi r24,lo8(15)
 743 02c4 8069      		ori r24,lo8(-112)
 744 02c6 00C0      		rjmp .L41
 745               	.L29:
 746               	.LBE130:
 747               	.LBE129:
 748               	.LSM83:
 749 02c8 80E0      		ldi r24,lo8(__c.4174)
 750 02ca 90E0      		ldi r25,hi8(__c.4174)
 751 02cc 0E94 0000 		call puts_P
 752 02d0 AA24      		clr r10
 753 02d2 BB24      		clr r11
 754 02d4 00C0      		rjmp .L31
 755               	.LVL16:
 756               	.L35:
 757               	.LBB131:
 758               	.LBB117:
 759               	.LSM84:
 760 02d6 6501      		movw r12,r10
 761 02d8 74E0      		ldi r23,4
 762 02da CC0C      	1:	lsl r12
 763 02dc DD1C      		rol r13
 764 02de 7A95      		dec r23
 765 02e0 01F4      		brne 1b
 766 02e2 C80C      		add r12,r8
 767 02e4 D91C      		adc r13,r9
 768 02e6 00E0      		ldi r16,lo8(0)
 769 02e8 10E0      		ldi r17,hi8(0)
 770               	.LVL17:
 771               	.L32:
 772               	.LBB114:
 773               	.LBB113:
 774               	.LSM85:
 775 02ea 00D0      		rcall .
 776 02ec 00D0      		rcall .
 777 02ee EDB7      		in r30,__SP_L__
 778 02f0 FEB7      		in r31,__SP_H__
 779 02f2 3196      		adiw r30,1
 780 02f4 ADB7      		in r26,__SP_L__
 781 02f6 BEB7      		in r27,__SP_H__
 782 02f8 1296      		adiw r26,1+1
 783 02fa 3C92      		st X,r3
 784 02fc 2E92      		st -X,r2
 785 02fe 1197      		sbiw r26,1
 786 0300 D601      		movw r26,r12
 787 0302 A00F      		add r26,r16
 788 0304 B11F      		adc r27,r17
 789 0306 8C91      		ld r24,X
 790 0308 8283      		std Z+2,r24
 791 030a 1382      		std Z+3,__zero_reg__
 792 030c 0E94 0000 		call printf_P
 793               	.LVL18:
 794 0310 0F5F      		subi r16,lo8(-(1))
 795 0312 1F4F      		sbci r17,hi8(-(1))
 796               	.LBE113:
 797               	.LSM86:
 798 0314 0F90      		pop __tmp_reg__
 799 0316 0F90      		pop __tmp_reg__
 800 0318 0F90      		pop __tmp_reg__
 801 031a 0F90      		pop __tmp_reg__
 802 031c 0031      		cpi r16,16
 803 031e 1105      		cpc r17,__zero_reg__
 804 0320 01F4      		brne .L32
 805               	.LBE114:
 806               	.LSM87:
 807 0322 00D0      		rcall .
 808 0324 80E0      		ldi r24,lo8(__c.4185)
 809 0326 90E0      		ldi r25,hi8(__c.4185)
 810 0328 EDB7      		in r30,__SP_L__
 811 032a FEB7      		in r31,__SP_H__
 812 032c 9283      		std Z+2,r25
 813 032e 8183      		std Z+1,r24
 814 0330 0E94 0000 		call printf_P
 815 0334 EE24      		clr r14
 816 0336 FF24      		clr r15
 817 0338 0F90      		pop __tmp_reg__
 818 033a 0F90      		pop __tmp_reg__
 819               	.L34:
 820               	.LBB115:
 821               	.LBB116:
 822               	.LSM88:
 823 033c F601      		movw r30,r12
 824 033e EE0D      		add r30,r14
 825 0340 FF1D      		adc r31,r15
 826 0342 8081      		ld r24,Z
 827 0344 082F      		mov r16,r24
 828 0346 10E0      		ldi r17,lo8(0)
 829 0348 C801      		movw r24,r16
 830 034a 0E94 0000 		call isprint
 831 034e 892B      		or r24,r25
 832 0350 01F4      		brne .L33
 833 0352 0EE2      		ldi r16,lo8(46)
 834 0354 10E0      		ldi r17,hi8(46)
 835               	.L33:
 836 0356 6091 0000 		lds r22,__iob+2
 837 035a 7091 0000 		lds r23,(__iob+2)+1
 838 035e C801      		movw r24,r16
 839 0360 0E94 0000 		call fputc
 840 0364 0894      		sec
 841 0366 E11C      		adc r14,__zero_reg__
 842 0368 F11C      		adc r15,__zero_reg__
 843               	.LBE116:
 844               	.LSM89:
 845 036a 90E1      		ldi r25,lo8(16)
 846 036c E916      		cp r14,r25
 847 036e F104      		cpc r15,__zero_reg__
 848 0370 01F4      		brne .L34
 849               	.LBE115:
 850               	.LSM90:
 851 0372 00D0      		rcall .
 852 0374 E0E0      		ldi r30,lo8(__c.4192)
 853 0376 F0E0      		ldi r31,hi8(__c.4192)
 854 0378 ADB7      		in r26,__SP_L__
 855 037a BEB7      		in r27,__SP_H__
 856 037c 1296      		adiw r26,1+1
 857 037e FC93      		st X,r31
 858 0380 EE93      		st -X,r30
 859 0382 1197      		sbiw r26,1
 860 0384 0E94 0000 		call printf_P
 861               	.LBE117:
 862               	.LSM91:
 863 0388 0894      		sec
 864 038a A11C      		adc r10,__zero_reg__
 865 038c B11C      		adc r11,__zero_reg__
 866 038e 0F90      		pop __tmp_reg__
 867 0390 0F90      		pop __tmp_reg__
 868               	.L31:
 869 0392 9501      		movw r18,r10
 870 0394 40E0      		ldi r20,lo8(0)
 871 0396 50E0      		ldi r21,hi8(0)
 872               	.LVL19:
 873 0398 8885      		ldd r24,Y+8
 874 039a 9985      		ldd r25,Y+9
 875 039c AA85      		ldd r26,Y+10
 876 039e BB85      		ldd r27,Y+11
 877 03a0 64E0      		ldi r22,4
 878 03a2 B695      	1:	lsr r27
 879 03a4 A795      		ror r26
 880 03a6 9795      		ror r25
 881 03a8 8795      		ror r24
 882 03aa 6A95      		dec r22
 883 03ac 01F4      		brne 1b
 884 03ae 2817      		cp r18,r24
 885 03b0 3907      		cpc r19,r25
 886 03b2 4A07      		cpc r20,r26
 887 03b4 5B07      		cpc r21,r27
 888 03b6 00F4      		brsh .+2
 889 03b8 00C0      		rjmp .L35
 890               	.LVL20:
 891               	.LBE131:
 892               	.LBB132:
 893               	.LBB133:
 894               	.LSM92:
 895 03ba 8BB1      		in r24,43-32
 896 03bc 8F70      		andi r24,lo8(15)
 897 03be 8066      		ori r24,lo8(96)
 898               	.LVL21:
 899               	.L41:
 900 03c0 8BB9      		out 43-32,r24
 901               	.LBE133:
 902               	.LBE132:
 903               	.LSM93:
 904 03c2 1092 0000 		sts USB_HostState,__zero_reg__
 905 03c6 872D      		mov r24,r7
 906 03c8 962D      		mov r25,r6
 907 03ca 9C01      		movw r18,r24
 908 03cc 0FB6      		in __tmp_reg__,__SREG__
 909 03ce F894      		cli
 910 03d0 3EBF      		out __SP_H__,r19
 911 03d2 0FBE      		out __SREG__,__tmp_reg__
 912 03d4 2DBF      		out __SP_L__,r18
 913               	.L15:
 914               	.LBE134:
 915               	.LSM94:
 916 03d6 0E94 0000 		call USB_USBTask
 917               	.LVL22:
 918 03da 00C0      		rjmp .L36
 919               	.LFE128:
 921               	.global	FlashDisk_MS_Interface
 922               		.data
 925               	FlashDisk_MS_Interface:
 926 0000 01        		.byte	1
 927 0001 00        		.byte	0
 928 0002 02        		.byte	2
 929 0003 00        		.byte	0
 930 0004 0000 0000 		.skip 10,0
 930      0000 0000 
 930      0000 
 931               		.section	.progmem.data,"a",@progbits
 934               	__c.4274:
 935 0000 1B5B 3331 		.ascii	"\033[31mDev Enum Error\r\n"
 935      6D44 6576 
 935      2045 6E75 
 935      6D20 4572 
 935      726F 720D 
 936 0015 202D 2D20 		.string	" -- Error Code %d\r\n -- Sub Error Code %d\r\n -- In State %d\r\n\033[37m"
 936      4572 726F 
 936      7220 436F 
 936      6465 2025 
 936      640D 0A20 
 939               	__c.4266:
 940 0056 1B5B 3331 		.string	"\033[31mHost Mode Error\r\n -- Error Code %d\r\n\033[37m"
 940      6D48 6F73 
 940      7420 4D6F 
 940      6465 2045 
 940      7272 6F72 
 943               	__c.4258:
 944 0085 0D0A 4465 		.string	"\r\nDevice Unattached.\r\n"
 944      7669 6365 
 944      2055 6E61 
 944      7474 6163 
 944      6865 642E 
 947               	__c.4253:
 948 009c 4465 7669 		.string	"Device Attached.\r\n"
 948      6365 2041 
 948      7474 6163 
 948      6865 642E 
 948      0D0A 00
 951               	__c.4192:
 952 00af 0D0A 00   		.string	"\r\n"
 955               	__c.4185:
 956 00b2 2020 2020 		.string	"    "
 956      00
 959               	__c.4180:
 960 00b7 252E 3258 		.string	"%.2X "
 960      2000 
 963               	__c.4174:
 964 00bd 0D0A 436F 		.string	"\r\nContents of first block:\r\n"
 964      6E74 656E 
 964      7473 206F 
 964      6620 6669 
 964      7273 7420 
 967               	__c.4172:
 968 00da 4572 726F 		.string	"Error reading device block.\r\n"
 968      7220 7265 
 968      6164 696E 
 968      6720 6465 
 968      7669 6365 
 971               	__c.4169:
 972 00f8 256C 7520 		.string	"%lu blocks of %lu bytes.\r\n"
 972      626C 6F63 
 972      6B73 206F 
 972      6620 256C 
 972      7520 6279 
 975               	__c.4167:
 976 0113 4572 726F 		.string	"Error retrieving device capacity.\r\n"
 976      7220 7265 
 976      7472 6965 
 976      7669 6E67 
 976      2064 6576 
 979               	__c.4164:
 980 0137 5265 7472 		.string	"Retrieving Capacity...\r\n"
 980      6965 7669 
 980      6E67 2043 
 980      6170 6163 
 980      6974 792E 
 983               	__c.4161:
 984 0150 4572 726F 		.string	"Error waiting for device to be ready.\r\n"
 984      7220 7761 
 984      6974 696E 
 984      6720 666F 
 984      7220 6465 
 987               	__c.4157:
 988 0178 5761 6974 		.string	"Waiting until ready...\r\n"
 988      696E 6720 
 988      756E 7469 
 988      6C20 7265 
 988      6164 792E 
 991               	__c.4155:
 992 0191 5665 6E64 		.string	"Vendor \"%.8s\", Product \"%.16s\"\r\n"
 992      6F72 2022 
 992      252E 3873 
 992      222C 2050 
 992      726F 6475 
 995               	__c.4153:
 996 01b2 4572 726F 		.string	"Error retrieving device Inquiry data.\r\n"
 996      7220 7265 
 996      7472 6965 
 996      7669 6E67 
 996      2064 6576 
 999               	__c.4150:
 1000 01da 4572 726F 		.string	"Error setting Prevent Device Removal bit.\r\n"
 1000      7220 7365 
 1000      7474 696E 
 1000      6720 5072 
 1000      6576 656E 
 1003               	__c.4148:
 1004 0206 4572 726F 		.string	"Error retrieving device sense.\r\n"
 1004      7220 7265 
 1004      7472 6965 
 1004      7669 6E67 
 1004      2064 6576 
 1007               	__c.4145:
 1008 0227 4572 726F 		.string	"Error resetting Mass Storage interface.\r\n"
 1008      7220 7265 
 1008      7365 7474 
 1008      696E 6720 
 1008      4D61 7373 
 1011               	__c.4143:
 1012 0251 546F 7461 		.string	"Total LUNs: %d - Using first LUN in device.\r\n"
 1012      6C20 4C55 
 1012      4E73 3A20 
 1012      2564 202D 
 1012      2055 7369 
 1015               	__c.4141:
 1016 027f 4572 726F 		.string	"Error retrieving max LUN index.\r\n"
 1016      7220 7265 
 1016      7472 6965 
 1016      7669 6E67 
 1016      206D 6178 
 1019               	__c.4137:
 1020 02a1 4D61 7373 		.string	"Mass Storage Device Enumerated.\r\n"
 1020      2053 746F 
 1020      7261 6765 
 1020      2044 6576 
 1020      6963 6520 
 1023               	__c.4135:
 1024 02c3 4572 726F 		.string	"Error Setting Device Configuration.\r\n"
 1024      7220 5365 
 1024      7474 696E 
 1024      6720 4465 
 1024      7669 6365 
 1027               	__c.4133:
 1028 02e9 4174 7461 		.string	"Attached Device Not a Valid Mass Storage Device.\r\n"
 1028      6368 6564 
 1028      2044 6576 
 1028      6963 6520 
 1028      4E6F 7420 
 1031               	__c.4130:
 1032 031c 4572 726F 		.string	"Error Retrieving Configuration Descriptor.\r\n"
 1032      7220 5265 
 1032      7472 6965 
 1032      7669 6E67 
 1032      2043 6F6E 
 1035               	__c.4125:
 1036 0349 1B5B 3336 		.string	"\033[36mMass Storage Host Demo running.\r\n\033[37m"
 1036      6D4D 6173 
 1036      7320 5374 
 1036      6F72 6167 
 1036      6520 486F 
 1109               	.Letext0:
DEFINED SYMBOLS
                            *ABS*:00000000 MassStorageHost.c
/var/folders/fy/fkrt37kj6jd3by75mtf4gsxr0000gn/T//ccZU0Wju.s:2      *ABS*:0000003f __SREG__
/var/folders/fy/fkrt37kj6jd3by75mtf4gsxr0000gn/T//ccZU0Wju.s:3      *ABS*:0000003e __SP_H__
/var/folders/fy/fkrt37kj6jd3by75mtf4gsxr0000gn/T//ccZU0Wju.s:4      *ABS*:0000003d __SP_L__
/var/folders/fy/fkrt37kj6jd3by75mtf4gsxr0000gn/T//ccZU0Wju.s:5      *ABS*:00000034 __CCP__
/var/folders/fy/fkrt37kj6jd3by75mtf4gsxr0000gn/T//ccZU0Wju.s:6      *ABS*:00000000 __tmp_reg__
/var/folders/fy/fkrt37kj6jd3by75mtf4gsxr0000gn/T//ccZU0Wju.s:7      *ABS*:00000001 __zero_reg__
/var/folders/fy/fkrt37kj6jd3by75mtf4gsxr0000gn/T//ccZU0Wju.s:19     .text.EVENT_USB_Host_DeviceEnumerationComplete:00000000 EVENT_USB_Host_DeviceEnumerationComplete
/var/folders/fy/fkrt37kj6jd3by75mtf4gsxr0000gn/T//ccZU0Wju.s:41     .text.EVENT_USB_Host_DeviceEnumerationFailed:00000000 EVENT_USB_Host_DeviceEnumerationFailed
/var/folders/fy/fkrt37kj6jd3by75mtf4gsxr0000gn/T//ccZU0Wju.s:934    .progmem.data:00000000 __c.4274
/var/folders/fy/fkrt37kj6jd3by75mtf4gsxr0000gn/T//ccZU0Wju.s:103    .text.EVENT_USB_Host_HostError:00000000 EVENT_USB_Host_HostError
/var/folders/fy/fkrt37kj6jd3by75mtf4gsxr0000gn/T//ccZU0Wju.s:939    .progmem.data:00000056 __c.4266
/var/folders/fy/fkrt37kj6jd3by75mtf4gsxr0000gn/T//ccZU0Wju.s:151    .text.EVENT_USB_Host_DeviceUnattached:00000000 EVENT_USB_Host_DeviceUnattached
/var/folders/fy/fkrt37kj6jd3by75mtf4gsxr0000gn/T//ccZU0Wju.s:943    .progmem.data:00000085 __c.4258
/var/folders/fy/fkrt37kj6jd3by75mtf4gsxr0000gn/T//ccZU0Wju.s:177    .text.EVENT_USB_Host_DeviceAttached:00000000 EVENT_USB_Host_DeviceAttached
/var/folders/fy/fkrt37kj6jd3by75mtf4gsxr0000gn/T//ccZU0Wju.s:947    .progmem.data:0000009c __c.4253
/var/folders/fy/fkrt37kj6jd3by75mtf4gsxr0000gn/T//ccZU0Wju.s:203    .text.SetupHardware:00000000 SetupHardware
/var/folders/fy/fkrt37kj6jd3by75mtf4gsxr0000gn/T//ccZU0Wju.s:293    .text.main:00000000 main
/var/folders/fy/fkrt37kj6jd3by75mtf4gsxr0000gn/T//ccZU0Wju.s:1035   .progmem.data:00000349 __c.4125
/var/folders/fy/fkrt37kj6jd3by75mtf4gsxr0000gn/T//ccZU0Wju.s:959    .progmem.data:000000b7 __c.4180
/var/folders/fy/fkrt37kj6jd3by75mtf4gsxr0000gn/T//ccZU0Wju.s:1031   .progmem.data:0000031c __c.4130
/var/folders/fy/fkrt37kj6jd3by75mtf4gsxr0000gn/T//ccZU0Wju.s:925    .data:00000000 FlashDisk_MS_Interface
/var/folders/fy/fkrt37kj6jd3by75mtf4gsxr0000gn/T//ccZU0Wju.s:1027   .progmem.data:000002e9 __c.4133
/var/folders/fy/fkrt37kj6jd3by75mtf4gsxr0000gn/T//ccZU0Wju.s:1023   .progmem.data:000002c3 __c.4135
/var/folders/fy/fkrt37kj6jd3by75mtf4gsxr0000gn/T//ccZU0Wju.s:1019   .progmem.data:000002a1 __c.4137
/var/folders/fy/fkrt37kj6jd3by75mtf4gsxr0000gn/T//ccZU0Wju.s:1015   .progmem.data:0000027f __c.4141
/var/folders/fy/fkrt37kj6jd3by75mtf4gsxr0000gn/T//ccZU0Wju.s:1011   .progmem.data:00000251 __c.4143
/var/folders/fy/fkrt37kj6jd3by75mtf4gsxr0000gn/T//ccZU0Wju.s:1007   .progmem.data:00000227 __c.4145
/var/folders/fy/fkrt37kj6jd3by75mtf4gsxr0000gn/T//ccZU0Wju.s:1003   .progmem.data:00000206 __c.4148
/var/folders/fy/fkrt37kj6jd3by75mtf4gsxr0000gn/T//ccZU0Wju.s:999    .progmem.data:000001da __c.4150
/var/folders/fy/fkrt37kj6jd3by75mtf4gsxr0000gn/T//ccZU0Wju.s:995    .progmem.data:000001b2 __c.4153
/var/folders/fy/fkrt37kj6jd3by75mtf4gsxr0000gn/T//ccZU0Wju.s:991    .progmem.data:00000191 __c.4155
/var/folders/fy/fkrt37kj6jd3by75mtf4gsxr0000gn/T//ccZU0Wju.s:987    .progmem.data:00000178 __c.4157
/var/folders/fy/fkrt37kj6jd3by75mtf4gsxr0000gn/T//ccZU0Wju.s:983    .progmem.data:00000150 __c.4161
/var/folders/fy/fkrt37kj6jd3by75mtf4gsxr0000gn/T//ccZU0Wju.s:979    .progmem.data:00000137 __c.4164
/var/folders/fy/fkrt37kj6jd3by75mtf4gsxr0000gn/T//ccZU0Wju.s:975    .progmem.data:00000113 __c.4167
/var/folders/fy/fkrt37kj6jd3by75mtf4gsxr0000gn/T//ccZU0Wju.s:971    .progmem.data:000000f8 __c.4169
/var/folders/fy/fkrt37kj6jd3by75mtf4gsxr0000gn/T//ccZU0Wju.s:967    .progmem.data:000000da __c.4172
/var/folders/fy/fkrt37kj6jd3by75mtf4gsxr0000gn/T//ccZU0Wju.s:963    .progmem.data:000000bd __c.4174
/var/folders/fy/fkrt37kj6jd3by75mtf4gsxr0000gn/T//ccZU0Wju.s:955    .progmem.data:000000b2 __c.4185
/var/folders/fy/fkrt37kj6jd3by75mtf4gsxr0000gn/T//ccZU0Wju.s:951    .progmem.data:000000af __c.4192

UNDEFINED SYMBOLS
USB_HostState
printf_P
USB_ShutDown
puts_P
USARTStream
__iob
USB_Init
USB_Host_GetDeviceConfigDescriptor
MS_Host_ConfigurePipes
USB_Host_SetDeviceConfiguration
MS_Host_GetMaxLUN
MS_Host_ResetMSInterface
MS_Host_RequestSense
MS_Host_PreventAllowMediumRemoval
MS_Host_GetInquiryData
MS_Host_TestUnitReady
MS_Host_ReadDeviceCapacity
MS_Host_ReadDeviceBlocks
isprint
fputc
USB_USBTask
__do_copy_data
