   1               		.file	"Descriptors.c"
   2               	__SREG__ = 0x3f
   3               	__SP_H__ = 0x3e
   4               	__SP_L__ = 0x3d
   5               	__CCP__  = 0x34
   6               	__tmp_reg__ = 0
   7               	__zero_reg__ = 1
  15               	.Ltext0:
  16               		.section	.text.CALLBACK_USB_GetDescriptor,"ax",@progbits
  17               	.global	CALLBACK_USB_GetDescriptor
  19               	CALLBACK_USB_GetDescriptor:
  20               	.LFB84:
  21               	.LSM0:
  22               	.LVL0:
  23               	/* prologue: function */
  24               	/* frame size = 0 */
  25 0000 FA01      		movw r30,r20
  26               	.LSM1:
  27 0002 9230      		cpi r25,lo8(2)
  28               	.LVL1:
  29 0004 01F0      		breq .L4
  30               	.LVL2:
  31 0006 9330      		cpi r25,lo8(3)
  32 0008 01F0      		breq .L5
  33 000a 9130      		cpi r25,lo8(1)
  34 000c 01F4      		brne .L9
  35 000e 80E0      		ldi r24,lo8(DeviceDescriptor)
  36 0010 90E0      		ldi r25,hi8(DeviceDescriptor)
  37               	.LVL3:
  38 0012 22E1      		ldi r18,lo8(18)
  39 0014 30E0      		ldi r19,hi8(18)
  40               	.LVL4:
  41 0016 00C0      		rjmp .L6
  42               	.LVL5:
  43               	.L9:
  44 0018 80E0      		ldi r24,lo8(0)
  45 001a 90E0      		ldi r25,hi8(0)
  46               	.LVL6:
  47 001c 20E0      		ldi r18,lo8(0)
  48 001e 30E0      		ldi r19,hi8(0)
  49               	.LVL7:
  50 0020 00C0      		rjmp .L6
  51               	.LVL8:
  52               	.L4:
  53 0022 80E0      		ldi r24,lo8(ConfigurationDescriptor)
  54 0024 90E0      		ldi r25,hi8(ConfigurationDescriptor)
  55               	.LVL9:
  56 0026 2BE1      		ldi r18,lo8(27)
  57 0028 30E0      		ldi r19,hi8(27)
  58               	.LVL10:
  59 002a 00C0      		rjmp .L6
  60               	.LVL11:
  61               	.L5:
  62               	.LSM2:
  63 002c 8823      		tst r24
  64 002e 01F4      		brne .L7
  65               	.LSM3:
  66 0030 8091 0000 		lds r24,LanguageString
  67               	.LVL12:
  68 0034 282F      		mov r18,r24
  69               	.LVL13:
  70 0036 30E0      		ldi r19,lo8(0)
  71               	.LVL14:
  72 0038 80E0      		ldi r24,lo8(LanguageString)
  73 003a 90E0      		ldi r25,hi8(LanguageString)
  74               	.LVL15:
  75 003c 00C0      		rjmp .L6
  76               	.LVL16:
  77               	.L7:
  78               	.LSM4:
  79 003e 8091 0000 		lds r24,ProductString
  80               	.LVL17:
  81 0042 282F      		mov r18,r24
  82               	.LVL18:
  83 0044 30E0      		ldi r19,lo8(0)
  84               	.LVL19:
  85 0046 80E0      		ldi r24,lo8(ProductString)
  86 0048 90E0      		ldi r25,hi8(ProductString)
  87               	.LVL20:
  88               	.L6:
  89               	.LSM5:
  90 004a 9183      		std Z+1,r25
  91 004c 8083      		st Z,r24
  92               	.LSM6:
  93 004e C901      		movw r24,r18
  94               	.LVL21:
  95               	/* epilogue start */
  96 0050 0895      		ret
  97               	.LFE84:
  99               	.global	DeviceDescriptor
 100               		.data
 103               	DeviceDescriptor:
 104 0000 12        		.byte	18
 105 0001 01        		.byte	1
 106 0002 1001      		.word	272
 107 0004 00        		.byte	0
 108 0005 00        		.byte	0
 109 0006 00        		.byte	0
 110 0007 20        		.byte	32
 111 0008 EB03      		.word	1003
 112 000a FB2F      		.word	12283
 113 000c 0000      		.word	0
 114 000e 00        		.byte	0
 115 000f 01        		.byte	1
 116 0010 00        		.byte	0
 117 0011 01        		.byte	1
 118               	.global	ConfigurationDescriptor
 121               	ConfigurationDescriptor:
 122 0012 09        		.byte	9
 123 0013 02        		.byte	2
 124 0014 1B00      		.word	27
 125 0016 01        		.byte	1
 126 0017 01        		.byte	1
 127 0018 00        		.byte	0
 128 0019 80        		.byte	-128
 129 001a 32        		.byte	50
 130 001b 09        		.byte	9
 131 001c 04        		.byte	4
 132 001d 00        		.byte	0
 133 001e 00        		.byte	0
 134 001f 00        		.byte	0
 135 0020 FE        		.byte	-2
 136 0021 01        		.byte	1
 137 0022 02        		.byte	2
 138 0023 00        		.byte	0
 139 0024 09        		.byte	9
 140 0025 21        		.byte	33
 141 0026 03        		.byte	3
 142 0027 0000      		.word	0
 143 0029 000C      		.word	3072
 144 002b 0001      		.word	256
 145               	.global	LanguageString
 148               	LanguageString:
 149 002d 04        		.byte	4
 150 002e 03        		.byte	3
 151 002f 0904      		.word	1033
 152               	.global	ProductString
 155               	ProductString:
 156 0031 26        		.byte	38
 157 0032 03        		.byte	3
 158 0033 4100      		.string	"A"
 159 0035 5600      		.string	"V"
 160 0037 5200      		.string	"R"
 161 0039 2000      		.string	" "
 162 003b 4400      		.string	"D"
 163 003d 4600      		.string	"F"
 164 003f 5500      		.string	"U"
 165 0041 2000      		.string	" "
 166 0043 4200      		.string	"B"
 167 0045 6F00      		.string	"o"
 168 0047 6F00      		.string	"o"
 169 0049 7400      		.string	"t"
 170 004b 6C00      		.string	"l"
 171 004d 6F00      		.string	"o"
 172 004f 6100      		.string	"a"
 173 0051 6400      		.string	"d"
 174 0053 6500      		.string	"e"
 175 0055 7200      		.string	"r"
 176 0057 00        		.string	""
 177 0058 00        		.string	""
 202               	.Letext0:
DEFINED SYMBOLS
                            *ABS*:00000000 Descriptors.c
/var/folders/fy/fkrt37kj6jd3by75mtf4gsxr0000gn/T//ccqnUHBj.s:2      *ABS*:0000003f __SREG__
/var/folders/fy/fkrt37kj6jd3by75mtf4gsxr0000gn/T//ccqnUHBj.s:3      *ABS*:0000003e __SP_H__
/var/folders/fy/fkrt37kj6jd3by75mtf4gsxr0000gn/T//ccqnUHBj.s:4      *ABS*:0000003d __SP_L__
/var/folders/fy/fkrt37kj6jd3by75mtf4gsxr0000gn/T//ccqnUHBj.s:5      *ABS*:00000034 __CCP__
/var/folders/fy/fkrt37kj6jd3by75mtf4gsxr0000gn/T//ccqnUHBj.s:6      *ABS*:00000000 __tmp_reg__
/var/folders/fy/fkrt37kj6jd3by75mtf4gsxr0000gn/T//ccqnUHBj.s:7      *ABS*:00000001 __zero_reg__
/var/folders/fy/fkrt37kj6jd3by75mtf4gsxr0000gn/T//ccqnUHBj.s:19     .text.CALLBACK_USB_GetDescriptor:00000000 CALLBACK_USB_GetDescriptor
/var/folders/fy/fkrt37kj6jd3by75mtf4gsxr0000gn/T//ccqnUHBj.s:103    .data:00000000 DeviceDescriptor
/var/folders/fy/fkrt37kj6jd3by75mtf4gsxr0000gn/T//ccqnUHBj.s:121    .data:00000012 ConfigurationDescriptor
/var/folders/fy/fkrt37kj6jd3by75mtf4gsxr0000gn/T//ccqnUHBj.s:148    .data:0000002d LanguageString
/var/folders/fy/fkrt37kj6jd3by75mtf4gsxr0000gn/T//ccqnUHBj.s:155    .data:00000031 ProductString

UNDEFINED SYMBOLS
__do_copy_data
