   1               		.file	"JoystickHostWithParser.c"
   2               	__SREG__ = 0x3f
   3               	__SP_H__ = 0x3e
   4               	__SP_L__ = 0x3d
   5               	__CCP__  = 0x34
   6               	__tmp_reg__ = 0
   7               	__zero_reg__ = 1
  15               	.Ltext0:
  16               		.section	.text.EVENT_USB_Host_DeviceEnumerationComplete,"ax",@progbits
  17               	.global	EVENT_USB_Host_DeviceEnumerationComplete
  19               	EVENT_USB_Host_DeviceEnumerationComplete:
  20               	.LFB132:
  21               	.LSM0:
  22               	/* prologue: function */
  23               	/* frame size = 0 */
  24               	.LBB69:
  25               	.LBB70:
  26               	.LSM1:
  27 0000 8BB1      		in r24,43-32
  28 0002 8F70      		andi r24,lo8(15)
  29 0004 8066      		ori r24,lo8(96)
  30 0006 8BB9      		out 43-32,r24
  31               	/* epilogue start */
  32               	.LBE70:
  33               	.LBE69:
  34               	.LSM2:
  35 0008 0895      		ret
  36               	.LFE132:
  38               		.section	.text.ProcessJoystickReport,"ax",@progbits
  39               	.global	ProcessJoystickReport
  41               	ProcessJoystickReport:
  42               	.LFB136:
  43               	.LSM3:
  44               	.LVL0:
  45 0000 BF92      		push r11
  46 0002 CF92      		push r12
  47 0004 DF92      		push r13
  48 0006 EF92      		push r14
  49 0008 FF92      		push r15
  50 000a 0F93      		push r16
  51 000c 1F93      		push r17
  52 000e CF93      		push r28
  53 0010 DF93      		push r29
  54               	/* prologue: function */
  55               	/* frame size = 0 */
  56 0012 7C01      		movw r14,r24
  57               	.LSM4:
  58 0014 10E0      		ldi r17,lo8(0)
  59               	.LVL1:
  60 0016 00E0      		ldi r16,lo8(0)
  61               	.LVL2:
  62               	.LBB71:
  63               	.LBB72:
  64               	.LSM5:
  65 0018 9AE2      		ldi r25,lo8(42)
  66 001a B92E      		mov r11,r25
  67               	.LBB73:
  68               	.LSM6:
  69 001c 80E1      		ldi r24,lo8(16)
  70 001e C82E      		mov r12,r24
  71 0020 D12C      		mov r13,__zero_reg__
  72               	.LVL3:
  73 0022 00C0      		rjmp .L4
  74               	.LVL4:
  75               	.L12:
  76               	.LBE73:
  77               	.LSM7:
  78 0024 0B9D      		mul r16,r11
  79 0026 E001      		movw r28,r0
  80 0028 1124      		clr r1
  81 002a C050      		subi r28,lo8(-(HIDReportInfo+1))
  82 002c D040      		sbci r29,hi8(-(HIDReportInfo+1))
  83               	.LSM8:
  84 002e 8985      		ldd r24,Y+9
  85 0030 9A85      		ldd r25,Y+10
  86 0032 8930      		cpi r24,9
  87 0034 9105      		cpc r25,__zero_reg__
  88 0036 01F4      		brne .L5
  89 0038 8A81      		ldd r24,Y+2
  90 003a 8823      		tst r24
  91 003c 01F0      		breq .+2
  92 003e 00C0      		rjmp .L6
  93               	.LSM9:
  94 0040 C701      		movw r24,r14
  95 0042 BE01      		movw r22,r28
  96 0044 0E94 0000 		call USB_GetHIDReportItemInfo
  97               	.LSM10:
  98 0048 8823      		tst r24
  99 004a 01F4      		brne .+2
 100 004c 00C0      		rjmp .L6
 101               	.LSM11:
 102 004e 8AA1      		ldd r24,Y+34
 103 0050 9BA1      		ldd r25,Y+35
 104 0052 ACA1      		ldd r26,Y+36
 105 0054 BDA1      		ldd r27,Y+37
 106 0056 0097      		sbiw r24,0
 107 0058 A105      		cpc r26,__zero_reg__
 108 005a B105      		cpc r27,__zero_reg__
 109 005c 01F0      		breq .L6
 110 005e 10EF      		ldi r17,lo8(-16)
 111 0060 00C0      		rjmp .L6
 112               	.L5:
 113               	.LSM12:
 114 0062 0197      		sbiw r24,1
 115 0064 01F4      		brne .L6
 116 0066 8B85      		ldd r24,Y+11
 117 0068 9C85      		ldd r25,Y+12
 118 006a C097      		sbiw r24,48
 119 006c 0297      		sbiw r24,2
 120 006e 00F4      		brsh .L6
 121 0070 8A81      		ldd r24,Y+2
 122 0072 8823      		tst r24
 123 0074 01F4      		brne .L6
 124               	.LBB74:
 125               	.LSM13:
 126 0076 C701      		movw r24,r14
 127 0078 BE01      		movw r22,r28
 128 007a 0E94 0000 		call USB_GetHIDReportItemInfo
 129               	.LSM14:
 130 007e 8823      		tst r24
 131 0080 01F0      		breq .L6
 132               	.LSM15:
 133 0082 8885      		ldd r24,Y+8
 134 0084 9601      		movw r18,r12
 135 0086 281B      		sub r18,r24
 136 0088 3109      		sbc r19,__zero_reg__
 137 008a C901      		movw r24,r18
 138 008c 2AA1      		ldd r18,Y+34
 139 008e 3BA1      		ldd r19,Y+35
 140 0090 4CA1      		ldd r20,Y+36
 141 0092 5DA1      		ldd r21,Y+37
 142 0094 00C0      		rjmp 2f
 143 0096 220F      	1:	lsl r18
 144 0098 331F      		rol r19
 145 009a 441F      		rol r20
 146 009c 551F      		rol r21
 147 009e 8A95      	2:	dec r24
 148 00a0 02F4      		brpl 1b
 149               	.LSM16:
 150 00a2 2115      		cp r18,__zero_reg__
 151 00a4 3105      		cpc r19,__zero_reg__
 152 00a6 01F0      		breq .L6
 153               	.LSM17:
 154 00a8 8B85      		ldd r24,Y+11
 155 00aa 9C85      		ldd r25,Y+12
 156 00ac C097      		sbiw r24,48
 157 00ae 01F4      		brne .L7
 158               	.LSM18:
 159 00b0 1216      		cp __zero_reg__,r18
 160 00b2 1306      		cpc __zero_reg__,r19
 161 00b4 04F0      		brlt .L8
 162 00b6 80E2      		ldi r24,lo8(32)
 163 00b8 00C0      		rjmp .L11
 164               	.L8:
 165 00ba 80E1      		ldi r24,lo8(16)
 166 00bc 00C0      		rjmp .L11
 167               	.L7:
 168               	.LSM19:
 169 00be 1216      		cp __zero_reg__,r18
 170 00c0 1306      		cpc __zero_reg__,r19
 171 00c2 04F0      		brlt .L10
 172 00c4 80E4      		ldi r24,lo8(64)
 173 00c6 00C0      		rjmp .L11
 174               	.L10:
 175 00c8 80E8      		ldi r24,lo8(-128)
 176               	.L11:
 177 00ca 182B      		or r17,r24
 178               	.L6:
 179               	.LBE74:
 180               	.LBE72:
 181               	.LSM20:
 182 00cc 0F5F      		subi r16,lo8(-(1))
 183               	.L4:
 184 00ce 8091 0000 		lds r24,HIDReportInfo
 185 00d2 0817      		cp r16,r24
 186 00d4 00F4      		brsh .+2
 187 00d6 00C0      		rjmp .L12
 188               	.LBE71:
 189               	.LBB75:
 190               	.LBB76:
 191               	.LSM21:
 192 00d8 8BB1      		in r24,43-32
 193 00da 8F70      		andi r24,lo8(15)
 194 00dc 182B      		or r17,r24
 195 00de 1BB9      		out 43-32,r17
 196               	/* epilogue start */
 197               	.LBE76:
 198               	.LBE75:
 199               	.LSM22:
 200 00e0 DF91      		pop r29
 201 00e2 CF91      		pop r28
 202               	.LVL5:
 203 00e4 1F91      		pop r17
 204               	.LVL6:
 205 00e6 0F91      		pop r16
 206               	.LVL7:
 207 00e8 FF90      		pop r15
 208 00ea EF90      		pop r14
 209               	.LVL8:
 210 00ec DF90      		pop r13
 211 00ee CF90      		pop r12
 212 00f0 BF90      		pop r11
 213 00f2 0895      		ret
 214               	.LFE136:
 216               		.section	.text.EVENT_USB_Host_DeviceUnattached,"ax",@progbits
 217               	.global	EVENT_USB_Host_DeviceUnattached
 219               	EVENT_USB_Host_DeviceUnattached:
 220               	.LFB131:
 221               	.LSM23:
 222               	/* prologue: function */
 223               	/* frame size = 0 */
 224               	.LSM24:
 225 0000 80E0      		ldi r24,lo8(__c.4125)
 226 0002 90E0      		ldi r25,hi8(__c.4125)
 227 0004 0E94 0000 		call puts_P
 228               	.LBB77:
 229               	.LBB78:
 230               	.LSM25:
 231 0008 8BB1      		in r24,43-32
 232 000a 8F70      		andi r24,lo8(15)
 233 000c 8061      		ori r24,lo8(16)
 234 000e 8BB9      		out 43-32,r24
 235               	/* epilogue start */
 236               	.LBE78:
 237               	.LBE77:
 238               	.LSM26:
 239 0010 0895      		ret
 240               	.LFE131:
 242               		.section	.text.EVENT_USB_Host_DeviceAttached,"ax",@progbits
 243               	.global	EVENT_USB_Host_DeviceAttached
 245               	EVENT_USB_Host_DeviceAttached:
 246               	.LFB130:
 247               	.LSM27:
 248               	/* prologue: function */
 249               	/* frame size = 0 */
 250               	.LSM28:
 251 0000 80E0      		ldi r24,lo8(__c.4120)
 252 0002 90E0      		ldi r25,hi8(__c.4120)
 253 0004 0E94 0000 		call puts_P
 254               	.LBB79:
 255               	.LBB80:
 256               	.LSM29:
 257 0008 8BB1      		in r24,43-32
 258 000a 8F70      		andi r24,lo8(15)
 259 000c 806A      		ori r24,lo8(-96)
 260 000e 8BB9      		out 43-32,r24
 261               	/* epilogue start */
 262               	.LBE80:
 263               	.LBE79:
 264               	.LSM30:
 265 0010 0895      		ret
 266               	.LFE130:
 268               		.section	.text.EVENT_USB_Host_DeviceEnumerationFailed,"ax",@progbits
 269               	.global	EVENT_USB_Host_DeviceEnumerationFailed
 271               	EVENT_USB_Host_DeviceEnumerationFailed:
 272               	.LFB134:
 273               	.LSM31:
 274               	.LVL9:
 275               	/* prologue: function */
 276               	/* frame size = 0 */
 277               	.LSM32:
 278 0000 9091 0000 		lds r25,USB_HostState
 279 0004 2DB7      		in r18,__SP_L__
 280 0006 3EB7      		in r19,__SP_H__
 281 0008 2850      		subi r18,lo8(-(-8))
 282 000a 3040      		sbci r19,hi8(-(-8))
 283 000c 0FB6      		in __tmp_reg__,__SREG__
 284 000e F894      		cli
 285 0010 3EBF      		out __SP_H__,r19
 286 0012 0FBE      		out __SREG__,__tmp_reg__
 287 0014 2DBF      		out __SP_L__,r18
 288 0016 EDB7      		in r30,__SP_L__
 289 0018 FEB7      		in r31,__SP_H__
 290 001a 3196      		adiw r30,1
 291 001c 20E0      		ldi r18,lo8(__c.4141)
 292 001e 30E0      		ldi r19,hi8(__c.4141)
 293 0020 ADB7      		in r26,__SP_L__
 294 0022 BEB7      		in r27,__SP_H__
 295 0024 1296      		adiw r26,1+1
 296 0026 3C93      		st X,r19
 297 0028 2E93      		st -X,r18
 298 002a 1197      		sbiw r26,1
 299 002c 8283      		std Z+2,r24
 300 002e 1382      		std Z+3,__zero_reg__
 301 0030 6483      		std Z+4,r22
 302 0032 1582      		std Z+5,__zero_reg__
 303 0034 9683      		std Z+6,r25
 304 0036 1782      		std Z+7,__zero_reg__
 305 0038 0E94 0000 		call printf_P
 306               	.LVL10:
 307               	.LBB81:
 308               	.LBB82:
 309               	.LSM33:
 310 003c 8BB1      		in r24,43-32
 311 003e 8F70      		andi r24,lo8(15)
 312 0040 8069      		ori r24,lo8(-112)
 313 0042 8BB9      		out 43-32,r24
 314 0044 2DB7      		in r18,__SP_L__
 315 0046 3EB7      		in r19,__SP_H__
 316 0048 285F      		subi r18,lo8(-(8))
 317 004a 3F4F      		sbci r19,hi8(-(8))
 318 004c 0FB6      		in __tmp_reg__,__SREG__
 319 004e F894      		cli
 320 0050 3EBF      		out __SP_H__,r19
 321 0052 0FBE      		out __SREG__,__tmp_reg__
 322 0054 2DBF      		out __SP_L__,r18
 323               	/* epilogue start */
 324               	.LBE82:
 325               	.LBE81:
 326               	.LSM34:
 327 0056 0895      		ret
 328               	.LFE134:
 330               		.data
 331               	.LC0:
 332 0000 546F 7461 		.string	"Total Reports: %d\r\n"
 332      6C20 5265 
 332      706F 7274 
 332      733A 2025 
 332      640D 0A00 
 333               		.section	.text.Joystick_HID_Task,"ax",@progbits
 334               	.global	Joystick_HID_Task
 336               	Joystick_HID_Task:
 337               	.LFB135:
 338               	.LSM35:
 339 0000 AF92      		push r10
 340 0002 BF92      		push r11
 341 0004 CF92      		push r12
 342 0006 DF92      		push r13
 343 0008 EF92      		push r14
 344 000a FF92      		push r15
 345 000c 0F93      		push r16
 346 000e 1F93      		push r17
 347 0010 DF93      		push r29
 348 0012 CF93      		push r28
 349 0014 CDB7      		in r28,__SP_L__
 350 0016 DEB7      		in r29,__SP_H__
 351               	/* prologue: function */
 352               	/* frame size = 0 */
 353               	.LSM36:
 354 0018 CDB6      		in r12,__SP_L__
 355 001a DEB6      		in r13,__SP_H__
 356               	.LSM37:
 357 001c 8091 0000 		lds r24,USB_HostState
 358 0020 8B30      		cpi r24,lo8(11)
 359 0022 01F0      		breq .L22
 360 0024 8C30      		cpi r24,lo8(12)
 361 0026 01F0      		breq .+2
 362 0028 00C0      		rjmp .L38
 363 002a 00C0      		rjmp .L41
 364               	.L22:
 365               	.LSM38:
 366 002c 80E0      		ldi r24,lo8(__c.4152)
 367 002e 90E0      		ldi r25,hi8(__c.4152)
 368 0030 0E94 0000 		call puts_P
 369               	.LSM39:
 370 0034 0E94 0000 		call ProcessConfigurationDescriptor
 371 0038 082F      		mov r16,r24
 372               	.LVL11:
 373 003a 8823      		tst r24
 374 003c 01F0      		breq .L24
 375               	.LVL12:
 376               	.LSM40:
 377 003e 8130      		cpi r24,lo8(1)
 378 0040 01F4      		brne .L25
 379               	.LSM41:
 380 0042 80E0      		ldi r24,lo8(__c.4154)
 381 0044 90E0      		ldi r25,hi8(__c.4154)
 382               	.LVL13:
 383 0046 00C0      		rjmp .L39
 384               	.LVL14:
 385               	.L25:
 386               	.LSM42:
 387 0048 80E0      		ldi r24,lo8(__c.4156)
 388 004a 90E0      		ldi r25,hi8(__c.4156)
 389               	.LVL15:
 390               	.L39:
 391 004c 0E94 0000 		call puts_P
 392               	.LSM43:
 393 0050 00D0      		rcall .
 394 0052 00D0      		rcall .
 395 0054 EDB7      		in r30,__SP_L__
 396 0056 FEB7      		in r31,__SP_H__
 397 0058 3196      		adiw r30,1
 398 005a 80E0      		ldi r24,lo8(__c.4158)
 399 005c 90E0      		ldi r25,hi8(__c.4158)
 400 005e ADB7      		in r26,__SP_L__
 401 0060 BEB7      		in r27,__SP_H__
 402 0062 1296      		adiw r26,1+1
 403 0064 9C93      		st X,r25
 404 0066 8E93      		st -X,r24
 405 0068 1197      		sbiw r26,1
 406 006a 0283      		std Z+2,r16
 407 006c 00C0      		rjmp .L40
 408               	.LVL16:
 409               	.L24:
 410               	.LSM44:
 411 006e 81E0      		ldi r24,lo8(1)
 412               	.LVL17:
 413 0070 0E94 0000 		call USB_Host_SetDeviceConfiguration
 414 0074 282F      		mov r18,r24
 415               	.LVL18:
 416 0076 8823      		tst r24
 417 0078 01F0      		breq .L27
 418               	.LVL19:
 419               	.LSM45:
 420 007a 00D0      		rcall .
 421 007c 00D0      		rcall .
 422 007e EDB7      		in r30,__SP_L__
 423 0080 FEB7      		in r31,__SP_H__
 424 0082 3196      		adiw r30,1
 425 0084 80E0      		ldi r24,lo8(__c.4161)
 426 0086 90E0      		ldi r25,hi8(__c.4161)
 427               	.LVL20:
 428 0088 ADB7      		in r26,__SP_L__
 429 008a BEB7      		in r27,__SP_H__
 430 008c 1296      		adiw r26,1+1
 431 008e 9C93      		st X,r25
 432 0090 8E93      		st -X,r24
 433 0092 1197      		sbiw r26,1
 434 0094 2283      		std Z+2,r18
 435               	.LVL21:
 436               	.L40:
 437 0096 1382      		std Z+3,__zero_reg__
 438 0098 0E94 0000 		call printf_P
 439               	.LVL22:
 440               	.LBB83:
 441               	.LBB84:
 442               	.LSM46:
 443 009c 8BB1      		in r24,43-32
 444 009e 8F70      		andi r24,lo8(15)
 445 00a0 8069      		ori r24,lo8(-112)
 446 00a2 8BB9      		out 43-32,r24
 447               	.LBE84:
 448               	.LBE83:
 449               	.LSM47:
 450 00a4 1092 0000 		sts USB_HostState,__zero_reg__
 451 00a8 0F90      		pop __tmp_reg__
 452 00aa 0F90      		pop __tmp_reg__
 453 00ac 0F90      		pop __tmp_reg__
 454 00ae 0F90      		pop __tmp_reg__
 455 00b0 00C0      		rjmp .L38
 456               	.LVL23:
 457               	.L27:
 458               	.LSM48:
 459 00b2 00D0      		rcall .
 460 00b4 00D0      		rcall .
 461 00b6 80E0      		ldi r24,lo8(__c.4163)
 462 00b8 90E0      		ldi r25,hi8(__c.4163)
 463               	.LVL24:
 464 00ba EDB7      		in r30,__SP_L__
 465 00bc FEB7      		in r31,__SP_H__
 466 00be 9283      		std Z+2,r25
 467 00c0 8183      		std Z+1,r24
 468 00c2 8091 0000 		lds r24,HIDReportSize
 469 00c6 9091 0000 		lds r25,(HIDReportSize)+1
 470 00ca 9483      		std Z+4,r25
 471 00cc 8383      		std Z+3,r24
 472 00ce 0E94 0000 		call printf_P
 473               	.LVL25:
 474               	.LSM49:
 475 00d2 0F90      		pop __tmp_reg__
 476 00d4 0F90      		pop __tmp_reg__
 477 00d6 0F90      		pop __tmp_reg__
 478 00d8 0F90      		pop __tmp_reg__
 479 00da 0E94 0000 		call GetHIDReportData
 480 00de 082F      		mov r16,r24
 481               	.LVL26:
 482 00e0 8823      		tst r24
 483 00e2 01F0      		breq .L28
 484               	.LVL27:
 485               	.LSM50:
 486 00e4 80E0      		ldi r24,lo8(__c.4165)
 487 00e6 90E0      		ldi r25,hi8(__c.4165)
 488               	.LVL28:
 489 00e8 0E94 0000 		call puts_P
 490               	.LSM51:
 491 00ec 8091 0000 		lds r24,HIDReportInfo
 492 00f0 8823      		tst r24
 493 00f2 01F4      		brne .L29
 494               	.LSM52:
 495 00f4 80E0      		ldi r24,lo8(__c.4167)
 496 00f6 90E0      		ldi r25,hi8(__c.4167)
 497 00f8 0E94 0000 		call puts_P
 498 00fc 00C0      		rjmp .L30
 499               	.L29:
 500               	.LSM53:
 501 00fe 00D0      		rcall .
 502 0100 00D0      		rcall .
 503 0102 EDB7      		in r30,__SP_L__
 504 0104 FEB7      		in r31,__SP_H__
 505 0106 3196      		adiw r30,1
 506 0108 80E0      		ldi r24,lo8(__c.4169)
 507 010a 90E0      		ldi r25,hi8(__c.4169)
 508 010c ADB7      		in r26,__SP_L__
 509 010e BEB7      		in r27,__SP_H__
 510 0110 1296      		adiw r26,1+1
 511 0112 9C93      		st X,r25
 512 0114 8E93      		st -X,r24
 513 0116 1197      		sbiw r26,1
 514 0118 0283      		std Z+2,r16
 515 011a 1382      		std Z+3,__zero_reg__
 516 011c 0E94 0000 		call printf_P
 517 0120 0F90      		pop __tmp_reg__
 518 0122 0F90      		pop __tmp_reg__
 519 0124 0F90      		pop __tmp_reg__
 520 0126 0F90      		pop __tmp_reg__
 521               	.L30:
 522               	.LBB85:
 523               	.LBB86:
 524               	.LSM54:
 525 0128 8BB1      		in r24,43-32
 526 012a 8F70      		andi r24,lo8(15)
 527 012c 8069      		ori r24,lo8(-112)
 528 012e 8BB9      		out 43-32,r24
 529               	.LBE86:
 530               	.LBE85:
 531               	.LSM55:
 532 0130 1092 0000 		sts USB_HostState,__zero_reg__
 533 0134 00C0      		rjmp .L38
 534               	.LVL29:
 535               	.L28:
 536               	.LSM56:
 537 0136 00D0      		rcall .
 538 0138 00D0      		rcall .
 539 013a EDB7      		in r30,__SP_L__
 540 013c FEB7      		in r31,__SP_H__
 541 013e 3196      		adiw r30,1
 542 0140 80E0      		ldi r24,lo8(.LC0)
 543 0142 90E0      		ldi r25,hi8(.LC0)
 544               	.LVL30:
 545 0144 ADB7      		in r26,__SP_L__
 546 0146 BEB7      		in r27,__SP_H__
 547 0148 1296      		adiw r26,1+1
 548 014a 9C93      		st X,r25
 549 014c 8E93      		st -X,r24
 550 014e 1197      		sbiw r26,1
 551 0150 8091 0000 		lds r24,HIDReportInfo+911
 552 0154 8283      		std Z+2,r24
 553 0156 1382      		std Z+3,__zero_reg__
 554 0158 0E94 0000 		call printf
 555 015c 00E0      		ldi r16,lo8(0)
 556               	.LVL31:
 557 015e 0F90      		pop __tmp_reg__
 558 0160 0F90      		pop __tmp_reg__
 559 0162 0F90      		pop __tmp_reg__
 560 0164 0F90      		pop __tmp_reg__
 561               	.LBB87:
 562               	.LBB88:
 563               	.LSM57:
 564 0166 17E0      		ldi r17,lo8(7)
 565               	.LSM58:
 566 0168 20E0      		ldi r18,lo8(__c.4176)
 567 016a E22E      		mov r14,r18
 568 016c 20E0      		ldi r18,hi8(__c.4176)
 569 016e F22E      		mov r15,r18
 570 0170 00C0      		rjmp .L31
 571               	.L35:
 572               	.LSM59:
 573 0172 019F      		mul r16,r17
 574 0174 F001      		movw r30,r0
 575 0176 1124      		clr r1
 576               	.LVL32:
 577 0178 E050      		subi r30,lo8(-(HIDReportInfo+912))
 578 017a F040      		sbci r31,hi8(-(HIDReportInfo+912))
 579               	.LSM60:
 580 017c 4181      		ldd r20,Z+1
 581               	.LVL33:
 582               	.LSM61:
 583 017e 5381      		ldd r21,Z+3
 584               	.LVL34:
 585               	.LSM62:
 586 0180 6581      		ldd r22,Z+5
 587               	.LVL35:
 588               	.LSM63:
 589 0182 2DB7      		in r18,__SP_L__
 590 0184 3EB7      		in r19,__SP_H__
 591 0186 2A50      		subi r18,lo8(-(-10))
 592 0188 3040      		sbci r19,hi8(-(-10))
 593 018a 0FB6      		in __tmp_reg__,__SREG__
 594 018c F894      		cli
 595 018e 3EBF      		out __SP_H__,r19
 596 0190 0FBE      		out __SREG__,__tmp_reg__
 597 0192 2DBF      		out __SP_L__,r18
 598 0194 ADB6      		in r10,__SP_L__
 599 0196 BEB6      		in r11,__SP_H__
 600 0198 0894      		sec
 601 019a A11C      		adc r10,__zero_reg__
 602 019c B11C      		adc r11,__zero_reg__
 603 019e ADB7      		in r26,__SP_L__
 604 01a0 BEB7      		in r27,__SP_H__
 605 01a2 1296      		adiw r26,1+1
 606 01a4 FC92      		st X,r15
 607 01a6 EE92      		st -X,r14
 608 01a8 1197      		sbiw r26,1
 609 01aa 8081      		ld r24,Z
 610 01ac F501      		movw r30,r10
 611               	.LVL36:
 612 01ae 8283      		std Z+2,r24
 613 01b0 1382      		std Z+3,__zero_reg__
 614 01b2 20E0      		ldi r18,lo8(0)
 615 01b4 30E0      		ldi r19,hi8(0)
 616 01b6 842F      		mov r24,r20
 617 01b8 90E0      		ldi r25,lo8(0)
 618               	.LVL37:
 619 01ba 8770      		andi r24,lo8(7)
 620 01bc 9070      		andi r25,hi8(7)
 621               	.LVL38:
 622 01be 892B      		or r24,r25
 623 01c0 01F0      		breq .L32
 624 01c2 21E0      		ldi r18,lo8(1)
 625 01c4 30E0      		ldi r19,hi8(1)
 626               	.L32:
 627 01c6 4695      		lsr r20
 628 01c8 4695      		lsr r20
 629 01ca 4695      		lsr r20
 630               	.LVL39:
 631 01cc 240F      		add r18,r20
 632 01ce 311D      		adc r19,__zero_reg__
 633 01d0 D501      		movw r26,r10
 634 01d2 1596      		adiw r26,4+1
 635 01d4 3C93      		st X,r19
 636 01d6 2E93      		st -X,r18
 637 01d8 1497      		sbiw r26,4
 638 01da 20E0      		ldi r18,lo8(0)
 639 01dc 30E0      		ldi r19,hi8(0)
 640 01de 852F      		mov r24,r21
 641 01e0 90E0      		ldi r25,lo8(0)
 642               	.LVL40:
 643 01e2 8770      		andi r24,lo8(7)
 644 01e4 9070      		andi r25,hi8(7)
 645               	.LVL41:
 646 01e6 892B      		or r24,r25
 647 01e8 01F0      		breq .L33
 648 01ea 21E0      		ldi r18,lo8(1)
 649 01ec 30E0      		ldi r19,hi8(1)
 650               	.L33:
 651 01ee 5695      		lsr r21
 652 01f0 5695      		lsr r21
 653 01f2 5695      		lsr r21
 654               	.LVL42:
 655 01f4 250F      		add r18,r21
 656 01f6 311D      		adc r19,__zero_reg__
 657 01f8 F501      		movw r30,r10
 658 01fa 3783      		std Z+7,r19
 659 01fc 2683      		std Z+6,r18
 660 01fe 20E0      		ldi r18,lo8(0)
 661 0200 30E0      		ldi r19,hi8(0)
 662 0202 862F      		mov r24,r22
 663 0204 90E0      		ldi r25,lo8(0)
 664               	.LVL43:
 665 0206 8770      		andi r24,lo8(7)
 666 0208 9070      		andi r25,hi8(7)
 667               	.LVL44:
 668 020a 892B      		or r24,r25
 669 020c 01F0      		breq .L34
 670 020e 21E0      		ldi r18,lo8(1)
 671 0210 30E0      		ldi r19,hi8(1)
 672               	.L34:
 673 0212 6695      		lsr r22
 674 0214 6695      		lsr r22
 675 0216 6695      		lsr r22
 676               	.LVL45:
 677 0218 260F      		add r18,r22
 678 021a 311D      		adc r19,__zero_reg__
 679 021c D501      		movw r26,r10
 680 021e 1996      		adiw r26,8+1
 681 0220 3C93      		st X,r19
 682 0222 2E93      		st -X,r18
 683 0224 1897      		sbiw r26,8
 684 0226 0E94 0000 		call printf_P
 685               	.LVL46:
 686               	.LBE88:
 687               	.LSM64:
 688 022a 0F5F      		subi r16,lo8(-(1))
 689 022c EDB7      		in r30,__SP_L__
 690 022e FEB7      		in r31,__SP_H__
 691 0230 3A96      		adiw r30,10
 692 0232 0FB6      		in __tmp_reg__,__SREG__
 693 0234 F894      		cli
 694 0236 FEBF      		out __SP_H__,r31
 695 0238 0FBE      		out __SREG__,__tmp_reg__
 696 023a EDBF      		out __SP_L__,r30
 697               	.L31:
 698 023c 8091 0000 		lds r24,HIDReportInfo+911
 699 0240 0817      		cp r16,r24
 700 0242 00F4      		brsh .+2
 701 0244 00C0      		rjmp .L35
 702               	.LBE87:
 703               	.LSM65:
 704 0246 80E0      		ldi r24,lo8(__c.4181)
 705 0248 90E0      		ldi r25,hi8(__c.4181)
 706 024a 0E94 0000 		call puts_P
 707               	.LSM66:
 708 024e 8CE0      		ldi r24,lo8(12)
 709 0250 8093 0000 		sts USB_HostState,r24
 710 0254 00C0      		rjmp .L38
 711               	.LVL47:
 712               	.L41:
 713               	.LBB89:
 714               	.LBB90:
 715               	.LSM67:
 716 0256 81E0      		ldi r24,lo8(1)
 717 0258 8093 A700 		sts 167,r24
 718               	.LBE90:
 719               	.LBE89:
 720               	.LBB91:
 721               	.LBB92:
 722               	.LSM68:
 723 025c 8091 A900 		lds r24,169
 724 0260 8F7B      		andi r24,lo8(-65)
 725 0262 8093 A900 		sts 169,r24
 726               	.LBE92:
 727               	.LBE91:
 728               	.LBB93:
 729               	.LBB94:
 730               	.LSM69:
 731 0266 8091 A600 		lds r24,166
 732               	.LBE94:
 733               	.LBE93:
 734               	.LSM70:
 735 026a 80FF      		sbrs r24,0
 736 026c 00C0      		rjmp .L36
 737               	.LBB95:
 738               	.LBB96:
 739               	.LSM71:
 740 026e 8091 A600 		lds r24,166
 741               	.LBE96:
 742               	.LBE95:
 743               	.LSM72:
 744 0272 85FF      		sbrs r24,5
 745 0274 00C0      		rjmp .L37
 746 0276 EEB6      		in r14,__SP_H__
 747               	.LBB97:
 748               	.LBB98:
 749               	.LBB99:
 750               	.LSM73:
 751 0278 8091 F600 		lds r24,246
 752 027c 9091 F700 		lds r25,(246)+1
 753               	.LBE99:
 754               	.LBE98:
 755               	.LSM74:
 756 0280 2DB7      		in r18,__SP_L__
 757 0282 3EB7      		in r19,__SP_H__
 758 0284 281B      		sub r18,r24
 759 0286 390B      		sbc r19,r25
 760 0288 0FB6      		in __tmp_reg__,__SREG__
 761 028a F894      		cli
 762 028c 3EBF      		out __SP_H__,r19
 763 028e 0FBE      		out __SREG__,__tmp_reg__
 764 0290 2DBF      		out __SP_L__,r18
 765 0292 0DB7      		in r16,__SP_L__
 766 0294 1EB7      		in r17,__SP_H__
 767 0296 0F5F      		subi r16,lo8(-(1))
 768 0298 1F4F      		sbci r17,hi8(-(1))
 769               	.LBB100:
 770               	.LBB101:
 771               	.LSM75:
 772 029a 6091 F600 		lds r22,246
 773 029e 7091 F700 		lds r23,(246)+1
 774               	.LBE101:
 775               	.LBE100:
 776               	.LSM76:
 777 02a2 C801      		movw r24,r16
 778 02a4 0E94 0000 		call Pipe_Read_Stream_LE
 779               	.LSM77:
 780 02a8 C801      		movw r24,r16
 781 02aa 0E94 0000 		call ProcessJoystickReport
 782 02ae 2C2D      		mov r18,r12
 783 02b0 3E2D      		mov r19,r14
 784 02b2 C901      		movw r24,r18
 785 02b4 0FB6      		in __tmp_reg__,__SREG__
 786 02b6 F894      		cli
 787 02b8 9EBF      		out __SP_H__,r25
 788 02ba 0FBE      		out __SREG__,__tmp_reg__
 789 02bc 8DBF      		out __SP_L__,r24
 790               	.L37:
 791               	.LBE97:
 792               	.LBB102:
 793               	.LBB103:
 794               	.LSM78:
 795 02be 8091 A600 		lds r24,166
 796 02c2 8E77      		andi r24,lo8(126)
 797 02c4 8093 A600 		sts 166,r24
 798               	.L36:
 799               	.LBE103:
 800               	.LBE102:
 801               	.LBB104:
 802               	.LBB105:
 803               	.LSM79:
 804 02c8 8091 A900 		lds r24,169
 805 02cc 8064      		ori r24,lo8(64)
 806 02ce 8093 A900 		sts 169,r24
 807               	.LVL48:
 808               	.L38:
 809               	.LBE105:
 810               	.LBE104:
 811               	.LSM80:
 812 02d2 0FB6      		in __tmp_reg__,__SREG__
 813 02d4 F894      		cli
 814 02d6 DEBE      		out __SP_H__,r13
 815 02d8 0FBE      		out __SREG__,__tmp_reg__
 816 02da CDBE      		out __SP_L__,r12
 817               	/* epilogue start */
 818 02dc CF91      		pop r28
 819 02de DF91      		pop r29
 820 02e0 1F91      		pop r17
 821 02e2 0F91      		pop r16
 822               	.LVL49:
 823 02e4 FF90      		pop r15
 824 02e6 EF90      		pop r14
 825 02e8 DF90      		pop r13
 826 02ea CF90      		pop r12
 827 02ec BF90      		pop r11
 828 02ee AF90      		pop r10
 829 02f0 0895      		ret
 830               	.LFE135:
 832               		.section	.text.EVENT_USB_Host_HostError,"ax",@progbits
 833               	.global	EVENT_USB_Host_HostError
 835               	EVENT_USB_Host_HostError:
 836               	.LFB133:
 837               	.LSM81:
 838               	.LVL50:
 839 0000 1F93      		push r17
 840               	/* prologue: function */
 841               	/* frame size = 0 */
 842 0002 182F      		mov r17,r24
 843               	.LSM82:
 844 0004 0E94 0000 		call USB_ShutDown
 845               	.LVL51:
 846               	.LSM83:
 847 0008 00D0      		rcall .
 848 000a 00D0      		rcall .
 849 000c EDB7      		in r30,__SP_L__
 850 000e FEB7      		in r31,__SP_H__
 851 0010 3196      		adiw r30,1
 852 0012 80E0      		ldi r24,lo8(__c.4133)
 853 0014 90E0      		ldi r25,hi8(__c.4133)
 854 0016 ADB7      		in r26,__SP_L__
 855 0018 BEB7      		in r27,__SP_H__
 856 001a 1296      		adiw r26,1+1
 857 001c 9C93      		st X,r25
 858 001e 8E93      		st -X,r24
 859 0020 1197      		sbiw r26,1
 860 0022 1283      		std Z+2,r17
 861 0024 1382      		std Z+3,__zero_reg__
 862 0026 0E94 0000 		call printf_P
 863               	.LBB106:
 864               	.LBB107:
 865               	.LSM84:
 866 002a 8BB1      		in r24,43-32
 867 002c 8F70      		andi r24,lo8(15)
 868 002e 8069      		ori r24,lo8(-112)
 869 0030 8BB9      		out 43-32,r24
 870 0032 0F90      		pop __tmp_reg__
 871 0034 0F90      		pop __tmp_reg__
 872 0036 0F90      		pop __tmp_reg__
 873 0038 0F90      		pop __tmp_reg__
 874               	.L43:
 875 003a 00C0      		rjmp .L43
 876               	.LBE107:
 877               	.LBE106:
 878               	.LFE133:
 880               		.section	.text.SetupHardware,"ax",@progbits
 881               	.global	SetupHardware
 883               	SetupHardware:
 884               	.LFB129:
 885               	.LSM85:
 886               	/* prologue: function */
 887               	/* frame size = 0 */
 888               	.LSM86:
 889 0000 84B7      		in r24,84-32
 890 0002 877F      		andi r24,lo8(-9)
 891 0004 84BF      		out 84-32,r24
 892               	.LSM87:
 893 0006 38E1      		ldi r19,lo8(24)
 894               	/* #APP */
 895               	 ;  63 "JoystickHostWithParser.c" 1
 896 0008 0FB6      		in __tmp_reg__, __SREG__
 897 000a F894      		cli
 898 000c 3093 6000 		sts 96, r19
 899 0010 1092 6000 		sts 96, __zero_reg__
 900 0014 0FBE      		out __SREG__,__tmp_reg__
 901               		
 902               	 ;  0 "" 2
 903               	/* #NOAPP */
 904               	.LBB108:
 905               	.LSM88:
 906 0016 80E0      		ldi r24,lo8(0)
 907 0018 90E0      		ldi r25,hi8(0)
 908 001a 20E8      		ldi r18,lo8(-128)
 909               	/* #APP */
 910               	 ;  66 "JoystickHostWithParser.c" 1
 911 001c 0FB6      		in __tmp_reg__,__SREG__
 912 001e F894      		cli
 913 0020 2093 6100 		sts 97, r18
 914 0024 8093 6100 		sts 97, r24
 915 0028 0FBE      		out __SREG__, __tmp_reg__
 916               	 ;  0 "" 2
 917               	/* #NOAPP */
 918               	.LBE108:
 919               	.LBB109:
 920               	.LBB110:
 921               	.LBB111:
 922               	.LBB112:
 923               	.LSM89:
 924 002a 83E3      		ldi r24,lo8(51)
 925 002c 90E0      		ldi r25,hi8(51)
 926 002e 9093 CD00 		sts (204)+1,r25
 927 0032 8093 CC00 		sts 204,r24
 928               	.LSM90:
 929 0036 86E0      		ldi r24,lo8(6)
 930 0038 8093 CA00 		sts 202,r24
 931               	.LSM91:
 932 003c 1092 C800 		sts 200,__zero_reg__
 933               	.LSM92:
 934 0040 3093 C900 		sts 201,r19
 935               	.LSM93:
 936 0044 539A      		sbi 42-32,3
 937               	.LSM94:
 938 0046 5A9A      		sbi 43-32,2
 939               	.LBE112:
 940               	.LBE111:
 941               	.LSM95:
 942 0048 80E0      		ldi r24,lo8(USARTStream)
 943 004a 90E0      		ldi r25,hi8(USARTStream)
 944 004c 9093 0000 		sts (__iob+2)+1,r25
 945 0050 8093 0000 		sts __iob+2,r24
 946               	.LSM96:
 947 0054 9093 0000 		sts (__iob)+1,r25
 948 0058 8093 0000 		sts __iob,r24
 949               	.LBE110:
 950               	.LBE109:
 951               	.LBB113:
 952               	.LBB114:
 953               	.LSM97:
 954 005c 8AB1      		in r24,42-32
 955 005e 806F      		ori r24,lo8(-16)
 956 0060 8AB9      		out 42-32,r24
 957               	.LSM98:
 958 0062 8BB1      		in r24,43-32
 959 0064 8F70      		andi r24,lo8(15)
 960 0066 8BB9      		out 43-32,r24
 961               	.LBE114:
 962               	.LBE113:
 963               	.LSM99:
 964 0068 0E94 0000 		call USB_Init
 965               	/* epilogue start */
 966               	.LSM100:
 967 006c 0895      		ret
 968               	.LFE129:
 970               		.section	.text.main,"ax",@progbits
 971               	.global	main
 973               	main:
 974               	.LFB128:
 975               	.LSM101:
 976               	/* prologue: function */
 977               	/* frame size = 0 */
 978               	.LSM102:
 979 0000 0E94 0000 		call SetupHardware
 980               	.LSM103:
 981 0004 80E0      		ldi r24,lo8(__c.4106)
 982 0006 90E0      		ldi r25,hi8(__c.4106)
 983 0008 0E94 0000 		call puts_P
 984               	.LBB115:
 985               	.LBB116:
 986               	.LSM104:
 987 000c 8BB1      		in r24,43-32
 988 000e 8F70      		andi r24,lo8(15)
 989 0010 8061      		ori r24,lo8(16)
 990 0012 8BB9      		out 43-32,r24
 991               	.LBE116:
 992               	.LBE115:
 993               	.LSM105:
 994               	/* #APP */
 995               	 ;  49 "JoystickHostWithParser.c" 1
 996 0014 7894      		sei
 997               	 ;  0 "" 2
 998               	/* #NOAPP */
 999               	.L48:
 1000               	.LSM106:
 1001 0016 0E94 0000 		call Joystick_HID_Task
 1002               	.LSM107:
 1003 001a 0E94 0000 		call USB_USBTask
 1004 001e 00C0      		rjmp .L48
 1005               	.LFE128:
 1007               		.section	.progmem.data,"a",@progbits
 1010               	__c.4181:
 1011 0000 4A6F 7973 		.string	"Joystick Enumerated.\r\n"
 1011      7469 636B 
 1011      2045 6E75 
 1011      6D65 7261 
 1011      7465 642E 
 1014               	__c.4176:
 1015 0017 2020 2B   		.ascii	"  +"
 1016 001a 2052 6570 		.string	" Report ID %d - In: %d bytes, Out: %d bytes, Feature: %d bytes\r\n"
 1016      6F72 7420 
 1016      4944 2025 
 1016      6420 2D20 
 1016      496E 3A20 
 1019               	__c.4169:
 1020 005b 202D 2D20 		.string	" -- Error Code: %d\r\n\033[37m"
 1020      4572 726F 
 1020      7220 436F 
 1020      6465 3A20 
 1020      2564 0D0A 
 1023               	__c.4167:
 1024 0075 4E6F 7420 		.string	"Not a valid Joystick.\033[37m"
 1024      6120 7661 
 1024      6C69 6420 
 1024      4A6F 7973 
 1024      7469 636B 
 1027               	__c.4165:
 1028 0090 1B5B 3331 		.string	"\033[31mReport Parse Error.\r\n"
 1028      6D52 6570 
 1028      6F72 7420 
 1028      5061 7273 
 1028      6520 4572 
 1031               	__c.4163:
 1032 00ab 5072 6F63 		.string	"Processing HID Report (Size %d Bytes).\r\n"
 1032      6573 7369 
 1032      6E67 2048 
 1032      4944 2052 
 1032      6570 6F72 
 1035               	__c.4161:
 1036 00d4 1B5B      		.ascii	"\033["
 1037 00d6 3331 6D43 		.string	"31mControl Error (Set Configuration).\r\n -- Error Code: %d\r\n\033[37m"
 1037      6F6E 7472 
 1037      6F6C 2045 
 1037      7272 6F72 
 1037      2028 5365 
 1040               	__c.4158:
 1041 0117 202D 2D20 		.string	" -- Error Code: %d\r\n\033[37m"
 1041      4572 726F 
 1041      7220 436F 
 1041      6465 3A20 
 1041      2564 0D0A 
 1044               	__c.4156:
 1045 0131 1B5B 3331 		.string	"\033[31mInvalid Device.\r\n"
 1045      6D49 6E76 
 1045      616C 6964 
 1045      2044 6576 
 1045      6963 652E 
 1048               	__c.4154:
 1049 0148 1B5B 3331 		.string	"\033[31mControl Error (Get Configuration).\r\n"
 1049      6D43 6F6E 
 1049      7472 6F6C 
 1049      2045 7272 
 1049      6F72 2028 
 1052               	__c.4152:
 1053 0172 4765 7474 		.string	"Getting Config Data.\r\n"
 1053      696E 6720 
 1053      436F 6E66 
 1053      6967 2044 
 1053      6174 612E 
 1056               	__c.4141:
 1057 0189 1B5B 3331 		.ascii	"\033[31mDev Enum Error\r\n"
 1057      6D44 6576 
 1057      2045 6E75 
 1057      6D20 4572 
 1057      726F 720D 
 1058 019e 202D 2D20 		.string	" -- Error Code %d\r\n -- Sub Error Code %d\r\n -- In State %d\r\n\033[37m"
 1058      4572 726F 
 1058      7220 436F 
 1058      6465 2025 
 1058      640D 0A20 
 1061               	__c.4133:
 1062 01df 1B5B 3331 		.string	"\033[31mHost Mode Error\r\n -- Error Code %d\r\n\033[37m"
 1062      6D48 6F73 
 1062      7420 4D6F 
 1062      6465 2045 
 1062      7272 6F72 
 1065               	__c.4125:
 1066 020e 1B5B 3332 		.string	"\033[32mDevice Unattached.\r\n\033[37m"
 1066      6D44 6576 
 1066      6963 6520 
 1066      556E 6174 
 1066      7461 6368 
 1069               	__c.4120:
 1070 022d 1B5B 3332 		.string	"\033[32mDevice Attached.\r\n\033[37m"
 1070      6D44 6576 
 1070      6963 6520 
 1070      4174 7461 
 1070      6368 6564 
 1073               	__c.4106:
 1074 024a 1B5B 3336 		.string	"\033[36mJoystick HID Parser Host Demo running.\r\n\033[37m"
 1074      6D4A 6F79 
 1074      7374 6963 
 1074      6B20 4849 
 1074      4420 5061 
 1163               	.Letext0:
DEFINED SYMBOLS
                            *ABS*:00000000 JoystickHostWithParser.c
/var/folders/fy/fkrt37kj6jd3by75mtf4gsxr0000gn/T//ccILmQrP.s:2      *ABS*:0000003f __SREG__
/var/folders/fy/fkrt37kj6jd3by75mtf4gsxr0000gn/T//ccILmQrP.s:3      *ABS*:0000003e __SP_H__
/var/folders/fy/fkrt37kj6jd3by75mtf4gsxr0000gn/T//ccILmQrP.s:4      *ABS*:0000003d __SP_L__
/var/folders/fy/fkrt37kj6jd3by75mtf4gsxr0000gn/T//ccILmQrP.s:5      *ABS*:00000034 __CCP__
/var/folders/fy/fkrt37kj6jd3by75mtf4gsxr0000gn/T//ccILmQrP.s:6      *ABS*:00000000 __tmp_reg__
/var/folders/fy/fkrt37kj6jd3by75mtf4gsxr0000gn/T//ccILmQrP.s:7      *ABS*:00000001 __zero_reg__
/var/folders/fy/fkrt37kj6jd3by75mtf4gsxr0000gn/T//ccILmQrP.s:19     .text.EVENT_USB_Host_DeviceEnumerationComplete:00000000 EVENT_USB_Host_DeviceEnumerationComplete
/var/folders/fy/fkrt37kj6jd3by75mtf4gsxr0000gn/T//ccILmQrP.s:41     .text.ProcessJoystickReport:00000000 ProcessJoystickReport
/var/folders/fy/fkrt37kj6jd3by75mtf4gsxr0000gn/T//ccILmQrP.s:219    .text.EVENT_USB_Host_DeviceUnattached:00000000 EVENT_USB_Host_DeviceUnattached
/var/folders/fy/fkrt37kj6jd3by75mtf4gsxr0000gn/T//ccILmQrP.s:1065   .progmem.data:0000020e __c.4125
/var/folders/fy/fkrt37kj6jd3by75mtf4gsxr0000gn/T//ccILmQrP.s:245    .text.EVENT_USB_Host_DeviceAttached:00000000 EVENT_USB_Host_DeviceAttached
/var/folders/fy/fkrt37kj6jd3by75mtf4gsxr0000gn/T//ccILmQrP.s:1069   .progmem.data:0000022d __c.4120
/var/folders/fy/fkrt37kj6jd3by75mtf4gsxr0000gn/T//ccILmQrP.s:271    .text.EVENT_USB_Host_DeviceEnumerationFailed:00000000 EVENT_USB_Host_DeviceEnumerationFailed
/var/folders/fy/fkrt37kj6jd3by75mtf4gsxr0000gn/T//ccILmQrP.s:1056   .progmem.data:00000189 __c.4141
/var/folders/fy/fkrt37kj6jd3by75mtf4gsxr0000gn/T//ccILmQrP.s:336    .text.Joystick_HID_Task:00000000 Joystick_HID_Task
/var/folders/fy/fkrt37kj6jd3by75mtf4gsxr0000gn/T//ccILmQrP.s:1052   .progmem.data:00000172 __c.4152
/var/folders/fy/fkrt37kj6jd3by75mtf4gsxr0000gn/T//ccILmQrP.s:1048   .progmem.data:00000148 __c.4154
/var/folders/fy/fkrt37kj6jd3by75mtf4gsxr0000gn/T//ccILmQrP.s:1044   .progmem.data:00000131 __c.4156
/var/folders/fy/fkrt37kj6jd3by75mtf4gsxr0000gn/T//ccILmQrP.s:1040   .progmem.data:00000117 __c.4158
/var/folders/fy/fkrt37kj6jd3by75mtf4gsxr0000gn/T//ccILmQrP.s:1035   .progmem.data:000000d4 __c.4161
/var/folders/fy/fkrt37kj6jd3by75mtf4gsxr0000gn/T//ccILmQrP.s:1031   .progmem.data:000000ab __c.4163
/var/folders/fy/fkrt37kj6jd3by75mtf4gsxr0000gn/T//ccILmQrP.s:1027   .progmem.data:00000090 __c.4165
/var/folders/fy/fkrt37kj6jd3by75mtf4gsxr0000gn/T//ccILmQrP.s:1023   .progmem.data:00000075 __c.4167
/var/folders/fy/fkrt37kj6jd3by75mtf4gsxr0000gn/T//ccILmQrP.s:1019   .progmem.data:0000005b __c.4169
/var/folders/fy/fkrt37kj6jd3by75mtf4gsxr0000gn/T//ccILmQrP.s:1014   .progmem.data:00000017 __c.4176
/var/folders/fy/fkrt37kj6jd3by75mtf4gsxr0000gn/T//ccILmQrP.s:1010   .progmem.data:00000000 __c.4181
/var/folders/fy/fkrt37kj6jd3by75mtf4gsxr0000gn/T//ccILmQrP.s:835    .text.EVENT_USB_Host_HostError:00000000 EVENT_USB_Host_HostError
/var/folders/fy/fkrt37kj6jd3by75mtf4gsxr0000gn/T//ccILmQrP.s:1061   .progmem.data:000001df __c.4133
/var/folders/fy/fkrt37kj6jd3by75mtf4gsxr0000gn/T//ccILmQrP.s:883    .text.SetupHardware:00000000 SetupHardware
/var/folders/fy/fkrt37kj6jd3by75mtf4gsxr0000gn/T//ccILmQrP.s:973    .text.main:00000000 main
/var/folders/fy/fkrt37kj6jd3by75mtf4gsxr0000gn/T//ccILmQrP.s:1073   .progmem.data:0000024a __c.4106

UNDEFINED SYMBOLS
HIDReportInfo
USB_GetHIDReportItemInfo
puts_P
USB_HostState
printf_P
ProcessConfigurationDescriptor
USB_Host_SetDeviceConfiguration
HIDReportSize
GetHIDReportData
printf
Pipe_Read_Stream_LE
USB_ShutDown
USARTStream
__iob
USB_Init
USB_USBTask
__do_copy_data
