   1               		.file	"MassStorageHost.c"
   2               	__SREG__ = 0x3f
   3               	__SP_H__ = 0x3e
   4               	__SP_L__ = 0x3d
   5               	__CCP__  = 0x34
   6               	__tmp_reg__ = 0
   7               	__zero_reg__ = 1
  15               	.Ltext0:
  16               		.section	.text.EVENT_USB_Host_DeviceEnumerationComplete,"ax",@progbits
  17               	.global	EVENT_USB_Host_DeviceEnumerationComplete
  19               	EVENT_USB_Host_DeviceEnumerationComplete:
  20               	.LFB134:
  21               	.LSM0:
  22               	/* prologue: function */
  23               	/* frame size = 0 */
  24               	.LBB84:
  25               	.LBB85:
  26               	.LSM1:
  27 0000 8BB1      		in r24,43-32
  28 0002 8F70      		andi r24,lo8(15)
  29 0004 8066      		ori r24,lo8(96)
  30 0006 8BB9      		out 43-32,r24
  31               	/* epilogue start */
  32               	.LBE85:
  33               	.LBE84:
  34               	.LSM2:
  35 0008 0895      		ret
  36               	.LFE134:
  38               		.section	.text.ShowDiskReadError,"ax",@progbits
  39               	.global	ShowDiskReadError
  41               	ShowDiskReadError:
  42               	.LFB138:
  43               	.LSM3:
  44               	.LVL0:
  45 0000 1F93      		push r17
  46               	/* prologue: function */
  47               	/* frame size = 0 */
  48 0002 9C01      		movw r18,r24
  49 0004 162F      		mov r17,r22
  50               	.LSM4:
  51 0006 603C      		cpi r22,lo8(-64)
  52 0008 01F4      		brne .L4
  53               	.LVL1:
  54               	.LSM5:
  55 000a 00D0      		rcall .
  56 000c 00D0      		rcall .
  57 000e 80E0      		ldi r24,lo8(__c.4365)
  58 0010 90E0      		ldi r25,hi8(__c.4365)
  59 0012 ADB7      		in r26,__SP_L__
  60 0014 BEB7      		in r27,__SP_H__
  61 0016 1296      		adiw r26,1+1
  62 0018 9C93      		st X,r25
  63 001a 8E93      		st -X,r24
  64 001c 1197      		sbiw r26,1
  65 001e 1496      		adiw r26,3+1
  66 0020 3C93      		st X,r19
  67 0022 2E93      		st -X,r18
  68 0024 1397      		sbiw r26,3
  69 0026 00C0      		rjmp .L7
  70               	.LVL2:
  71               	.L4:
  72               	.LSM6:
  73 0028 00D0      		rcall .
  74 002a 00D0      		rcall .
  75 002c 80E0      		ldi r24,lo8(__c.4367)
  76 002e 90E0      		ldi r25,hi8(__c.4367)
  77 0030 EDB7      		in r30,__SP_L__
  78 0032 FEB7      		in r31,__SP_H__
  79 0034 9283      		std Z+2,r25
  80 0036 8183      		std Z+1,r24
  81 0038 3483      		std Z+4,r19
  82 003a 2383      		std Z+3,r18
  83 003c 0E94 0000 		call printf_P
  84               	.LVL3:
  85               	.LSM7:
  86 0040 EDB7      		in r30,__SP_L__
  87 0042 FEB7      		in r31,__SP_H__
  88 0044 3196      		adiw r30,1
  89 0046 80E0      		ldi r24,lo8(__c.4369)
  90 0048 90E0      		ldi r25,hi8(__c.4369)
  91 004a ADB7      		in r26,__SP_L__
  92 004c BEB7      		in r27,__SP_H__
  93 004e 1296      		adiw r26,1+1
  94 0050 9C93      		st X,r25
  95 0052 8E93      		st -X,r24
  96 0054 1197      		sbiw r26,1
  97 0056 1283      		std Z+2,r17
  98 0058 1382      		std Z+3,__zero_reg__
  99               	.LVL4:
 100               	.L7:
 101 005a 0E94 0000 		call printf_P
 102               	.LVL5:
 103 005e 0F90      		pop __tmp_reg__
 104 0060 0F90      		pop __tmp_reg__
 105 0062 0F90      		pop __tmp_reg__
 106 0064 0F90      		pop __tmp_reg__
 107               	.LBB86:
 108               	.LBB87:
 109               	.LSM8:
 110 0066 8091 A900 		lds r24,169
 111 006a 8064      		ori r24,lo8(64)
 112 006c 8093 A900 		sts 169,r24
 113               	.LBE87:
 114               	.LBE86:
 115               	.LBB88:
 116               	.LBB89:
 117               	.LSM9:
 118 0070 8BB1      		in r24,43-32
 119 0072 8F70      		andi r24,lo8(15)
 120 0074 8069      		ori r24,lo8(-112)
 121 0076 8BB9      		out 43-32,r24
 122               	/* epilogue start */
 123               	.LBE89:
 124               	.LBE88:
 125               	.LSM10:
 126 0078 1F91      		pop r17
 127               	.LVL6:
 128 007a 0895      		ret
 129               	.LFE138:
 131               		.section	.text.EVENT_USB_Host_DeviceEnumerationFailed,"ax",@progbits
 132               	.global	EVENT_USB_Host_DeviceEnumerationFailed
 134               	EVENT_USB_Host_DeviceEnumerationFailed:
 135               	.LFB136:
 136               	.LSM11:
 137               	.LVL7:
 138               	/* prologue: function */
 139               	/* frame size = 0 */
 140               	.LSM12:
 141 0000 9091 0000 		lds r25,USB_HostState
 142 0004 2DB7      		in r18,__SP_L__
 143 0006 3EB7      		in r19,__SP_H__
 144 0008 2850      		subi r18,lo8(-(-8))
 145 000a 3040      		sbci r19,hi8(-(-8))
 146 000c 0FB6      		in __tmp_reg__,__SREG__
 147 000e F894      		cli
 148 0010 3EBF      		out __SP_H__,r19
 149 0012 0FBE      		out __SREG__,__tmp_reg__
 150 0014 2DBF      		out __SP_L__,r18
 151 0016 EDB7      		in r30,__SP_L__
 152 0018 FEB7      		in r31,__SP_H__
 153 001a 3196      		adiw r30,1
 154 001c 20E0      		ldi r18,lo8(__c.4209)
 155 001e 30E0      		ldi r19,hi8(__c.4209)
 156 0020 ADB7      		in r26,__SP_L__
 157 0022 BEB7      		in r27,__SP_H__
 158 0024 1296      		adiw r26,1+1
 159 0026 3C93      		st X,r19
 160 0028 2E93      		st -X,r18
 161 002a 1197      		sbiw r26,1
 162 002c 8283      		std Z+2,r24
 163 002e 1382      		std Z+3,__zero_reg__
 164 0030 6483      		std Z+4,r22
 165 0032 1582      		std Z+5,__zero_reg__
 166 0034 9683      		std Z+6,r25
 167 0036 1782      		std Z+7,__zero_reg__
 168 0038 0E94 0000 		call printf_P
 169               	.LVL8:
 170               	.LBB90:
 171               	.LBB91:
 172               	.LSM13:
 173 003c 8BB1      		in r24,43-32
 174 003e 8F70      		andi r24,lo8(15)
 175 0040 8069      		ori r24,lo8(-112)
 176 0042 8BB9      		out 43-32,r24
 177 0044 2DB7      		in r18,__SP_L__
 178 0046 3EB7      		in r19,__SP_H__
 179 0048 285F      		subi r18,lo8(-(8))
 180 004a 3F4F      		sbci r19,hi8(-(8))
 181 004c 0FB6      		in __tmp_reg__,__SREG__
 182 004e F894      		cli
 183 0050 3EBF      		out __SP_H__,r19
 184 0052 0FBE      		out __SREG__,__tmp_reg__
 185 0054 2DBF      		out __SP_L__,r18
 186               	/* epilogue start */
 187               	.LBE91:
 188               	.LBE90:
 189               	.LSM14:
 190 0056 0895      		ret
 191               	.LFE136:
 193               		.section	.text.EVENT_USB_Host_DeviceUnattached,"ax",@progbits
 194               	.global	EVENT_USB_Host_DeviceUnattached
 196               	EVENT_USB_Host_DeviceUnattached:
 197               	.LFB133:
 198               	.LSM15:
 199               	/* prologue: function */
 200               	/* frame size = 0 */
 201               	.LSM16:
 202 0000 80E0      		ldi r24,lo8(__c.4193)
 203 0002 90E0      		ldi r25,hi8(__c.4193)
 204 0004 0E94 0000 		call puts_P
 205               	.LBB92:
 206               	.LBB93:
 207               	.LSM17:
 208 0008 8BB1      		in r24,43-32
 209 000a 8F70      		andi r24,lo8(15)
 210 000c 8061      		ori r24,lo8(16)
 211 000e 8BB9      		out 43-32,r24
 212               	/* epilogue start */
 213               	.LBE93:
 214               	.LBE92:
 215               	.LSM18:
 216 0010 0895      		ret
 217               	.LFE133:
 219               		.section	.text.EVENT_USB_Host_DeviceAttached,"ax",@progbits
 220               	.global	EVENT_USB_Host_DeviceAttached
 222               	EVENT_USB_Host_DeviceAttached:
 223               	.LFB132:
 224               	.LSM19:
 225               	/* prologue: function */
 226               	/* frame size = 0 */
 227               	.LSM20:
 228 0000 80E0      		ldi r24,lo8(__c.4188)
 229 0002 90E0      		ldi r25,hi8(__c.4188)
 230 0004 0E94 0000 		call puts_P
 231               	.LBB94:
 232               	.LBB95:
 233               	.LSM21:
 234 0008 8BB1      		in r24,43-32
 235 000a 8F70      		andi r24,lo8(15)
 236 000c 806A      		ori r24,lo8(-96)
 237 000e 8BB9      		out 43-32,r24
 238               	/* epilogue start */
 239               	.LBE95:
 240               	.LBE94:
 241               	.LSM22:
 242 0010 0895      		ret
 243               	.LFE132:
 245               		.section	.text.MassStorage_Task,"ax",@progbits
 246               	.global	MassStorage_Task
 248               	MassStorage_Task:
 249               	.LFB137:
 250               	.LSM23:
 251 0000 2F92      		push r2
 252 0002 3F92      		push r3
 253 0004 4F92      		push r4
 254 0006 5F92      		push r5
 255 0008 6F92      		push r6
 256 000a 7F92      		push r7
 257 000c 8F92      		push r8
 258 000e 9F92      		push r9
 259 0010 AF92      		push r10
 260 0012 BF92      		push r11
 261 0014 CF92      		push r12
 262 0016 DF92      		push r13
 263 0018 EF92      		push r14
 264 001a FF92      		push r15
 265 001c 0F93      		push r16
 266 001e 1F93      		push r17
 267 0020 DF93      		push r29
 268 0022 CF93      		push r28
 269 0024 CDB7      		in r28,__SP_L__
 270 0026 DEB7      		in r29,__SP_H__
 271 0028 C054      		subi r28,lo8(-(-64))
 272 002a D040      		sbci r29,hi8(-(-64))
 273 002c 0FB6      		in __tmp_reg__,__SREG__
 274 002e F894      		cli
 275 0030 DEBF      		out __SP_H__,r29
 276 0032 0FBE      		out __SREG__,__tmp_reg__
 277 0034 CDBF      		out __SP_L__,r28
 278               	/* prologue: function */
 279               	/* frame size = 64 */
 280               	.LSM24:
 281 0036 8DB7      		in r24,__SP_L__
 282 0038 9EB7      		in r25,__SP_H__
 283 003a 2196      		adiw r28,63-62
 284 003c 9FAF      		std Y+63,r25
 285 003e 8EAF      		std Y+62,r24
 286 0040 2197      		sbiw r28,63-62
 287               	.LSM25:
 288 0042 8091 0000 		lds r24,USB_HostState
 289 0046 8B30      		cpi r24,lo8(11)
 290 0048 01F0      		breq .L16
 291 004a 8C30      		cpi r24,lo8(12)
 292 004c 01F0      		breq .+2
 293 004e 00C0      		rjmp .L47
 294 0050 00C0      		rjmp .L57
 295               	.L16:
 296               	.LBB96:
 297               	.LSM26:
 298 0052 80E0      		ldi r24,lo8(__c.4220)
 299 0054 90E0      		ldi r25,hi8(__c.4220)
 300 0056 0E94 0000 		call puts_P
 301               	.LSM27:
 302 005a 0E94 0000 		call ProcessConfigurationDescriptor
 303 005e 182F      		mov r17,r24
 304               	.LVL9:
 305 0060 8823      		tst r24
 306 0062 01F0      		breq .L18
 307               	.LVL10:
 308               	.LSM28:
 309 0064 8130      		cpi r24,lo8(1)
 310 0066 01F4      		brne .L19
 311               	.LSM29:
 312 0068 80E0      		ldi r24,lo8(__c.4222)
 313 006a 90E0      		ldi r25,hi8(__c.4222)
 314               	.LVL11:
 315 006c 00C0      		rjmp .L53
 316               	.LVL12:
 317               	.L19:
 318               	.LSM30:
 319 006e 80E0      		ldi r24,lo8(__c.4224)
 320 0070 90E0      		ldi r25,hi8(__c.4224)
 321               	.LVL13:
 322               	.L53:
 323 0072 0E94 0000 		call puts_P
 324               	.LSM31:
 325 0076 00D0      		rcall .
 326 0078 00D0      		rcall .
 327 007a EDB7      		in r30,__SP_L__
 328 007c FEB7      		in r31,__SP_H__
 329 007e 3196      		adiw r30,1
 330 0080 80E0      		ldi r24,lo8(__c.4226)
 331 0082 90E0      		ldi r25,hi8(__c.4226)
 332 0084 ADB7      		in r26,__SP_L__
 333 0086 BEB7      		in r27,__SP_H__
 334 0088 1296      		adiw r26,1+1
 335 008a 9C93      		st X,r25
 336 008c 8E93      		st -X,r24
 337 008e 1197      		sbiw r26,1
 338 0090 1283      		std Z+2,r17
 339 0092 00C0      		rjmp .L56
 340               	.LVL14:
 341               	.L18:
 342               	.LSM32:
 343 0094 81E0      		ldi r24,lo8(1)
 344               	.LVL15:
 345 0096 0E94 0000 		call USB_Host_SetDeviceConfiguration
 346 009a 282F      		mov r18,r24
 347               	.LVL16:
 348 009c 8823      		tst r24
 349 009e 01F0      		breq .L21
 350               	.LVL17:
 351               	.LSM33:
 352 00a0 00D0      		rcall .
 353 00a2 00D0      		rcall .
 354 00a4 EDB7      		in r30,__SP_L__
 355 00a6 FEB7      		in r31,__SP_H__
 356 00a8 3196      		adiw r30,1
 357 00aa 80E0      		ldi r24,lo8(__c.4229)
 358 00ac 90E0      		ldi r25,hi8(__c.4229)
 359               	.LVL18:
 360 00ae ADB7      		in r26,__SP_L__
 361 00b0 BEB7      		in r27,__SP_H__
 362 00b2 1296      		adiw r26,1+1
 363 00b4 9C93      		st X,r25
 364 00b6 8E93      		st -X,r24
 365 00b8 1197      		sbiw r26,1
 366 00ba 2283      		std Z+2,r18
 367               	.LVL19:
 368               	.L56:
 369 00bc 1382      		std Z+3,__zero_reg__
 370 00be 0E94 0000 		call printf_P
 371               	.LVL20:
 372               	.LBB97:
 373               	.LBB98:
 374               	.LSM34:
 375 00c2 8BB1      		in r24,43-32
 376 00c4 8F70      		andi r24,lo8(15)
 377 00c6 8069      		ori r24,lo8(-112)
 378 00c8 8BB9      		out 43-32,r24
 379               	.LBE98:
 380               	.LBE97:
 381               	.LSM35:
 382 00ca 1092 0000 		sts USB_HostState,__zero_reg__
 383 00ce 0F90      		pop __tmp_reg__
 384 00d0 0F90      		pop __tmp_reg__
 385 00d2 0F90      		pop __tmp_reg__
 386 00d4 0F90      		pop __tmp_reg__
 387 00d6 00C0      		rjmp .L47
 388               	.LVL21:
 389               	.L21:
 390               	.LSM36:
 391 00d8 80E0      		ldi r24,lo8(__c.4231)
 392 00da 90E0      		ldi r25,hi8(__c.4231)
 393               	.LVL22:
 394 00dc 0E94 0000 		call puts_P
 395               	.LVL23:
 396               	.LSM37:
 397 00e0 8CE0      		ldi r24,lo8(12)
 398 00e2 8093 0000 		sts USB_HostState,r24
 399 00e6 00C0      		rjmp .L47
 400               	.L57:
 401               	.LBB99:
 402               	.LBB100:
 403               	.LSM38:
 404 00e8 8BB1      		in r24,43-32
 405 00ea 8F70      		andi r24,lo8(15)
 406 00ec 8062      		ori r24,lo8(32)
 407 00ee 8BB9      		out 43-32,r24
 408               	.LBE100:
 409               	.LBE99:
 410               	.LSM39:
 411 00f0 80E0      		ldi r24,lo8(MassStore_MaxLUNIndex)
 412 00f2 90E0      		ldi r25,hi8(MassStore_MaxLUNIndex)
 413 00f4 0E94 0000 		call MassStore_GetMaxLUN
 414 00f8 682F      		mov r22,r24
 415               	.LVL24:
 416 00fa 8823      		tst r24
 417 00fc 01F0      		breq .L22
 418               	.LVL25:
 419               	.LSM40:
 420 00fe 80E0      		ldi r24,lo8(__c.4234)
 421 0100 90E0      		ldi r25,hi8(__c.4234)
 422               	.LVL26:
 423 0102 00C0      		rjmp .L55
 424               	.LVL27:
 425               	.L22:
 426               	.LSM41:
 427 0104 00D0      		rcall .
 428 0106 00D0      		rcall .
 429 0108 80E0      		ldi r24,lo8(__c.4236)
 430 010a 90E0      		ldi r25,hi8(__c.4236)
 431               	.LVL28:
 432 010c EDB7      		in r30,__SP_L__
 433 010e FEB7      		in r31,__SP_H__
 434 0110 9283      		std Z+2,r25
 435 0112 8183      		std Z+1,r24
 436 0114 8091 0000 		lds r24,MassStore_MaxLUNIndex
 437 0118 90E0      		ldi r25,lo8(0)
 438 011a 0196      		adiw r24,1
 439 011c 9483      		std Z+4,r25
 440 011e 8383      		std Z+3,r24
 441 0120 0E94 0000 		call printf_P
 442               	.LVL29:
 443               	.LSM42:
 444 0124 0F90      		pop __tmp_reg__
 445 0126 0F90      		pop __tmp_reg__
 446 0128 0F90      		pop __tmp_reg__
 447 012a 0F90      		pop __tmp_reg__
 448 012c 0E94 0000 		call MassStore_MassStorageReset
 449 0130 682F      		mov r22,r24
 450               	.LVL30:
 451 0132 8823      		tst r24
 452 0134 01F0      		breq .L23
 453               	.LVL31:
 454               	.LSM43:
 455 0136 80E0      		ldi r24,lo8(__c.4238)
 456 0138 90E0      		ldi r25,hi8(__c.4238)
 457               	.LVL32:
 458 013a 00C0      		rjmp .L55
 459               	.LVL33:
 460               	.L23:
 461               	.LSM44:
 462 013c 80E0      		ldi r24,lo8(0)
 463               	.LVL34:
 464 013e BE01      		movw r22,r28
 465               	.LVL35:
 466 0140 675F      		subi r22,lo8(-(9))
 467 0142 7F4F      		sbci r23,hi8(-(9))
 468 0144 0E94 0000 		call MassStore_RequestSense
 469 0148 682F      		mov r22,r24
 470               	.LVL36:
 471 014a 8823      		tst r24
 472 014c 01F0      		breq .L24
 473               	.LVL37:
 474               	.LSM45:
 475 014e 80E0      		ldi r24,lo8(__c.4241)
 476 0150 90E0      		ldi r25,hi8(__c.4241)
 477               	.LVL38:
 478 0152 00C0      		rjmp .L55
 479               	.LVL39:
 480               	.L24:
 481               	.LSM46:
 482 0154 80E0      		ldi r24,lo8(0)
 483               	.LVL40:
 484 0156 61E0      		ldi r22,lo8(1)
 485               	.LVL41:
 486 0158 0E94 0000 		call MassStore_PreventAllowMediumRemoval
 487 015c 682F      		mov r22,r24
 488               	.LVL42:
 489 015e 8823      		tst r24
 490 0160 01F0      		breq .L25
 491               	.LVL43:
 492               	.LSM47:
 493 0162 80E0      		ldi r24,lo8(__c.4243)
 494 0164 90E0      		ldi r25,hi8(__c.4243)
 495               	.LVL44:
 496 0166 00C0      		rjmp .L55
 497               	.LVL45:
 498               	.L25:
 499               	.LSM48:
 500 0168 80E0      		ldi r24,lo8(0)
 501               	.LVL46:
 502 016a BE01      		movw r22,r28
 503               	.LVL47:
 504 016c 655E      		subi r22,lo8(-(27))
 505 016e 7F4F      		sbci r23,hi8(-(27))
 506 0170 0E94 0000 		call MassStore_Inquiry
 507 0174 682F      		mov r22,r24
 508               	.LVL48:
 509 0176 8823      		tst r24
 510 0178 01F0      		breq .L26
 511               	.LVL49:
 512               	.LSM49:
 513 017a 80E0      		ldi r24,lo8(__c.4246)
 514 017c 90E0      		ldi r25,hi8(__c.4246)
 515               	.LVL50:
 516 017e 00C0      		rjmp .L55
 517               	.LVL51:
 518               	.L26:
 519               	.LSM50:
 520 0180 00D0      		rcall .
 521 0182 00D0      		rcall .
 522 0184 00D0      		rcall .
 523 0186 EDB7      		in r30,__SP_L__
 524 0188 FEB7      		in r31,__SP_H__
 525 018a 3196      		adiw r30,1
 526 018c 80E0      		ldi r24,lo8(__c.4248)
 527 018e 90E0      		ldi r25,hi8(__c.4248)
 528               	.LVL52:
 529 0190 ADB7      		in r26,__SP_L__
 530 0192 BEB7      		in r27,__SP_H__
 531 0194 1296      		adiw r26,1+1
 532 0196 9C93      		st X,r25
 533 0198 8E93      		st -X,r24
 534 019a 1197      		sbiw r26,1
 535 019c CE01      		movw r24,r28
 536 019e 8396      		adiw r24,35
 537 01a0 9383      		std Z+3,r25
 538 01a2 8283      		std Z+2,r24
 539 01a4 CE01      		movw r24,r28
 540 01a6 8B96      		adiw r24,43
 541 01a8 9583      		std Z+5,r25
 542 01aa 8483      		std Z+4,r24
 543 01ac 0E94 0000 		call printf_P
 544               	.LVL53:
 545               	.LSM51:
 546 01b0 EDB7      		in r30,__SP_L__
 547 01b2 FEB7      		in r31,__SP_H__
 548 01b4 3696      		adiw r30,6
 549 01b6 0FB6      		in __tmp_reg__,__SREG__
 550 01b8 F894      		cli
 551 01ba FEBF      		out __SP_H__,r31
 552 01bc 0FBE      		out __SREG__,__tmp_reg__
 553 01be EDBF      		out __SP_L__,r30
 554 01c0 80E0      		ldi r24,lo8(__c.4250)
 555 01c2 90E0      		ldi r25,hi8(__c.4250)
 556 01c4 0E94 0000 		call puts_P
 557               	.LBB101:
 558               	.LBB102:
 559               	.LSM52:
 560 01c8 1EE2      		ldi r17,lo8(46)
 561               	.LVL54:
 562               	.L52:
 563               	.LSM53:
 564 01ca 8091 C800 		lds r24,200
 565               	.LVL55:
 566 01ce 85FF      		sbrs r24,5
 567 01d0 00C0      		rjmp .L52
 568               	.LSM54:
 569 01d2 1093 CE00 		sts 206,r17
 570               	.LBE102:
 571               	.LBE101:
 572               	.LSM55:
 573 01d6 8091 0000 		lds r24,USB_HostState
 574 01da 8230      		cpi r24,lo8(2)
 575 01dc 01F0      		breq .L28
 576               	.LSM56:
 577 01de 80E0      		ldi r24,lo8(0)
 578 01e0 0E94 0000 		call MassStore_TestUnitReady
 579               	.LVL56:
 580 01e4 682F      		mov r22,r24
 581               	.LVL57:
 582               	.LSM57:
 583 01e6 8823      		tst r24
 584 01e8 01F0      		breq .L28
 585               	.LVL58:
 586               	.LSM58:
 587 01ea 803C      		cpi r24,lo8(-64)
 588 01ec 01F0      		breq .L52
 589               	.LSM59:
 590 01ee 80E0      		ldi r24,lo8(__c.4253)
 591 01f0 90E0      		ldi r25,hi8(__c.4253)
 592               	.LVL59:
 593 01f2 0E94 0000 		call ShowDiskReadError
 594               	.LVL60:
 595               	.LSM60:
 596 01f6 1092 0000 		sts USB_HostState,__zero_reg__
 597               	.LVL61:
 598               	.L28:
 599               	.LSM61:
 600 01fa 80E0      		ldi r24,lo8(__c.4256)
 601 01fc 90E0      		ldi r25,hi8(__c.4256)
 602 01fe 0E94 0000 		call puts_P
 603               	.LVL62:
 604               	.LSM62:
 605 0202 80E0      		ldi r24,lo8(0)
 606 0204 BE01      		movw r22,r28
 607 0206 6F5F      		subi r22,lo8(-(1))
 608 0208 7F4F      		sbci r23,hi8(-(1))
 609 020a 0E94 0000 		call MassStore_ReadCapacity
 610 020e 682F      		mov r22,r24
 611               	.LVL63:
 612 0210 8823      		tst r24
 613 0212 01F0      		breq .L29
 614               	.LVL64:
 615               	.LSM63:
 616 0214 80E0      		ldi r24,lo8(__c.4259)
 617 0216 90E0      		ldi r25,hi8(__c.4259)
 618               	.LVL65:
 619               	.L55:
 620 0218 0E94 0000 		call ShowDiskReadError
 621               	.LVL66:
 622               	.LSM64:
 623 021c 1092 0000 		sts USB_HostState,__zero_reg__
 624 0220 00C0      		rjmp .L47
 625               	.LVL67:
 626               	.L29:
 627               	.LSM65:
 628 0222 8DB7      		in r24,__SP_L__
 629 0224 9EB7      		in r25,__SP_H__
 630               	.LVL68:
 631 0226 0A97      		sbiw r24,10
 632 0228 0FB6      		in __tmp_reg__,__SREG__
 633 022a F894      		cli
 634 022c 9EBF      		out __SP_H__,r25
 635 022e 0FBE      		out __SREG__,__tmp_reg__
 636 0230 8DBF      		out __SP_L__,r24
 637 0232 EDB7      		in r30,__SP_L__
 638 0234 FEB7      		in r31,__SP_H__
 639 0236 3196      		adiw r30,1
 640 0238 80E0      		ldi r24,lo8(__c.4261)
 641 023a 90E0      		ldi r25,hi8(__c.4261)
 642 023c ADB7      		in r26,__SP_L__
 643 023e BEB7      		in r27,__SP_H__
 644 0240 1296      		adiw r26,1+1
 645 0242 9C93      		st X,r25
 646 0244 8E93      		st -X,r24
 647 0246 1197      		sbiw r26,1
 648 0248 8981      		ldd r24,Y+1
 649 024a 9A81      		ldd r25,Y+2
 650 024c AB81      		ldd r26,Y+3
 651 024e BC81      		ldd r27,Y+4
 652 0250 8283      		std Z+2,r24
 653 0252 9383      		std Z+3,r25
 654 0254 A483      		std Z+4,r26
 655 0256 B583      		std Z+5,r27
 656 0258 8D81      		ldd r24,Y+5
 657 025a 9E81      		ldd r25,Y+6
 658 025c AF81      		ldd r26,Y+7
 659 025e B885      		ldd r27,Y+8
 660 0260 8683      		std Z+6,r24
 661 0262 9783      		std Z+7,r25
 662 0264 A087      		std Z+8,r26
 663 0266 B187      		std Z+9,r27
 664 0268 0E94 0000 		call printf_P
 665               	.LVL69:
 666 026c EDB7      		in r30,__SP_L__
 667 026e FEB7      		in r31,__SP_H__
 668 0270 3A96      		adiw r30,10
 669 0272 0FB6      		in __tmp_reg__,__SREG__
 670 0274 F894      		cli
 671 0276 FEBF      		out __SP_H__,r31
 672 0278 0FBE      		out __SREG__,__tmp_reg__
 673 027a EDBF      		out __SP_L__,r30
 674 027c 3DB6      		in r3,__SP_L__
 675 027e 2EB6      		in r2,__SP_H__
 676               	.LSM66:
 677 0280 0D81      		ldd r16,Y+5
 678 0282 1E81      		ldd r17,Y+6
 679 0284 8DB7      		in r24,__SP_L__
 680 0286 9EB7      		in r25,__SP_H__
 681 0288 801B      		sub r24,r16
 682 028a 910B      		sbc r25,r17
 683 028c 0FB6      		in __tmp_reg__,__SREG__
 684 028e F894      		cli
 685 0290 9EBF      		out __SP_H__,r25
 686 0292 0FBE      		out __SREG__,__tmp_reg__
 687 0294 8DBF      		out __SP_L__,r24
 688 0296 8DB6      		in r8,__SP_L__
 689 0298 9EB6      		in r9,__SP_H__
 690 029a 0894      		sec
 691 029c 811C      		adc r8,__zero_reg__
 692 029e 911C      		adc r9,__zero_reg__
 693               	.LSM67:
 694 02a0 2401      		movw r4,r8
 695 02a2 80E0      		ldi r24,lo8(0)
 696 02a4 40E0      		ldi r20,lo8(0)
 697 02a6 50E0      		ldi r21,hi8(0)
 698 02a8 60E0      		ldi r22,hlo8(0)
 699 02aa 70E0      		ldi r23,hhi8(0)
 700 02ac 21E0      		ldi r18,lo8(1)
 701 02ae 7401      		movw r14,r8
 702 02b0 0E94 0000 		call MassStore_ReadDeviceBlock
 703 02b4 682F      		mov r22,r24
 704               	.LVL70:
 705 02b6 8823      		tst r24
 706 02b8 01F0      		breq .L30
 707               	.LVL71:
 708               	.LSM68:
 709 02ba 80E0      		ldi r24,lo8(__c.4264)
 710 02bc 90E0      		ldi r25,hi8(__c.4264)
 711               	.LVL72:
 712 02be 0E94 0000 		call ShowDiskReadError
 713               	.LVL73:
 714 02c2 00C0      		rjmp .L54
 715               	.LVL74:
 716               	.L30:
 717               	.LSM69:
 718 02c4 80E0      		ldi r24,lo8(__c.4266)
 719 02c6 90E0      		ldi r25,hi8(__c.4266)
 720               	.LVL75:
 721 02c8 0E94 0000 		call puts_P
 722               	.LVL76:
 723 02cc AA24      		clr r10
 724 02ce BB24      		clr r11
 725               	.LVL77:
 726               	.LBB103:
 727               	.LBB104:
 728               	.LBB105:
 729               	.LBB106:
 730               	.LSM70:
 731 02d0 E0E0      		ldi r30,lo8(__c.4272)
 732 02d2 6E2E      		mov r6,r30
 733 02d4 E0E0      		ldi r30,hi8(__c.4272)
 734 02d6 7E2E      		mov r7,r30
 735 02d8 00C0      		rjmp .L32
 736               	.LVL78:
 737               	.L36:
 738               	.LBE106:
 739               	.LBE105:
 740               	.LSM71:
 741 02da 6501      		movw r12,r10
 742 02dc 74E0      		ldi r23,4
 743 02de CC0C      	1:	lsl r12
 744 02e0 DD1C      		rol r13
 745 02e2 7A95      		dec r23
 746 02e4 01F4      		brne 1b
 747 02e6 C80C      		add r12,r8
 748 02e8 D91C      		adc r13,r9
 749 02ea 00E0      		ldi r16,lo8(0)
 750 02ec 10E0      		ldi r17,hi8(0)
 751               	.LVL79:
 752               	.L33:
 753               	.LBB108:
 754               	.LBB107:
 755               	.LSM72:
 756 02ee 00D0      		rcall .
 757 02f0 00D0      		rcall .
 758 02f2 EDB7      		in r30,__SP_L__
 759 02f4 FEB7      		in r31,__SP_H__
 760 02f6 3196      		adiw r30,1
 761 02f8 ADB7      		in r26,__SP_L__
 762 02fa BEB7      		in r27,__SP_H__
 763 02fc 1296      		adiw r26,1+1
 764 02fe 7C92      		st X,r7
 765 0300 6E92      		st -X,r6
 766 0302 1197      		sbiw r26,1
 767 0304 D601      		movw r26,r12
 768 0306 A00F      		add r26,r16
 769 0308 B11F      		adc r27,r17
 770 030a 8C91      		ld r24,X
 771 030c 8283      		std Z+2,r24
 772 030e 1382      		std Z+3,__zero_reg__
 773 0310 0E94 0000 		call printf_P
 774               	.LVL80:
 775 0314 0F5F      		subi r16,lo8(-(1))
 776 0316 1F4F      		sbci r17,hi8(-(1))
 777               	.LBE107:
 778               	.LSM73:
 779 0318 0F90      		pop __tmp_reg__
 780 031a 0F90      		pop __tmp_reg__
 781 031c 0F90      		pop __tmp_reg__
 782 031e 0F90      		pop __tmp_reg__
 783 0320 0031      		cpi r16,16
 784 0322 1105      		cpc r17,__zero_reg__
 785 0324 01F4      		brne .L33
 786               	.LBE108:
 787               	.LSM74:
 788 0326 80E0      		ldi r24,lo8(__c.4277)
 789 0328 90E0      		ldi r25,hi8(__c.4277)
 790 032a 0E94 0000 		call puts_P
 791 032e EE24      		clr r14
 792 0330 FF24      		clr r15
 793               	.L35:
 794               	.LBB109:
 795               	.LBB110:
 796               	.LSM75:
 797 0332 F601      		movw r30,r12
 798 0334 EE0D      		add r30,r14
 799 0336 FF1D      		adc r31,r15
 800 0338 8081      		ld r24,Z
 801 033a 082F      		mov r16,r24
 802 033c 10E0      		ldi r17,lo8(0)
 803 033e C801      		movw r24,r16
 804 0340 0E94 0000 		call isprint
 805 0344 892B      		or r24,r25
 806 0346 01F4      		brne .L34
 807 0348 0EE2      		ldi r16,lo8(46)
 808 034a 10E0      		ldi r17,hi8(46)
 809               	.L34:
 810 034c 6091 0000 		lds r22,__iob+2
 811 0350 7091 0000 		lds r23,(__iob+2)+1
 812 0354 C801      		movw r24,r16
 813 0356 0E94 0000 		call fputc
 814 035a 0894      		sec
 815 035c E11C      		adc r14,__zero_reg__
 816 035e F11C      		adc r15,__zero_reg__
 817               	.LBE110:
 818               	.LSM76:
 819 0360 B0E1      		ldi r27,lo8(16)
 820 0362 EB16      		cp r14,r27
 821 0364 F104      		cpc r15,__zero_reg__
 822 0366 01F4      		brne .L35
 823               	.LBE109:
 824               	.LSM77:
 825 0368 80E0      		ldi r24,lo8(__c.4284)
 826 036a 90E0      		ldi r25,hi8(__c.4284)
 827 036c 0E94 0000 		call puts_P
 828               	.LBE104:
 829               	.LSM78:
 830 0370 0894      		sec
 831 0372 A11C      		adc r10,__zero_reg__
 832 0374 B11C      		adc r11,__zero_reg__
 833               	.L32:
 834 0376 9501      		movw r18,r10
 835 0378 40E0      		ldi r20,lo8(0)
 836 037a 50E0      		ldi r21,hi8(0)
 837               	.LVL81:
 838 037c 8D81      		ldd r24,Y+5
 839 037e 9E81      		ldd r25,Y+6
 840 0380 AF81      		ldd r26,Y+7
 841 0382 B885      		ldd r27,Y+8
 842 0384 64E0      		ldi r22,4
 843 0386 B695      	1:	lsr r27
 844 0388 A795      		ror r26
 845 038a 9795      		ror r25
 846 038c 8795      		ror r24
 847 038e 6A95      		dec r22
 848 0390 01F4      		brne 1b
 849 0392 2817      		cp r18,r24
 850 0394 3907      		cpc r19,r25
 851 0396 4A07      		cpc r20,r26
 852 0398 5B07      		cpc r21,r27
 853 039a 00F4      		brsh .+2
 854 039c 00C0      		rjmp .L36
 855               	.LVL82:
 856               	.LBE103:
 857               	.LSM79:
 858 039e 80E0      		ldi r24,lo8(__c.4289)
 859 03a0 90E0      		ldi r25,hi8(__c.4289)
 860 03a2 0E94 0000 		call puts_P
 861               	.LVL83:
 862 03a6 00C0      		rjmp .L37
 863               	.L39:
 864               	.LSM80:
 865 03a8 8091 0000 		lds r24,USB_HostState
 866 03ac 8230      		cpi r24,lo8(2)
 867 03ae 01F0      		breq .L38
 868               	.L37:
 869               	.LSM81:
 870 03b0 6299      		sbic 44-32,2
 871 03b2 00C0      		rjmp .L39
 872               	.L38:
 873               	.LSM82:
 874 03b4 8091 0000 		lds r24,USB_HostState
 875 03b8 8230      		cpi r24,lo8(2)
 876 03ba 01F4      		brne .+2
 877 03bc 00C0      		rjmp .L31
 878 03be AA24      		clr r10
 879 03c0 BB24      		clr r11
 880 03c2 6501      		movw r12,r10
 881               	.LVL84:
 882 03c4 00C0      		rjmp .L40
 883               	.LVL85:
 884               	.L46:
 885               	.LBB111:
 886               	.LSM83:
 887 03c6 0D81      		ldd r16,Y+5
 888 03c8 1E81      		ldd r17,Y+6
 889 03ca 80E0      		ldi r24,lo8(0)
 890 03cc B601      		movw r22,r12
 891 03ce A501      		movw r20,r10
 892               	.LVL86:
 893 03d0 21E0      		ldi r18,lo8(1)
 894               	.LVL87:
 895 03d2 7201      		movw r14,r4
 896               	.LVL88:
 897 03d4 0E94 0000 		call MassStore_ReadDeviceBlock
 898               	.LVL89:
 899 03d8 682F      		mov r22,r24
 900               	.LVL90:
 901 03da 8823      		tst r24
 902 03dc 01F4      		brne .L41
 903               	.LVL91:
 904 03de EE24      		clr r14
 905 03e0 FF24      		clr r15
 906               	.LVL92:
 907 03e2 00C0      		rjmp .L42
 908               	.LVL93:
 909               	.L41:
 910               	.LSM84:
 911 03e4 80E0      		ldi r24,lo8(__c.4295)
 912 03e6 90E0      		ldi r25,hi8(__c.4295)
 913               	.LVL94:
 914 03e8 0E94 0000 		call ShowDiskReadError
 915               	.LVL95:
 916               	.LSM85:
 917 03ec 1092 0000 		sts USB_HostState,__zero_reg__
 918 03f0 00C0      		rjmp .L43
 919               	.LVL96:
 920               	.L45:
 921               	.LBB112:
 922               	.LBB113:
 923               	.LSM86:
 924 03f2 F401      		movw r30,r8
 925 03f4 EE0D      		add r30,r14
 926 03f6 FF1D      		adc r31,r15
 927 03f8 8081      		ld r24,Z
 928 03fa 082F      		mov r16,r24
 929 03fc 10E0      		ldi r17,lo8(0)
 930 03fe C801      		movw r24,r16
 931 0400 0E94 0000 		call isprint
 932               	.LVL97:
 933 0404 892B      		or r24,r25
 934 0406 01F4      		brne .L44
 935 0408 0EE2      		ldi r16,lo8(46)
 936 040a 10E0      		ldi r17,hi8(46)
 937               	.L44:
 938 040c 6091 0000 		lds r22,__iob+2
 939 0410 7091 0000 		lds r23,(__iob+2)+1
 940 0414 C801      		movw r24,r16
 941 0416 0E94 0000 		call fputc
 942               	.LBE113:
 943               	.LSM87:
 944 041a 0894      		sec
 945 041c E11C      		adc r14,__zero_reg__
 946 041e F11C      		adc r15,__zero_reg__
 947               	.LVL98:
 948               	.L42:
 949 0420 9701      		movw r18,r14
 950 0422 40E0      		ldi r20,lo8(0)
 951 0424 50E0      		ldi r21,hi8(0)
 952               	.LVL99:
 953 0426 8D81      		ldd r24,Y+5
 954 0428 9E81      		ldd r25,Y+6
 955 042a AF81      		ldd r26,Y+7
 956 042c B885      		ldd r27,Y+8
 957               	.LVL100:
 958 042e 2817      		cp r18,r24
 959 0430 3907      		cpc r19,r25
 960 0432 4A07      		cpc r20,r26
 961 0434 5B07      		cpc r21,r27
 962 0436 00F0      		brlo .L45
 963               	.LVL101:
 964               	.LBE112:
 965               	.LSM88:
 966 0438 8091 0000 		lds r24,USB_HostState
 967 043c 8230      		cpi r24,lo8(2)
 968 043e 01F0      		breq .L43
 969               	.LSM89:
 970 0440 0894      		sec
 971 0442 A11C      		adc r10,__zero_reg__
 972 0444 B11C      		adc r11,__zero_reg__
 973 0446 C11C      		adc r12,__zero_reg__
 974 0448 D11C      		adc r13,__zero_reg__
 975               	.L40:
 976 044a 8981      		ldd r24,Y+1
 977 044c 9A81      		ldd r25,Y+2
 978 044e AB81      		ldd r26,Y+3
 979 0450 BC81      		ldd r27,Y+4
 980 0452 A816      		cp r10,r24
 981 0454 B906      		cpc r11,r25
 982 0456 CA06      		cpc r12,r26
 983 0458 DB06      		cpc r13,r27
 984 045a 00F4      		brsh .+2
 985 045c 00C0      		rjmp .L46
 986               	.L43:
 987               	.LBE111:
 988               	.LBB114:
 989               	.LBB115:
 990               	.LSM90:
 991 045e 8BB1      		in r24,43-32
 992 0460 8F70      		andi r24,lo8(15)
 993 0462 8066      		ori r24,lo8(96)
 994 0464 8BB9      		out 43-32,r24
 995               	.L54:
 996               	.LBE115:
 997               	.LBE114:
 998               	.LSM91:
 999 0466 1092 0000 		sts USB_HostState,__zero_reg__
 1000               	.LVL102:
 1001               	.L31:
 1002 046a 832D      		mov r24,r3
 1003 046c 922D      		mov r25,r2
 1004 046e 9C01      		movw r18,r24
 1005               	.LVL103:
 1006 0470 0FB6      		in __tmp_reg__,__SREG__
 1007 0472 F894      		cli
 1008 0474 3EBF      		out __SP_H__,r19
 1009 0476 0FBE      		out __SREG__,__tmp_reg__
 1010 0478 2DBF      		out __SP_L__,r18
 1011               	.LVL104:
 1012               	.L47:
 1013               	.LBE96:
 1014               	.LSM92:
 1015 047a 2196      		adiw r28,63-62
 1016 047c EEAD      		ldd r30,Y+62
 1017 047e FFAD      		ldd r31,Y+63
 1018 0480 2197      		sbiw r28,63-62
 1019 0482 0FB6      		in __tmp_reg__,__SREG__
 1020 0484 F894      		cli
 1021 0486 FEBF      		out __SP_H__,r31
 1022 0488 0FBE      		out __SREG__,__tmp_reg__
 1023 048a EDBF      		out __SP_L__,r30
 1024               	/* epilogue start */
 1025 048c C05C      		subi r28,lo8(-(64))
 1026 048e DF4F      		sbci r29,hi8(-(64))
 1027 0490 0FB6      		in __tmp_reg__,__SREG__
 1028 0492 F894      		cli
 1029 0494 DEBF      		out __SP_H__,r29
 1030 0496 0FBE      		out __SREG__,__tmp_reg__
 1031 0498 CDBF      		out __SP_L__,r28
 1032 049a CF91      		pop r28
 1033 049c DF91      		pop r29
 1034 049e 1F91      		pop r17
 1035 04a0 0F91      		pop r16
 1036 04a2 FF90      		pop r15
 1037 04a4 EF90      		pop r14
 1038               	.LVL105:
 1039 04a6 DF90      		pop r13
 1040 04a8 CF90      		pop r12
 1041               	.LVL106:
 1042 04aa BF90      		pop r11
 1043 04ac AF90      		pop r10
 1044               	.LVL107:
 1045 04ae 9F90      		pop r9
 1046 04b0 8F90      		pop r8
 1047 04b2 7F90      		pop r7
 1048 04b4 6F90      		pop r6
 1049 04b6 5F90      		pop r5
 1050 04b8 4F90      		pop r4
 1051 04ba 3F90      		pop r3
 1052 04bc 2F90      		pop r2
 1053 04be 0895      		ret
 1054               	.LFE137:
 1056               		.section	.text.EVENT_USB_Host_HostError,"ax",@progbits
 1057               	.global	EVENT_USB_Host_HostError
 1059               	EVENT_USB_Host_HostError:
 1060               	.LFB135:
 1061               	.LSM93:
 1062               	.LVL108:
 1063 0000 1F93      		push r17
 1064               	/* prologue: function */
 1065               	/* frame size = 0 */
 1066 0002 182F      		mov r17,r24
 1067               	.LSM94:
 1068 0004 0E94 0000 		call USB_ShutDown
 1069               	.LVL109:
 1070               	.LSM95:
 1071 0008 00D0      		rcall .
 1072 000a 00D0      		rcall .
 1073 000c EDB7      		in r30,__SP_L__
 1074 000e FEB7      		in r31,__SP_H__
 1075 0010 3196      		adiw r30,1
 1076 0012 80E0      		ldi r24,lo8(__c.4201)
 1077 0014 90E0      		ldi r25,hi8(__c.4201)
 1078 0016 ADB7      		in r26,__SP_L__
 1079 0018 BEB7      		in r27,__SP_H__
 1080 001a 1296      		adiw r26,1+1
 1081 001c 9C93      		st X,r25
 1082 001e 8E93      		st -X,r24
 1083 0020 1197      		sbiw r26,1
 1084 0022 1283      		std Z+2,r17
 1085 0024 1382      		std Z+3,__zero_reg__
 1086 0026 0E94 0000 		call printf_P
 1087               	.LBB116:
 1088               	.LBB117:
 1089               	.LSM96:
 1090 002a 8BB1      		in r24,43-32
 1091 002c 8F70      		andi r24,lo8(15)
 1092 002e 8069      		ori r24,lo8(-112)
 1093 0030 8BB9      		out 43-32,r24
 1094 0032 0F90      		pop __tmp_reg__
 1095 0034 0F90      		pop __tmp_reg__
 1096 0036 0F90      		pop __tmp_reg__
 1097 0038 0F90      		pop __tmp_reg__
 1098               	.L59:
 1099 003a 00C0      		rjmp .L59
 1100               	.LBE117:
 1101               	.LBE116:
 1102               	.LFE135:
 1104               		.section	.text.SetupHardware,"ax",@progbits
 1105               	.global	SetupHardware
 1107               	SetupHardware:
 1108               	.LFB131:
 1109               	.LSM97:
 1110               	/* prologue: function */
 1111               	/* frame size = 0 */
 1112               	.LSM98:
 1113 0000 84B7      		in r24,84-32
 1114 0002 877F      		andi r24,lo8(-9)
 1115 0004 84BF      		out 84-32,r24
 1116               	.LSM99:
 1117 0006 38E1      		ldi r19,lo8(24)
 1118               	/* #APP */
 1119               	 ;  67 "MassStorageHost.c" 1
 1120 0008 0FB6      		in __tmp_reg__, __SREG__
 1121 000a F894      		cli
 1122 000c 3093 6000 		sts 96, r19
 1123 0010 1092 6000 		sts 96, __zero_reg__
 1124 0014 0FBE      		out __SREG__,__tmp_reg__
 1125               		
 1126               	 ;  0 "" 2
 1127               	/* #NOAPP */
 1128               	.LBB118:
 1129               	.LSM100:
 1130 0016 80E0      		ldi r24,lo8(0)
 1131 0018 90E0      		ldi r25,hi8(0)
 1132 001a 20E8      		ldi r18,lo8(-128)
 1133               	/* #APP */
 1134               	 ;  70 "MassStorageHost.c" 1
 1135 001c 0FB6      		in __tmp_reg__,__SREG__
 1136 001e F894      		cli
 1137 0020 2093 6100 		sts 97, r18
 1138 0024 8093 6100 		sts 97, r24
 1139 0028 0FBE      		out __SREG__, __tmp_reg__
 1140               	 ;  0 "" 2
 1141               	/* #NOAPP */
 1142               	.LBE118:
 1143               	.LBB119:
 1144               	.LBB120:
 1145               	.LBB121:
 1146               	.LBB122:
 1147               	.LSM101:
 1148 002a 83E3      		ldi r24,lo8(51)
 1149 002c 90E0      		ldi r25,hi8(51)
 1150 002e 9093 CD00 		sts (204)+1,r25
 1151 0032 8093 CC00 		sts 204,r24
 1152               	.LSM102:
 1153 0036 86E0      		ldi r24,lo8(6)
 1154 0038 8093 CA00 		sts 202,r24
 1155               	.LSM103:
 1156 003c 1092 C800 		sts 200,__zero_reg__
 1157               	.LSM104:
 1158 0040 3093 C900 		sts 201,r19
 1159               	.LSM105:
 1160 0044 539A      		sbi 42-32,3
 1161               	.LSM106:
 1162 0046 5A9A      		sbi 43-32,2
 1163               	.LBE122:
 1164               	.LBE121:
 1165               	.LSM107:
 1166 0048 80E0      		ldi r24,lo8(USARTStream)
 1167 004a 90E0      		ldi r25,hi8(USARTStream)
 1168 004c 9093 0000 		sts (__iob+2)+1,r25
 1169 0050 8093 0000 		sts __iob+2,r24
 1170               	.LSM108:
 1171 0054 9093 0000 		sts (__iob)+1,r25
 1172 0058 8093 0000 		sts __iob,r24
 1173               	.LBE120:
 1174               	.LBE119:
 1175               	.LBB123:
 1176               	.LBB124:
 1177               	.LSM109:
 1178 005c 8AB1      		in r24,42-32
 1179 005e 806F      		ori r24,lo8(-16)
 1180 0060 8AB9      		out 42-32,r24
 1181               	.LSM110:
 1182 0062 8BB1      		in r24,43-32
 1183 0064 8F70      		andi r24,lo8(15)
 1184 0066 8BB9      		out 43-32,r24
 1185               	.LBE124:
 1186               	.LBE123:
 1187               	.LBB125:
 1188               	.LBB126:
 1189               	.LSM111:
 1190 0068 6A98      		cbi 45-32,2
 1191               	.LSM112:
 1192 006a 729A      		sbi 46-32,2
 1193               	.LBE126:
 1194               	.LBE125:
 1195               	.LSM113:
 1196 006c 0E94 0000 		call USB_Init
 1197               	/* epilogue start */
 1198               	.LSM114:
 1199 0070 0895      		ret
 1200               	.LFE131:
 1202               		.section	.text.main,"ax",@progbits
 1203               	.global	main
 1205               	main:
 1206               	.LFB130:
 1207               	.LSM115:
 1208               	/* prologue: function */
 1209               	/* frame size = 0 */
 1210               	.LSM116:
 1211 0000 0E94 0000 		call SetupHardware
 1212               	.LSM117:
 1213 0004 80E0      		ldi r24,lo8(__c.4174)
 1214 0006 90E0      		ldi r25,hi8(__c.4174)
 1215 0008 0E94 0000 		call puts_P
 1216               	.LBB127:
 1217               	.LBB128:
 1218               	.LSM118:
 1219 000c 8BB1      		in r24,43-32
 1220 000e 8F70      		andi r24,lo8(15)
 1221 0010 8061      		ori r24,lo8(16)
 1222 0012 8BB9      		out 43-32,r24
 1223               	.LBE128:
 1224               	.LBE127:
 1225               	.LSM119:
 1226               	/* #APP */
 1227               	 ;  53 "MassStorageHost.c" 1
 1228 0014 7894      		sei
 1229               	 ;  0 "" 2
 1230               	/* #NOAPP */
 1231               	.L64:
 1232               	.LSM120:
 1233 0016 0E94 0000 		call MassStorage_Task
 1234               	.LSM121:
 1235 001a 0E94 0000 		call USB_USBTask
 1236 001e 00C0      		rjmp .L64
 1237               	.LFE130:
 1239               		.section	.progmem.data,"a",@progbits
 1242               	__c.4369:
 1243 0000 2020 2D2D 		.string	"  -- Error Code: %d\033[37m"
 1243      2045 7272 
 1243      6F72 2043 
 1243      6F64 653A 
 1243      2025 641B 
 1246               	__c.4367:
 1247 0019 1B5B 3331 		.string	"\033[31mCommand error (%S).\r\n"
 1247      6D43 6F6D 
 1247      6D61 6E64 
 1247      2065 7272 
 1247      6F72 2028 
 1250               	__c.4365:
 1251 0034 1B5B 3331 		.string	"\033[31mSCSI command error (%S).\r\n"
 1251      6D53 4353 
 1251      4920 636F 
 1251      6D6D 616E 
 1251      6420 6572 
 1254               	__c.4295:
 1255 0054 5265 6164 		.string	"Read Device Block"
 1255      2044 6576 
 1255      6963 6520 
 1255      426C 6F63 
 1255      6B00 
 1258               	__c.4289:
 1259 0066 0D0A 0D   		.ascii	"\r\n\r"
 1260 0069 0A50 7265 		.string	"\nPress board button to read entire ASCII contents of disk...\r\n\r\n"
 1260      7373 2062 
 1260      6F61 7264 
 1260      2062 7574 
 1260      746F 6E20 
 1263               	__c.4284:
 1264 00aa 0D0A 00   		.string	"\r\n"
 1267               	__c.4277:
 1268 00ad 2020 2020 		.string	"    "
 1268      00
 1271               	__c.4272:
 1272 00b2 252E 3258 		.string	"%.2X "
 1272      2000 
 1275               	__c.4266:
 1276 00b8 0D0A 436F 		.string	"\r\nContents of first block:\r\n"
 1276      6E74 656E 
 1276      7473 206F 
 1276      6620 6669 
 1276      7273 7420 
 1279               	__c.4264:
 1280 00d5 5265 6164 		.string	"Read Device Block"
 1280      2044 6576 
 1280      6963 6520 
 1280      426C 6F63 
 1280      6B00 
 1283               	__c.4261:
 1284 00e7 256C 7520 		.string	"%lu blocks of %lu bytes.\r\n"
 1284      626C 6F63 
 1284      6B73 206F 
 1284      6620 256C 
 1284      7520 6279 
 1287               	__c.4259:
 1288 0102 5265 6164 		.string	"Read Capacity"
 1288      2043 6170 
 1288      6163 6974 
 1288      7900 
 1291               	__c.4256:
 1292 0110 0D0A 5265 		.string	"\r\nRetrieving Capacity... "
 1292      7472 6965 
 1292      7669 6E67 
 1292      2043 6170 
 1292      6163 6974 
 1295               	__c.4253:
 1296 012a 5465 7374 		.string	"Test Unit Ready"
 1296      2055 6E69 
 1296      7420 5265 
 1296      6164 7900 
 1299               	__c.4250:
 1300 013a 5761 6974 		.string	"Waiting until ready.."
 1300      696E 6720 
 1300      756E 7469 
 1300      6C20 7265 
 1300      6164 792E 
 1303               	__c.4248:
 1304 0150 5665 6E64 		.string	"Vendor \"%.8s\", Product \"%.16s\"\r\n"
 1304      6F72 2022 
 1304      252E 3873 
 1304      222C 2050 
 1304      726F 6475 
 1307               	__c.4246:
 1308 0171 496E 7175 		.string	"Inquiry"
 1308      6972 7900 
 1311               	__c.4243:
 1312 0179 5072 6576 		.string	"Prevent/Allow Medium Removal"
 1312      656E 742F 
 1312      416C 6C6F 
 1312      7720 4D65 
 1312      6469 756D 
 1315               	__c.4241:
 1316 0196 5265 7175 		.string	"Request Sense"
 1316      6573 7420 
 1316      5365 6E73 
 1316      6500 
 1319               	__c.4238:
 1320 01a4 4D61 7373 		.string	"Mass Storage Reset"
 1320      2053 746F 
 1320      7261 6765 
 1320      2052 6573 
 1320      6574 00
 1323               	__c.4236:
 1324 01b7 546F 7461 		.string	"Total LUNs: %d - Using first LUN in device.\r\n"
 1324      6C20 4C55 
 1324      4E73 3A20 
 1324      2564 202D 
 1324      2055 7369 
 1327               	__c.4234:
 1328 01e5 4765 7420 		.string	"Get Max LUN"
 1328      4D61 7820 
 1328      4C55 4E00 
 1331               	__c.4231:
 1332 01f1 4D61 7373 		.string	"Mass Storage Disk Enumerated.\r\n"
 1332      2053 746F 
 1332      7261 6765 
 1332      2044 6973 
 1332      6B20 456E 
 1335               	__c.4229:
 1336 0211 1B5B      		.ascii	"\033["
 1337 0213 3331 6D43 		.string	"31mControl Error (Set Configuration).\r\n -- Error Code: %d\r\n\033[37m"
 1337      6F6E 7472 
 1337      6F6C 2045 
 1337      7272 6F72 
 1337      2028 5365 
 1340               	__c.4226:
 1341 0254 202D 2D20 		.string	" -- Error Code: %d\r\n\033[37m"
 1341      4572 726F 
 1341      7220 436F 
 1341      6465 3A20 
 1341      2564 0D0A 
 1344               	__c.4224:
 1345 026e 1B5B 3331 		.string	"\033[31mInvalid Device.\r\n"
 1345      6D49 6E76 
 1345      616C 6964 
 1345      2044 6576 
 1345      6963 652E 
 1348               	__c.4222:
 1349 0285 1B5B 3331 		.string	"\033[31mControl Error (Get Configuration).\r\n"
 1349      6D43 6F6E 
 1349      7472 6F6C 
 1349      2045 7272 
 1349      6F72 2028 
 1352               	__c.4220:
 1353 02af 4765 7474 		.string	"Getting Config Data.\r\n"
 1353      696E 6720 
 1353      436F 6E66 
 1353      6967 2044 
 1353      6174 612E 
 1356               	__c.4209:
 1357 02c6 1B5B 3331 		.ascii	"\033[31mDev Enum Error\r\n"
 1357      6D44 6576 
 1357      2045 6E75 
 1357      6D20 4572 
 1357      726F 720D 
 1358 02db 202D 2D20 		.string	" -- Error Code %d\r\n -- Sub Error Code %d\r\n -- In State %d\r\n\033[37m"
 1358      4572 726F 
 1358      7220 436F 
 1358      6465 2025 
 1358      640D 0A20 
 1361               	__c.4201:
 1362 031c 1B5B 3331 		.string	"\033[31mHost Mode Error\r\n -- Error Code %d\r\n\033[37m"
 1362      6D48 6F73 
 1362      7420 4D6F 
 1362      6465 2045 
 1362      7272 6F72 
 1365               	__c.4193:
 1366 034b 1B5B 3332 		.string	"\033[32m\r\nDevice Unattached.\r\n\033[37m"
 1366      6D0D 0A44 
 1366      6576 6963 
 1366      6520 556E 
 1366      6174 7461 
 1369               	__c.4188:
 1370 036c 1B5B 3332 		.string	"\033[32mDevice Attached.\r\n\033[37m"
 1370      6D44 6576 
 1370      6963 6520 
 1370      4174 7461 
 1370      6368 6564 
 1373               	__c.4174:
 1374 0389 1B5B 3336 		.string	"\033[36mMass Storage Host Demo running.\r\n\033[37m"
 1374      6D4D 6173 
 1374      7320 5374 
 1374      6F72 6167 
 1374      6520 486F 
 1375               		.comm MassStore_MaxLUNIndex,1,1
 1464               	.Letext0:
DEFINED SYMBOLS
                            *ABS*:00000000 MassStorageHost.c
/var/folders/fy/fkrt37kj6jd3by75mtf4gsxr0000gn/T//ccIIGX5G.s:2      *ABS*:0000003f __SREG__
/var/folders/fy/fkrt37kj6jd3by75mtf4gsxr0000gn/T//ccIIGX5G.s:3      *ABS*:0000003e __SP_H__
/var/folders/fy/fkrt37kj6jd3by75mtf4gsxr0000gn/T//ccIIGX5G.s:4      *ABS*:0000003d __SP_L__
/var/folders/fy/fkrt37kj6jd3by75mtf4gsxr0000gn/T//ccIIGX5G.s:5      *ABS*:00000034 __CCP__
/var/folders/fy/fkrt37kj6jd3by75mtf4gsxr0000gn/T//ccIIGX5G.s:6      *ABS*:00000000 __tmp_reg__
/var/folders/fy/fkrt37kj6jd3by75mtf4gsxr0000gn/T//ccIIGX5G.s:7      *ABS*:00000001 __zero_reg__
/var/folders/fy/fkrt37kj6jd3by75mtf4gsxr0000gn/T//ccIIGX5G.s:19     .text.EVENT_USB_Host_DeviceEnumerationComplete:00000000 EVENT_USB_Host_DeviceEnumerationComplete
/var/folders/fy/fkrt37kj6jd3by75mtf4gsxr0000gn/T//ccIIGX5G.s:41     .text.ShowDiskReadError:00000000 ShowDiskReadError
/var/folders/fy/fkrt37kj6jd3by75mtf4gsxr0000gn/T//ccIIGX5G.s:1250   .progmem.data:00000034 __c.4365
/var/folders/fy/fkrt37kj6jd3by75mtf4gsxr0000gn/T//ccIIGX5G.s:1246   .progmem.data:00000019 __c.4367
/var/folders/fy/fkrt37kj6jd3by75mtf4gsxr0000gn/T//ccIIGX5G.s:1242   .progmem.data:00000000 __c.4369
/var/folders/fy/fkrt37kj6jd3by75mtf4gsxr0000gn/T//ccIIGX5G.s:134    .text.EVENT_USB_Host_DeviceEnumerationFailed:00000000 EVENT_USB_Host_DeviceEnumerationFailed
/var/folders/fy/fkrt37kj6jd3by75mtf4gsxr0000gn/T//ccIIGX5G.s:1356   .progmem.data:000002c6 __c.4209
/var/folders/fy/fkrt37kj6jd3by75mtf4gsxr0000gn/T//ccIIGX5G.s:196    .text.EVENT_USB_Host_DeviceUnattached:00000000 EVENT_USB_Host_DeviceUnattached
/var/folders/fy/fkrt37kj6jd3by75mtf4gsxr0000gn/T//ccIIGX5G.s:1365   .progmem.data:0000034b __c.4193
/var/folders/fy/fkrt37kj6jd3by75mtf4gsxr0000gn/T//ccIIGX5G.s:222    .text.EVENT_USB_Host_DeviceAttached:00000000 EVENT_USB_Host_DeviceAttached
/var/folders/fy/fkrt37kj6jd3by75mtf4gsxr0000gn/T//ccIIGX5G.s:1369   .progmem.data:0000036c __c.4188
/var/folders/fy/fkrt37kj6jd3by75mtf4gsxr0000gn/T//ccIIGX5G.s:248    .text.MassStorage_Task:00000000 MassStorage_Task
/var/folders/fy/fkrt37kj6jd3by75mtf4gsxr0000gn/T//ccIIGX5G.s:1352   .progmem.data:000002af __c.4220
/var/folders/fy/fkrt37kj6jd3by75mtf4gsxr0000gn/T//ccIIGX5G.s:1348   .progmem.data:00000285 __c.4222
/var/folders/fy/fkrt37kj6jd3by75mtf4gsxr0000gn/T//ccIIGX5G.s:1344   .progmem.data:0000026e __c.4224
/var/folders/fy/fkrt37kj6jd3by75mtf4gsxr0000gn/T//ccIIGX5G.s:1340   .progmem.data:00000254 __c.4226
/var/folders/fy/fkrt37kj6jd3by75mtf4gsxr0000gn/T//ccIIGX5G.s:1335   .progmem.data:00000211 __c.4229
/var/folders/fy/fkrt37kj6jd3by75mtf4gsxr0000gn/T//ccIIGX5G.s:1331   .progmem.data:000001f1 __c.4231
                            *COM*:00000001 MassStore_MaxLUNIndex
/var/folders/fy/fkrt37kj6jd3by75mtf4gsxr0000gn/T//ccIIGX5G.s:1327   .progmem.data:000001e5 __c.4234
/var/folders/fy/fkrt37kj6jd3by75mtf4gsxr0000gn/T//ccIIGX5G.s:1323   .progmem.data:000001b7 __c.4236
/var/folders/fy/fkrt37kj6jd3by75mtf4gsxr0000gn/T//ccIIGX5G.s:1319   .progmem.data:000001a4 __c.4238
/var/folders/fy/fkrt37kj6jd3by75mtf4gsxr0000gn/T//ccIIGX5G.s:1315   .progmem.data:00000196 __c.4241
/var/folders/fy/fkrt37kj6jd3by75mtf4gsxr0000gn/T//ccIIGX5G.s:1311   .progmem.data:00000179 __c.4243
/var/folders/fy/fkrt37kj6jd3by75mtf4gsxr0000gn/T//ccIIGX5G.s:1307   .progmem.data:00000171 __c.4246
/var/folders/fy/fkrt37kj6jd3by75mtf4gsxr0000gn/T//ccIIGX5G.s:1303   .progmem.data:00000150 __c.4248
/var/folders/fy/fkrt37kj6jd3by75mtf4gsxr0000gn/T//ccIIGX5G.s:1299   .progmem.data:0000013a __c.4250
/var/folders/fy/fkrt37kj6jd3by75mtf4gsxr0000gn/T//ccIIGX5G.s:1295   .progmem.data:0000012a __c.4253
/var/folders/fy/fkrt37kj6jd3by75mtf4gsxr0000gn/T//ccIIGX5G.s:1291   .progmem.data:00000110 __c.4256
/var/folders/fy/fkrt37kj6jd3by75mtf4gsxr0000gn/T//ccIIGX5G.s:1287   .progmem.data:00000102 __c.4259
/var/folders/fy/fkrt37kj6jd3by75mtf4gsxr0000gn/T//ccIIGX5G.s:1283   .progmem.data:000000e7 __c.4261
/var/folders/fy/fkrt37kj6jd3by75mtf4gsxr0000gn/T//ccIIGX5G.s:1279   .progmem.data:000000d5 __c.4264
/var/folders/fy/fkrt37kj6jd3by75mtf4gsxr0000gn/T//ccIIGX5G.s:1275   .progmem.data:000000b8 __c.4266
/var/folders/fy/fkrt37kj6jd3by75mtf4gsxr0000gn/T//ccIIGX5G.s:1271   .progmem.data:000000b2 __c.4272
/var/folders/fy/fkrt37kj6jd3by75mtf4gsxr0000gn/T//ccIIGX5G.s:1267   .progmem.data:000000ad __c.4277
/var/folders/fy/fkrt37kj6jd3by75mtf4gsxr0000gn/T//ccIIGX5G.s:1263   .progmem.data:000000aa __c.4284
/var/folders/fy/fkrt37kj6jd3by75mtf4gsxr0000gn/T//ccIIGX5G.s:1258   .progmem.data:00000066 __c.4289
/var/folders/fy/fkrt37kj6jd3by75mtf4gsxr0000gn/T//ccIIGX5G.s:1254   .progmem.data:00000054 __c.4295
/var/folders/fy/fkrt37kj6jd3by75mtf4gsxr0000gn/T//ccIIGX5G.s:1059   .text.EVENT_USB_Host_HostError:00000000 EVENT_USB_Host_HostError
/var/folders/fy/fkrt37kj6jd3by75mtf4gsxr0000gn/T//ccIIGX5G.s:1361   .progmem.data:0000031c __c.4201
/var/folders/fy/fkrt37kj6jd3by75mtf4gsxr0000gn/T//ccIIGX5G.s:1107   .text.SetupHardware:00000000 SetupHardware
/var/folders/fy/fkrt37kj6jd3by75mtf4gsxr0000gn/T//ccIIGX5G.s:1205   .text.main:00000000 main
/var/folders/fy/fkrt37kj6jd3by75mtf4gsxr0000gn/T//ccIIGX5G.s:1373   .progmem.data:00000389 __c.4174

UNDEFINED SYMBOLS
printf_P
USB_HostState
puts_P
ProcessConfigurationDescriptor
USB_Host_SetDeviceConfiguration
MassStore_GetMaxLUN
MassStore_MassStorageReset
MassStore_RequestSense
MassStore_PreventAllowMediumRemoval
MassStore_Inquiry
MassStore_TestUnitReady
MassStore_ReadCapacity
MassStore_ReadDeviceBlock
isprint
__iob
fputc
USB_ShutDown
USARTStream
USB_Init
USB_USBTask
__do_clear_bss
